2020-11-03 06:00:02.840 [任务线程 - 16] INFO  com.teamtop.houtaiHttp.events.kuaFuFenQu.KuaFuFenQuCache - KuaFuFenQuCache size=7
2020-11-03 06:00:16.043 [crossChannelEx - 1] INFO  com.teamtop.system.crossTeamKing.CrossTeamKingIO - LRCrank success 
2020-11-03 06:00:36.323 [crossChannelEx - 2] INFO  com.teamtop.system.crossTeamKing.CrossTeamKingIO - LRCrank success 
2020-11-03 06:00:56.595 [crossChannelEx - 4] INFO  com.teamtop.system.crossTeamKing.CrossTeamKingIO - LRCrank success 
2020-11-03 06:01:02.859 [任务线程 - 3] INFO  com.teamtop.houtaiHttp.events.kuaFuFenQu.KuaFuFenQuCache - KuaFuFenQuCache size=7
2020-11-03 06:01:16.825 [crossChannelEx - 3] INFO  com.teamtop.system.crossTeamKing.CrossTeamKingIO - LRCrank success 
2020-11-03 06:01:37.094 [crossChannelEx - 1] INFO  com.teamtop.system.crossTeamKing.CrossTeamKingIO - LRCrank success 
2020-11-03 06:01:57.354 [crossChannelEx - 2] INFO  com.teamtop.system.crossTeamKing.CrossTeamKingIO - LRCrank success 
2020-11-03 06:02:02.878 [任务线程 - 11] INFO  com.teamtop.houtaiHttp.events.kuaFuFenQu.KuaFuFenQuCache - KuaFuFenQuCache size=7
2020-11-03 06:02:17.627 [crossChannelEx - 4] INFO  com.teamtop.system.crossTeamKing.CrossTeamKingIO - LRCrank success 
2020-11-03 06:02:37.913 [crossChannelEx - 3] INFO  com.teamtop.system.crossTeamKing.CrossTeamKingIO - LRCrank success 
2020-11-03 06:02:58.186 [crossChannelEx - 1] INFO  com.teamtop.system.crossTeamKing.CrossTeamKingIO - LRCrank success 
2020-11-03 06:03:02.883 [任务线程 - 5] INFO  com.teamtop.houtaiHttp.events.kuaFuFenQu.KuaFuFenQuCache - KuaFuFenQuCache size=7
2020-11-03 06:03:18.472 [crossChannelEx - 2] INFO  com.teamtop.system.crossTeamKing.CrossTeamKingIO - LRCrank success 
2020-11-03 06:03:38.757 [crossChannelEx - 4] INFO  com.teamtop.system.crossTeamKing.CrossTeamKingIO - LRCrank success 
2020-11-03 06:03:59.044 [crossChannelEx - 3] INFO  com.teamtop.system.crossTeamKing.CrossTeamKingIO - LRCrank success 
2020-11-03 06:04:02.898 [任务线程 - 6] INFO  com.teamtop.houtaiHttp.events.kuaFuFenQu.KuaFuFenQuCache - KuaFuFenQuCache size=7
2020-11-03 06:04:19.329 [crossChannelEx - 1] INFO  com.teamtop.system.crossTeamKing.CrossTeamKingIO - LRCrank success 
2020-11-03 06:04:39.600 [crossChannelEx - 2] INFO  com.teamtop.system.crossTeamKing.CrossTeamKingIO - LRCrank success 
2020-11-03 06:04:59.888 [crossChannelEx - 4] INFO  com.teamtop.system.crossTeamKing.CrossTeamKingIO - LRCrank success 
2020-11-03 06:05:02.917 [任务线程 - 5] INFO  com.teamtop.houtaiHttp.events.kuaFuFenQu.KuaFuFenQuCache - KuaFuFenQuCache size=7
2020-11-03 06:05:20.146 [crossChannelEx - 3] INFO  com.teamtop.system.crossTeamKing.CrossTeamKingIO - LRCrank success 
2020-11-03 06:05:40.431 [crossChannelEx - 1] INFO  com.teamtop.system.crossTeamKing.CrossTeamKingIO - LRCrank success 
2020-11-03 06:06:00.717 [crossChannelEx - 2] INFO  com.teamtop.system.crossTeamKing.CrossTeamKingIO - LRCrank success 
2020-11-03 06:06:02.933 [任务线程 - 5] INFO  com.teamtop.houtaiHttp.events.kuaFuFenQu.KuaFuFenQuCache - KuaFuFenQuCache size=7
2020-11-03 06:06:20.988 [crossChannelEx - 4] INFO  com.teamtop.system.crossTeamKing.CrossTeamKingIO - LRCrank success 
2020-11-03 06:06:41.248 [crossChannelEx - 3] INFO  com.teamtop.system.crossTeamKing.CrossTeamKingIO - LRCrank success 
2020-11-03 06:07:01.521 [crossChannelEx - 1] INFO  com.teamtop.system.crossTeamKing.CrossTeamKingIO - LRCrank success 
2020-11-03 06:07:02.943 [任务线程 - 10] INFO  com.teamtop.houtaiHttp.events.kuaFuFenQu.KuaFuFenQuCache - KuaFuFenQuCache size=7
2020-11-03 06:07:21.792 [crossChannelEx - 2] INFO  com.teamtop.system.crossTeamKing.CrossTeamKingIO - LRCrank success 
2020-11-03 06:07:42.077 [crossChannelEx - 4] INFO  com.teamtop.system.crossTeamKing.CrossTeamKingIO - LRCrank success 
2020-11-03 06:08:02.353 [crossChannelEx - 3] INFO  com.teamtop.system.crossTeamKing.CrossTeamKingIO - LRCrank success 
2020-11-03 06:08:02.963 [任务线程 - 10] INFO  com.teamtop.houtaiHttp.events.kuaFuFenQu.KuaFuFenQuCache - KuaFuFenQuCache size=7
2020-11-03 06:08:22.624 [crossChannelEx - 1] INFO  com.teamtop.system.crossTeamKing.CrossTeamKingIO - LRCrank success 
2020-11-03 06:08:42.895 [crossChannelEx - 2] INFO  com.teamtop.system.crossTeamKing.CrossTeamKingIO - LRCrank success 
2020-11-03 06:09:02.979 [任务线程 - 1] INFO  com.teamtop.houtaiHttp.events.kuaFuFenQu.KuaFuFenQuCache - KuaFuFenQuCache size=7
2020-11-03 06:09:03.182 [crossChannelEx - 4] INFO  com.teamtop.system.crossTeamKing.CrossTeamKingIO - LRCrank success 
2020-11-03 06:09:23.467 [crossChannelEx - 3] INFO  com.teamtop.system.crossTeamKing.CrossTeamKingIO - LRCrank success 
2020-11-03 06:09:43.751 [crossChannelEx - 1] INFO  com.teamtop.system.crossTeamKing.CrossTeamKingIO - LRCrank success 
2020-11-03 06:10:02.995 [任务线程 - 15] INFO  com.teamtop.houtaiHttp.events.kuaFuFenQu.KuaFuFenQuCache - KuaFuFenQuCache size=7
2020-11-03 06:10:04.026 [crossChannelEx - 2] INFO  com.teamtop.system.crossTeamKing.CrossTeamKingIO - LRCrank success 
2020-11-03 06:10:24.281 [crossChannelEx - 4] INFO  com.teamtop.system.crossTeamKing.CrossTeamKingIO - LRCrank success 
2020-11-03 06:10:44.566 [crossChannelEx - 3] INFO  com.teamtop.system.crossTeamKing.CrossTeamKingIO - LRCrank success 
2020-11-03 06:11:03.011 [任务线程 - 4] INFO  com.teamtop.houtaiHttp.events.kuaFuFenQu.KuaFuFenQuCache - KuaFuFenQuCache size=7
2020-11-03 06:11:04.824 [crossChannelEx - 1] INFO  com.teamtop.system.crossTeamKing.CrossTeamKingIO - LRCrank success 
2020-11-03 06:11:25.095 [crossChannelEx - 2] INFO  com.teamtop.system.crossTeamKing.CrossTeamKingIO - LRCrank success 
2020-11-03 06:11:45.381 [crossChannelEx - 4] INFO  com.teamtop.system.crossTeamKing.CrossTeamKingIO - LRCrank success 
2020-11-03 06:12:03.021 [任务线程 - 4] INFO  com.teamtop.houtaiHttp.events.kuaFuFenQu.KuaFuFenQuCache - KuaFuFenQuCache size=7
2020-11-03 06:12:05.659 [crossChannelEx - 3] INFO  com.teamtop.system.crossTeamKing.CrossTeamKingIO - LRCrank success 
2020-11-03 06:12:25.916 [crossChannelEx - 1] INFO  com.teamtop.system.crossTeamKing.CrossTeamKingIO - LRCrank success 
2020-11-03 06:12:46.187 [crossChannelEx - 2] INFO  com.teamtop.system.crossTeamKing.CrossTeamKingIO - LRCrank success 
2020-11-03 06:13:03.040 [任务线程 - 15] INFO  com.teamtop.houtaiHttp.events.kuaFuFenQu.KuaFuFenQuCache - KuaFuFenQuCache size=7
2020-11-03 06:13:06.457 [crossChannelEx - 4] INFO  com.teamtop.system.crossTeamKing.CrossTeamKingIO - LRCrank success 
2020-11-03 06:13:26.742 [crossChannelEx - 3] INFO  com.teamtop.system.crossTeamKing.CrossTeamKingIO - LRCrank success 
2020-11-03 06:13:47.014 [crossChannelEx - 1] INFO  com.teamtop.system.crossTeamKing.CrossTeamKingIO - LRCrank success 
2020-11-03 06:14:03.058 [任务线程 - 6] INFO  com.teamtop.houtaiHttp.events.kuaFuFenQu.KuaFuFenQuCache - KuaFuFenQuCache size=7
2020-11-03 06:14:07.288 [crossChannelEx - 2] INFO  com.teamtop.system.crossTeamKing.CrossTeamKingIO - LRCrank success 
2020-11-03 06:14:27.558 [crossChannelEx - 4] INFO  com.teamtop.system.crossTeamKing.CrossTeamKingIO - LRCrank success 
2020-11-03 06:14:47.844 [crossChannelEx - 3] INFO  com.teamtop.system.crossTeamKing.CrossTeamKingIO - LRCrank success 
2020-11-03 06:15:03.061 [任务线程 - 16] INFO  com.teamtop.houtaiHttp.events.kuaFuFenQu.KuaFuFenQuCache - KuaFuFenQuCache size=7
2020-11-03 06:15:08.118 [crossChannelEx - 1] INFO  com.teamtop.system.crossTeamKing.CrossTeamKingIO - LRCrank success 
2020-11-03 06:15:28.387 [crossChannelEx - 2] INFO  com.teamtop.system.crossTeamKing.CrossTeamKingIO - LRCrank success 
2020-11-03 06:15:48.673 [crossChannelEx - 4] INFO  com.teamtop.system.crossTeamKing.CrossTeamKingIO - LRCrank success 
2020-11-03 06:16:03.076 [任务线程 - 7] INFO  com.teamtop.houtaiHttp.events.kuaFuFenQu.KuaFuFenQuCache - KuaFuFenQuCache size=7
2020-11-03 06:16:08.959 [crossChannelEx - 3] INFO  com.teamtop.system.crossTeamKing.CrossTeamKingIO - LRCrank success 
2020-11-03 06:16:29.244 [crossChannelEx - 1] INFO  com.teamtop.system.crossTeamKing.CrossTeamKingIO - LRCrank success 
2020-11-03 06:16:49.531 [crossChannelEx - 2] INFO  com.teamtop.system.crossTeamKing.CrossTeamKingIO - LRCrank success 
2020-11-03 06:17:03.092 [任务线程 - 3] INFO  com.teamtop.houtaiHttp.events.kuaFuFenQu.KuaFuFenQuCache - KuaFuFenQuCache size=7
2020-11-03 06:17:09.802 [crossChannelEx - 4] INFO  com.teamtop.system.crossTeamKing.CrossTeamKingIO - LRCrank success 
2020-11-03 06:17:30.088 [crossChannelEx - 3] INFO  com.teamtop.system.crossTeamKing.CrossTeamKingIO - LRCrank success 
2020-11-03 06:17:50.332 [crossChannelEx - 1] INFO  com.teamtop.system.crossTeamKing.CrossTeamKingIO - LRCrank success 
2020-11-03 06:18:03.112 [任务线程 - 5] INFO  com.teamtop.houtaiHttp.events.kuaFuFenQu.KuaFuFenQuCache - KuaFuFenQuCache size=7
2020-11-03 06:18:10.618 [crossChannelEx - 2] INFO  com.teamtop.system.crossTeamKing.CrossTeamKingIO - LRCrank success 
2020-11-03 06:18:30.887 [crossChannelEx - 4] INFO  com.teamtop.system.crossTeamKing.CrossTeamKingIO - LRCrank success 
2020-11-03 06:18:51.157 [crossChannelEx - 3] INFO  com.teamtop.system.crossTeamKing.CrossTeamKingIO - LRCrank success 
2020-11-03 06:19:03.127 [任务线程 - 5] INFO  com.teamtop.houtaiHttp.events.kuaFuFenQu.KuaFuFenQuCache - KuaFuFenQuCache size=7
2020-11-03 06:19:11.430 [crossChannelEx - 1] INFO  com.teamtop.system.crossTeamKing.CrossTeamKingIO - LRCrank success 
2020-11-03 06:19:31.715 [crossChannelEx - 2] INFO  com.teamtop.system.crossTeamKing.CrossTeamKingIO - LRCrank success 
2020-11-03 06:19:52.001 [crossChannelEx - 4] INFO  com.teamtop.system.crossTeamKing.CrossTeamKingIO - LRCrank success 
2020-11-03 06:20:03.142 [任务线程 - 10] INFO  com.teamtop.houtaiHttp.events.kuaFuFenQu.KuaFuFenQuCache - KuaFuFenQuCache size=7
2020-11-03 06:20:11.273 [任务线程 - 14] INFO  com.teamtop.util.exector.schedule.SchedulerBean - 任务 [ZSBOSS] 已取消 !
2020-11-03 06:20:11.273 [任务线程 - 14] INFO  com.teamtop.system.crossBoss.CrossBossFunction - crossBoss addHp=-2, xhp=0, maxNum=20, minNum=0, useTime=9999
2020-11-03 06:20:11.273 [任务线程 - 14] INFO  com.teamtop.system.crossBoss.CrossBossFunction - crossBoss addHp=-2, xhp=0, maxNum=20, minNum=0
2020-11-03 06:20:11.273 [任务线程 - 14] INFO  com.teamtop.system.crossBoss.CrossBossFunction - crossBoss addHp=-2, xhp=0, maxNum=20, minNum=0, useTime=9999
2020-11-03 06:20:11.273 [任务线程 - 14] INFO  com.teamtop.system.crossBoss.CrossBossFunction - crossBoss addHp=-2, xhp=0, maxNum=20, minNum=0
2020-11-03 06:20:11.273 [任务线程 - 14] INFO  com.teamtop.system.crossBoss.CrossBossFunction - crossBoss addHp=-2, xhp=0, maxNum=20, minNum=0, useTime=9999
2020-11-03 06:20:11.273 [任务线程 - 14] INFO  com.teamtop.system.crossBoss.CrossBossFunction - crossBoss addHp=-2, xhp=0, maxNum=20, minNum=0
2020-11-03 06:20:11.273 [任务线程 - 14] INFO  com.teamtop.system.crossBoss.CrossBossFunction - crossBoss addHp=-2, xhp=0, maxNum=20, minNum=0, useTime=9999
2020-11-03 06:20:11.273 [任务线程 - 14] INFO  com.teamtop.system.crossBoss.CrossBossFunction - crossBoss addHp=-2, xhp=0, maxNum=20, minNum=0
2020-11-03 06:20:11.273 [任务线程 - 14] INFO  com.teamtop.system.crossBoss.CrossBossFunction - crossBoss addHp=-2, xhp=0, maxNum=20, minNum=0, useTime=9999
2020-11-03 06:20:11.273 [任务线程 - 14] INFO  com.teamtop.system.crossBoss.CrossBossFunction - crossBoss addHp=-2, xhp=0, maxNum=20, minNum=0
2020-11-03 06:20:11.273 [crossChannelEx - 3] INFO  com.teamtop.system.crossBoss.CrossBossIO - localReceiveData :{{240003:{{240003,0,{!},{!},!}},240002:{{240002,0,{!},{!},!}},240001:{{240001,0,{!},{!},!}},240005:{{240005,0,{!},{!},!}},240004:{{240004,0,{!},{!},!}}},{1}}
2020-11-03 06:20:11.305 [任务线程 - 14] INFO  com.teamtop.system.crossBoss.cross.CrossBossCrossEvent - CrossBossCrossEvent.fixTime cmdId:0 time:2020-11-13_11-50-00s
2020-11-03 06:20:11.305 [任务线程 - 14] INFO  com.teamtop.util.exector.schedule.ScheduleFixtime - day event:com.teamtop.system.crossBoss.cross.CrossBossCrossEvent@2d23faef,now:1605239400,dayTime:1150
2020-11-03 06:20:11.305 [crossChannelEx - 1] INFO  com.teamtop.system.crossBoss.CrossBossIO - local tell cross state:0  1
2020-11-03 06:20:12.288 [crossChannelEx - 2] INFO  com.teamtop.system.crossTeamKing.CrossTeamKingIO - LRCrank success 
2020-11-03 06:20:32.559 [crossChannelEx - 4] INFO  com.teamtop.system.crossTeamKing.CrossTeamKingIO - LRCrank success 
2020-11-03 06:20:52.832 [crossChannelEx - 3] INFO  com.teamtop.system.crossTeamKing.CrossTeamKingIO - LRCrank success 
2020-11-03 06:21:03.162 [任务线程 - 14] INFO  com.teamtop.houtaiHttp.events.kuaFuFenQu.KuaFuFenQuCache - KuaFuFenQuCache size=7
2020-11-03 06:21:13.101 [crossChannelEx - 1] INFO  com.teamtop.system.crossTeamKing.CrossTeamKingIO - LRCrank success 
2020-11-03 06:21:33.386 [crossChannelEx - 2] INFO  com.teamtop.system.crossTeamKing.CrossTeamKingIO - LRCrank success 
2020-11-03 06:21:53.658 [crossChannelEx - 4] INFO  com.teamtop.system.crossTeamKing.CrossTeamKingIO - LRCrank success 
2020-11-03 06:22:03.177 [任务线程 - 3] INFO  com.teamtop.houtaiHttp.events.kuaFuFenQu.KuaFuFenQuCache - KuaFuFenQuCache size=7
2020-11-03 06:22:13.945 [crossChannelEx - 3] INFO  com.teamtop.system.crossTeamKing.CrossTeamKingIO - LRCrank success 
2020-11-03 06:22:34.230 [crossChannelEx - 1] INFO  com.teamtop.system.crossTeamKing.CrossTeamKingIO - LRCrank success 
2020-11-03 06:22:54.503 [crossChannelEx - 2] INFO  com.teamtop.system.crossTeamKing.CrossTeamKingIO - LRCrank success 
2020-11-03 06:23:03.181 [任务线程 - 5] INFO  com.teamtop.houtaiHttp.events.kuaFuFenQu.KuaFuFenQuCache - KuaFuFenQuCache size=7
2020-11-03 06:23:14.776 [crossChannelEx - 4] INFO  com.teamtop.system.crossTeamKing.CrossTeamKingIO - LRCrank success 
2020-11-03 06:23:35.049 [crossChannelEx - 3] INFO  com.teamtop.system.crossTeamKing.CrossTeamKingIO - LRCrank success 
2020-11-03 06:23:55.320 [crossChannelEx - 1] INFO  com.teamtop.system.crossTeamKing.CrossTeamKingIO - LRCrank success 
2020-11-03 06:24:03.201 [任务线程 - 1] INFO  com.teamtop.houtaiHttp.events.kuaFuFenQu.KuaFuFenQuCache - KuaFuFenQuCache size=7
2020-11-03 06:24:15.591 [crossChannelEx - 2] INFO  com.teamtop.system.crossTeamKing.CrossTeamKingIO - LRCrank success 
2020-11-03 06:24:35.876 [crossChannelEx - 4] INFO  com.teamtop.system.crossTeamKing.CrossTeamKingIO - LRCrank success 
2020-11-03 06:24:56.148 [crossChannelEx - 3] INFO  com.teamtop.system.crossTeamKing.CrossTeamKingIO - LRCrank success 
2020-11-03 06:25:03.217 [任务线程 - 16] INFO  com.teamtop.houtaiHttp.events.kuaFuFenQu.KuaFuFenQuCache - KuaFuFenQuCache size=7
2020-11-03 06:25:11.410 [任务线程 - 16] INFO  com.teamtop.system.crossBoss.CrossBossFunction - 转生1001——3003 bossid:240001 maxhp1367530000 倍数：0总血量：1367530000
2020-11-03 06:25:11.410 [任务线程 - 16] INFO  com.teamtop.system.crossBoss.CrossBossFunction - ready new CrossBoss :1 zsBossid:240001 tempMaxHp:0
2020-11-03 06:25:11.410 [任务线程 - 16] INFO  com.teamtop.system.crossBoss.CrossBossFunction - 转生4001——6003 bossid:240002 maxhp6730920000 倍数：0总血量：6730920000
2020-11-03 06:25:11.410 [任务线程 - 16] INFO  com.teamtop.system.crossBoss.CrossBossFunction - ready new CrossBoss :1 zsBossid:240002 tempMaxHp:0
2020-11-03 06:25:11.410 [任务线程 - 16] INFO  com.teamtop.system.crossBoss.CrossBossFunction - 转生7001——8003 bossid:240003 maxhp25705905000 倍数：0总血量：25705905000
2020-11-03 06:25:11.410 [任务线程 - 16] INFO  com.teamtop.system.crossBoss.CrossBossFunction - ready new CrossBoss :1 zsBossid:240003 tempMaxHp:0
2020-11-03 06:25:11.410 [任务线程 - 16] INFO  com.teamtop.system.crossBoss.CrossBossFunction - 转生9001——10003 bossid:240004 maxhp62142310000 倍数：0总血量：62142310000
2020-11-03 06:25:11.410 [任务线程 - 16] INFO  com.teamtop.system.crossBoss.CrossBossFunction - ready new CrossBoss :1 zsBossid:240004 tempMaxHp:0
2020-11-03 06:25:11.410 [任务线程 - 16] INFO  com.teamtop.system.crossBoss.CrossBossFunction - 转生11001——12003 bossid:240005 maxhp104600755000 倍数：0总血量：104600755000
2020-11-03 06:25:11.410 [任务线程 - 16] INFO  com.teamtop.system.crossBoss.CrossBossFunction - ready new CrossBoss :1 zsBossid:240005 tempMaxHp:0
2020-11-03 06:25:11.410 [任务线程 - 16] INFO  com.teamtop.system.crossBoss.cross.CrossBossCrossEvent - CrossBossCrossEvent.fixTime cmdId:1 time:2020-11-13_11-55-00s
2020-11-03 06:25:11.410 [任务线程 - 16] INFO  com.teamtop.util.exector.schedule.ScheduleFixtime - day event:com.teamtop.system.crossBoss.cross.CrossBossCrossEvent@2d23faef,now:1605239700,dayTime:1155
2020-11-03 06:25:11.410 [crossChannelEx - 1] INFO  com.teamtop.system.crossBoss.CrossBossIO - local tell cross state:1  1
2020-11-03 06:25:16.419 [crossChannelEx - 2] INFO  com.teamtop.system.crossTeamKing.CrossTeamKingIO - LRCrank success 
2020-11-03 06:25:36.704 [crossChannelEx - 4] INFO  com.teamtop.system.crossTeamKing.CrossTeamKingIO - LRCrank success 
2020-11-03 06:25:56.975 [crossChannelEx - 3] INFO  com.teamtop.system.crossTeamKing.CrossTeamKingIO - LRCrank success 
2020-11-03 06:26:03.232 [任务线程 - 3] INFO  com.teamtop.houtaiHttp.events.kuaFuFenQu.KuaFuFenQuCache - KuaFuFenQuCache size=7
2020-11-03 06:26:17.246 [crossChannelEx - 1] INFO  com.teamtop.system.crossTeamKing.CrossTeamKingIO - LRCrank success 
2020-11-03 06:26:37.517 [crossChannelEx - 2] INFO  com.teamtop.system.crossTeamKing.CrossTeamKingIO - LRCrank success 
2020-11-03 06:26:57.804 [crossChannelEx - 4] INFO  com.teamtop.system.crossTeamKing.CrossTeamKingIO - LRCrank success 
2020-11-03 06:27:03.251 [任务线程 - 2] INFO  com.teamtop.houtaiHttp.events.kuaFuFenQu.KuaFuFenQuCache - KuaFuFenQuCache size=7
2020-11-03 06:27:18.075 [crossChannelEx - 3] INFO  com.teamtop.system.crossTeamKing.CrossTeamKingIO - LRCrank success 
2020-11-03 06:27:38.348 [crossChannelEx - 1] INFO  com.teamtop.system.crossTeamKing.CrossTeamKingIO - LRCrank success 
2020-11-03 06:27:58.621 [crossChannelEx - 2] INFO  com.teamtop.system.crossTeamKing.CrossTeamKingIO - LRCrank success 
2020-11-03 06:28:03.256 [任务线程 - 7] INFO  com.teamtop.houtaiHttp.events.kuaFuFenQu.KuaFuFenQuCache - KuaFuFenQuCache size=7
2020-11-03 06:28:18.892 [crossChannelEx - 4] INFO  com.teamtop.system.crossTeamKing.CrossTeamKingIO - LRCrank success 
2020-11-03 06:28:39.168 [crossChannelEx - 3] INFO  com.teamtop.system.crossTeamKing.CrossTeamKingIO - LRCrank success 
2020-11-03 06:28:59.454 [crossChannelEx - 1] INFO  com.teamtop.system.crossTeamKing.CrossTeamKingIO - LRCrank success 
2020-11-03 06:29:03.277 [任务线程 - 2] INFO  com.teamtop.houtaiHttp.events.kuaFuFenQu.KuaFuFenQuCache - KuaFuFenQuCache size=7
2020-11-03 06:29:19.740 [crossChannelEx - 2] INFO  com.teamtop.system.crossTeamKing.CrossTeamKingIO - LRCrank success 
2020-11-03 06:29:40.024 [crossChannelEx - 4] INFO  com.teamtop.system.crossTeamKing.CrossTeamKingIO - LRCrank success 
2020-11-03 06:30:00.295 [crossChannelEx - 3] INFO  com.teamtop.system.crossTeamKing.CrossTeamKingIO - LRCrank success 
2020-11-03 06:30:03.292 [任务线程 - 16] INFO  com.teamtop.houtaiHttp.events.kuaFuFenQu.KuaFuFenQuCache - KuaFuFenQuCache size=7
2020-11-03 06:30:11.468 [任务线程 - 16] INFO  com.teamtop.util.exector.schedule.ScheduleFixtime - day event:com.teamtop.system.longZhongDui.LongZhongDuiEvent@5b7a5baa,now:1605240000,dayTime:1200
2020-11-03 06:30:11.468 [任务线程 - 16] INFO  com.teamtop.util.exector.schedule.ScheduleFixtime - day event:com.teamtop.system.xuTianHunt.XuTianHuntSysEvent@38afe297,now:1605240000,dayTime:1200
2020-11-03 06:30:11.468 [任务线程 - 16] INFO  com.teamtop.system.crossBoss.cross.CrossBossCrossEvent - CrossBossCrossEvent.fixTime cmdId:2 time:2020-11-13_12-00-00s
2020-11-03 06:30:11.468 [任务线程 - 16] INFO  com.teamtop.util.exector.schedule.ScheduleFixtime - day event:com.teamtop.system.crossBoss.cross.CrossBossCrossEvent@2d23faef,now:1605240000,dayTime:1200
2020-11-03 06:30:11.468 [crossChannelEx - 1] INFO  com.teamtop.system.crossBoss.CrossBossIO - local tell cross state:2  1
2020-11-03 06:30:11.468 [任务线程 - 16] INFO  com.teamtop.util.exector.schedule.ScheduleFixtime - day event:com.teamtop.system.crossTeamKing.cross.CrossTeamKingCrossEvent@39e43310,now:1605240000,dayTime:1200
2020-11-03 06:30:11.468 [crossChannelEx - 4] INFO  com.teamtop.system.crossTeamKing.CrossTeamKingIO - LRCrank success 
2020-11-03 06:30:52.025 [任务线程 - 12] INFO  com.teamtop.util.exector.schedule.ScheduleFixtime - day event:com.teamtop.system.longZhongDui.LongZhongDuiEvent@776aec5c,now:1605240000,dayTime:1200
2020-11-03 06:30:52.025 [任务线程 - 12] INFO  com.teamtop.util.exector.schedule.ScheduleFixtime - day event:com.teamtop.system.xuTianHunt.XuTianHuntSysEvent@193f604a,now:1605240000,dayTime:1200
2020-11-03 06:31:03.310 [任务线程 - 9] INFO  com.teamtop.houtaiHttp.events.kuaFuFenQu.KuaFuFenQuCache - KuaFuFenQuCache size=7
2020-11-03 06:31:52.917 [任务线程 - 10] INFO  com.teamtop.system.event.backstage.BackstageSystemEvent - 60m event:com.teamtop.system.event.backstage.events.flowMMCache.FlowMMCacheEvent@5a53b219,now:1605240060
2020-11-03 06:32:03.324 [任务线程 - 13] INFO  com.teamtop.houtaiHttp.events.kuaFuFenQu.KuaFuFenQuCache - KuaFuFenQuCache size=7
2020-11-03 06:33:03.338 [任务线程 - 3] INFO  com.teamtop.houtaiHttp.events.kuaFuFenQu.KuaFuFenQuCache - KuaFuFenQuCache size=7
2020-11-03 06:34:03.356 [任务线程 - 13] INFO  com.teamtop.houtaiHttp.events.kuaFuFenQu.KuaFuFenQuCache - KuaFuFenQuCache size=7
2020-11-03 06:35:03.368 [任务线程 - 6] INFO  com.teamtop.houtaiHttp.events.kuaFuFenQu.KuaFuFenQuCache - KuaFuFenQuCache size=7
2020-11-03 06:36:03.380 [任务线程 - 13] INFO  com.teamtop.houtaiHttp.events.kuaFuFenQu.KuaFuFenQuCache - KuaFuFenQuCache size=7
2020-11-03 06:37:03.394 [任务线程 - 12] INFO  com.teamtop.houtaiHttp.events.kuaFuFenQu.KuaFuFenQuCache - KuaFuFenQuCache size=7
2020-11-03 06:38:03.409 [任务线程 - 14] INFO  com.teamtop.houtaiHttp.events.kuaFuFenQu.KuaFuFenQuCache - KuaFuFenQuCache size=7
2020-11-03 06:39:03.419 [任务线程 - 9] INFO  com.teamtop.houtaiHttp.events.kuaFuFenQu.KuaFuFenQuCache - KuaFuFenQuCache size=7
2020-11-03 06:40:03.434 [任务线程 - 7] INFO  com.teamtop.houtaiHttp.events.kuaFuFenQu.KuaFuFenQuCache - KuaFuFenQuCache size=7
2020-11-03 06:41:03.446 [任务线程 - 13] INFO  com.teamtop.houtaiHttp.events.kuaFuFenQu.KuaFuFenQuCache - KuaFuFenQuCache size=7
2020-11-03 06:42:03.460 [任务线程 - 7] INFO  com.teamtop.houtaiHttp.events.kuaFuFenQu.KuaFuFenQuCache - KuaFuFenQuCache size=7
2020-11-03 06:43:03.475 [任务线程 - 4] INFO  com.teamtop.houtaiHttp.events.kuaFuFenQu.KuaFuFenQuCache - KuaFuFenQuCache size=7
2020-11-03 06:44:03.490 [任务线程 - 4] INFO  com.teamtop.houtaiHttp.events.kuaFuFenQu.KuaFuFenQuCache - KuaFuFenQuCache size=7
2020-11-03 06:45:03.507 [任务线程 - 2] INFO  com.teamtop.houtaiHttp.events.kuaFuFenQu.KuaFuFenQuCache - KuaFuFenQuCache size=7
2020-11-03 06:46:03.520 [任务线程 - 9] INFO  com.teamtop.houtaiHttp.events.kuaFuFenQu.KuaFuFenQuCache - KuaFuFenQuCache size=7
2020-11-03 06:47:03.534 [任务线程 - 1] INFO  com.teamtop.houtaiHttp.events.kuaFuFenQu.KuaFuFenQuCache - KuaFuFenQuCache size=7
2020-11-03 06:48:03.549 [任务线程 - 7] INFO  com.teamtop.houtaiHttp.events.kuaFuFenQu.KuaFuFenQuCache - KuaFuFenQuCache size=7
2020-11-03 06:49:03.565 [任务线程 - 13] INFO  com.teamtop.houtaiHttp.events.kuaFuFenQu.KuaFuFenQuCache - KuaFuFenQuCache size=7
2020-11-03 06:50:03.579 [任务线程 - 3] INFO  com.teamtop.houtaiHttp.events.kuaFuFenQu.KuaFuFenQuCache - KuaFuFenQuCache size=7
2020-11-03 06:51:03.594 [任务线程 - 4] INFO  com.teamtop.houtaiHttp.events.kuaFuFenQu.KuaFuFenQuCache - KuaFuFenQuCache size=7
2020-11-03 06:52:03.607 [任务线程 - 4] INFO  com.teamtop.houtaiHttp.events.kuaFuFenQu.KuaFuFenQuCache - KuaFuFenQuCache size=7
2020-11-03 06:53:03.619 [任务线程 - 16] INFO  com.teamtop.houtaiHttp.events.kuaFuFenQu.KuaFuFenQuCache - KuaFuFenQuCache size=7
2020-11-03 06:54:03.635 [任务线程 - 7] INFO  com.teamtop.houtaiHttp.events.kuaFuFenQu.KuaFuFenQuCache - KuaFuFenQuCache size=7
2020-11-03 06:55:03.646 [任务线程 - 11] INFO  com.teamtop.houtaiHttp.events.kuaFuFenQu.KuaFuFenQuCache - KuaFuFenQuCache size=7
2020-11-03 06:56:03.662 [任务线程 - 13] INFO  com.teamtop.houtaiHttp.events.kuaFuFenQu.KuaFuFenQuCache - KuaFuFenQuCache size=7
2020-11-03 06:57:03.670 [任务线程 - 13] INFO  com.teamtop.houtaiHttp.events.kuaFuFenQu.KuaFuFenQuCache - KuaFuFenQuCache size=7
2020-11-03 06:58:03.683 [任务线程 - 2] INFO  com.teamtop.houtaiHttp.events.kuaFuFenQu.KuaFuFenQuCache - KuaFuFenQuCache size=7
2020-11-03 06:59:03.695 [任务线程 - 5] INFO  com.teamtop.houtaiHttp.events.kuaFuFenQu.KuaFuFenQuCache - KuaFuFenQuCache size=7
