2020-11-03 05:00:01.975 [任务线程 - 3] INFO  com.teamtop.houtaiHttp.events.kuaFuFenQu.KuaFuFenQuCache - KuaFuFenQuCache size=7
2020-11-03 05:01:01.992 [任务线程 - 6] INFO  com.teamtop.houtaiHttp.events.kuaFuFenQu.KuaFuFenQuCache - KuaFuFenQuCache size=7
2020-11-03 05:02:02.005 [任务线程 - 12] INFO  com.teamtop.houtaiHttp.events.kuaFuFenQu.KuaFuFenQuCache - KuaFuFenQuCache size=7
2020-11-03 05:03:02.022 [任务线程 - 16] INFO  com.teamtop.houtaiHttp.events.kuaFuFenQu.KuaFuFenQuCache - KuaFuFenQuCache size=7
2020-11-03 05:04:02.037 [任务线程 - 1] INFO  com.teamtop.houtaiHttp.events.kuaFuFenQu.KuaFuFenQuCache - KuaFuFenQuCache size=7
2020-11-03 05:05:02.051 [任务线程 - 3] INFO  com.teamtop.houtaiHttp.events.kuaFuFenQu.KuaFuFenQuCache - KuaFuFenQuCache size=7
2020-11-03 05:06:02.068 [任务线程 - 3] INFO  com.teamtop.houtaiHttp.events.kuaFuFenQu.KuaFuFenQuCache - KuaFuFenQuCache size=7
2020-11-03 05:07:02.076 [任务线程 - 7] INFO  com.teamtop.houtaiHttp.events.kuaFuFenQu.KuaFuFenQuCache - KuaFuFenQuCache size=7
2020-11-03 05:08:02.091 [任务线程 - 1] INFO  com.teamtop.houtaiHttp.events.kuaFuFenQu.KuaFuFenQuCache - KuaFuFenQuCache size=7
2020-11-03 05:09:02.103 [任务线程 - 15] INFO  com.teamtop.houtaiHttp.events.kuaFuFenQu.KuaFuFenQuCache - KuaFuFenQuCache size=7
2020-11-03 05:10:02.115 [任务线程 - 6] INFO  com.teamtop.houtaiHttp.events.kuaFuFenQu.KuaFuFenQuCache - KuaFuFenQuCache size=7
2020-11-03 05:11:02.128 [任务线程 - 3] INFO  com.teamtop.houtaiHttp.events.kuaFuFenQu.KuaFuFenQuCache - KuaFuFenQuCache size=7
2020-11-03 05:12:02.146 [任务线程 - 9] INFO  com.teamtop.houtaiHttp.events.kuaFuFenQu.KuaFuFenQuCache - KuaFuFenQuCache size=7
2020-11-03 05:13:02.160 [任务线程 - 4] INFO  com.teamtop.houtaiHttp.events.kuaFuFenQu.KuaFuFenQuCache - KuaFuFenQuCache size=7
2020-11-03 05:14:02.172 [任务线程 - 12] INFO  com.teamtop.houtaiHttp.events.kuaFuFenQu.KuaFuFenQuCache - KuaFuFenQuCache size=7
2020-11-03 05:15:02.184 [任务线程 - 10] INFO  com.teamtop.houtaiHttp.events.kuaFuFenQu.KuaFuFenQuCache - KuaFuFenQuCache size=7
2020-11-03 05:16:02.196 [任务线程 - 16] INFO  com.teamtop.houtaiHttp.events.kuaFuFenQu.KuaFuFenQuCache - KuaFuFenQuCache size=7
2020-11-03 05:17:02.213 [任务线程 - 2] INFO  com.teamtop.houtaiHttp.events.kuaFuFenQu.KuaFuFenQuCache - KuaFuFenQuCache size=7
2020-11-03 05:18:02.226 [任务线程 - 13] INFO  com.teamtop.houtaiHttp.events.kuaFuFenQu.KuaFuFenQuCache - KuaFuFenQuCache size=7
2020-11-03 05:19:02.236 [任务线程 - 16] INFO  com.teamtop.houtaiHttp.events.kuaFuFenQu.KuaFuFenQuCache - KuaFuFenQuCache size=7
2020-11-03 05:20:02.250 [任务线程 - 16] INFO  com.teamtop.houtaiHttp.events.kuaFuFenQu.KuaFuFenQuCache - KuaFuFenQuCache size=7
2020-11-03 05:20:11.145 [任务线程 - 12] INFO  com.teamtop.util.exector.schedule.SchedulerBean - 任务 [ZSBOSS] 已取消 !
2020-11-03 05:20:11.145 [任务线程 - 12] INFO  com.teamtop.system.crossBoss.CrossBossFunction - crossBoss addHp=-2, xhp=0, maxNum=20, minNum=0, useTime=9999
2020-11-03 05:20:11.145 [任务线程 - 12] INFO  com.teamtop.system.crossBoss.CrossBossFunction - crossBoss addHp=-2, xhp=0, maxNum=20, minNum=0
2020-11-03 05:20:11.145 [任务线程 - 12] INFO  com.teamtop.system.crossBoss.CrossBossFunction - crossBoss addHp=-2, xhp=0, maxNum=20, minNum=0, useTime=9999
2020-11-03 05:20:11.145 [任务线程 - 12] INFO  com.teamtop.system.crossBoss.CrossBossFunction - crossBoss addHp=-2, xhp=0, maxNum=20, minNum=0
2020-11-03 05:20:11.145 [任务线程 - 12] INFO  com.teamtop.system.crossBoss.CrossBossFunction - crossBoss addHp=-2, xhp=0, maxNum=20, minNum=0, useTime=9999
2020-11-03 05:20:11.145 [任务线程 - 12] INFO  com.teamtop.system.crossBoss.CrossBossFunction - crossBoss addHp=-2, xhp=0, maxNum=20, minNum=0
2020-11-03 05:20:11.145 [任务线程 - 12] INFO  com.teamtop.system.crossBoss.CrossBossFunction - crossBoss addHp=-2, xhp=0, maxNum=20, minNum=0, useTime=9999
2020-11-03 05:20:11.145 [任务线程 - 12] INFO  com.teamtop.system.crossBoss.CrossBossFunction - crossBoss addHp=-2, xhp=0, maxNum=20, minNum=0
2020-11-03 05:20:11.145 [任务线程 - 12] INFO  com.teamtop.system.crossBoss.CrossBossFunction - crossBoss addHp=-2, xhp=0, maxNum=20, minNum=0, useTime=9999
2020-11-03 05:20:11.145 [任务线程 - 12] INFO  com.teamtop.system.crossBoss.CrossBossFunction - crossBoss addHp=-2, xhp=0, maxNum=20, minNum=0
2020-11-03 05:20:11.145 [crossChannelEx - 3] INFO  com.teamtop.system.crossBoss.CrossBossIO - localReceiveData :{{240003:{{240003,0,{!},{!},!}},240002:{{240002,0,{!},{!},!}},240001:{{240001,0,{!},{!},!}},240005:{{240005,0,{!},{!},!}},240004:{{240004,0,{!},{!},!}}},{1}}
2020-11-03 05:20:11.193 [任务线程 - 12] INFO  com.teamtop.system.crossBoss.cross.CrossBossCrossEvent - CrossBossCrossEvent.fixTime cmdId:0 time:2020-11-13_10-50-00s
2020-11-03 05:20:11.193 [任务线程 - 12] INFO  com.teamtop.util.exector.schedule.ScheduleFixtime - day event:com.teamtop.system.crossBoss.cross.CrossBossCrossEvent@2d23faef,now:1605235800,dayTime:1050
2020-11-03 05:20:11.193 [crossChannelEx - 2] INFO  com.teamtop.system.crossBoss.CrossBossIO - local tell cross state:0  1
2020-11-03 05:21:02.264 [任务线程 - 4] INFO  com.teamtop.houtaiHttp.events.kuaFuFenQu.KuaFuFenQuCache - KuaFuFenQuCache size=7
2020-11-03 05:22:02.277 [任务线程 - 2] INFO  com.teamtop.houtaiHttp.events.kuaFuFenQu.KuaFuFenQuCache - KuaFuFenQuCache size=7
2020-11-03 05:23:02.293 [任务线程 - 5] INFO  com.teamtop.houtaiHttp.events.kuaFuFenQu.KuaFuFenQuCache - KuaFuFenQuCache size=7
2020-11-03 05:24:02.307 [任务线程 - 7] INFO  com.teamtop.houtaiHttp.events.kuaFuFenQu.KuaFuFenQuCache - KuaFuFenQuCache size=7
2020-11-03 05:25:02.318 [任务线程 - 4] INFO  com.teamtop.houtaiHttp.events.kuaFuFenQu.KuaFuFenQuCache - KuaFuFenQuCache size=7
2020-11-03 05:25:11.307 [任务线程 - 14] INFO  com.teamtop.system.crossBoss.CrossBossFunction - 转生1001——3003 bossid:240001 maxhp1367530000 倍数：0总血量：1367530000
2020-11-03 05:25:11.307 [任务线程 - 14] INFO  com.teamtop.system.crossBoss.CrossBossFunction - ready new CrossBoss :1 zsBossid:240001 tempMaxHp:0
2020-11-03 05:25:11.307 [任务线程 - 14] INFO  com.teamtop.system.crossBoss.CrossBossFunction - 转生4001——6003 bossid:240002 maxhp6730920000 倍数：0总血量：6730920000
2020-11-03 05:25:11.307 [任务线程 - 14] INFO  com.teamtop.system.crossBoss.CrossBossFunction - ready new CrossBoss :1 zsBossid:240002 tempMaxHp:0
2020-11-03 05:25:11.307 [任务线程 - 14] INFO  com.teamtop.system.crossBoss.CrossBossFunction - 转生7001——8003 bossid:240003 maxhp25705905000 倍数：0总血量：25705905000
2020-11-03 05:25:11.307 [任务线程 - 14] INFO  com.teamtop.system.crossBoss.CrossBossFunction - ready new CrossBoss :1 zsBossid:240003 tempMaxHp:0
2020-11-03 05:25:11.307 [任务线程 - 14] INFO  com.teamtop.system.crossBoss.CrossBossFunction - 转生9001——10003 bossid:240004 maxhp62142310000 倍数：0总血量：62142310000
2020-11-03 05:25:11.307 [任务线程 - 14] INFO  com.teamtop.system.crossBoss.CrossBossFunction - ready new CrossBoss :1 zsBossid:240004 tempMaxHp:0
2020-11-03 05:25:11.307 [任务线程 - 14] INFO  com.teamtop.system.crossBoss.CrossBossFunction - 转生11001——12003 bossid:240005 maxhp104600755000 倍数：0总血量：104600755000
2020-11-03 05:25:11.307 [任务线程 - 14] INFO  com.teamtop.system.crossBoss.CrossBossFunction - ready new CrossBoss :1 zsBossid:240005 tempMaxHp:0
2020-11-03 05:25:11.307 [任务线程 - 14] INFO  com.teamtop.system.crossBoss.cross.CrossBossCrossEvent - CrossBossCrossEvent.fixTime cmdId:1 time:2020-11-13_10-55-00s
2020-11-03 05:25:11.307 [任务线程 - 14] INFO  com.teamtop.util.exector.schedule.ScheduleFixtime - day event:com.teamtop.system.crossBoss.cross.CrossBossCrossEvent@2d23faef,now:1605236100,dayTime:1055
2020-11-03 05:25:11.307 [crossChannelEx - 1] INFO  com.teamtop.system.crossBoss.CrossBossIO - local tell cross state:1  1
2020-11-03 05:26:02.334 [任务线程 - 6] INFO  com.teamtop.houtaiHttp.events.kuaFuFenQu.KuaFuFenQuCache - KuaFuFenQuCache size=7
2020-11-03 05:27:02.347 [任务线程 - 2] INFO  com.teamtop.houtaiHttp.events.kuaFuFenQu.KuaFuFenQuCache - KuaFuFenQuCache size=7
2020-11-03 05:27:11.975 [任务线程 - 1] INFO  com.teamtop.util.exector.schedule.ScheduleFixtime - day event:com.teamtop.system.crossTeamKing.cross.CrossTeamKingCrossEvent@39e43310,now:1605236220,dayTime:1057
2020-11-03 05:28:02.363 [任务线程 - 8] INFO  com.teamtop.houtaiHttp.events.kuaFuFenQu.KuaFuFenQuCache - KuaFuFenQuCache size=7
2020-11-03 05:29:02.375 [任务线程 - 13] INFO  com.teamtop.houtaiHttp.events.kuaFuFenQu.KuaFuFenQuCache - KuaFuFenQuCache size=7
2020-11-03 05:30:02.388 [任务线程 - 9] INFO  com.teamtop.houtaiHttp.events.kuaFuFenQu.KuaFuFenQuCache - KuaFuFenQuCache size=7
2020-11-03 05:30:11.454 [任务线程 - 10] INFO  com.teamtop.system.crossBoss.cross.CrossBossCrossEvent - CrossBossCrossEvent.fixTime cmdId:2 time:2020-11-13_11-00-00s
2020-11-03 05:30:11.454 [任务线程 - 10] INFO  com.teamtop.util.exector.schedule.ScheduleFixtime - day event:com.teamtop.system.crossBoss.cross.CrossBossCrossEvent@2d23faef,now:1605236400,dayTime:1100
2020-11-03 05:30:11.454 [任务线程 - 10] INFO  com.teamtop.util.exector.schedule.ScheduleFixtime - day event:com.teamtop.system.crossTeamKing.cross.CrossTeamKingCrossEvent@39e43310,now:1605236400,dayTime:1100
2020-11-03 05:30:11.454 [crossChannelEx - 3] INFO  com.teamtop.system.crossBoss.CrossBossIO - local tell cross state:2  1
2020-11-03 05:30:11.454 [crossChannelEx - 4] INFO  com.teamtop.system.crossTeamKing.CrossTeamKingIO - LRCrank success 
2020-11-03 05:30:31.729 [crossChannelEx - 1] INFO  com.teamtop.system.crossTeamKing.CrossTeamKingIO - LRCrank success 
2020-11-03 05:30:52.015 [crossChannelEx - 2] INFO  com.teamtop.system.crossTeamKing.CrossTeamKingIO - LRCrank success 
2020-11-03 05:31:02.392 [任务线程 - 2] INFO  com.teamtop.houtaiHttp.events.kuaFuFenQu.KuaFuFenQuCache - KuaFuFenQuCache size=7
2020-11-03 05:31:12.286 [crossChannelEx - 4] INFO  com.teamtop.system.crossTeamKing.CrossTeamKingIO - LRCrank success 
2020-11-03 05:31:32.556 [crossChannelEx - 3] INFO  com.teamtop.system.crossTeamKing.CrossTeamKingIO - LRCrank success 
2020-11-03 05:31:52.845 [crossChannelEx - 1] INFO  com.teamtop.system.crossTeamKing.CrossTeamKingIO - LRCrank success 
2020-11-03 05:31:52.876 [任务线程 - 7] INFO  com.teamtop.system.event.backstage.BackstageSystemEvent - 60m event:com.teamtop.system.event.backstage.events.flowMMCache.FlowMMCacheEvent@5a53b219,now:1605236460
2020-11-03 05:32:02.413 [任务线程 - 1] INFO  com.teamtop.houtaiHttp.events.kuaFuFenQu.KuaFuFenQuCache - KuaFuFenQuCache size=7
2020-11-03 05:32:13.087 [crossChannelEx - 2] INFO  com.teamtop.system.crossTeamKing.CrossTeamKingIO - LRCrank success 
2020-11-03 05:32:33.372 [crossChannelEx - 4] INFO  com.teamtop.system.crossTeamKing.CrossTeamKingIO - LRCrank success 
2020-11-03 05:32:53.658 [crossChannelEx - 3] INFO  com.teamtop.system.crossTeamKing.CrossTeamKingIO - LRCrank success 
2020-11-03 05:33:02.428 [任务线程 - 4] INFO  com.teamtop.houtaiHttp.events.kuaFuFenQu.KuaFuFenQuCache - KuaFuFenQuCache size=7
2020-11-03 05:33:13.943 [crossChannelEx - 1] INFO  com.teamtop.system.crossTeamKing.CrossTeamKingIO - LRCrank success 
2020-11-03 05:33:34.203 [crossChannelEx - 2] INFO  com.teamtop.system.crossTeamKing.CrossTeamKingIO - LRCrank success 
2020-11-03 05:33:54.490 [crossChannelEx - 4] INFO  com.teamtop.system.crossTeamKing.CrossTeamKingIO - LRCrank success 
2020-11-03 05:34:02.449 [任务线程 - 2] INFO  com.teamtop.houtaiHttp.events.kuaFuFenQu.KuaFuFenQuCache - KuaFuFenQuCache size=7
2020-11-03 05:34:14.761 [crossChannelEx - 3] INFO  com.teamtop.system.crossTeamKing.CrossTeamKingIO - LRCrank success 
2020-11-03 05:34:35.035 [crossChannelEx - 1] INFO  com.teamtop.system.crossTeamKing.CrossTeamKingIO - LRCrank success 
2020-11-03 05:34:55.306 [crossChannelEx - 2] INFO  com.teamtop.system.crossTeamKing.CrossTeamKingIO - LRCrank success 
2020-11-03 05:35:02.469 [任务线程 - 2] INFO  com.teamtop.houtaiHttp.events.kuaFuFenQu.KuaFuFenQuCache - KuaFuFenQuCache size=7
2020-11-03 05:35:15.592 [crossChannelEx - 4] INFO  com.teamtop.system.crossTeamKing.CrossTeamKingIO - LRCrank success 
2020-11-03 05:35:35.865 [crossChannelEx - 3] INFO  com.teamtop.system.crossTeamKing.CrossTeamKingIO - LRCrank success 
2020-11-03 05:35:56.141 [crossChannelEx - 1] INFO  com.teamtop.system.crossTeamKing.CrossTeamKingIO - LRCrank success 
2020-11-03 05:36:02.478 [任务线程 - 7] INFO  com.teamtop.houtaiHttp.events.kuaFuFenQu.KuaFuFenQuCache - KuaFuFenQuCache size=7
2020-11-03 05:36:16.412 [crossChannelEx - 2] INFO  com.teamtop.system.crossTeamKing.CrossTeamKingIO - LRCrank success 
2020-11-03 05:36:36.697 [crossChannelEx - 4] INFO  com.teamtop.system.crossTeamKing.CrossTeamKingIO - LRCrank success 
2020-11-03 05:36:56.985 [crossChannelEx - 3] INFO  com.teamtop.system.crossTeamKing.CrossTeamKingIO - LRCrank success 
2020-11-03 05:37:02.493 [任务线程 - 8] INFO  com.teamtop.houtaiHttp.events.kuaFuFenQu.KuaFuFenQuCache - KuaFuFenQuCache size=7
2020-11-03 05:37:17.271 [crossChannelEx - 1] INFO  com.teamtop.system.crossTeamKing.CrossTeamKingIO - LRCrank success 
2020-11-03 05:37:37.556 [crossChannelEx - 2] INFO  com.teamtop.system.crossTeamKing.CrossTeamKingIO - LRCrank success 
2020-11-03 05:37:57.843 [crossChannelEx - 4] INFO  com.teamtop.system.crossTeamKing.CrossTeamKingIO - LRCrank success 
2020-11-03 05:38:02.508 [任务线程 - 11] INFO  com.teamtop.houtaiHttp.events.kuaFuFenQu.KuaFuFenQuCache - KuaFuFenQuCache size=7
2020-11-03 05:38:18.128 [crossChannelEx - 3] INFO  com.teamtop.system.crossTeamKing.CrossTeamKingIO - LRCrank success 
2020-11-03 05:38:38.413 [crossChannelEx - 1] INFO  com.teamtop.system.crossTeamKing.CrossTeamKingIO - LRCrank success 
2020-11-03 05:38:58.669 [crossChannelEx - 2] INFO  com.teamtop.system.crossTeamKing.CrossTeamKingIO - LRCrank success 
2020-11-03 05:39:02.527 [任务线程 - 5] INFO  com.teamtop.houtaiHttp.events.kuaFuFenQu.KuaFuFenQuCache - KuaFuFenQuCache size=7
2020-11-03 05:39:18.942 [crossChannelEx - 4] INFO  com.teamtop.system.crossTeamKing.CrossTeamKingIO - LRCrank success 
2020-11-03 05:39:39.227 [crossChannelEx - 3] INFO  com.teamtop.system.crossTeamKing.CrossTeamKingIO - LRCrank success 
2020-11-03 05:39:59.513 [crossChannelEx - 1] INFO  com.teamtop.system.crossTeamKing.CrossTeamKingIO - LRCrank success 
2020-11-03 05:40:02.542 [任务线程 - 14] INFO  com.teamtop.houtaiHttp.events.kuaFuFenQu.KuaFuFenQuCache - KuaFuFenQuCache size=7
2020-11-03 05:40:19.786 [crossChannelEx - 2] INFO  com.teamtop.system.crossTeamKing.CrossTeamKingIO - LRCrank success 
2020-11-03 05:40:40.071 [crossChannelEx - 4] INFO  com.teamtop.system.crossTeamKing.CrossTeamKingIO - LRCrank success 
2020-11-03 05:41:00.342 [crossChannelEx - 3] INFO  com.teamtop.system.crossTeamKing.CrossTeamKingIO - LRCrank success 
2020-11-03 05:41:02.558 [任务线程 - 15] INFO  com.teamtop.houtaiHttp.events.kuaFuFenQu.KuaFuFenQuCache - KuaFuFenQuCache size=7
2020-11-03 05:41:20.628 [crossChannelEx - 1] INFO  com.teamtop.system.crossTeamKing.CrossTeamKingIO - LRCrank success 
2020-11-03 05:41:40.912 [crossChannelEx - 2] INFO  com.teamtop.system.crossTeamKing.CrossTeamKingIO - LRCrank success 
2020-11-03 05:42:01.200 [crossChannelEx - 4] INFO  com.teamtop.system.crossTeamKing.CrossTeamKingIO - LRCrank success 
2020-11-03 05:42:02.575 [任务线程 - 2] INFO  com.teamtop.houtaiHttp.events.kuaFuFenQu.KuaFuFenQuCache - KuaFuFenQuCache size=7
2020-11-03 05:42:21.489 [crossChannelEx - 3] INFO  com.teamtop.system.crossTeamKing.CrossTeamKingIO - LRCrank success 
2020-11-03 05:42:41.761 [crossChannelEx - 1] INFO  com.teamtop.system.crossTeamKing.CrossTeamKingIO - LRCrank success 
2020-11-03 05:43:02.031 [crossChannelEx - 2] INFO  com.teamtop.system.crossTeamKing.CrossTeamKingIO - LRCrank success 
2020-11-03 05:43:02.578 [任务线程 - 15] INFO  com.teamtop.houtaiHttp.events.kuaFuFenQu.KuaFuFenQuCache - KuaFuFenQuCache size=7
2020-11-03 05:43:22.302 [crossChannelEx - 4] INFO  com.teamtop.system.crossTeamKing.CrossTeamKingIO - LRCrank success 
2020-11-03 05:43:42.587 [crossChannelEx - 3] INFO  com.teamtop.system.crossTeamKing.CrossTeamKingIO - LRCrank success 
2020-11-03 05:44:02.597 [任务线程 - 10] INFO  com.teamtop.houtaiHttp.events.kuaFuFenQu.KuaFuFenQuCache - KuaFuFenQuCache size=7
2020-11-03 05:44:02.836 [crossChannelEx - 1] INFO  com.teamtop.system.crossTeamKing.CrossTeamKingIO - LRCrank success 
2020-11-03 05:44:23.105 [crossChannelEx - 2] INFO  com.teamtop.system.crossTeamKing.CrossTeamKingIO - LRCrank success 
2020-11-03 05:44:43.365 [crossChannelEx - 4] INFO  com.teamtop.system.crossTeamKing.CrossTeamKingIO - LRCrank success 
2020-11-03 05:45:02.607 [任务线程 - 2] INFO  com.teamtop.houtaiHttp.events.kuaFuFenQu.KuaFuFenQuCache - KuaFuFenQuCache size=7
2020-11-03 05:45:03.637 [crossChannelEx - 3] INFO  com.teamtop.system.crossTeamKing.CrossTeamKingIO - LRCrank success 
2020-11-03 05:45:23.909 [crossChannelEx - 1] INFO  com.teamtop.system.crossTeamKing.CrossTeamKingIO - LRCrank success 
2020-11-03 05:45:44.194 [crossChannelEx - 2] INFO  com.teamtop.system.crossTeamKing.CrossTeamKingIO - LRCrank success 
2020-11-03 05:46:02.623 [任务线程 - 11] INFO  com.teamtop.houtaiHttp.events.kuaFuFenQu.KuaFuFenQuCache - KuaFuFenQuCache size=7
2020-11-03 05:46:04.450 [crossChannelEx - 4] INFO  com.teamtop.system.crossTeamKing.CrossTeamKingIO - LRCrank success 
2020-11-03 05:46:24.721 [crossChannelEx - 3] INFO  com.teamtop.system.crossTeamKing.CrossTeamKingIO - LRCrank success 
2020-11-03 05:46:44.992 [crossChannelEx - 1] INFO  com.teamtop.system.crossTeamKing.CrossTeamKingIO - LRCrank success 
2020-11-03 05:47:02.642 [任务线程 - 13] INFO  com.teamtop.houtaiHttp.events.kuaFuFenQu.KuaFuFenQuCache - KuaFuFenQuCache size=7
2020-11-03 05:47:05.250 [crossChannelEx - 2] INFO  com.teamtop.system.crossTeamKing.CrossTeamKingIO - LRCrank success 
2020-11-03 05:47:25.535 [crossChannelEx - 4] INFO  com.teamtop.system.crossTeamKing.CrossTeamKingIO - LRCrank success 
2020-11-03 05:47:45.807 [crossChannelEx - 3] INFO  com.teamtop.system.crossTeamKing.CrossTeamKingIO - LRCrank success 
2020-11-03 05:48:02.660 [任务线程 - 14] INFO  com.teamtop.houtaiHttp.events.kuaFuFenQu.KuaFuFenQuCache - KuaFuFenQuCache size=7
2020-11-03 05:48:06.080 [crossChannelEx - 1] INFO  com.teamtop.system.crossTeamKing.CrossTeamKingIO - LRCrank success 
2020-11-03 05:48:26.344 [crossChannelEx - 2] INFO  com.teamtop.system.crossTeamKing.CrossTeamKingIO - LRCrank success 
2020-11-03 05:48:46.617 [crossChannelEx - 4] INFO  com.teamtop.system.crossTeamKing.CrossTeamKingIO - LRCrank success 
2020-11-03 05:49:02.675 [任务线程 - 3] INFO  com.teamtop.houtaiHttp.events.kuaFuFenQu.KuaFuFenQuCache - KuaFuFenQuCache size=7
2020-11-03 05:49:06.876 [crossChannelEx - 3] INFO  com.teamtop.system.crossTeamKing.CrossTeamKingIO - LRCrank success 
2020-11-03 05:49:27.161 [crossChannelEx - 1] INFO  com.teamtop.system.crossTeamKing.CrossTeamKingIO - LRCrank success 
2020-11-03 05:49:47.433 [crossChannelEx - 2] INFO  com.teamtop.system.crossTeamKing.CrossTeamKingIO - LRCrank success 
2020-11-03 05:50:02.695 [任务线程 - 15] INFO  com.teamtop.houtaiHttp.events.kuaFuFenQu.KuaFuFenQuCache - KuaFuFenQuCache size=7
2020-11-03 05:50:07.706 [crossChannelEx - 4] INFO  com.teamtop.system.crossTeamKing.CrossTeamKingIO - LRCrank success 
2020-11-03 05:50:27.977 [crossChannelEx - 3] INFO  com.teamtop.system.crossTeamKing.CrossTeamKingIO - LRCrank success 
2020-11-03 05:50:48.248 [crossChannelEx - 1] INFO  com.teamtop.system.crossTeamKing.CrossTeamKingIO - LRCrank success 
2020-11-03 05:51:02.699 [任务线程 - 16] INFO  com.teamtop.houtaiHttp.events.kuaFuFenQu.KuaFuFenQuCache - KuaFuFenQuCache size=7
2020-11-03 05:51:08.520 [crossChannelEx - 2] INFO  com.teamtop.system.crossTeamKing.CrossTeamKingIO - LRCrank success 
2020-11-03 05:51:28.805 [crossChannelEx - 4] INFO  com.teamtop.system.crossTeamKing.CrossTeamKingIO - LRCrank success 
2020-11-03 05:51:49.092 [crossChannelEx - 3] INFO  com.teamtop.system.crossTeamKing.CrossTeamKingIO - LRCrank success 
2020-11-03 05:52:02.715 [任务线程 - 15] INFO  com.teamtop.houtaiHttp.events.kuaFuFenQu.KuaFuFenQuCache - KuaFuFenQuCache size=7
2020-11-03 05:52:09.364 [crossChannelEx - 1] INFO  com.teamtop.system.crossTeamKing.CrossTeamKingIO - LRCrank success 
2020-11-03 05:52:29.635 [crossChannelEx - 2] INFO  com.teamtop.system.crossTeamKing.CrossTeamKingIO - LRCrank success 
2020-11-03 05:52:49.918 [crossChannelEx - 4] INFO  com.teamtop.system.crossTeamKing.CrossTeamKingIO - LRCrank success 
2020-11-03 05:53:02.730 [任务线程 - 2] INFO  com.teamtop.houtaiHttp.events.kuaFuFenQu.KuaFuFenQuCache - KuaFuFenQuCache size=7
2020-11-03 05:53:10.204 [crossChannelEx - 3] INFO  com.teamtop.system.crossTeamKing.CrossTeamKingIO - LRCrank success 
2020-11-03 05:53:30.474 [crossChannelEx - 1] INFO  com.teamtop.system.crossTeamKing.CrossTeamKingIO - LRCrank success 
2020-11-03 05:53:50.760 [crossChannelEx - 2] INFO  com.teamtop.system.crossTeamKing.CrossTeamKingIO - LRCrank success 
2020-11-03 05:54:02.745 [任务线程 - 3] INFO  com.teamtop.houtaiHttp.events.kuaFuFenQu.KuaFuFenQuCache - KuaFuFenQuCache size=7
2020-11-03 05:54:11.032 [crossChannelEx - 4] INFO  com.teamtop.system.crossTeamKing.CrossTeamKingIO - LRCrank success 
2020-11-03 05:54:31.317 [crossChannelEx - 3] INFO  com.teamtop.system.crossTeamKing.CrossTeamKingIO - LRCrank success 
2020-11-03 05:54:51.604 [crossChannelEx - 1] INFO  com.teamtop.system.crossTeamKing.CrossTeamKingIO - LRCrank success 
2020-11-03 05:55:02.761 [任务线程 - 3] INFO  com.teamtop.houtaiHttp.events.kuaFuFenQu.KuaFuFenQuCache - KuaFuFenQuCache size=7
2020-11-03 05:55:11.890 [crossChannelEx - 2] INFO  com.teamtop.system.crossTeamKing.CrossTeamKingIO - LRCrank success 
2020-11-03 05:55:32.172 [crossChannelEx - 4] INFO  com.teamtop.system.crossTeamKing.CrossTeamKingIO - LRCrank success 
2020-11-03 05:55:52.442 [crossChannelEx - 3] INFO  com.teamtop.system.crossTeamKing.CrossTeamKingIO - LRCrank success 
2020-11-03 05:56:02.774 [任务线程 - 7] INFO  com.teamtop.houtaiHttp.events.kuaFuFenQu.KuaFuFenQuCache - KuaFuFenQuCache size=7
2020-11-03 05:56:12.699 [crossChannelEx - 1] INFO  com.teamtop.system.crossTeamKing.CrossTeamKingIO - LRCrank success 
2020-11-03 05:56:32.984 [crossChannelEx - 2] INFO  com.teamtop.system.crossTeamKing.CrossTeamKingIO - LRCrank success 
2020-11-03 05:56:53.272 [crossChannelEx - 4] INFO  com.teamtop.system.crossTeamKing.CrossTeamKingIO - LRCrank success 
2020-11-03 05:57:02.791 [任务线程 - 2] INFO  com.teamtop.houtaiHttp.events.kuaFuFenQu.KuaFuFenQuCache - KuaFuFenQuCache size=7
2020-11-03 05:57:13.558 [crossChannelEx - 3] INFO  com.teamtop.system.crossTeamKing.CrossTeamKingIO - LRCrank success 
2020-11-03 05:57:33.843 [crossChannelEx - 1] INFO  com.teamtop.system.crossTeamKing.CrossTeamKingIO - LRCrank success 
2020-11-03 05:57:54.115 [crossChannelEx - 2] INFO  com.teamtop.system.crossTeamKing.CrossTeamKingIO - LRCrank success 
2020-11-03 05:58:02.806 [任务线程 - 5] INFO  com.teamtop.houtaiHttp.events.kuaFuFenQu.KuaFuFenQuCache - KuaFuFenQuCache size=7
2020-11-03 05:58:14.401 [crossChannelEx - 4] INFO  com.teamtop.system.crossTeamKing.CrossTeamKingIO - LRCrank success 
2020-11-03 05:58:34.685 [crossChannelEx - 3] INFO  com.teamtop.system.crossTeamKing.CrossTeamKingIO - LRCrank success 
2020-11-03 05:58:54.959 [crossChannelEx - 1] INFO  com.teamtop.system.crossTeamKing.CrossTeamKingIO - LRCrank success 
2020-11-03 05:59:02.824 [任务线程 - 9] INFO  com.teamtop.houtaiHttp.events.kuaFuFenQu.KuaFuFenQuCache - KuaFuFenQuCache size=7
2020-11-03 05:59:15.229 [crossChannelEx - 2] INFO  com.teamtop.system.crossTeamKing.CrossTeamKingIO - LRCrank success 
2020-11-03 05:59:35.498 [crossChannelEx - 4] INFO  com.teamtop.system.crossTeamKing.CrossTeamKingIO - LRCrank success 
2020-11-03 05:59:55.771 [crossChannelEx - 3] INFO  com.teamtop.system.crossTeamKing.CrossTeamKingIO - LRCrank success 
