2022-09-19 00:00:00.230 [任务线程 - 10] ERROR com.teamtop.util.exector.schedule.ScheduleFixtime - java.lang.NullPointerException
	at com.teamtop.system.country.newkingship.NewKingShipEvent.fixTime(NewKingShipEvent.java:176)
	at com.teamtop.util.exector.schedule.ScheduleFixtime.execute(ScheduleFixtime.java:119)
	at com.teamtop.util.exector.schedule.ScheduleUtil$1.run(ScheduleUtil.java:75)
	at com.teamtop.util.exector.schedule.SchedulerBean$3.run(SchedulerBean.java:72)
	at java.util.concurrent.Executors$RunnableAdapter.call(Executors.java:511)
	at java.util.concurrent.FutureTask.runAndReset(FutureTask.java:308)
	at java.util.concurrent.ScheduledThreadPoolExecutor$ScheduledFutureTask.access$301(ScheduledThreadPoolExecutor.java:180)
	at java.util.concurrent.ScheduledThreadPoolExecutor$ScheduledFutureTask.run(ScheduledThreadPoolExecutor.java:294)
	at java.util.concurrent.ThreadPoolExecutor.runWorker(ThreadPoolExecutor.java:1149)
	at java.util.concurrent.ThreadPoolExecutor$Worker.run(ThreadPoolExecutor.java:624)
	at java.lang.Thread.run(Thread.java:750)
,excute event ocurs an error
2022-09-19 00:00:01.470 [任务线程 - 62] ERROR com.teamtop.system.crossTeamKing.CrossTeamKingFunction - java.lang.NullPointerException
	at com.teamtop.system.crossTeamKing.CrossTeamKingFunction.sendRankReward(CrossTeamKingFunction.java:1611)
	at com.teamtop.system.crossTeamKing.local.CrossTeamKingLocalEvent.zeroPub(CrossTeamKingLocalEvent.java:132)
	at com.teamtop.system.event.systemEvent.SystemEventFunction.triggerZeroHandlerEvent(SystemEventFunction.java:1148)
	at com.teamtop.util.exector.schedule.ScheduleFixtime.checkZeroTime(ScheduleFixtime.java:39)
	at com.teamtop.util.exector.schedule.ScheduleFixtime.execute(ScheduleFixtime.java:51)
	at com.teamtop.util.exector.schedule.ScheduleUtil$1.run(ScheduleUtil.java:75)
	at com.teamtop.util.exector.schedule.SchedulerBean$3.run(SchedulerBean.java:72)
	at java.util.concurrent.Executors$RunnableAdapter.call(Executors.java:511)
	at java.util.concurrent.FutureTask.runAndReset(FutureTask.java:308)
	at java.util.concurrent.ScheduledThreadPoolExecutor$ScheduledFutureTask.access$301(ScheduledThreadPoolExecutor.java:180)
	at java.util.concurrent.ScheduledThreadPoolExecutor$ScheduledFutureTask.run(ScheduledThreadPoolExecutor.java:294)
	at java.util.concurrent.ThreadPoolExecutor.runWorker(ThreadPoolExecutor.java:1149)
	at java.util.concurrent.ThreadPoolExecutor$Worker.run(ThreadPoolExecutor.java:624)
	at java.lang.Thread.run(Thread.java:750)
weekRestSendReward has wrong
