2020-11-03 16:00:59.452 [OpTaskExecutorService-thread-6] WARN  com.teamtop.system.firstRechargeNew.FirstRechargeNewFunction - FirstRechargeNewFunction firstRecharge hid=1000100000000011, pid=401
2020-11-03 16:00:59.452 [OpTaskExecutorService-thread-6] WARN  com.teamtop.system.event.useAddEvent.UseAddUtil - GameConst.huobiMap can not find3,type:28
2020-11-03 16:00:59.490 [OpTaskExecutorService-thread-9] WARN  com.teamtop.system.hero.FightCalcFunction - hero set fight attribute value fail cause of attributes array is null!
2020-11-03 16:01:01.773 [OpTaskExecutorService-thread-6] WARN  com.teamtop.system.firstRechargeNew.FirstRechargeNewFunction - FirstRechargeNewFunction firstRecharge hid=1000100000000011, pid=402
2020-11-03 16:01:01.773 [OpTaskExecutorService-thread-9] WARN  com.teamtop.system.hero.FightCalcFunction - hero set fight attribute value fail cause of attributes array is null!
2020-11-03 16:01:01.773 [OpTaskExecutorService-thread-6] WARN  com.teamtop.system.event.useAddEvent.UseAddUtil - GameConst.huobiMap can not find3,type:28
2020-11-03 16:01:16.519 [OpTaskExecutorService-thread-12] WARN  com.teamtop.system.crossBoss.CrossBossFunction - countryRankList==null
2020-11-03 16:01:16.535 [OpTaskExecutorService-thread-12] WARN  com.teamtop.system.crossBoss.CrossBossFunction - countryRankList==null
2020-11-03 16:01:16.535 [OpTaskExecutorService-thread-12] WARN  com.teamtop.system.crossBoss.CrossBossFunction - countryRankList==null
2020-11-03 16:01:16.535 [OpTaskExecutorService-thread-12] WARN  com.teamtop.system.crossBoss.CrossBossFunction - countryRankList==null
2020-11-03 16:01:16.535 [OpTaskExecutorService-thread-12] WARN  com.teamtop.system.crossBoss.CrossBossFunction - countryRankList==null
2020-11-03 16:01:17.128 [OpTaskExecutorService-thread-12] WARN  com.teamtop.system.crossBoss.CrossBossFunction - countryRankList==null
2020-11-03 16:01:17.128 [OpTaskExecutorService-thread-12] WARN  com.teamtop.system.crossBoss.CrossBossFunction - countryRankList==null
2020-11-03 16:01:17.128 [OpTaskExecutorService-thread-12] WARN  com.teamtop.system.crossBoss.CrossBossFunction - countryRankList==null
2020-11-03 16:01:17.128 [OpTaskExecutorService-thread-12] WARN  com.teamtop.system.crossBoss.CrossBossFunction - countryRankList==null
2020-11-03 16:01:17.128 [OpTaskExecutorService-thread-12] WARN  com.teamtop.system.crossBoss.CrossBossFunction - countryRankList==null
2020-11-03 16:01:17.691 [OpTaskExecutorService-thread-12] WARN  com.teamtop.system.crossBoss.CrossBossFunction - countryRankList==null
2020-11-03 16:01:17.691 [OpTaskExecutorService-thread-12] WARN  com.teamtop.system.crossBoss.CrossBossFunction - countryRankList==null
2020-11-03 16:01:17.691 [OpTaskExecutorService-thread-12] WARN  com.teamtop.system.crossBoss.CrossBossFunction - countryRankList==null
2020-11-03 16:01:17.691 [OpTaskExecutorService-thread-12] WARN  com.teamtop.system.crossBoss.CrossBossFunction - countryRankList==null
2020-11-03 16:01:17.691 [OpTaskExecutorService-thread-12] WARN  com.teamtop.system.crossBoss.CrossBossFunction - countryRankList==null
2020-11-03 16:01:18.020 [OpTaskExecutorService-thread-12] WARN  com.teamtop.system.boss.monsterGod.MonsterGodFunction - monsterGodCache==null
2020-11-03 16:01:18.130 [OpTaskExecutorService-thread-12] WARN  com.teamtop.system.crossBoss.CrossBossFunction - countryRankList==null
2020-11-03 16:01:18.130 [OpTaskExecutorService-thread-12] WARN  com.teamtop.system.crossBoss.CrossBossFunction - countryRankList==null
2020-11-03 16:01:18.130 [OpTaskExecutorService-thread-12] WARN  com.teamtop.system.crossBoss.CrossBossFunction - countryRankList==null
2020-11-03 16:01:18.130 [OpTaskExecutorService-thread-12] WARN  com.teamtop.system.crossBoss.CrossBossFunction - countryRankList==null
2020-11-03 16:01:18.130 [OpTaskExecutorService-thread-12] WARN  com.teamtop.system.crossBoss.CrossBossFunction - countryRankList==null
2020-11-03 16:01:18.318 [OpTaskExecutorService-thread-12] WARN  com.teamtop.system.boss.monsterGod.MonsterGodFunction - monsterGodCache==null
2020-11-03 16:01:18.677 [OpTaskExecutorService-thread-12] WARN  com.teamtop.system.crossBoss.CrossBossFunction - countryRankList==null
2020-11-03 16:01:18.677 [OpTaskExecutorService-thread-12] WARN  com.teamtop.system.crossBoss.CrossBossFunction - countryRankList==null
2020-11-03 16:01:18.677 [OpTaskExecutorService-thread-12] WARN  com.teamtop.system.crossBoss.CrossBossFunction - countryRankList==null
2020-11-03 16:01:18.677 [OpTaskExecutorService-thread-12] WARN  com.teamtop.system.crossBoss.CrossBossFunction - countryRankList==null
2020-11-03 16:01:18.677 [OpTaskExecutorService-thread-12] WARN  com.teamtop.system.crossBoss.CrossBossFunction - countryRankList==null
2020-11-03 16:01:19.178 [OpTaskExecutorService-thread-12] WARN  com.teamtop.system.crossBoss.CrossBossFunction - countryRankList==null
2020-11-03 16:01:19.178 [OpTaskExecutorService-thread-12] WARN  com.teamtop.system.crossBoss.CrossBossFunction - countryRankList==null
2020-11-03 16:01:19.178 [OpTaskExecutorService-thread-12] WARN  com.teamtop.system.crossBoss.CrossBossFunction - countryRankList==null
2020-11-03 16:01:19.178 [OpTaskExecutorService-thread-12] WARN  com.teamtop.system.crossBoss.CrossBossFunction - countryRankList==null
2020-11-03 16:01:19.178 [OpTaskExecutorService-thread-12] WARN  com.teamtop.system.crossBoss.CrossBossFunction - countryRankList==null
2020-11-03 16:01:19.678 [OpTaskExecutorService-thread-12] WARN  com.teamtop.system.crossBoss.CrossBossFunction - countryRankList==null
2020-11-03 16:01:19.678 [OpTaskExecutorService-thread-12] WARN  com.teamtop.system.crossBoss.CrossBossFunction - countryRankList==null
2020-11-03 16:01:19.678 [OpTaskExecutorService-thread-12] WARN  com.teamtop.system.crossBoss.CrossBossFunction - countryRankList==null
2020-11-03 16:01:19.678 [OpTaskExecutorService-thread-12] WARN  com.teamtop.system.crossBoss.CrossBossFunction - countryRankList==null
2020-11-03 16:01:19.678 [OpTaskExecutorService-thread-12] WARN  com.teamtop.system.crossBoss.CrossBossFunction - countryRankList==null
2020-11-03 16:01:20.084 [OpTaskExecutorService-thread-12] WARN  com.teamtop.system.crossBoss.CrossBossFunction - countryRankList==null
2020-11-03 16:01:20.084 [OpTaskExecutorService-thread-12] WARN  com.teamtop.system.crossBoss.CrossBossFunction - countryRankList==null
2020-11-03 16:01:20.084 [OpTaskExecutorService-thread-12] WARN  com.teamtop.system.crossBoss.CrossBossFunction - countryRankList==null
2020-11-03 16:01:20.084 [OpTaskExecutorService-thread-12] WARN  com.teamtop.system.crossBoss.CrossBossFunction - countryRankList==null
2020-11-03 16:01:20.084 [OpTaskExecutorService-thread-12] WARN  com.teamtop.system.crossBoss.CrossBossFunction - countryRankList==null
2020-11-03 16:01:20.528 [OpTaskExecutorService-thread-12] WARN  com.teamtop.system.crossBoss.CrossBossFunction - countryRankList==null
2020-11-03 16:01:20.528 [OpTaskExecutorService-thread-12] WARN  com.teamtop.system.crossBoss.CrossBossFunction - countryRankList==null
2020-11-03 16:01:20.528 [OpTaskExecutorService-thread-12] WARN  com.teamtop.system.crossBoss.CrossBossFunction - countryRankList==null
2020-11-03 16:01:20.528 [OpTaskExecutorService-thread-12] WARN  com.teamtop.system.crossBoss.CrossBossFunction - countryRankList==null
2020-11-03 16:01:20.528 [OpTaskExecutorService-thread-12] WARN  com.teamtop.system.crossBoss.CrossBossFunction - countryRankList==null
2020-11-03 16:01:20.824 [OpTaskExecutorService-thread-12] WARN  com.teamtop.system.boss.monsterGod.MonsterGodFunction - monsterGodCache==null
2020-11-03 16:01:20.964 [OpTaskExecutorService-thread-12] WARN  com.teamtop.system.crossBoss.CrossBossFunction - countryRankList==null
2020-11-03 16:01:20.964 [OpTaskExecutorService-thread-12] WARN  com.teamtop.system.crossBoss.CrossBossFunction - countryRankList==null
2020-11-03 16:01:20.964 [OpTaskExecutorService-thread-12] WARN  com.teamtop.system.crossBoss.CrossBossFunction - countryRankList==null
2020-11-03 16:01:20.964 [OpTaskExecutorService-thread-12] WARN  com.teamtop.system.crossBoss.CrossBossFunction - countryRankList==null
2020-11-03 16:01:20.964 [OpTaskExecutorService-thread-12] WARN  com.teamtop.system.crossBoss.CrossBossFunction - countryRankList==null
2020-11-03 16:01:21.089 [OpTaskExecutorService-thread-12] WARN  com.teamtop.system.boss.monsterGod.MonsterGodFunction - monsterGodCache==null
2020-11-03 16:01:21.562 [OpTaskExecutorService-thread-12] WARN  com.teamtop.system.crossBoss.CrossBossFunction - countryRankList==null
2020-11-03 16:01:21.562 [OpTaskExecutorService-thread-12] WARN  com.teamtop.system.crossBoss.CrossBossFunction - countryRankList==null
2020-11-03 16:01:21.562 [OpTaskExecutorService-thread-12] WARN  com.teamtop.system.crossBoss.CrossBossFunction - countryRankList==null
2020-11-03 16:01:21.562 [OpTaskExecutorService-thread-12] WARN  com.teamtop.system.crossBoss.CrossBossFunction - countryRankList==null
2020-11-03 16:01:21.562 [OpTaskExecutorService-thread-12] WARN  com.teamtop.system.crossBoss.CrossBossFunction - countryRankList==null
2020-11-03 16:01:22.108 [OpTaskExecutorService-thread-12] WARN  com.teamtop.system.crossBoss.CrossBossFunction - countryRankList==null
2020-11-03 16:01:22.108 [OpTaskExecutorService-thread-12] WARN  com.teamtop.system.crossBoss.CrossBossFunction - countryRankList==null
2020-11-03 16:01:22.108 [OpTaskExecutorService-thread-12] WARN  com.teamtop.system.crossBoss.CrossBossFunction - countryRankList==null
2020-11-03 16:01:22.108 [OpTaskExecutorService-thread-12] WARN  com.teamtop.system.crossBoss.CrossBossFunction - countryRankList==null
2020-11-03 16:01:22.108 [OpTaskExecutorService-thread-12] WARN  com.teamtop.system.crossBoss.CrossBossFunction - countryRankList==null
2020-11-03 16:01:22.492 [OpTaskExecutorService-thread-12] WARN  com.teamtop.system.boss.monsterGod.MonsterGodFunction - monsterGodCache==null
2020-11-03 16:01:22.601 [OpTaskExecutorService-thread-12] WARN  com.teamtop.system.crossBoss.CrossBossFunction - countryRankList==null
2020-11-03 16:01:22.601 [OpTaskExecutorService-thread-12] WARN  com.teamtop.system.crossBoss.CrossBossFunction - countryRankList==null
2020-11-03 16:01:22.601 [OpTaskExecutorService-thread-12] WARN  com.teamtop.system.crossBoss.CrossBossFunction - countryRankList==null
2020-11-03 16:01:22.601 [OpTaskExecutorService-thread-12] WARN  com.teamtop.system.crossBoss.CrossBossFunction - countryRankList==null
2020-11-03 16:01:22.601 [OpTaskExecutorService-thread-12] WARN  com.teamtop.system.crossBoss.CrossBossFunction - countryRankList==null
2020-11-03 16:01:22.617 [OpTaskExecutorService-thread-12] WARN  com.teamtop.system.chat.ChatManager - broadCast castNum is error!castNum:2008 广播表还没录
2020-11-03 16:01:22.711 [OpTaskExecutorService-thread-12] WARN  com.teamtop.system.boss.monsterGod.MonsterGodFunction - monsterGodCache==null
2020-11-03 16:01:23.008 [OpTaskExecutorService-thread-12] WARN  com.teamtop.system.crossBoss.CrossBossFunction - countryRankList==null
2020-11-03 16:01:23.008 [OpTaskExecutorService-thread-12] WARN  com.teamtop.system.crossBoss.CrossBossFunction - countryRankList==null
2020-11-03 16:01:23.008 [OpTaskExecutorService-thread-12] WARN  com.teamtop.system.crossBoss.CrossBossFunction - countryRankList==null
2020-11-03 16:01:23.008 [OpTaskExecutorService-thread-12] WARN  com.teamtop.system.crossBoss.CrossBossFunction - countryRankList==null
2020-11-03 16:01:23.008 [OpTaskExecutorService-thread-12] WARN  com.teamtop.system.crossBoss.CrossBossFunction - countryRankList==null
2020-11-03 16:01:23.384 [OpTaskExecutorService-thread-12] WARN  com.teamtop.system.chat.ChatManager - broadCast castNum is error!castNum:2008 广播表还没录
2020-11-03 16:01:33.445 [OpTaskExecutorService-thread-6] WARN  com.teamtop.system.chat.ChatManager - broadCast castNum is error!castNum:2008 广播表还没录
2020-11-03 16:01:33.524 [OpTaskExecutorService-thread-6] WARN  com.teamtop.system.guanqia.GuanqiaManager - guanqia compare:79,hid:1000100000000011
2020-11-03 16:02:47.704 [任务线程 - 9] WARN  com.teamtop.system.hero.FightCalcFunction - hero set fight attribute value fail cause of attributes array is null!
2020-11-03 16:02:47.704 [任务线程 - 9] WARN  com.teamtop.system.hero.FightCalcFunction - hero set fight attribute value fail cause of attributes array is null!
2020-11-03 16:02:47.704 [任务线程 - 9] WARN  com.teamtop.system.hero.FightCalcFunction - hero set fight attribute value fail cause of attributes array is null!
2020-11-03 16:02:47.704 [任务线程 - 9] WARN  com.teamtop.system.hero.FightCalcFunction - hero set fight attribute value fail cause of attributes array is null!
2020-11-03 16:02:47.704 [任务线程 - 9] WARN  com.teamtop.system.hero.FightCalcFunction - hero set fight attribute value fail cause of attributes array is null!
2020-11-03 16:02:47.720 [OpTaskExecutorService-thread-9] WARN  com.teamtop.system.hero.FightCalcFunction - hero set fight attribute value fail cause of attributes array is null!
2020-11-03 16:02:47.986 [任务线程 - 9] WARN  com.teamtop.system.hero.FightCalcFunction - hero set fight attribute value fail cause of attributes array is null!
2020-11-03 16:02:47.986 [任务线程 - 9] WARN  com.teamtop.system.hero.FightCalcFunction - hero set fight attribute value fail cause of attributes array is null!
2020-11-03 16:02:47.986 [任务线程 - 9] WARN  com.teamtop.system.hero.FightCalcFunction - hero set fight attribute value fail cause of attributes array is null!
2020-11-03 16:02:47.986 [任务线程 - 9] WARN  com.teamtop.system.hero.FightCalcFunction - hero set fight attribute value fail cause of attributes array is null!
2020-11-03 16:02:48.002 [OpTaskExecutorService-thread-9] WARN  com.teamtop.system.hero.FightCalcFunction - hero set fight attribute value fail cause of attributes array is null!
2020-11-03 16:02:48.221 [任务线程 - 9] WARN  com.teamtop.system.hero.FightCalcFunction - hero set fight attribute value fail cause of attributes array is null!
2020-11-03 16:02:48.221 [OpTaskExecutorService-thread-9] WARN  com.teamtop.system.hero.FightCalcFunction - hero set fight attribute value fail cause of attributes array is null!
2020-11-03 16:02:48.221 [任务线程 - 9] WARN  com.teamtop.system.hero.FightCalcFunction - hero set fight attribute value fail cause of attributes array is null!
2020-11-03 16:02:48.221 [任务线程 - 9] WARN  com.teamtop.system.hero.FightCalcFunction - hero set fight attribute value fail cause of attributes array is null!
2020-11-03 16:02:48.221 [任务线程 - 9] WARN  com.teamtop.system.hero.FightCalcFunction - hero set fight attribute value fail cause of attributes array is null!
2020-11-03 16:02:48.486 [任务线程 - 9] WARN  com.teamtop.system.hero.FightCalcFunction - hero set fight attribute value fail cause of attributes array is null!
2020-11-03 16:02:48.486 [任务线程 - 9] WARN  com.teamtop.system.hero.FightCalcFunction - hero set fight attribute value fail cause of attributes array is null!
2020-11-03 16:02:48.486 [任务线程 - 9] WARN  com.teamtop.system.hero.FightCalcFunction - hero set fight attribute value fail cause of attributes array is null!
2020-11-03 16:02:48.486 [OpTaskExecutorService-thread-9] WARN  com.teamtop.system.hero.FightCalcFunction - hero set fight attribute value fail cause of attributes array is null!
2020-11-03 16:02:48.486 [任务线程 - 9] WARN  com.teamtop.system.hero.FightCalcFunction - hero set fight attribute value fail cause of attributes array is null!
2020-11-03 16:02:48.486 [任务线程 - 9] WARN  com.teamtop.system.hero.FightCalcFunction - hero set fight attribute value fail cause of attributes array is null!
2020-11-03 16:02:48.720 [任务线程 - 9] WARN  com.teamtop.system.hero.FightCalcFunction - hero set fight attribute value fail cause of attributes array is null!
2020-11-03 16:02:48.720 [任务线程 - 9] WARN  com.teamtop.system.hero.FightCalcFunction - hero set fight attribute value fail cause of attributes array is null!
2020-11-03 16:02:48.720 [任务线程 - 9] WARN  com.teamtop.system.hero.FightCalcFunction - hero set fight attribute value fail cause of attributes array is null!
2020-11-03 16:02:48.720 [任务线程 - 9] WARN  com.teamtop.system.hero.FightCalcFunction - hero set fight attribute value fail cause of attributes array is null!
2020-11-03 16:02:48.736 [OpTaskExecutorService-thread-9] WARN  com.teamtop.system.hero.FightCalcFunction - hero set fight attribute value fail cause of attributes array is null!
2020-11-03 16:02:49.018 [任务线程 - 9] WARN  com.teamtop.system.hero.FightCalcFunction - hero set fight attribute value fail cause of attributes array is null!
2020-11-03 16:02:49.018 [任务线程 - 9] WARN  com.teamtop.system.hero.FightCalcFunction - hero set fight attribute value fail cause of attributes array is null!
2020-11-03 16:02:49.018 [任务线程 - 9] WARN  com.teamtop.system.hero.FightCalcFunction - hero set fight attribute value fail cause of attributes array is null!
2020-11-03 16:02:49.018 [任务线程 - 9] WARN  com.teamtop.system.hero.FightCalcFunction - hero set fight attribute value fail cause of attributes array is null!
2020-11-03 16:02:49.018 [任务线程 - 9] WARN  com.teamtop.system.hero.FightCalcFunction - hero set fight attribute value fail cause of attributes array is null!
2020-11-03 16:02:49.033 [OpTaskExecutorService-thread-9] WARN  com.teamtop.system.hero.FightCalcFunction - hero set fight attribute value fail cause of attributes array is null!
2020-11-03 16:02:49.253 [任务线程 - 9] WARN  com.teamtop.system.hero.FightCalcFunction - hero set fight attribute value fail cause of attributes array is null!
2020-11-03 16:02:49.253 [任务线程 - 9] WARN  com.teamtop.system.hero.FightCalcFunction - hero set fight attribute value fail cause of attributes array is null!
2020-11-03 16:02:49.253 [任务线程 - 9] WARN  com.teamtop.system.hero.FightCalcFunction - hero set fight attribute value fail cause of attributes array is null!
2020-11-03 16:02:49.253 [任务线程 - 9] WARN  com.teamtop.system.hero.FightCalcFunction - hero set fight attribute value fail cause of attributes array is null!
2020-11-03 16:02:49.253 [任务线程 - 9] WARN  com.teamtop.system.hero.FightCalcFunction - hero set fight attribute value fail cause of attributes array is null!
2020-11-03 16:02:49.268 [OpTaskExecutorService-thread-9] WARN  com.teamtop.system.hero.FightCalcFunction - hero set fight attribute value fail cause of attributes array is null!
2020-11-03 16:02:49.455 [任务线程 - 9] WARN  com.teamtop.system.hero.FightCalcFunction - hero set fight attribute value fail cause of attributes array is null!
2020-11-03 16:02:49.455 [任务线程 - 9] WARN  com.teamtop.system.hero.FightCalcFunction - hero set fight attribute value fail cause of attributes array is null!
2020-11-03 16:02:49.455 [OpTaskExecutorService-thread-9] WARN  com.teamtop.system.hero.FightCalcFunction - hero set fight attribute value fail cause of attributes array is null!
2020-11-03 16:02:49.455 [任务线程 - 9] WARN  com.teamtop.system.hero.FightCalcFunction - hero set fight attribute value fail cause of attributes array is null!
2020-11-03 16:02:49.455 [任务线程 - 9] WARN  com.teamtop.system.hero.FightCalcFunction - hero set fight attribute value fail cause of attributes array is null!
2020-11-03 16:02:49.674 [任务线程 - 9] WARN  com.teamtop.system.hero.FightCalcFunction - hero set fight attribute value fail cause of attributes array is null!
2020-11-03 16:02:49.674 [任务线程 - 9] WARN  com.teamtop.system.hero.FightCalcFunction - hero set fight attribute value fail cause of attributes array is null!
2020-11-03 16:02:49.674 [任务线程 - 9] WARN  com.teamtop.system.hero.FightCalcFunction - hero set fight attribute value fail cause of attributes array is null!
2020-11-03 16:02:49.674 [任务线程 - 9] WARN  com.teamtop.system.hero.FightCalcFunction - hero set fight attribute value fail cause of attributes array is null!
2020-11-03 16:02:49.689 [OpTaskExecutorService-thread-9] WARN  com.teamtop.system.hero.FightCalcFunction - hero set fight attribute value fail cause of attributes array is null!
2020-11-03 16:40:37.577 [nioEventLoopGroup-11-4] WARN  com.teamtop.system.zcBoss.ZcBossHeroManager - JoinersMap().containsKey(hero.getId()) hid:1000100000000011
