2022-09-18 22:00:00.122 [任务线程 - 45] INFO  com.teamtop.system.crossZhuLu.cross.CrossZhuLuSchedule - 排名奖励发放完毕
2022-09-18 22:00:00.629 [任务线程 - 15] INFO  com.teamtop.system.boss.monsterGod.MonsterGodEvent - MonsterGodEvent.fixTime cmdId:0 time:2022-09-18_22-00-00s
2022-09-18 22:00:00.637 [任务线程 - 15] INFO  com.teamtop.util.exector.schedule.ScheduleFixtime - day event:com.teamtop.system.boss.monsterGod.MonsterGodEvent@59474f18,now:1663509600,dayTime:2200
2022-09-18 22:00:00.638 [任务线程 - 15] INFO  com.teamtop.util.exector.schedule.ScheduleFixtime - day event:com.teamtop.system.longZhongDui.LongZhongDuiEvent@30c15d8b,now:1663509600,dayTime:2200
2022-09-18 22:00:00.642 [任务线程 - 15] INFO  com.teamtop.util.exector.schedule.ScheduleFixtime - day event:com.teamtop.system.country.newkingship.NewKingShipEvent@bcec361,now:1663509600,dayTime:2200
2022-09-18 22:00:00.649 [任务线程 - 15] INFO  com.teamtop.system.crossBoss.cross.CrossBossCrossEvent - CrossBossCrossEvent.fixTime cmdId:2 time:2022-09-18_22-00-00s
2022-09-18 22:00:00.649 [任务线程 - 15] INFO  com.teamtop.util.exector.schedule.ScheduleFixtime - day event:com.teamtop.system.crossBoss.cross.CrossBossCrossEvent@280e8a1a,now:1663509600,dayTime:2200
2022-09-18 22:00:00.650 [任务线程 - 15] INFO  com.teamtop.util.exector.schedule.ScheduleFixtime - day event:com.teamtop.system.crossTeamKing.cross.CrossTeamKingCrossEvent@1b7cae6f,now:1663509600,dayTime:2200
2022-09-18 22:00:00.657 [任务线程 - 15] INFO  com.teamtop.system.dengFengZaoJi.event.DengFengZaoJiEvent - DengFengZaoJiEvent.fixTime cmdId:4 time:2022-09-18_22-00-00s
2022-09-18 22:00:00.660 [任务线程 - 15] INFO  com.teamtop.util.exector.schedule.ScheduleFixtime - week event:com.teamtop.system.dengFengZaoJi.event.DengFengZaoJiEvent@5b94b04d,now:1663509600,dayTime:2200
2022-09-18 22:00:00.656 [crossChannelEx - 1] INFO  com.teamtop.system.crossBoss.CrossBossIO - local tell cross state:2  1
2022-09-18 22:00:00.661 [任务线程 - 15] INFO  com.teamtop.system.dengFengZaoJi.event.DengFengZaoJiCrossEvent - DengFengZaoJiCrossEvent.FixTime bigan.cmd:3
2022-09-18 22:00:00.663 [任务线程 - 15] INFO  com.teamtop.system.dengFengZaoJi.event.DengFengZaoJiCrossEvent - DengFengZaoJiCrossEvent.FixTime.cmd:3
2022-09-18 22:00:00.663 [任务线程 - 15] INFO  com.teamtop.util.exector.schedule.ScheduleFixtime - week event:com.teamtop.system.dengFengZaoJi.event.DengFengZaoJiCrossEvent@724c5cbe,now:1663509600,dayTime:2200
2022-09-18 22:00:00.675 [任务线程 - 3] INFO  com.teamtop.util.exector.schedule.SchedulerBean - 任务 [MonsterGodCache] 已取消 !
2022-09-18 22:00:00.698 [任务线程 - 3] INFO  com.teamtop.system.boss.monsterGod.MonsterGodEvent - MonsterGodEvent.fixTime cmdId:0 time:2022-09-18_22-00-00s
2022-09-18 22:00:00.699 [任务线程 - 3] INFO  com.teamtop.util.exector.schedule.ScheduleFixtime - day event:com.teamtop.system.boss.monsterGod.MonsterGodEvent@65fb9ffc,now:1663509600,dayTime:2200
2022-09-18 22:00:00.706 [任务线程 - 3] INFO  com.teamtop.util.exector.schedule.ScheduleFixtime - day event:com.teamtop.system.longZhongDui.LongZhongDuiEvent@5e0e82ae,now:1663509600,dayTime:2200
2022-09-18 22:00:00.707 [任务线程 - 3] INFO  com.teamtop.util.exector.schedule.ScheduleFixtime - day event:com.teamtop.system.country.newkingship.NewKingShipEvent@26794848,now:1663509600,dayTime:2200
2022-09-18 22:00:00.708 [任务线程 - 3] INFO  com.teamtop.system.dengFengZaoJi.event.DengFengZaoJiEvent - DengFengZaoJiEvent.fixTime cmdId:4 time:2022-09-18_22-00-00s
2022-09-18 22:00:00.708 [任务线程 - 3] INFO  com.teamtop.util.exector.schedule.ScheduleFixtime - week event:com.teamtop.system.dengFengZaoJi.event.DengFengZaoJiEvent@8c3b9d,now:1663509600,dayTime:2200
2022-09-18 22:00:00.712 [任务线程 - 17] INFO  com.teamtop.util.exector.schedule.SchedulerBean - 任务 [longzhongduiEndHandle] 已取消 !
2022-09-18 22:00:02.962 [crossChannelEx - 8] INFO  com.teamtop.system.crossTeamKing.CrossTeamKingIO - LRCrank success 
2022-09-18 22:00:23.107 [crossChannelEx - 6] INFO  com.teamtop.system.crossTeamKing.CrossTeamKingIO - LRCrank success 
2022-09-18 22:00:43.252 [crossChannelEx - 4] INFO  com.teamtop.system.crossTeamKing.CrossTeamKingIO - LRCrank success 
2022-09-18 22:00:45.113 [任务线程 - 40] INFO  com.teamtop.houtaiHttp.events.kuaFuFenQu.KuaFuFenQuCache - KuaFuFenQuCache size=1
2022-09-18 22:01:00.299 [任务线程 - 30] INFO  com.teamtop.system.event.backstage.BackstageSystemEvent - 60m event:com.teamtop.system.event.backstage.events.flowMMCache.FlowMMCacheEvent@2ad33b63,now:1663509660
2022-09-18 22:01:03.397 [crossChannelEx - 5] INFO  com.teamtop.system.crossTeamKing.CrossTeamKingIO - LRCrank success 
2022-09-18 22:01:23.542 [crossChannelEx - 7] INFO  com.teamtop.system.crossTeamKing.CrossTeamKingIO - LRCrank success 
2022-09-18 22:01:43.694 [crossChannelEx - 3] INFO  com.teamtop.system.crossTeamKing.CrossTeamKingIO - LRCrank success 
2022-09-18 22:01:45.135 [任务线程 - 15] INFO  com.teamtop.houtaiHttp.events.kuaFuFenQu.KuaFuFenQuCache - KuaFuFenQuCache size=1
2022-09-18 22:02:03.835 [crossChannelEx - 2] INFO  com.teamtop.system.crossTeamKing.CrossTeamKingIO - LRCrank success 
2022-09-18 22:02:23.991 [crossChannelEx - 1] INFO  com.teamtop.system.crossTeamKing.CrossTeamKingIO - LRCrank success 
2022-09-18 22:02:44.146 [crossChannelEx - 8] INFO  com.teamtop.system.crossTeamKing.CrossTeamKingIO - LRCrank success 
2022-09-18 22:02:45.147 [任务线程 - 11] INFO  com.teamtop.houtaiHttp.events.kuaFuFenQu.KuaFuFenQuCache - KuaFuFenQuCache size=1
2022-09-18 22:03:04.285 [crossChannelEx - 6] INFO  com.teamtop.system.crossTeamKing.CrossTeamKingIO - LRCrank success 
2022-09-18 22:03:24.446 [crossChannelEx - 4] INFO  com.teamtop.system.crossTeamKing.CrossTeamKingIO - LRCrank success 
2022-09-18 22:03:44.615 [crossChannelEx - 5] INFO  com.teamtop.system.crossTeamKing.CrossTeamKingIO - LRCrank success 
2022-09-18 22:03:45.159 [任务线程 - 8] INFO  com.teamtop.houtaiHttp.events.kuaFuFenQu.KuaFuFenQuCache - KuaFuFenQuCache size=1
2022-09-18 22:04:04.749 [crossChannelEx - 7] INFO  com.teamtop.system.crossTeamKing.CrossTeamKingIO - LRCrank success 
2022-09-18 22:04:24.899 [crossChannelEx - 3] INFO  com.teamtop.system.crossTeamKing.CrossTeamKingIO - LRCrank success 
2022-09-18 22:04:45.079 [crossChannelEx - 2] INFO  com.teamtop.system.crossTeamKing.CrossTeamKingIO - LRCrank success 
2022-09-18 22:04:45.171 [任务线程 - 7] INFO  com.teamtop.houtaiHttp.events.kuaFuFenQu.KuaFuFenQuCache - KuaFuFenQuCache size=1
2022-09-18 22:05:05.207 [crossChannelEx - 1] INFO  com.teamtop.system.crossTeamKing.CrossTeamKingIO - LRCrank success 
2022-09-18 22:05:25.369 [crossChannelEx - 8] INFO  com.teamtop.system.crossTeamKing.CrossTeamKingIO - LRCrank success 
2022-09-18 22:05:45.195 [任务线程 - 29] INFO  com.teamtop.houtaiHttp.events.kuaFuFenQu.KuaFuFenQuCache - KuaFuFenQuCache size=1
2022-09-18 22:05:45.528 [crossChannelEx - 6] INFO  com.teamtop.system.crossTeamKing.CrossTeamKingIO - LRCrank success 
2022-09-18 22:06:05.710 [crossChannelEx - 4] INFO  com.teamtop.system.crossTeamKing.CrossTeamKingIO - LRCrank success 
2022-09-18 22:06:25.849 [crossChannelEx - 5] INFO  com.teamtop.system.crossTeamKing.CrossTeamKingIO - LRCrank success 
2022-09-18 22:06:45.216 [任务线程 - 26] INFO  com.teamtop.houtaiHttp.events.kuaFuFenQu.KuaFuFenQuCache - KuaFuFenQuCache size=1
2022-09-18 22:06:46.021 [crossChannelEx - 7] INFO  com.teamtop.system.crossTeamKing.CrossTeamKingIO - LRCrank success 
2022-09-18 22:07:06.184 [crossChannelEx - 3] INFO  com.teamtop.system.crossTeamKing.CrossTeamKingIO - LRCrank success 
2022-09-18 22:07:26.342 [crossChannelEx - 2] INFO  com.teamtop.system.crossTeamKing.CrossTeamKingIO - LRCrank success 
2022-09-18 22:07:45.226 [任务线程 - 9] INFO  com.teamtop.houtaiHttp.events.kuaFuFenQu.KuaFuFenQuCache - KuaFuFenQuCache size=1
2022-09-18 22:07:46.483 [crossChannelEx - 1] INFO  com.teamtop.system.crossTeamKing.CrossTeamKingIO - LRCrank success 
2022-09-18 22:08:06.650 [crossChannelEx - 8] INFO  com.teamtop.system.crossTeamKing.CrossTeamKingIO - LRCrank success 
2022-09-18 22:08:26.816 [crossChannelEx - 6] INFO  com.teamtop.system.crossTeamKing.CrossTeamKingIO - LRCrank success 
2022-09-18 22:08:45.233 [任务线程 - 48] INFO  com.teamtop.houtaiHttp.events.kuaFuFenQu.KuaFuFenQuCache - KuaFuFenQuCache size=1
2022-09-18 22:08:46.984 [crossChannelEx - 4] INFO  com.teamtop.system.crossTeamKing.CrossTeamKingIO - LRCrank success 
2022-09-18 22:09:07.143 [crossChannelEx - 5] INFO  com.teamtop.system.crossTeamKing.CrossTeamKingIO - LRCrank success 
2022-09-18 22:09:27.289 [crossChannelEx - 7] INFO  com.teamtop.system.crossTeamKing.CrossTeamKingIO - LRCrank success 
2022-09-18 22:09:45.240 [任务线程 - 53] INFO  com.teamtop.houtaiHttp.events.kuaFuFenQu.KuaFuFenQuCache - KuaFuFenQuCache size=1
2022-09-18 22:09:47.433 [crossChannelEx - 3] INFO  com.teamtop.system.crossTeamKing.CrossTeamKingIO - LRCrank success 
2022-09-18 22:10:07.600 [crossChannelEx - 2] INFO  com.teamtop.system.crossTeamKing.CrossTeamKingIO - LRCrank success 
2022-09-18 22:10:27.752 [crossChannelEx - 1] INFO  com.teamtop.system.crossTeamKing.CrossTeamKingIO - LRCrank success 
2022-09-18 22:10:45.335 [任务线程 - 43] INFO  com.teamtop.houtaiHttp.events.kuaFuFenQu.KuaFuFenQuCache - KuaFuFenQuCache size=1
2022-09-18 22:10:48.010 [crossChannelEx - 8] INFO  com.teamtop.system.crossTeamKing.CrossTeamKingIO - LRCrank success 
2022-09-18 22:11:08.168 [crossChannelEx - 6] INFO  com.teamtop.system.crossTeamKing.CrossTeamKingIO - LRCrank success 
2022-09-18 22:11:28.341 [crossChannelEx - 4] INFO  com.teamtop.system.crossTeamKing.CrossTeamKingIO - LRCrank success 
2022-09-18 22:11:45.354 [任务线程 - 61] INFO  com.teamtop.houtaiHttp.events.kuaFuFenQu.KuaFuFenQuCache - KuaFuFenQuCache size=1
2022-09-18 22:11:48.487 [crossChannelEx - 5] INFO  com.teamtop.system.crossTeamKing.CrossTeamKingIO - LRCrank success 
2022-09-18 22:12:08.647 [crossChannelEx - 7] INFO  com.teamtop.system.crossTeamKing.CrossTeamKingIO - LRCrank success 
2022-09-18 22:12:28.809 [crossChannelEx - 3] INFO  com.teamtop.system.crossTeamKing.CrossTeamKingIO - LRCrank success 
2022-09-18 22:12:45.368 [任务线程 - 29] INFO  com.teamtop.houtaiHttp.events.kuaFuFenQu.KuaFuFenQuCache - KuaFuFenQuCache size=1
2022-09-18 22:12:48.974 [crossChannelEx - 2] INFO  com.teamtop.system.crossTeamKing.CrossTeamKingIO - LRCrank success 
2022-09-18 22:13:09.113 [crossChannelEx - 1] INFO  com.teamtop.system.crossTeamKing.CrossTeamKingIO - LRCrank success 
2022-09-18 22:13:29.282 [crossChannelEx - 8] INFO  com.teamtop.system.crossTeamKing.CrossTeamKingIO - LRCrank success 
2022-09-18 22:13:45.382 [任务线程 - 56] INFO  com.teamtop.houtaiHttp.events.kuaFuFenQu.KuaFuFenQuCache - KuaFuFenQuCache size=1
2022-09-18 22:13:49.441 [crossChannelEx - 6] INFO  com.teamtop.system.crossTeamKing.CrossTeamKingIO - LRCrank success 
2022-09-18 22:14:09.586 [crossChannelEx - 4] INFO  com.teamtop.system.crossTeamKing.CrossTeamKingIO - LRCrank success 
2022-09-18 22:14:29.743 [crossChannelEx - 5] INFO  com.teamtop.system.crossTeamKing.CrossTeamKingIO - LRCrank success 
2022-09-18 22:14:45.398 [任务线程 - 29] INFO  com.teamtop.houtaiHttp.events.kuaFuFenQu.KuaFuFenQuCache - KuaFuFenQuCache size=1
2022-09-18 22:14:49.900 [crossChannelEx - 7] INFO  com.teamtop.system.crossTeamKing.CrossTeamKingIO - LRCrank success 
2022-09-18 22:15:10.063 [crossChannelEx - 3] INFO  com.teamtop.system.crossTeamKing.CrossTeamKingIO - LRCrank success 
2022-09-18 22:15:30.214 [crossChannelEx - 2] INFO  com.teamtop.system.crossTeamKing.CrossTeamKingIO - LRCrank success 
2022-09-18 22:15:45.427 [任务线程 - 47] INFO  com.teamtop.houtaiHttp.events.kuaFuFenQu.KuaFuFenQuCache - KuaFuFenQuCache size=1
2022-09-18 22:15:50.373 [crossChannelEx - 1] INFO  com.teamtop.system.crossTeamKing.CrossTeamKingIO - LRCrank success 
2022-09-18 22:16:10.521 [crossChannelEx - 8] INFO  com.teamtop.system.crossTeamKing.CrossTeamKingIO - LRCrank success 
2022-09-18 22:16:30.677 [crossChannelEx - 6] INFO  com.teamtop.system.crossTeamKing.CrossTeamKingIO - LRCrank success 
2022-09-18 22:16:45.446 [任务线程 - 46] INFO  com.teamtop.houtaiHttp.events.kuaFuFenQu.KuaFuFenQuCache - KuaFuFenQuCache size=1
2022-09-18 22:16:50.828 [crossChannelEx - 4] INFO  com.teamtop.system.crossTeamKing.CrossTeamKingIO - LRCrank success 
2022-09-18 22:17:11.005 [crossChannelEx - 5] INFO  com.teamtop.system.crossTeamKing.CrossTeamKingIO - LRCrank success 
2022-09-18 22:17:31.151 [crossChannelEx - 7] INFO  com.teamtop.system.crossTeamKing.CrossTeamKingIO - LRCrank success 
2022-09-18 22:17:45.462 [任务线程 - 25] INFO  com.teamtop.houtaiHttp.events.kuaFuFenQu.KuaFuFenQuCache - KuaFuFenQuCache size=1
2022-09-18 22:17:51.322 [crossChannelEx - 3] INFO  com.teamtop.system.crossTeamKing.CrossTeamKingIO - LRCrank success 
2022-09-18 22:18:11.469 [crossChannelEx - 2] INFO  com.teamtop.system.crossTeamKing.CrossTeamKingIO - LRCrank success 
2022-09-18 22:18:31.630 [crossChannelEx - 1] INFO  com.teamtop.system.crossTeamKing.CrossTeamKingIO - LRCrank success 
2022-09-18 22:18:45.472 [任务线程 - 57] INFO  com.teamtop.houtaiHttp.events.kuaFuFenQu.KuaFuFenQuCache - KuaFuFenQuCache size=1
2022-09-18 22:18:51.783 [crossChannelEx - 8] INFO  com.teamtop.system.crossTeamKing.CrossTeamKingIO - LRCrank success 
2022-09-18 22:19:11.950 [crossChannelEx - 6] INFO  com.teamtop.system.crossTeamKing.CrossTeamKingIO - LRCrank success 
2022-09-18 22:19:32.109 [crossChannelEx - 4] INFO  com.teamtop.system.crossTeamKing.CrossTeamKingIO - LRCrank success 
2022-09-18 22:19:45.486 [任务线程 - 20] INFO  com.teamtop.houtaiHttp.events.kuaFuFenQu.KuaFuFenQuCache - KuaFuFenQuCache size=1
2022-09-18 22:19:52.270 [crossChannelEx - 5] INFO  com.teamtop.system.crossTeamKing.CrossTeamKingIO - LRCrank success 
2022-09-18 22:20:12.430 [crossChannelEx - 7] INFO  com.teamtop.system.crossTeamKing.CrossTeamKingIO - LRCrank success 
2022-09-18 22:20:32.592 [crossChannelEx - 3] INFO  com.teamtop.system.crossTeamKing.CrossTeamKingIO - LRCrank success 
2022-09-18 22:20:45.497 [任务线程 - 42] INFO  com.teamtop.houtaiHttp.events.kuaFuFenQu.KuaFuFenQuCache - KuaFuFenQuCache size=1
2022-09-18 22:20:52.755 [crossChannelEx - 2] INFO  com.teamtop.system.crossTeamKing.CrossTeamKingIO - LRCrank success 
2022-09-18 22:21:12.912 [crossChannelEx - 1] INFO  com.teamtop.system.crossTeamKing.CrossTeamKingIO - LRCrank success 
2022-09-18 22:21:33.072 [crossChannelEx - 8] INFO  com.teamtop.system.crossTeamKing.CrossTeamKingIO - LRCrank success 
2022-09-18 22:21:45.511 [任务线程 - 32] INFO  com.teamtop.houtaiHttp.events.kuaFuFenQu.KuaFuFenQuCache - KuaFuFenQuCache size=1
2022-09-18 22:21:53.245 [crossChannelEx - 6] INFO  com.teamtop.system.crossTeamKing.CrossTeamKingIO - LRCrank success 
2022-09-18 22:22:13.393 [crossChannelEx - 4] INFO  com.teamtop.system.crossTeamKing.CrossTeamKingIO - LRCrank success 
2022-09-18 22:22:33.555 [crossChannelEx - 5] INFO  com.teamtop.system.crossTeamKing.CrossTeamKingIO - LRCrank success 
2022-09-18 22:22:45.530 [任务线程 - 4] INFO  com.teamtop.houtaiHttp.events.kuaFuFenQu.KuaFuFenQuCache - KuaFuFenQuCache size=1
2022-09-18 22:22:53.714 [crossChannelEx - 7] INFO  com.teamtop.system.crossTeamKing.CrossTeamKingIO - LRCrank success 
2022-09-18 22:23:13.861 [crossChannelEx - 3] INFO  com.teamtop.system.crossTeamKing.CrossTeamKingIO - LRCrank success 
2022-09-18 22:23:34.020 [crossChannelEx - 2] INFO  com.teamtop.system.crossTeamKing.CrossTeamKingIO - LRCrank success 
2022-09-18 22:23:45.563 [任务线程 - 42] INFO  com.teamtop.houtaiHttp.events.kuaFuFenQu.KuaFuFenQuCache - KuaFuFenQuCache size=1
2022-09-18 22:23:54.176 [crossChannelEx - 1] INFO  com.teamtop.system.crossTeamKing.CrossTeamKingIO - LRCrank success 
2022-09-18 22:24:14.334 [crossChannelEx - 8] INFO  com.teamtop.system.crossTeamKing.CrossTeamKingIO - LRCrank success 
2022-09-18 22:24:34.478 [crossChannelEx - 6] INFO  com.teamtop.system.crossTeamKing.CrossTeamKingIO - LRCrank success 
2022-09-18 22:24:45.575 [任务线程 - 56] INFO  com.teamtop.houtaiHttp.events.kuaFuFenQu.KuaFuFenQuCache - KuaFuFenQuCache size=1
2022-09-18 22:24:54.638 [crossChannelEx - 4] INFO  com.teamtop.system.crossTeamKing.CrossTeamKingIO - LRCrank success 
2022-09-18 22:25:14.787 [crossChannelEx - 5] INFO  com.teamtop.system.crossTeamKing.CrossTeamKingIO - LRCrank success 
2022-09-18 22:25:34.947 [crossChannelEx - 7] INFO  com.teamtop.system.crossTeamKing.CrossTeamKingIO - LRCrank success 
2022-09-18 22:25:45.601 [任务线程 - 2] INFO  com.teamtop.houtaiHttp.events.kuaFuFenQu.KuaFuFenQuCache - KuaFuFenQuCache size=1
2022-09-18 22:25:55.121 [crossChannelEx - 3] INFO  com.teamtop.system.crossTeamKing.CrossTeamKingIO - LRCrank success 
2022-09-18 22:26:15.219 [crossChannelEx - 2] INFO  com.teamtop.system.crossTeamKing.CrossTeamKingIO - LRCrank success 
2022-09-18 22:26:35.371 [crossChannelEx - 1] INFO  com.teamtop.system.crossTeamKing.CrossTeamKingIO - LRCrank success 
2022-09-18 22:26:45.568 [任务线程 - 28] INFO  com.teamtop.houtaiHttp.events.kuaFuFenQu.KuaFuFenQuCache - KuaFuFenQuCache size=1
2022-09-18 22:26:55.541 [crossChannelEx - 8] INFO  com.teamtop.system.crossTeamKing.CrossTeamKingIO - LRCrank success 
2022-09-18 22:27:15.707 [crossChannelEx - 6] INFO  com.teamtop.system.crossTeamKing.CrossTeamKingIO - LRCrank success 
2022-09-18 22:27:35.862 [crossChannelEx - 4] INFO  com.teamtop.system.crossTeamKing.CrossTeamKingIO - LRCrank success 
2022-09-18 22:27:45.581 [任务线程 - 38] INFO  com.teamtop.houtaiHttp.events.kuaFuFenQu.KuaFuFenQuCache - KuaFuFenQuCache size=1
2022-09-18 22:27:56.020 [crossChannelEx - 5] INFO  com.teamtop.system.crossTeamKing.CrossTeamKingIO - LRCrank success 
2022-09-18 22:28:16.186 [crossChannelEx - 7] INFO  com.teamtop.system.crossTeamKing.CrossTeamKingIO - LRCrank success 
2022-09-18 22:28:36.349 [crossChannelEx - 3] INFO  com.teamtop.system.crossTeamKing.CrossTeamKingIO - LRCrank success 
2022-09-18 22:28:45.592 [任务线程 - 16] INFO  com.teamtop.houtaiHttp.events.kuaFuFenQu.KuaFuFenQuCache - KuaFuFenQuCache size=1
2022-09-18 22:28:56.494 [crossChannelEx - 2] INFO  com.teamtop.system.crossTeamKing.CrossTeamKingIO - LRCrank success 
2022-09-18 22:29:16.644 [crossChannelEx - 1] INFO  com.teamtop.system.crossTeamKing.CrossTeamKingIO - LRCrank success 
2022-09-18 22:29:36.806 [crossChannelEx - 8] INFO  com.teamtop.system.crossTeamKing.CrossTeamKingIO - LRCrank success 
2022-09-18 22:29:45.602 [任务线程 - 21] INFO  com.teamtop.houtaiHttp.events.kuaFuFenQu.KuaFuFenQuCache - KuaFuFenQuCache size=1
2022-09-18 22:29:56.985 [crossChannelEx - 6] INFO  com.teamtop.system.crossTeamKing.CrossTeamKingIO - LRCrank success 
2022-09-18 22:30:17.154 [crossChannelEx - 4] INFO  com.teamtop.system.crossTeamKing.CrossTeamKingIO - LRCrank success 
2022-09-18 22:30:37.311 [crossChannelEx - 5] INFO  com.teamtop.system.crossTeamKing.CrossTeamKingIO - LRCrank success 
2022-09-18 22:30:45.613 [任务线程 - 33] INFO  com.teamtop.houtaiHttp.events.kuaFuFenQu.KuaFuFenQuCache - KuaFuFenQuCache size=1
2022-09-18 22:30:57.468 [crossChannelEx - 7] INFO  com.teamtop.system.crossTeamKing.CrossTeamKingIO - LRCrank success 
2022-09-18 22:31:17.656 [crossChannelEx - 3] INFO  com.teamtop.system.crossTeamKing.CrossTeamKingIO - LRCrank success 
2022-09-18 22:31:37.779 [crossChannelEx - 2] INFO  com.teamtop.system.crossTeamKing.CrossTeamKingIO - LRCrank success 
2022-09-18 22:31:45.624 [任务线程 - 36] INFO  com.teamtop.houtaiHttp.events.kuaFuFenQu.KuaFuFenQuCache - KuaFuFenQuCache size=1
2022-09-18 22:31:57.941 [crossChannelEx - 1] INFO  com.teamtop.system.crossTeamKing.CrossTeamKingIO - LRCrank success 
2022-09-18 22:32:18.114 [crossChannelEx - 8] INFO  com.teamtop.system.crossTeamKing.CrossTeamKingIO - LRCrank success 
2022-09-18 22:32:38.258 [crossChannelEx - 6] INFO  com.teamtop.system.crossTeamKing.CrossTeamKingIO - LRCrank success 
2022-09-18 22:32:45.640 [任务线程 - 11] INFO  com.teamtop.houtaiHttp.events.kuaFuFenQu.KuaFuFenQuCache - KuaFuFenQuCache size=1
2022-09-18 22:32:58.435 [crossChannelEx - 4] INFO  com.teamtop.system.crossTeamKing.CrossTeamKingIO - LRCrank success 
2022-09-18 22:33:18.578 [crossChannelEx - 5] INFO  com.teamtop.system.crossTeamKing.CrossTeamKingIO - LRCrank success 
2022-09-18 22:33:38.730 [crossChannelEx - 7] INFO  com.teamtop.system.crossTeamKing.CrossTeamKingIO - LRCrank success 
2022-09-18 22:33:45.651 [任务线程 - 53] INFO  com.teamtop.houtaiHttp.events.kuaFuFenQu.KuaFuFenQuCache - KuaFuFenQuCache size=1
2022-09-18 22:33:58.879 [crossChannelEx - 3] INFO  com.teamtop.system.crossTeamKing.CrossTeamKingIO - LRCrank success 
2022-09-18 22:34:19.028 [crossChannelEx - 2] INFO  com.teamtop.system.crossTeamKing.CrossTeamKingIO - LRCrank success 
2022-09-18 22:34:39.190 [crossChannelEx - 1] INFO  com.teamtop.system.crossTeamKing.CrossTeamKingIO - LRCrank success 
2022-09-18 22:34:45.665 [任务线程 - 47] INFO  com.teamtop.houtaiHttp.events.kuaFuFenQu.KuaFuFenQuCache - KuaFuFenQuCache size=1
2022-09-18 22:34:59.364 [crossChannelEx - 8] INFO  com.teamtop.system.crossTeamKing.CrossTeamKingIO - LRCrank success 
2022-09-18 22:35:19.501 [crossChannelEx - 6] INFO  com.teamtop.system.crossTeamKing.CrossTeamKingIO - LRCrank success 
2022-09-18 22:35:39.654 [crossChannelEx - 4] INFO  com.teamtop.system.crossTeamKing.CrossTeamKingIO - LRCrank success 
2022-09-18 22:35:45.684 [任务线程 - 11] INFO  com.teamtop.houtaiHttp.events.kuaFuFenQu.KuaFuFenQuCache - KuaFuFenQuCache size=1
2022-09-18 22:35:59.788 [crossChannelEx - 5] INFO  com.teamtop.system.crossTeamKing.CrossTeamKingIO - LRCrank success 
2022-09-18 22:36:19.946 [crossChannelEx - 7] INFO  com.teamtop.system.crossTeamKing.CrossTeamKingIO - LRCrank success 
2022-09-18 22:36:40.096 [crossChannelEx - 3] INFO  com.teamtop.system.crossTeamKing.CrossTeamKingIO - LRCrank success 
2022-09-18 22:36:45.706 [任务线程 - 38] INFO  com.teamtop.houtaiHttp.events.kuaFuFenQu.KuaFuFenQuCache - KuaFuFenQuCache size=1
2022-09-18 22:37:00.258 [crossChannelEx - 2] INFO  com.teamtop.system.crossTeamKing.CrossTeamKingIO - LRCrank success 
2022-09-18 22:37:20.407 [crossChannelEx - 1] INFO  com.teamtop.system.crossTeamKing.CrossTeamKingIO - LRCrank success 
2022-09-18 22:37:40.563 [crossChannelEx - 8] INFO  com.teamtop.system.crossTeamKing.CrossTeamKingIO - LRCrank success 
2022-09-18 22:37:45.720 [任务线程 - 3] INFO  com.teamtop.houtaiHttp.events.kuaFuFenQu.KuaFuFenQuCache - KuaFuFenQuCache size=1
2022-09-18 22:38:00.734 [crossChannelEx - 6] INFO  com.teamtop.system.crossTeamKing.CrossTeamKingIO - LRCrank success 
2022-09-18 22:38:20.891 [crossChannelEx - 4] INFO  com.teamtop.system.crossTeamKing.CrossTeamKingIO - LRCrank success 
2022-09-18 22:38:41.066 [crossChannelEx - 5] INFO  com.teamtop.system.crossTeamKing.CrossTeamKingIO - LRCrank success 
2022-09-18 22:38:45.727 [任务线程 - 19] INFO  com.teamtop.houtaiHttp.events.kuaFuFenQu.KuaFuFenQuCache - KuaFuFenQuCache size=1
2022-09-18 22:39:01.234 [crossChannelEx - 7] INFO  com.teamtop.system.crossTeamKing.CrossTeamKingIO - LRCrank success 
2022-09-18 22:39:21.403 [crossChannelEx - 3] INFO  com.teamtop.system.crossTeamKing.CrossTeamKingIO - LRCrank success 
2022-09-18 22:39:41.571 [crossChannelEx - 2] INFO  com.teamtop.system.crossTeamKing.CrossTeamKingIO - LRCrank success 
2022-09-18 22:39:45.739 [任务线程 - 23] INFO  com.teamtop.houtaiHttp.events.kuaFuFenQu.KuaFuFenQuCache - KuaFuFenQuCache size=1
2022-09-18 22:40:01.727 [crossChannelEx - 1] INFO  com.teamtop.system.crossTeamKing.CrossTeamKingIO - LRCrank success 
2022-09-18 22:40:21.894 [crossChannelEx - 8] INFO  com.teamtop.system.crossTeamKing.CrossTeamKingIO - LRCrank success 
2022-09-18 22:40:42.045 [crossChannelEx - 6] INFO  com.teamtop.system.crossTeamKing.CrossTeamKingIO - LRCrank success 
2022-09-18 22:40:45.750 [任务线程 - 25] INFO  com.teamtop.houtaiHttp.events.kuaFuFenQu.KuaFuFenQuCache - KuaFuFenQuCache size=1
2022-09-18 22:41:02.221 [crossChannelEx - 4] INFO  com.teamtop.system.crossTeamKing.CrossTeamKingIO - LRCrank success 
2022-09-18 22:41:22.370 [crossChannelEx - 5] INFO  com.teamtop.system.crossTeamKing.CrossTeamKingIO - LRCrank success 
2022-09-18 22:41:42.530 [crossChannelEx - 7] INFO  com.teamtop.system.crossTeamKing.CrossTeamKingIO - LRCrank success 
2022-09-18 22:41:45.767 [任务线程 - 39] INFO  com.teamtop.houtaiHttp.events.kuaFuFenQu.KuaFuFenQuCache - KuaFuFenQuCache size=1
2022-09-18 22:42:02.689 [crossChannelEx - 3] INFO  com.teamtop.system.crossTeamKing.CrossTeamKingIO - LRCrank success 
2022-09-18 22:42:22.864 [crossChannelEx - 2] INFO  com.teamtop.system.crossTeamKing.CrossTeamKingIO - LRCrank success 
2022-09-18 22:42:43.026 [crossChannelEx - 1] INFO  com.teamtop.system.crossTeamKing.CrossTeamKingIO - LRCrank success 
2022-09-18 22:42:45.781 [任务线程 - 34] INFO  com.teamtop.houtaiHttp.events.kuaFuFenQu.KuaFuFenQuCache - KuaFuFenQuCache size=1
2022-09-18 22:43:03.181 [crossChannelEx - 8] INFO  com.teamtop.system.crossTeamKing.CrossTeamKingIO - LRCrank success 
2022-09-18 22:43:23.346 [crossChannelEx - 6] INFO  com.teamtop.system.crossTeamKing.CrossTeamKingIO - LRCrank success 
2022-09-18 22:43:43.525 [crossChannelEx - 4] INFO  com.teamtop.system.crossTeamKing.CrossTeamKingIO - LRCrank success 
2022-09-18 22:43:45.790 [任务线程 - 23] INFO  com.teamtop.houtaiHttp.events.kuaFuFenQu.KuaFuFenQuCache - KuaFuFenQuCache size=1
2022-09-18 22:44:03.695 [crossChannelEx - 5] INFO  com.teamtop.system.crossTeamKing.CrossTeamKingIO - LRCrank success 
2022-09-18 22:44:23.846 [crossChannelEx - 7] INFO  com.teamtop.system.crossTeamKing.CrossTeamKingIO - LRCrank success 
2022-09-18 22:44:44.009 [crossChannelEx - 3] INFO  com.teamtop.system.crossTeamKing.CrossTeamKingIO - LRCrank success 
2022-09-18 22:44:45.798 [任务线程 - 50] INFO  com.teamtop.houtaiHttp.events.kuaFuFenQu.KuaFuFenQuCache - KuaFuFenQuCache size=1
2022-09-18 22:45:04.166 [crossChannelEx - 2] INFO  com.teamtop.system.crossTeamKing.CrossTeamKingIO - LRCrank success 
2022-09-18 22:45:24.335 [crossChannelEx - 1] INFO  com.teamtop.system.crossTeamKing.CrossTeamKingIO - LRCrank success 
2022-09-18 22:45:44.501 [crossChannelEx - 8] INFO  com.teamtop.system.crossTeamKing.CrossTeamKingIO - LRCrank success 
2022-09-18 22:45:45.821 [任务线程 - 13] INFO  com.teamtop.houtaiHttp.events.kuaFuFenQu.KuaFuFenQuCache - KuaFuFenQuCache size=1
2022-09-18 22:46:04.651 [crossChannelEx - 6] INFO  com.teamtop.system.crossTeamKing.CrossTeamKingIO - LRCrank success 
2022-09-18 22:46:24.795 [crossChannelEx - 4] INFO  com.teamtop.system.crossTeamKing.CrossTeamKingIO - LRCrank success 
2022-09-18 22:46:44.955 [crossChannelEx - 5] INFO  com.teamtop.system.crossTeamKing.CrossTeamKingIO - LRCrank success 
2022-09-18 22:46:45.843 [任务线程 - 30] INFO  com.teamtop.houtaiHttp.events.kuaFuFenQu.KuaFuFenQuCache - KuaFuFenQuCache size=1
2022-09-18 22:47:05.141 [crossChannelEx - 7] INFO  com.teamtop.system.crossTeamKing.CrossTeamKingIO - LRCrank success 
2022-09-18 22:47:25.277 [crossChannelEx - 3] INFO  com.teamtop.system.crossTeamKing.CrossTeamKingIO - LRCrank success 
2022-09-18 22:47:45.443 [crossChannelEx - 2] INFO  com.teamtop.system.crossTeamKing.CrossTeamKingIO - LRCrank success 
2022-09-18 22:47:45.857 [任务线程 - 35] INFO  com.teamtop.houtaiHttp.events.kuaFuFenQu.KuaFuFenQuCache - KuaFuFenQuCache size=1
2022-09-18 22:48:05.599 [crossChannelEx - 1] INFO  com.teamtop.system.crossTeamKing.CrossTeamKingIO - LRCrank success 
2022-09-18 22:48:25.754 [crossChannelEx - 8] INFO  com.teamtop.system.crossTeamKing.CrossTeamKingIO - LRCrank success 
2022-09-18 22:48:45.868 [任务线程 - 20] INFO  com.teamtop.houtaiHttp.events.kuaFuFenQu.KuaFuFenQuCache - KuaFuFenQuCache size=1
2022-09-18 22:48:45.921 [crossChannelEx - 6] INFO  com.teamtop.system.crossTeamKing.CrossTeamKingIO - LRCrank success 
2022-09-18 22:49:06.070 [crossChannelEx - 4] INFO  com.teamtop.system.crossTeamKing.CrossTeamKingIO - LRCrank success 
2022-09-18 22:49:26.233 [crossChannelEx - 5] INFO  com.teamtop.system.crossTeamKing.CrossTeamKingIO - LRCrank success 
2022-09-18 22:49:45.880 [任务线程 - 50] INFO  com.teamtop.houtaiHttp.events.kuaFuFenQu.KuaFuFenQuCache - KuaFuFenQuCache size=1
2022-09-18 22:49:46.368 [crossChannelEx - 7] INFO  com.teamtop.system.crossTeamKing.CrossTeamKingIO - LRCrank success 
2022-09-18 22:50:00.480 [任务线程 - 31] INFO  com.teamtop.util.exector.schedule.SchedulerBean - 任务 [ZSBOSS] 已取消 !
2022-09-18 22:50:00.493 [任务线程 - 31] INFO  com.teamtop.system.crossBoss.CrossBossFunction - crossBoss addHp=-2, xhp=0, maxNum=20, minNum=0, useTime=9999
2022-09-18 22:50:00.493 [任务线程 - 31] INFO  com.teamtop.system.crossBoss.CrossBossFunction - crossBoss addHp=-2, xhp=0, maxNum=20, minNum=0
2022-09-18 22:50:00.493 [任务线程 - 31] INFO  com.teamtop.system.crossBoss.CrossBossFunction - crossBoss addHp=-2, xhp=0, maxNum=20, minNum=0, useTime=9999
2022-09-18 22:50:00.493 [任务线程 - 31] INFO  com.teamtop.system.crossBoss.CrossBossFunction - crossBoss addHp=-2, xhp=0, maxNum=20, minNum=0
2022-09-18 22:50:00.493 [任务线程 - 31] INFO  com.teamtop.system.crossBoss.CrossBossFunction - crossBoss addHp=-2, xhp=0, maxNum=20, minNum=0, useTime=9999
2022-09-18 22:50:00.493 [任务线程 - 31] INFO  com.teamtop.system.crossBoss.CrossBossFunction - crossBoss addHp=-2, xhp=0, maxNum=20, minNum=0
2022-09-18 22:50:00.494 [任务线程 - 31] INFO  com.teamtop.system.crossBoss.CrossBossFunction - crossBoss addHp=-2, xhp=0, maxNum=20, minNum=0, useTime=9999
2022-09-18 22:50:00.494 [任务线程 - 31] INFO  com.teamtop.system.crossBoss.CrossBossFunction - crossBoss addHp=-2, xhp=0, maxNum=20, minNum=0
2022-09-18 22:50:00.494 [任务线程 - 31] INFO  com.teamtop.system.crossBoss.CrossBossFunction - crossBoss addHp=-2, xhp=0, maxNum=20, minNum=0, useTime=9999
2022-09-18 22:50:00.494 [任务线程 - 31] INFO  com.teamtop.system.crossBoss.CrossBossFunction - crossBoss addHp=-2, xhp=0, maxNum=20, minNum=0
2022-09-18 22:50:00.521 [crossChannelEx - 3] INFO  com.teamtop.system.crossBoss.CrossBossIO - localReceiveData :{{240003:{{240003,0,{!},{!},!}},240002:{{240002,0,{!},{!},!}},240001:{{240001,0,{!},{!},!}},240005:{{240005,0,{!},{!},!}},240004:{{240004,0,{!},{!},!}}},{1}}
2022-09-18 22:50:00.572 [任务线程 - 31] INFO  com.teamtop.system.crossBoss.cross.CrossBossCrossEvent - CrossBossCrossEvent.fixTime cmdId:0 time:2022-09-18_22-50-00s
2022-09-18 22:50:00.574 [任务线程 - 31] INFO  com.teamtop.util.exector.schedule.ScheduleFixtime - day event:com.teamtop.system.crossBoss.cross.CrossBossCrossEvent@280e8a1a,now:1663512600,dayTime:2250
2022-09-18 22:50:00.578 [crossChannelEx - 2] INFO  com.teamtop.system.crossBoss.CrossBossIO - local tell cross state:0  1
2022-09-18 22:50:06.524 [crossChannelEx - 1] INFO  com.teamtop.system.crossTeamKing.CrossTeamKingIO - LRCrank success 
2022-09-18 22:50:26.678 [crossChannelEx - 8] INFO  com.teamtop.system.crossTeamKing.CrossTeamKingIO - LRCrank success 
2022-09-18 22:50:45.890 [任务线程 - 47] INFO  com.teamtop.houtaiHttp.events.kuaFuFenQu.KuaFuFenQuCache - KuaFuFenQuCache size=1
2022-09-18 22:50:46.817 [crossChannelEx - 6] INFO  com.teamtop.system.crossTeamKing.CrossTeamKingIO - LRCrank success 
2022-09-18 22:51:06.979 [crossChannelEx - 4] INFO  com.teamtop.system.crossTeamKing.CrossTeamKingIO - LRCrank success 
2022-09-18 22:51:27.138 [crossChannelEx - 5] INFO  com.teamtop.system.crossTeamKing.CrossTeamKingIO - LRCrank success 
2022-09-18 22:51:45.898 [任务线程 - 43] INFO  com.teamtop.houtaiHttp.events.kuaFuFenQu.KuaFuFenQuCache - KuaFuFenQuCache size=1
2022-09-18 22:51:47.290 [crossChannelEx - 7] INFO  com.teamtop.system.crossTeamKing.CrossTeamKingIO - LRCrank success 
2022-09-18 22:52:07.452 [crossChannelEx - 3] INFO  com.teamtop.system.crossTeamKing.CrossTeamKingIO - LRCrank success 
2022-09-18 22:52:27.623 [crossChannelEx - 2] INFO  com.teamtop.system.crossTeamKing.CrossTeamKingIO - LRCrank success 
2022-09-18 22:52:45.908 [任务线程 - 46] INFO  com.teamtop.houtaiHttp.events.kuaFuFenQu.KuaFuFenQuCache - KuaFuFenQuCache size=1
2022-09-18 22:52:47.783 [crossChannelEx - 1] INFO  com.teamtop.system.crossTeamKing.CrossTeamKingIO - LRCrank success 
2022-09-18 22:53:07.955 [crossChannelEx - 8] INFO  com.teamtop.system.crossTeamKing.CrossTeamKingIO - LRCrank success 
2022-09-18 22:53:28.104 [crossChannelEx - 6] INFO  com.teamtop.system.crossTeamKing.CrossTeamKingIO - LRCrank success 
2022-09-18 22:53:45.918 [任务线程 - 6] INFO  com.teamtop.houtaiHttp.events.kuaFuFenQu.KuaFuFenQuCache - KuaFuFenQuCache size=1
2022-09-18 22:53:48.243 [crossChannelEx - 4] INFO  com.teamtop.system.crossTeamKing.CrossTeamKingIO - LRCrank success 
2022-09-18 22:54:08.404 [crossChannelEx - 5] INFO  com.teamtop.system.crossTeamKing.CrossTeamKingIO - LRCrank success 
2022-09-18 22:54:28.570 [crossChannelEx - 7] INFO  com.teamtop.system.crossTeamKing.CrossTeamKingIO - LRCrank success 
2022-09-18 22:54:45.928 [任务线程 - 38] INFO  com.teamtop.houtaiHttp.events.kuaFuFenQu.KuaFuFenQuCache - KuaFuFenQuCache size=1
2022-09-18 22:54:48.733 [crossChannelEx - 3] INFO  com.teamtop.system.crossTeamKing.CrossTeamKingIO - LRCrank success 
2022-09-18 22:55:08.892 [crossChannelEx - 2] INFO  com.teamtop.system.crossTeamKing.CrossTeamKingIO - LRCrank success 
2022-09-18 22:55:29.050 [crossChannelEx - 1] INFO  com.teamtop.system.crossTeamKing.CrossTeamKingIO - LRCrank success 
2022-09-18 22:55:45.953 [任务线程 - 7] INFO  com.teamtop.houtaiHttp.events.kuaFuFenQu.KuaFuFenQuCache - KuaFuFenQuCache size=1
2022-09-18 22:55:49.222 [crossChannelEx - 8] INFO  com.teamtop.system.crossTeamKing.CrossTeamKingIO - LRCrank success 
2022-09-18 22:56:09.384 [crossChannelEx - 6] INFO  com.teamtop.system.crossTeamKing.CrossTeamKingIO - LRCrank success 
2022-09-18 22:56:29.506 [crossChannelEx - 4] INFO  com.teamtop.system.crossTeamKing.CrossTeamKingIO - LRCrank success 
2022-09-18 22:56:45.971 [任务线程 - 13] INFO  com.teamtop.houtaiHttp.events.kuaFuFenQu.KuaFuFenQuCache - KuaFuFenQuCache size=1
2022-09-18 22:56:49.661 [crossChannelEx - 5] INFO  com.teamtop.system.crossTeamKing.CrossTeamKingIO - LRCrank success 
2022-09-18 22:57:09.815 [crossChannelEx - 7] INFO  com.teamtop.system.crossTeamKing.CrossTeamKingIO - LRCrank success 
2022-09-18 22:57:29.974 [crossChannelEx - 3] INFO  com.teamtop.system.crossTeamKing.CrossTeamKingIO - LRCrank success 
2022-09-18 22:57:45.982 [任务线程 - 13] INFO  com.teamtop.houtaiHttp.events.kuaFuFenQu.KuaFuFenQuCache - KuaFuFenQuCache size=1
2022-09-18 22:57:50.135 [crossChannelEx - 2] INFO  com.teamtop.system.crossTeamKing.CrossTeamKingIO - LRCrank success 
2022-09-18 22:58:10.291 [crossChannelEx - 1] INFO  com.teamtop.system.crossTeamKing.CrossTeamKingIO - LRCrank success 
2022-09-18 22:58:30.454 [crossChannelEx - 8] INFO  com.teamtop.system.crossTeamKing.CrossTeamKingIO - LRCrank success 
2022-09-18 22:58:45.993 [任务线程 - 30] INFO  com.teamtop.houtaiHttp.events.kuaFuFenQu.KuaFuFenQuCache - KuaFuFenQuCache size=1
2022-09-18 22:58:50.602 [crossChannelEx - 6] INFO  com.teamtop.system.crossTeamKing.CrossTeamKingIO - LRCrank success 
2022-09-18 22:59:10.747 [crossChannelEx - 4] INFO  com.teamtop.system.crossTeamKing.CrossTeamKingIO - LRCrank success 
2022-09-18 22:59:30.880 [crossChannelEx - 5] INFO  com.teamtop.system.crossTeamKing.CrossTeamKingIO - LRCrank success 
2022-09-18 22:59:46.007 [任务线程 - 9] INFO  com.teamtop.houtaiHttp.events.kuaFuFenQu.KuaFuFenQuCache - KuaFuFenQuCache size=1
2022-09-18 22:59:51.047 [crossChannelEx - 7] INFO  com.teamtop.system.crossTeamKing.CrossTeamKingIO - LRCrank success 
