2022-09-18 11:00:51.114 [任务线程 - 51] INFO  com.teamtop.houtaiHttp.events.kuaFuFenQu.KuaFuFenQuCache - KuaFuFenQuCache size=1
2022-09-18 11:01:00.436 [任务线程 - 49] INFO  com.teamtop.system.event.backstage.BackstageSystemEvent - 60m event:com.teamtop.system.event.backstage.events.flowMMCache.FlowMMCacheEvent@3cb86897,now:1663470060
2022-09-18 11:01:51.125 [任务线程 - 64] INFO  com.teamtop.houtaiHttp.events.kuaFuFenQu.KuaFuFenQuCache - KuaFuFenQuCache size=1
2022-09-18 11:02:51.136 [任务线程 - 57] INFO  com.teamtop.houtaiHttp.events.kuaFuFenQu.KuaFuFenQuCache - KuaFuFenQuCache size=1
2022-09-18 11:03:51.161 [任务线程 - 51] INFO  com.teamtop.houtaiHttp.events.kuaFuFenQu.KuaFuFenQuCache - KuaFuFenQuCache size=1
2022-09-18 11:04:51.175 [任务线程 - 12] INFO  com.teamtop.houtaiHttp.events.kuaFuFenQu.KuaFuFenQuCache - KuaFuFenQuCache size=1
2022-09-18 11:05:51.186 [任务线程 - 19] INFO  com.teamtop.houtaiHttp.events.kuaFuFenQu.KuaFuFenQuCache - KuaFuFenQuCache size=1
2022-09-18 11:06:51.192 [任务线程 - 18] INFO  com.teamtop.houtaiHttp.events.kuaFuFenQu.KuaFuFenQuCache - KuaFuFenQuCache size=1
2022-09-18 11:07:51.204 [任务线程 - 25] INFO  com.teamtop.houtaiHttp.events.kuaFuFenQu.KuaFuFenQuCache - KuaFuFenQuCache size=1
2022-09-18 11:08:51.213 [任务线程 - 58] INFO  com.teamtop.houtaiHttp.events.kuaFuFenQu.KuaFuFenQuCache - KuaFuFenQuCache size=1
2022-09-18 11:09:51.232 [任务线程 - 25] INFO  com.teamtop.houtaiHttp.events.kuaFuFenQu.KuaFuFenQuCache - KuaFuFenQuCache size=1
2022-09-18 11:10:51.247 [任务线程 - 20] INFO  com.teamtop.houtaiHttp.events.kuaFuFenQu.KuaFuFenQuCache - KuaFuFenQuCache size=1
2022-09-18 11:11:51.253 [任务线程 - 48] INFO  com.teamtop.houtaiHttp.events.kuaFuFenQu.KuaFuFenQuCache - KuaFuFenQuCache size=1
2022-09-18 11:12:51.282 [任务线程 - 2] INFO  com.teamtop.houtaiHttp.events.kuaFuFenQu.KuaFuFenQuCache - KuaFuFenQuCache size=1
2022-09-18 11:13:51.299 [任务线程 - 64] INFO  com.teamtop.houtaiHttp.events.kuaFuFenQu.KuaFuFenQuCache - KuaFuFenQuCache size=1
2022-09-18 11:14:51.318 [任务线程 - 9] INFO  com.teamtop.houtaiHttp.events.kuaFuFenQu.KuaFuFenQuCache - KuaFuFenQuCache size=1
2022-09-18 11:15:51.335 [任务线程 - 18] INFO  com.teamtop.houtaiHttp.events.kuaFuFenQu.KuaFuFenQuCache - KuaFuFenQuCache size=1
2022-09-18 11:16:51.352 [任务线程 - 55] INFO  com.teamtop.houtaiHttp.events.kuaFuFenQu.KuaFuFenQuCache - KuaFuFenQuCache size=1
2022-09-18 11:17:51.362 [任务线程 - 26] INFO  com.teamtop.houtaiHttp.events.kuaFuFenQu.KuaFuFenQuCache - KuaFuFenQuCache size=1
2022-09-18 11:18:51.376 [任务线程 - 38] INFO  com.teamtop.houtaiHttp.events.kuaFuFenQu.KuaFuFenQuCache - KuaFuFenQuCache size=1
2022-09-18 11:19:51.392 [任务线程 - 28] INFO  com.teamtop.houtaiHttp.events.kuaFuFenQu.KuaFuFenQuCache - KuaFuFenQuCache size=1
2022-09-18 11:20:51.403 [任务线程 - 8] INFO  com.teamtop.houtaiHttp.events.kuaFuFenQu.KuaFuFenQuCache - KuaFuFenQuCache size=1
2022-09-18 11:21:51.419 [任务线程 - 7] INFO  com.teamtop.houtaiHttp.events.kuaFuFenQu.KuaFuFenQuCache - KuaFuFenQuCache size=1
2022-09-18 11:22:51.431 [任务线程 - 47] INFO  com.teamtop.houtaiHttp.events.kuaFuFenQu.KuaFuFenQuCache - KuaFuFenQuCache size=1
2022-09-18 11:23:51.453 [任务线程 - 51] INFO  com.teamtop.houtaiHttp.events.kuaFuFenQu.KuaFuFenQuCache - KuaFuFenQuCache size=1
2022-09-18 11:24:51.477 [任务线程 - 16] INFO  com.teamtop.houtaiHttp.events.kuaFuFenQu.KuaFuFenQuCache - KuaFuFenQuCache size=1
2022-09-18 11:25:51.494 [任务线程 - 14] INFO  com.teamtop.houtaiHttp.events.kuaFuFenQu.KuaFuFenQuCache - KuaFuFenQuCache size=1
2022-09-18 11:26:51.507 [任务线程 - 7] INFO  com.teamtop.houtaiHttp.events.kuaFuFenQu.KuaFuFenQuCache - KuaFuFenQuCache size=1
2022-09-18 11:27:51.515 [任务线程 - 3] INFO  com.teamtop.houtaiHttp.events.kuaFuFenQu.KuaFuFenQuCache - KuaFuFenQuCache size=1
2022-09-18 11:28:51.535 [任务线程 - 39] INFO  com.teamtop.houtaiHttp.events.kuaFuFenQu.KuaFuFenQuCache - KuaFuFenQuCache size=1
2022-09-18 11:29:51.552 [任务线程 - 52] INFO  com.teamtop.houtaiHttp.events.kuaFuFenQu.KuaFuFenQuCache - KuaFuFenQuCache size=1
2022-09-18 11:30:51.589 [任务线程 - 36] INFO  com.teamtop.houtaiHttp.events.kuaFuFenQu.KuaFuFenQuCache - KuaFuFenQuCache size=1
2022-09-18 11:31:51.603 [任务线程 - 15] INFO  com.teamtop.houtaiHttp.events.kuaFuFenQu.KuaFuFenQuCache - KuaFuFenQuCache size=1
2022-09-18 11:32:51.613 [任务线程 - 53] INFO  com.teamtop.houtaiHttp.events.kuaFuFenQu.KuaFuFenQuCache - KuaFuFenQuCache size=1
2022-09-18 11:33:51.628 [任务线程 - 50] INFO  com.teamtop.houtaiHttp.events.kuaFuFenQu.KuaFuFenQuCache - KuaFuFenQuCache size=1
2022-09-18 11:34:51.646 [任务线程 - 13] INFO  com.teamtop.houtaiHttp.events.kuaFuFenQu.KuaFuFenQuCache - KuaFuFenQuCache size=1
2022-09-18 11:35:51.658 [任务线程 - 39] INFO  com.teamtop.houtaiHttp.events.kuaFuFenQu.KuaFuFenQuCache - KuaFuFenQuCache size=1
2022-09-18 11:36:51.672 [任务线程 - 35] INFO  com.teamtop.houtaiHttp.events.kuaFuFenQu.KuaFuFenQuCache - KuaFuFenQuCache size=1
2022-09-18 11:37:51.523 [任务线程 - 52] INFO  com.teamtop.houtaiHttp.events.kuaFuFenQu.KuaFuFenQuCache - KuaFuFenQuCache size=1
2022-09-18 11:38:51.533 [任务线程 - 44] INFO  com.teamtop.houtaiHttp.events.kuaFuFenQu.KuaFuFenQuCache - KuaFuFenQuCache size=1
2022-09-18 11:39:51.555 [任务线程 - 31] INFO  com.teamtop.houtaiHttp.events.kuaFuFenQu.KuaFuFenQuCache - KuaFuFenQuCache size=1
2022-09-18 11:40:51.569 [任务线程 - 40] INFO  com.teamtop.houtaiHttp.events.kuaFuFenQu.KuaFuFenQuCache - KuaFuFenQuCache size=1
2022-09-18 11:41:51.584 [任务线程 - 1] INFO  com.teamtop.houtaiHttp.events.kuaFuFenQu.KuaFuFenQuCache - KuaFuFenQuCache size=1
2022-09-18 11:42:51.597 [任务线程 - 64] INFO  com.teamtop.houtaiHttp.events.kuaFuFenQu.KuaFuFenQuCache - KuaFuFenQuCache size=1
2022-09-18 11:42:58.065 [main] INFO  com.teamtop.system.event.serverEvent.ServerEventFunction - init complete:LogServer,time:355 ms
2022-09-18 11:42:58.070 [main] INFO  com.teamtop.system.event.serverEvent.ServerEventFunction - com.teamtop.util.db.trans.TransInnerUtil
2022-09-18 11:42:58.070 [main] INFO  com.teamtop.system.event.serverEvent.ServerEventFunction - init complete:TransInnerUtil,time:1 ms
2022-09-18 11:42:58.077 [main] INFO  com.teamtop.system.event.serverEvent.ServerEventFunction - com.teamtop.util.mybatis.MybatisUtil
2022-09-18 11:42:58.081 [main] INFO  com.teamtop.system.event.serverEvent.ServerEventFunction - init complete:MybatisUtil,time:11 ms
2022-09-18 11:42:58.082 [main] INFO  com.teamtop.system.event.serverEvent.ServerEventFunction - com.teamtop.util.db.orm.AutoObjTableUtil
2022-09-18 11:42:58.635 [main] INFO  com.teamtop.util.mybatis.MybatisUtil - get DB session but not found,init this session,zoneid:12345678
2022-09-18 11:42:59.709 [main] INFO  com.teamtop.util.mybatis.MybatisUtil - get DB session urljdbc:mysql://127.0.0.1:3306/central?useUnicode=true&amp;characterEncoding=utf-8 user=root pwd=123456
2022-09-18 11:43:00.319 [main] INFO  com.teamtop.util.mybatis.MybatisUtil - get DB session but not found,init this session,zoneid:1
2022-09-18 11:43:00.718 [main] INFO  com.teamtop.util.mybatis.MybatisUtil - get DB session urljdbc:mysql://127.0.0.1:3306/el01_8001?useUnicode=true&amp;characterEncoding=utf-8 user=root pwd=123456
2022-09-18 11:43:00.824 [main] INFO  com.teamtop.system.event.serverEvent.ServerEventFunction - init complete:AutoObjTableUtil,time:2743 ms
2022-09-18 11:43:00.826 [main] INFO  com.teamtop.system.event.serverEvent.ServerEventFunction - com.teamtop.system.global.GlobalCache
2022-09-18 11:43:00.869 [main] INFO  com.teamtop.system.event.serverEvent.ServerEventFunction - init complete:GlobalCache,time:44 ms
2022-09-18 11:43:00.871 [main] INFO  com.teamtop.system.event.serverEvent.ServerEventFunction - com.teamtop.gameCommon.GameProperties
2022-09-18 11:43:00.873 [main] INFO  com.teamtop.system.event.serverEvent.ServerEventFunction - init complete:GameProperties,time:2 ms
2022-09-18 11:43:00.878 [main] INFO  com.teamtop.system.event.serverEvent.ServerEventFunction - com.teamtop.system.global.GlobalTimeCache
2022-09-18 11:43:00.879 [main] INFO  com.teamtop.system.event.serverEvent.ServerEventFunction - init complete:GlobalTimeCache,time:6 ms
2022-09-18 11:43:00.880 [main] INFO  com.teamtop.system.event.serverEvent.ServerEventFunction - com.teamtop.netty.util.nettyCache.ProtocolInvoke
2022-09-18 11:43:00.921 [main] INFO  com.teamtop.system.event.serverEvent.ServerEventFunction - init complete:ProtocolInvoke,time:42 ms
2022-09-18 11:43:00.924 [main] INFO  com.teamtop.system.event.serverEvent.ServerEventFunction - com.teamtop.netty.util.nettyCache.MethodInvoke
2022-09-18 11:43:00.933 [main] INFO  com.teamtop.system.event.serverEvent.ServerEventFunction - init complete:MethodInvoke,time:9 ms
2022-09-18 11:43:00.939 [main] INFO  com.teamtop.system.event.serverEvent.ServerEventFunction - com.teamtop.houtaiHttp.HouTaiHttpServer
2022-09-18 11:43:01.379 [main] INFO  com.teamtop.houtaiHttp.HouTaiHttpServer2 - houtai websocket start ok at port:0
2022-09-18 11:43:01.382 [main] INFO  com.teamtop.system.event.serverEvent.ServerEventFunction - init complete:HouTaiHttpServer,time:449 ms
2022-09-18 11:43:01.384 [main] INFO  com.teamtop.system.event.serverEvent.ServerEventFunction - com.teamtop.houtaiHttp.HouTaiHttpCache
2022-09-18 11:43:01.444 [main] INFO  com.teamtop.system.event.serverEvent.ServerEventFunction - init complete:HouTaiHttpCache,time:62 ms
2022-09-18 11:43:01.447 [main] INFO  com.teamtop.system.event.serverEvent.ServerEventFunction - com.teamtop.system.event.systemEvent.SystemEventFunction
2022-09-18 11:43:01.482 [main] INFO  com.teamtop.system.event.serverEvent.ServerEventFunction - init complete:SystemEventFunction,time:36 ms
2022-09-18 11:43:01.484 [main] INFO  com.teamtop.system.event.serverEvent.ServerEventFunction - com.teamtop.cross.connEvent.CrossConnCache
2022-09-18 11:43:01.490 [main] INFO  com.teamtop.system.event.serverEvent.ServerEventFunction - init complete:CrossConnCache,time:7 ms
2022-09-18 11:43:01.492 [main] INFO  com.teamtop.system.event.serverEvent.ServerEventFunction - com.teamtop.system.scene.SceneFile
2022-09-18 11:43:01.686 [main] INFO  com.teamtop.system.event.serverEvent.ServerEventFunction - init complete:SceneFile,time:195 ms
2022-09-18 11:43:01.689 [main] INFO  com.teamtop.system.event.serverEvent.ServerEventFunction - com.teamtop.system.event.sceneEvent.SceneEventFunction
2022-09-18 11:43:01.700 [main] INFO  com.teamtop.system.event.serverEvent.ServerEventFunction - init complete:SceneEventFunction,time:13 ms
2022-09-18 11:43:01.702 [main] INFO  com.teamtop.system.event.serverEvent.ServerEventFunction - com.teamtop.system.gm.GMCache
2022-09-18 11:43:01.706 [main] INFO  com.teamtop.system.event.serverEvent.ServerEventFunction - init complete:GMCache,time:5 ms
2022-09-18 11:43:01.707 [main] INFO  com.teamtop.system.event.serverEvent.ServerEventFunction - com.teamtop.cross.CrossPartCache
2022-09-18 11:43:01.717 [main] INFO  com.teamtop.cross.CrossPartCache - crossPartCache partMap size=1
2022-09-18 11:43:01.718 [main] INFO  com.teamtop.system.event.serverEvent.ServerEventFunction - init complete:CrossPartCache,time:12 ms
2022-09-18 11:43:01.726 [main] INFO  com.teamtop.system.event.serverEvent.ServerEventFunction - com.teamtop.system.crossSoloRun.SoloRunSysCache
2022-09-18 11:43:01.728 [main] INFO  com.teamtop.system.event.serverEvent.ServerEventFunction - init complete:SoloRunSysCache,time:10 ms
2022-09-18 11:43:01.730 [main] INFO  com.teamtop.system.event.serverEvent.ServerEventFunction - com.teamtop.system.crossBoss.CrossBossCache
2022-09-18 11:43:01.730 [main] INFO  com.teamtop.system.event.serverEvent.ServerEventFunction - init complete:CrossBossCache,time:2 ms
2022-09-18 11:43:01.732 [main] INFO  com.teamtop.system.event.serverEvent.ServerEventFunction - com.teamtop.system.crossKing.cross.CrossKingCrossCache
2022-09-18 11:43:01.777 [main] INFO  com.teamtop.system.event.serverEvent.ServerEventFunction - init complete:CrossKingCrossCache,time:47 ms
2022-09-18 11:43:01.778 [main] INFO  com.teamtop.system.event.serverEvent.ServerEventFunction - com.teamtop.system.crossDynastyWarriors.DynastyWarriorsSysCache
2022-09-18 11:43:01.778 [main] INFO  com.teamtop.system.event.serverEvent.ServerEventFunction - init complete:DynastyWarriorsSysCache,time:1 ms
2022-09-18 11:43:01.780 [main] INFO  com.teamtop.system.event.serverEvent.ServerEventFunction - com.teamtop.system.crossSelectKing.cross.CrossSelectKingCache
2022-09-18 11:43:01.823 [main] INFO  com.teamtop.system.event.serverEvent.ServerEventFunction - init complete:CrossSelectKingCache,time:44 ms
2022-09-18 11:43:01.828 [main] INFO  com.teamtop.system.event.serverEvent.ServerEventFunction - com.teamtop.system.crossHeroesList.HeroesListSysCache
2022-09-18 11:43:01.830 [main] INFO  com.teamtop.system.event.serverEvent.ServerEventFunction - init complete:HeroesListSysCache,time:7 ms
2022-09-18 11:43:01.832 [main] INFO  com.teamtop.system.event.serverEvent.ServerEventFunction - com.teamtop.system.crossSoloRun.cross.CrossSoloRunSysCache
2022-09-18 11:43:01.832 [main] INFO  com.teamtop.system.event.serverEvent.ServerEventFunction - init complete:CrossSoloRunSysCache,time:2 ms
2022-09-18 11:43:01.836 [main] INFO  com.teamtop.system.event.serverEvent.ServerEventFunction - com.teamtop.system.crossFireBeacon.CrossFireBeaconSysCache
2022-09-18 11:43:01.850 [main] INFO  com.teamtop.system.event.serverEvent.ServerEventFunction - init complete:CrossFireBeaconSysCache,time:18 ms
2022-09-18 11:43:01.870 [main] INFO  com.teamtop.system.event.serverEvent.ServerEventFunction - com.teamtop.system.crossCommonRank.CommonRankSysCache
2022-09-18 11:43:01.874 [main] INFO  com.teamtop.system.event.serverEvent.ServerEventFunction - init complete:CommonRankSysCache,time:24 ms
2022-09-18 11:43:01.878 [main] INFO  com.teamtop.system.event.serverEvent.ServerEventFunction - com.teamtop.system.linglongge.LingLongCrossSysCache
2022-09-18 11:43:01.879 [main] INFO  com.teamtop.system.event.serverEvent.ServerEventFunction - init complete:LingLongCrossSysCache,time:2 ms
2022-09-18 11:43:01.880 [main] INFO  com.teamtop.system.event.serverEvent.ServerEventFunction - com.teamtop.system.zcBoss.cross.ZcBossCrossCache
2022-09-18 11:43:01.880 [main] INFO  com.teamtop.system.event.serverEvent.ServerEventFunction - init complete:ZcBossCrossCache,time:1 ms
2022-09-18 11:43:01.881 [main] INFO  com.teamtop.system.event.serverEvent.ServerEventFunction - com.teamtop.system.activity.ativitys.godGenSendGiftAct.cross.CrossGodGenSendGiftActCache
2022-09-18 11:43:01.881 [main] INFO  com.teamtop.system.event.serverEvent.ServerEventFunction - init complete:CrossGodGenSendGiftActCache,time:1 ms
2022-09-18 11:43:01.882 [main] INFO  com.teamtop.system.event.serverEvent.ServerEventFunction - com.teamtop.system.crossMine.CrossMineCrossCache
2022-09-18 11:43:01.892 [main] INFO  com.teamtop.system.event.serverEvent.ServerEventFunction - init complete:CrossMineCrossCache,time:11 ms
2022-09-18 11:43:01.895 [main] INFO  com.teamtop.system.event.serverEvent.ServerEventFunction - com.teamtop.system.eightDoorAppraiseRank.cross.CrossEightDoorAppraiseRankSysCache
2022-09-18 11:43:01.896 [main] INFO  com.teamtop.system.event.serverEvent.ServerEventFunction - init complete:CrossEightDoorAppraiseRankSysCache,time:4 ms
2022-09-18 11:43:01.897 [main] INFO  com.teamtop.system.event.serverEvent.ServerEventFunction - com.teamtop.system.shaozhuQiYuanRank.cross.CrossShaoZhuQiYuanRankSysCache
2022-09-18 11:43:01.898 [main] INFO  com.teamtop.system.event.serverEvent.ServerEventFunction - init complete:CrossShaoZhuQiYuanRankSysCache,time:2 ms
2022-09-18 11:43:01.898 [main] INFO  com.teamtop.system.event.serverEvent.ServerEventFunction - com.teamtop.system.openDaysSystem.saintMonsterWashRank.cross.CrossSaintMonsterWashRankCache
2022-09-18 11:43:01.898 [main] INFO  com.teamtop.system.event.serverEvent.ServerEventFunction - init complete:CrossSaintMonsterWashRankCache,time:0 ms
2022-09-18 11:43:01.899 [main] INFO  com.teamtop.system.event.serverEvent.ServerEventFunction - com.teamtop.system.tigerPass.cross.TigerPassCrossCache
2022-09-18 11:43:01.908 [main] INFO  com.teamtop.system.event.serverEvent.ServerEventFunction - init complete:TigerPassCrossCache,time:10 ms
2022-09-18 11:43:01.911 [main] INFO  com.teamtop.system.event.serverEvent.ServerEventFunction - com.teamtop.system.activity.ativitys.rechargeRankAct.cross.CrossRechargeRankActSysCache
2022-09-18 11:43:01.912 [main] INFO  com.teamtop.system.event.serverEvent.ServerEventFunction - init complete:CrossRechargeRankActSysCache,time:3 ms
2022-09-18 11:43:01.913 [main] INFO  com.teamtop.system.event.serverEvent.ServerEventFunction - com.teamtop.system.openDaysSystem.monsterKingSearchMonster.MonsterKingSearchMonsterSysCache
2022-09-18 11:43:01.914 [main] INFO  com.teamtop.system.event.serverEvent.ServerEventFunction - init complete:MonsterKingSearchMonsterSysCache,time:2 ms
2022-09-18 11:43:01.915 [main] INFO  com.teamtop.system.event.serverEvent.ServerEventFunction - com.teamtop.system.activity.ativitys.eightDoorAppraiseRankAct.cross.CrossEightDoorAppraiseRankActSysCache
2022-09-18 11:43:01.915 [main] INFO  com.teamtop.system.event.serverEvent.ServerEventFunction - init complete:CrossEightDoorAppraiseRankActSysCache,time:1 ms
2022-09-18 11:43:01.916 [main] INFO  com.teamtop.system.event.serverEvent.ServerEventFunction - com.teamtop.system.activity.ativitys.shaoZhuQiYuanRankAct.cross.CrossShaoZhuQiYuanRankActSysCache
2022-09-18 11:43:01.916 [main] INFO  com.teamtop.system.event.serverEvent.ServerEventFunction - init complete:CrossShaoZhuQiYuanRankActSysCache,time:1 ms
2022-09-18 11:43:01.917 [main] INFO  com.teamtop.system.event.serverEvent.ServerEventFunction - com.teamtop.system.crossZhuLu.cross.CrossZhuLuCache
2022-09-18 11:43:01.965 [main] INFO  com.teamtop.system.event.serverEvent.ServerEventFunction - init complete:CrossZhuLuCache,time:49 ms
2022-09-18 11:43:01.967 [main] INFO  com.teamtop.system.event.serverEvent.ServerEventFunction - com.teamtop.system.crossTrial.cross.CrossTrialSysCache
2022-09-18 11:43:01.968 [main] INFO  com.teamtop.system.event.serverEvent.ServerEventFunction - init complete:CrossTrialSysCache,time:2 ms
2022-09-18 11:43:01.969 [main] INFO  com.teamtop.system.event.serverEvent.ServerEventFunction - com.teamtop.system.crossTeamKing.cross.CrossTeamKingCroCache
2022-09-18 11:43:01.969 [main] INFO  com.teamtop.system.event.serverEvent.ServerEventFunction - init complete:CrossTeamKingCroCache,time:1 ms
2022-09-18 11:43:01.970 [main] INFO  com.teamtop.system.event.serverEvent.ServerEventFunction - com.teamtop.system.guardArea.cross.GuardAreaCrossCache
2022-09-18 11:43:02.011 [main] INFO  com.teamtop.system.event.serverEvent.ServerEventFunction - init complete:GuardAreaCrossCache,time:42 ms
2022-09-18 11:43:02.015 [main] INFO  com.teamtop.system.event.serverEvent.ServerEventFunction - com.teamtop.system.house.yanhui.cross.YanhuiCrossCache
2022-09-18 11:43:02.015 [main] INFO  com.teamtop.system.event.serverEvent.ServerEventFunction - init complete:YanhuiCrossCache,time:4 ms
2022-09-18 11:43:02.017 [main] INFO  com.teamtop.system.event.serverEvent.ServerEventFunction - com.teamtop.system.activity.ativitys.dropRedPacket.cross.CrossDropRedPacketSysCache
2022-09-18 11:43:02.017 [main] INFO  com.teamtop.system.event.serverEvent.ServerEventFunction - init complete:CrossDropRedPacketSysCache,time:2 ms
2022-09-18 11:43:02.018 [main] INFO  com.teamtop.system.event.serverEvent.ServerEventFunction - com.teamtop.system.house.yard.cross.CrossHouseCache
2022-09-18 11:43:02.023 [main] INFO  com.teamtop.system.event.serverEvent.ServerEventFunction - init complete:CrossHouseCache,time:6 ms
2022-09-18 11:43:02.030 [main] INFO  com.teamtop.system.event.serverEvent.ServerEventFunction - com.teamtop.system.activity.ativitys.yuanXiao.YuanXiaoCrossSyscache
2022-09-18 11:43:02.041 [main] INFO  com.teamtop.system.event.serverEvent.ServerEventFunction - init complete:YuanXiaoCrossSyscache,time:17 ms
2022-09-18 11:43:02.043 [main] INFO  com.teamtop.system.event.serverEvent.ServerEventFunction - com.teamtop.system.redBox.cross.RedBoxCrossCache
2022-09-18 11:43:02.049 [main] INFO  com.teamtop.system.event.serverEvent.ServerEventFunction - init complete:RedBoxCrossCache,time:8 ms
2022-09-18 11:43:02.051 [main] INFO  com.teamtop.system.event.serverEvent.ServerEventFunction - com.teamtop.system.activity.ativitys.arenaFight.cross.CrossArenaFightSysCache
2022-09-18 11:43:02.051 [main] INFO  com.teamtop.system.event.serverEvent.ServerEventFunction - init complete:CrossArenaFightSysCache,time:1 ms
2022-09-18 11:43:02.052 [main] INFO  com.teamtop.system.event.serverEvent.ServerEventFunction - com.teamtop.system.dengFengZaoJi.cross.DengFengZaoJiCrossCache
2022-09-18 11:43:02.052 [main] INFO  com.teamtop.system.event.serverEvent.ServerEventFunction - init complete:DengFengZaoJiCrossCache,time:1 ms
2022-09-18 11:43:02.053 [main] INFO  com.teamtop.system.event.serverEvent.ServerEventFunction - com.teamtop.system.crossRebornFB.RebornFBCache
2022-09-18 11:43:02.053 [main] INFO  com.teamtop.system.event.serverEvent.ServerEventFunction - init complete:RebornFBCache,time:1 ms
2022-09-18 11:43:02.053 [main] INFO  com.teamtop.system.event.serverEvent.ServerEventFunction - com.teamtop.system.crossAttackCity.cross.AttackCityCrossCache
2022-09-18 11:43:02.068 [main] INFO  com.teamtop.system.event.serverEvent.ServerEventFunction - init complete:AttackCityCrossCache,time:15 ms
2022-09-18 11:43:02.068 [main] INFO  com.teamtop.system.event.serverEvent.ServerEventFunction - run complete:serverStart invoke complete,total time:4360 ms
2022-09-18 11:43:02.068 [main] INFO  com.teamtop.system.event.serverEvent.ServerEventFunction - init complete:CrossPartCache,time:0 ms
2022-09-18 11:43:02.103 [main] INFO  com.teamtop.system.event.serverEvent.ServerEventFunction - init complete:CrossFireBeaconSysCache,time:35 ms
2022-09-18 11:43:02.121 [main] INFO  com.teamtop.system.event.serverEvent.ServerEventFunction - init complete:CrossTeamFubenCache,time:18 ms
2022-09-18 11:43:02.225 [main] INFO  com.teamtop.system.event.serverEvent.ServerEventFunction - init complete:CrossSJMiJingCache,time:104 ms
2022-09-18 11:43:02.225 [main] INFO  com.teamtop.system.event.serverEvent.ServerEventFunction - init complete:CommonRankSysCache,time:0 ms
2022-09-18 11:43:02.229 [main] INFO  com.teamtop.system.event.serverEvent.ServerEventFunction - init complete:ConsumeRankSysCache,time:4 ms
2022-09-18 11:43:02.238 [main] INFO  com.teamtop.system.event.serverEvent.ServerEventFunction - init complete:ActiveGetGiftSysCache,time:7 ms
2022-09-18 11:43:02.245 [main] INFO  com.teamtop.system.event.serverEvent.ServerEventFunction - init complete:CrossWenDingTianXiaCrossCache,time:7 ms
2022-09-18 11:43:02.249 [main] INFO  com.teamtop.system.event.serverEvent.ServerEventFunction - init complete:RuneGiftSysCache,time:4 ms
2022-09-18 11:43:02.255 [main] INFO  com.teamtop.system.event.serverEvent.ServerEventFunction - init complete:ZcBossCrossCache,time:6 ms
2022-09-18 11:43:02.257 [main] INFO  com.teamtop.system.event.serverEvent.ServerEventFunction - init complete:CrossRechargeRankActSysCache,time:1 ms
2022-09-18 11:43:02.259 [main] INFO  com.teamtop.system.event.serverEvent.ServerEventFunction - init complete:MonsterKingSearchMonsterSysCache,time:2 ms
2022-09-18 11:43:02.259 [main] INFO  com.teamtop.system.event.serverEvent.ServerEventFunction - init complete:CrossEightDoorAppraiseRankActSysCache,time:0 ms
2022-09-18 11:43:02.259 [main] INFO  com.teamtop.system.event.serverEvent.ServerEventFunction - init complete:CrossShaoZhuQiYuanRankActSysCache,time:0 ms
2022-09-18 11:43:02.264 [main] INFO  com.teamtop.system.event.serverEvent.ServerEventFunction - init complete:CrossTrialSysCache,time:5 ms
2022-09-18 11:43:02.264 [main] INFO  com.teamtop.system.event.serverEvent.ServerEventFunction - init complete:YanhuiCrossCache,time:0 ms
2022-09-18 11:43:02.270 [main] INFO  com.teamtop.system.event.serverEvent.ServerEventFunction - init complete:CrossDropRedPacketSysCache,time:6 ms
2022-09-18 11:43:02.275 [main] INFO  com.teamtop.system.event.serverEvent.ServerEventFunction - init complete:CrossHouseCache,time:5 ms
2022-09-18 11:43:02.283 [main] INFO  com.teamtop.system.event.serverEvent.ServerEventFunction - init complete:CrossArenaFightSysCache,time:7 ms
2022-09-18 11:43:02.302 [main] INFO  com.teamtop.system.event.serverEvent.ServerEventFunction - init complete:RebornFBCache,time:18 ms
2022-09-18 11:43:02.302 [main] INFO  com.teamtop.system.event.serverEvent.ServerEventFunction - run complete:initExcel invoke complete,total time:234 ms
2022-09-18 11:43:02.306 [main] INFO  com.teamtop.netty.server.ServerController - server id:3,platform:elbt01
2022-09-18 11:43:02.318 [main] INFO  com.teamtop.netty.server.cross.CrossServer - run complete:netty server,total time:10 ms
2022-09-18 11:43:02.349 [main] INFO  com.teamtop.netty.websocket.WebSocketSSLServer - websocket start ok at port:6001
2022-09-18 11:43:02.382 [main] INFO  com.teamtop.util.exector.schedule.ScheduleUtil - init complete:null,time:1 ms
2022-09-18 11:43:02.384 [main] INFO  com.teamtop.util.exector.schedule.ScheduleUtil - init complete:烽火狼烟 征收,time:0 ms
2022-09-18 11:43:02.387 [main] INFO  com.teamtop.util.exector.schedule.ScheduleUtil - init complete:跨服组队副本,time:2 ms
2022-09-18 11:43:02.390 [main] INFO  com.teamtop.util.exector.schedule.ScheduleUtil - init complete:升阶秘境,time:2 ms
2022-09-18 11:43:02.398 [main] INFO  com.teamtop.util.exector.schedule.ScheduleUtil - init complete:问鼎天下定时奖励,time:7 ms
2022-09-18 11:43:02.399 [main] INFO  com.teamtop.util.exector.schedule.ScheduleUtil - init complete:问鼎天下玩家复活,time:1 ms
2022-09-18 11:43:02.400 [main] INFO  com.teamtop.util.exector.schedule.ScheduleUtil - init complete:跨服战场boss,time:1 ms
2022-09-18 11:43:02.402 [main] INFO  com.teamtop.util.exector.schedule.ScheduleUtil - init complete:跨服矿藏,time:0 ms
2022-09-18 11:43:02.405 [main] INFO  com.teamtop.util.exector.schedule.ScheduleUtil - init complete:群雄逐鹿,time:1 ms
2022-09-18 11:43:02.405 [main] INFO  com.teamtop.util.exector.schedule.ScheduleUtil - init complete:粮草抢夺,time:0 ms
2022-09-18 11:43:02.406 [main] INFO  com.teamtop.util.exector.schedule.ScheduleUtil - init complete:镇守四方,time:0 ms
2022-09-18 11:43:02.408 [main] INFO  com.teamtop.util.exector.schedule.ScheduleUtil - init complete:跨服王者,time:1 ms
2022-09-18 11:43:02.409 [main] INFO  com.teamtop.util.exector.schedule.ScheduleUtil - init complete:府邸金库,time:1 ms
2022-09-18 11:43:02.410 [main] INFO  com.teamtop.util.exector.schedule.ScheduleUtil - init complete:宴会,time:1 ms
2022-09-18 11:43:02.411 [main] INFO  com.teamtop.util.exector.schedule.ScheduleUtil - init complete:攻城拔寨,time:1 ms
2022-09-18 11:43:02.412 [main] INFO  com.teamtop.util.exector.schedule.ScheduleUtil - init complete:新战斗模式,time:1 ms
2022-09-18 11:43:02.413 [main] INFO  com.teamtop.util.exector.schedule.ScheduleUtil - init complete:轮回副本,time:1 ms
2022-09-18 11:43:02.414 [main] INFO  com.teamtop.main.RunCentralServer - run complete:服务器启动完毕,total time:7909 ms
2022-09-18 11:43:03.784 [HoutaiNetty-9-2] INFO  com.teamtop.netty.handlers.CrossConnIODecoder - 与中央服 /127.0.0.1:12001 连接成功.channel active,local address:/127.0.0.1:60793
2022-09-18 11:43:03.807 [nioEventLoopGroup-7-1] INFO  com.teamtop.netty.handlers.CrossIODecoder - channel active,remote address:/127.0.0.1:60793,local address:/127.0.0.1:12001
2022-09-18 11:43:03.910 [OpTaskExecutorService-thread-12] INFO  com.teamtop.cross.CrossCache - 与子服【1】服连接成功。CrossCache.bindChannelZoneid.bind zoneid and channel,remote address:/127.0.0.1:60793 zoneid:1 id:127.0.0.1
2022-09-18 11:43:03.911 [OpTaskExecutorService-thread-12] INFO  com.teamtop.cross.CrossIO - CrossCache.getMainServerSet() zoneid=1
2022-09-18 11:43:03.911 [OpTaskExecutorService-thread-12] INFO  com.teamtop.cross.CrossIO - CrossCache.getMainServerSet() size=1
2022-09-18 11:43:03.950 [crossChannelEx - 1] INFO  com.teamtop.cross.CrossIO - 与【跨服-玩法】连接成功。CrossIO.sendToAsPort.remoteAddress:/127.0.0.1:12001
2022-09-18 11:43:03.973 [OpTaskExecutorService-thread-12] INFO  c.t.system.activity.ativitys.godGenSendGiftAct.cross.CrossGodGenSendGiftActCL - CrossGodGenSendGiftActCL connEvent:[id: 0x19bf7b25, /127.0.0.1:60793 => /127.0.0.1:12001]
2022-09-18 11:43:03.997 [OpTaskExecutorService-thread-11] INFO  com.teamtop.system.crossBoss.CrossBossIO - CRLGlobalData :1:1,
2022-09-18 11:43:04.003 [crossChannelEx - 3] INFO  com.teamtop.system.crossBoss.CrossBossIO - localReceiveData :{{240003:{{3,0,{!},{!},null}},240002:{{2,0,{!},{!},null}},240001:{{1,0,{!},{!},null}},240005:{{5,0,{!},{!},null}},240004:{{4,0,{!},{!},null}}},{1}}
2022-09-18 11:43:04.050 [OpTaskExecutorService-thread-13] INFO  com.teamtop.system.eightDoorAppraiseRank.cross.CrossEightDoorAppraiseRankCL$1 - CrossEightDoorAppraiseRankCL:[id: 0x19bf7b25, /127.0.0.1:60793 => /127.0.0.1:12001]
2022-09-18 11:43:04.058 [OpTaskExecutorService-thread-12] INFO  c.teamtop.system.activity.ativitys.rechargeRankAct.cross.CrossRechargeRankActCL - CrossRechargeRankActCL connEvent:[id: 0x19bf7b25, /127.0.0.1:60793 => /127.0.0.1:12001]
2022-09-18 11:43:04.060 [OpTaskExecutorService-thread-13] INFO  com.teamtop.system.shaozhuQiYuanRank.cross.CrossShaoZhuQiYuanRankCL$1 - CrossShaoZhuQiYuanRankCL:[id: 0x19bf7b25, /127.0.0.1:60793 => /127.0.0.1:12001]
2022-09-18 11:43:04.061 [OpTaskExecutorService-thread-12] INFO  c.t.s.a.ativitys.eightDoorAppraiseRankAct.cross.CrossEightDoorAppraiseRankActCL - CrossEightDoorAppraiseRankActCL connEvent:[id: 0x19bf7b25, /127.0.0.1:60793 => /127.0.0.1:12001]
2022-09-18 11:43:04.062 [OpTaskExecutorService-thread-12] INFO  c.t.s.activity.ativitys.shaoZhuQiYuanRankAct.cross.CrossShaoZhuQiYuanRankActCL - CrossShaoZhuQiYuanRankActCL connEvent:[id: 0x19bf7b25, /127.0.0.1:60793 => /127.0.0.1:12001]
2022-09-18 11:43:04.106 [OpTaskExecutorService-thread-12] INFO  com.teamtop.system.crossCommonRank.cross.CrossCommonRankCL - CrossCommonRankCL connEvent:[id: 0x19bf7b25, /127.0.0.1:60793 => /127.0.0.1:12001]
2022-09-18 11:43:04.123 [OpTaskExecutorService-thread-12] INFO  com.teamtop.system.activity.ativitys.dropRedPacket.cross.CrossDropRedPacketCL - CrossDropRedPacketCL connEvent:[id: 0x19bf7b25, /127.0.0.1:60793 => /127.0.0.1:12001]
2022-09-18 11:43:04.142 [crossChannelEx - 6] INFO  com.teamtop.system.redBox.RedBoxCrossIO - LRCRedBoxMapByChannel success num:0
2022-09-18 11:43:04.144 [crossChannelEx - 1] INFO  com.teamtop.system.crossTeamKing.CrossTeamKingIO - LRCrank success 
2022-09-18 11:43:04.537 [crossChannelEx - 3] INFO  com.teamtop.system.crossTeamKing.local.CrossTeamKingLocal - CrossTeamKing leftNum hid 100010000000000210
2022-09-18 11:43:04.540 [crossChannelEx - 3] INFO  com.teamtop.system.crossTeamKing.local.CrossTeamKingLocal - CrossTeamKing jf hid 10001000000000020
2022-09-18 11:43:04.540 [crossChannelEx - 7] INFO  com.teamtop.system.crossTeamKing.local.CrossTeamKingLocal - CrossTeamKing leftNum hid 100010000000000210
2022-09-18 11:43:04.541 [crossChannelEx - 7] INFO  com.teamtop.system.crossTeamKing.local.CrossTeamKingLocal - CrossTeamKing jf hid 10001000000000020
2022-09-18 11:43:04.697 [crossChannelEx - 3] INFO  java.lang.Class - (ID:1000100000000002),Name:伤心丨布丁,rec:init equipData:EquipData [hid=1000100000000002, equipAlllist=]
2022-09-18 11:43:04.697 [crossChannelEx - 7] INFO  java.lang.Class - (ID:1000100000000002),Name:伤心丨布丁,rec:init equipData:EquipData [hid=1000100000000002, equipAlllist=]
2022-09-18 11:43:05.074 [crossChannelEx - 3] INFO  com.teamtop.system.dengFengZaoJi.DengFengZaoJiFunction - DengFengZaoJiEvent upload
2022-09-18 11:43:05.374 [crossChannelEx - 7] INFO  com.teamtop.system.dengFengZaoJi.cross.DengFengZaoJiCrossIO - DengFengZaoJiCrossIO.crossUpdata zoneid:1time:1662912000上传成功：0服  时间:1663472585374  size:1
2022-09-18 11:43:22.536 [crossChannelEx - 2] INFO  com.teamtop.system.crossTeamKing.CrossTeamKingIO - LRCrank success 
2022-09-18 11:43:42.604 [crossChannelEx - 6] INFO  com.teamtop.system.crossTeamKing.CrossTeamKingIO - LRCrank success 
2022-09-18 11:43:51.602 [任务线程 - 63] INFO  com.teamtop.houtaiHttp.events.kuaFuFenQu.KuaFuFenQuCache - KuaFuFenQuCache size=1
2022-09-18 11:43:57.259 [nioEventLoopGroup-11-2] INFO  com.teamtop.netty.websocket.WebSocketSSLServer - init channel,ch:[id: 0x781a657b, /127.0.0.1:60837 => /127.0.0.1:8001]
2022-09-18 11:43:57.285 [nioEventLoopGroup-11-2] INFO  com.teamtop.netty.websocket.MyWebSocketServerHandler - /127.0.0.1:60837,client channelActive
2022-09-18 11:43:57.286 [nioEventLoopGroup-11-2] INFO  com.teamtop.netty.websocket.SslHandler - not an SSL/TLS record,[id: 0x781a657b, /127.0.0.1:60837 => /127.0.0.1:8001]
2022-09-18 11:43:57.316 [nioEventLoopGroup-11-2] INFO  com.teamtop.system.hero.HeroManager - Login begin.Important.account:1,platform:null,zoneid:1 pfopenid:undefined pfcode:test01 usesys: app_custom:,data:{"account":"1","zoneid":"1","pf":"test01","openid":"undefined","pfcode":"test01"}
2022-09-18 11:43:57.547 [nioEventLoopGroup-11-2] INFO  com.teamtop.system.crossTeamKing.local.CrossTeamKingLocal - CrossTeamKing leftNum hid 100010000000000210
2022-09-18 11:43:57.550 [nioEventLoopGroup-11-2] INFO  com.teamtop.system.crossTeamKing.local.CrossTeamKingLocal - CrossTeamKing jf hid 10001000000000020
2022-09-18 11:43:57.711 [OpTaskExecutorService-thread-7] INFO  com.teamtop.system.hero.HeroManager - Login loading start.Important.hid:1000100000000002
2022-09-18 11:43:57.714 [nioEventLoopGroup-11-2] INFO  com.teamtop.system.hero.HeroManager - Login end.Important.hid:1000100000000002 kaifu time:2022-09-18_09-05-19s
2022-09-18 11:43:57.915 [OpTaskExecutorService-thread-7] INFO  com.teamtop.system.crossTeamKing.local.CrossTeamKingLocal - CrossTeamKing leftNum hid 100010000000000210
2022-09-18 11:43:57.917 [OpTaskExecutorService-thread-7] INFO  com.teamtop.system.crossTeamKing.local.CrossTeamKingLocal - CrossTeamKing jf hid 10001000000000020
2022-09-18 11:43:58.055 [OpTaskExecutorService-thread-7] INFO  com.teamtop.system.hero.HeroManager - (ID:1000100000000002),Name:伤心丨布丁.S1,rec:bindHeroChannel done
2022-09-18 11:43:58.074 [OpTaskExecutorService-thread-7] INFO  com.teamtop.system.hero.HeroManager - Login loading end.Important.hero 1000100000000002,伤心丨布丁.S1
2022-09-18 11:43:58.092 [crossChannelEx - 4] INFO  com.teamtop.houtaiHttp.events.adMark.adMarkCrossIO - adMarkCrossIO getAdMark openid=1
2022-09-18 11:43:58.092 [crossChannelEx - 4] INFO  com.teamtop.houtaiHttp.events.adMark.adMarkCrossIO - adMarkCrossIO getAdMark type=-1
2022-09-18 11:43:58.101 [crossChannelEx - 1] INFO  com.teamtop.houtaiHttp.events.adMark.adMarkCrossIO - adMarkCrossIO checkAdMark type=-1
2022-09-18 11:43:58.223 [OpTaskExecutorService-thread-7] INFO  java.lang.Class - (ID:1000100000000002),Name:伤心丨布丁,rec:init equipData:EquipData [hid=1000100000000002, equipAlllist=]
2022-09-18 11:43:58.238 [OpTaskExecutorService-thread-7] INFO  com.teamtop.system.hero.HeroEvent - IosChargeGuanka :0
2022-09-18 11:43:58.274 [OpTaskExecutorService-thread-7] INFO  com.teamtop.houtaiHttp.events.whiteList.WhiteListIO - checkWhiteList openid=1
2022-09-18 11:43:58.275 [OpTaskExecutorService-thread-7] INFO  com.teamtop.system.chat.ChatEvent - account Ismarket0
2022-09-18 11:43:58.298 [OpTaskExecutorService-thread-7] INFO  java.lang.Class - (ID:1000100000000002),Name:伤心丨布丁,rec:OpenDaysSystemFunction sendOpenSystem, uid=70
2022-09-18 11:43:58.298 [OpTaskExecutorService-thread-7] INFO  java.lang.Class - (ID:1000100000000002),Name:伤心丨布丁,rec:OpenDaysSystemFunction sendOpenSystem, uid=71
2022-09-18 11:43:58.340 [OpTaskExecutorService-thread-7] INFO  java.lang.Class - (ID:1000100000000002),Name:伤心丨布丁,rec:没有修改  actindex:1 actid:5006 Periods:0 startTime:2018-07-12_00-00-00s endTime:2023-11-18_23-59-59s
2022-09-18 11:43:58.340 [OpTaskExecutorService-thread-7] INFO  java.lang.Class - (ID:1000100000000002),Name:伤心丨布丁,rec:最终时间前段收到  actindex:1 actid:5006 Periods:0 startTime:2018-07-12_00-00-00s endTime:2023-11-18_23-59-59s
2022-09-18 11:43:58.356 [OpTaskExecutorService-thread-7] INFO  com.teamtop.system.activity.ativitys.godGenSendGiftAct.GodGenSendGiftActEvent - ActivitySender.sendCmd_2256 1615824000
2022-09-18 11:43:58.420 [crossChannelEx - 6] INFO  com.teamtop.system.antiAddictionSystem.AntiAddictionIO - AntiAddictionIO 7777, openid=1, startOnlineTime=1663463279, lastLogoutTime=1663463313, onlineTime=34, leftTime=9325, size=0, currentTime=1663472638
2022-09-18 11:44:02.670 [crossChannelEx - 3] INFO  com.teamtop.system.crossTeamKing.CrossTeamKingIO - LRCrank success 
2022-09-18 11:44:22.753 [crossChannelEx - 2] INFO  com.teamtop.system.crossTeamKing.CrossTeamKingIO - LRCrank success 
2022-09-18 11:44:42.823 [crossChannelEx - 6] INFO  com.teamtop.system.crossTeamKing.CrossTeamKingIO - LRCrank success 
2022-09-18 11:44:51.613 [任务线程 - 39] INFO  com.teamtop.houtaiHttp.events.kuaFuFenQu.KuaFuFenQuCache - KuaFuFenQuCache size=1
2022-09-18 11:45:02.893 [crossChannelEx - 4] INFO  com.teamtop.system.crossTeamKing.CrossTeamKingIO - LRCrank success 
2022-09-18 11:45:22.967 [crossChannelEx - 1] INFO  com.teamtop.system.crossTeamKing.CrossTeamKingIO - LRCrank success 
2022-09-18 11:45:43.038 [crossChannelEx - 5] INFO  com.teamtop.system.crossTeamKing.CrossTeamKingIO - LRCrank success 
2022-09-18 11:45:51.617 [任务线程 - 51] INFO  com.teamtop.houtaiHttp.events.kuaFuFenQu.KuaFuFenQuCache - KuaFuFenQuCache size=1
2022-09-18 11:45:52.540 [nioEventLoopGroup-11-2] INFO  com.teamtop.netty.websocket.MyWebSocketServerHandler - MyWebSocket.remove channel.hid:1000100000000002.hero online time:114
2022-09-18 11:45:52.541 [nioEventLoopGroup-11-2] INFO  com.teamtop.system.hero.HeroFunction - Logout start.Important.hid:1000100000000002
2022-09-18 11:45:52.542 [nioEventLoopGroup-11-2] INFO  java.lang.Class - (ID:1000100000000002),Name:伤心丨布丁,rec:logout equipData:EquipData [hid=1000100000000002, equipAlllist={1000100000000171,1000100000000002,910128,1,0}{1000100000000170,1000100000000002,910128,1,0}{1000100000000169,1000100000000002,910128,1,0}{1000100000000168,1000100000000002,910128,1,0}{1000100000000175,1000100000000002,910128,1,0}{1000100000000174,1000100000000002,910128,1,0}{1000100000000173,1000100000000002,910128,1,0}{1000100000000172,1000100000000002,910128,1,0}{1000100000000163,1000100000000002,910128,1,0}{1000100000000162,1000100000000002,910128,1,0}{1000100000000161,1000100000000002,910128,1,0}{1000100000000160,1000100000000002,910127,1,0}{1000100000000167,1000100000000002,910128,1,0}{1000100000000166,1000100000000002,910128,1,0}{1000100000000165,1000100000000002,910128,1,0}{1000100000000164,1000100000000002,910128,1,0}{1000100000000187,1000100000000002,910129,1,0}{1000100000000186,1000100000000002,910129,1,0}{1000100000000185,1000100000000002,910129,1,0}{1000100000000184,1000100000000002,910129,1,0}{1000100000000191,1000100000000002,910129,1,0}{1000100000000190,1000100000000002,910129,1,0}{1000100000000189,1000100000000002,910129,1,0}{1000100000000188,1000100000000002,910129,1,0}{1000100000000179,1000100000000002,910128,1,0}{1000100000000178,1000100000000002,910128,1,0}{1000100000000177,1000100000000002,910128,1,0}{1000100000000176,1000100000000002,910128,1,0}{1000100000000183,1000100000000002,910129,1,0}{1000100000000182,1000100000000002,910129,1,0}{1000100000000181,1000100000000002,910129,1,0}{1000100000000180,1000100000000002,910128,1,0}{1000100000000139,1000100000000002,910126,1,0}{1000100000000138,1000100000000002,910126,1,0}{1000100000000137,1000100000000002,910126,1,0}{1000100000000136,1000100000000002,910126,1,0}{1000100000000143,1000100000000002,910127,1,0}{1000100000000142,1000100000000002,910127,1,0}{1000100000000141,1000100000000002,910127,1,0}{1000100000000140,1000100000000002,910126,1,0}{1000100000000131,1000100000000002,910126,1,0}{1000100000000130,1000100000000002,910126,1,0}{1000100000000129,1000100000000002,910126,1,0}{1000100000000128,1000100000000002,910126,1,0}{1000100000000135,1000100000000002,910126,1,0}{1000100000000134,1000100000000002,910126,1,0}{1000100000000133,1000100000000002,910126,1,0}{1000100000000132,1000100000000002,910126,1,0}{1000100000000155,1000100000000002,910127,1,0}{1000100000000154,1000100000000002,910127,1,0}{1000100000000153,1000100000000002,910127,1,0}{1000100000000152,1000100000000002,910127,1,0}{1000100000000159,1000100000000002,910127,1,0}{1000100000000158,1000100000000002,910127,1,0}{1000100000000157,1000100000000002,910127,1,0}{1000100000000156,1000100000000002,910127,1,0}{1000100000000147,1000100000000002,910127,1,0}{1000100000000146,1000100000000002,910127,1,0}{1000100000000145,1000100000000002,910127,1,0}{1000100000000144,1000100000000002,910127,1,0}{1000100000000151,1000100000000002,910127,1,0}{1000100000000150,1000100000000002,910127,1,0}{1000100000000149,1000100000000002,910127,1,0}{1000100000000148,1000100000000002,910127,1,0}{1000100000000203,1000100000000002,910126,1,0}{1000100000000202,1000100000000002,910128,1,0}{1000100000000201,1000100000000002,910124,1,0}{1000100000000200,1000100000000002,910129,1,0}{1000100000000204,1000100000000002,910121,1,0}{1000100000000195,1000100000000002,910129,1,0}{1000100000000194,1000100000000002,910129,1,0}{1000100000000193,1000100000000002,910129,1,0}{1000100000000192,1000100000000002,910129,1,0}{1000100000000199,1000100000000002,910129,1,0}{1000100000000198,1000100000000002,910129,1,0}{1000100000000197,1000100000000002,910129,1,0}{1000100000000196,1000100000000002,910129,1,0}{1000100000000043,1000100000000002,910122,1,0}{1000100000000042,1000100000000002,910122,1,0}{1000100000000041,1000100000000002,910122,1,0}{1000100000000040,1000100000000002,910121,1,0}{1000100000000047,1000100000000002,910122,1,0}{1000100000000046,1000100000000002,910122,1,0}{1000100000000045,1000100000000002,910122,1,0}{1000100000000044,1000100000000002,910122,1,0}{1000100000000035,1000100000000002,910121,1,0}{1000100000000034,1000100000000002,910121,1,0}{1000100000000033,1000100000000002,910121,1,0}{1000100000000032,1000100000000002,910121,1,0}{1000100000000039,1000100000000002,910121,1,0}{1000100000000038,1000100000000002,910121,1,0}{1000100000000037,1000100000000002,910121,1,0}{1000100000000036,1000100000000002,910121,1,0}{1000100000000059,1000100000000002,910122,1,0}{1000100000000058,1000100000000002,910122,1,0}{1000100000000057,1000100000000002,910122,1,0}{1000100000000056,1000100000000002,910122,1,0}{1000100000000063,1000100000000002,910123,1,0}{1000100000000062,1000100000000002,910123,1,0}{1000100000000061,1000100000000002,910123,1,0}{1000100000000060,1000100000000002,910122,1,0}{1000100000000051,1000100000000002,910122,1,0}{1000100000000050,1000100000000002,910122,1,0}{1000100000000049,1000100000000002,910122,1,0}{1000100000000048,1000100000000002,910122,1,0}{1000100000000055,1000100000000002,910122,1,0}{1000100000000054,1000100000000002,910122,1,0}{1000100000000053,1000100000000002,910122,1,0}{1000100000000052,1000100000000002,910122,1,0}{1000100000000011,1000100000000002,910120,1,0}{1000100000000010,1000100000000002,910120,1,0}{1000100000000009,1000100000000002,910120,1,0}{1000100000000008,1000100000000002,910120,1,0}{1000100000000015,1000100000000002,910120,1,0}{1000100000000014,1000100000000002,910120,1,0}{1000100000000013,1000100000000002,910120,1,0}{1000100000000012,1000100000000002,910120,1,0}{1000100000000003,1000100000000002,910120,1,0}{1000100000000002,1000100000000002,910120,1,0}{1000100000000001,1000100000000002,910120,1,0}{1000100000000007,1000100000000002,910120,1,0}{1000100000000006,1000100000000002,910120,1,0}{1000100000000005,1000100000000002,910120,1,0}{1000100000000004,1000100000000002,910120,1,0}{1000100000000027,1000100000000002,910121,1,0}{1000100000000026,1000100000000002,910121,1,0}{1000100000000025,1000100000000002,910121,1,0}{1000100000000024,1000100000000002,910121,1,0}{1000100000000031,1000100000000002,910121,1,0}{1000100000000030,1000100000000002,910121,1,0}{1000100000000029,1000100000000002,910121,1,0}{1000100000000028,1000100000000002,910121,1,0}{1000100000000019,1000100000000002,910120,1,0}{1000100000000018,1000100000000002,910120,1,0}{1000100000000017,1000100000000002,910120,1,0}{1000100000000016,1000100000000002,910120,1,0}{1000100000000023,1000100000000002,910121,1,0}{1000100000000022,1000100000000002,910121,1,0}{1000100000000021,1000100000000002,910121,1,0}{1000100000000020,1000100000000002,910120,1,0}{1000100000000107,1000100000000002,910125,1,0}{1000100000000106,1000100000000002,910125,1,0}{1000100000000105,1000100000000002,910125,1,0}{1000100000000104,1000100000000002,910125,1,0}{1000100000000111,1000100000000002,910125,1,0}{1000100000000110,1000100000000002,910125,1,0}{1000100000000109,1000100000000002,910125,1,0}{1000100000000108,1000100000000002,910125,1,0}{1000100000000099,1000100000000002,910124,1,0}{1000100000000098,1000100000000002,910124,1,0}{1000100000000097,1000100000000002,910124,1,0}{1000100000000096,1000100000000002,910124,1,0}{1000100000000103,1000100000000002,910125,1,0}{1000100000000102,1000100000000002,910125,1,0}{1000100000000101,1000100000000002,910125,1,0}{1000100000000100,1000100000000002,910124,1,0}{1000100000000123,1000100000000002,910126,1,0}{1000100000000122,1000100000000002,910126,1,0}{1000100000000121,1000100000000002,910126,1,0}{1000100000000120,1000100000000002,910125,1,0}{1000100000000127,1000100000000002,910126,1,0}{1000100000000126,1000100000000002,910126,1,0}{1000100000000125,1000100000000002,910126,1,0}{1000100000000124,1000100000000002,910126,1,0}{1000100000000115,1000100000000002,910125,1,0}{1000100000000114,1000100000000002,910125,1,0}{1000100000000113,1000100000000002,910125,1,0}{1000100000000112,1000100000000002,910125,1,0}{1000100000000119,1000100000000002,910125,1,0}{1000100000000118,1000100000000002,910125,1,0}{1000100000000117,1000100000000002,910125,1,0}{1000100000000116,1000100000000002,910125,1,0}{1000100000000075,1000100000000002,910123,1,0}{1000100000000074,1000100000000002,910123,1,0}{1000100000000073,1000100000000002,910123,1,0}{1000100000000072,1000100000000002,910123,1,0}{1000100000000079,1000100000000002,910123,1,0}{1000100000000078,1000100000000002,910123,1,0}{1000100000000077,1000100000000002,910123,1,0}{1000100000000076,1000100000000002,910123,1,0}{1000100000000067,1000100000000002,910123,1,0}{1000100000000066,1000100000000002,910123,1,0}{1000100000000065,1000100000000002,910123,1,0}{1000100000000064,1000100000000002,910123,1,0}{1000100000000071,1000100000000002,910123,1,0}{1000100000000070,1000100000000002,910123,1,0}{1000100000000069,1000100000000002,910123,1,0}{1000100000000068,1000100000000002,910123,1,0}{1000100000000091,1000100000000002,910124,1,0}{1000100000000090,1000100000000002,910124,1,0}{1000100000000089,1000100000000002,910124,1,0}{1000100000000088,1000100000000002,910124,1,0}{1000100000000095,1000100000000002,910124,1,0}{1000100000000094,1000100000000002,910124,1,0}{1000100000000093,1000100000000002,910124,1,0}{1000100000000092,1000100000000002,910124,1,0}{1000100000000083,1000100000000002,910124,1,0}{1000100000000082,1000100000000002,910124,1,0}{1000100000000081,1000100000000002,910124,1,0}{1000100000000080,1000100000000002,910123,1,0}{1000100000000087,1000100000000002,910124,1,0}{1000100000000086,1000100000000002,910124,1,0}{1000100000000085,1000100000000002,910124,1,0}{1000100000000084,1000100000000002,910124,1,0}]
2022-09-18 11:45:52.558 [nioEventLoopGroup-11-2] INFO  com.teamtop.system.hero.HeroFunction - Logout end.Important.hid:1000100000000002
2022-09-18 11:45:53.524 [heroDataSaver - 1] INFO  com.teamtop.system.hero.HeroDao - Update DB begin.Important.hid:1000100000000002 type:2
2022-09-18 11:45:53.559 [heroDataSaver - 1] INFO  java.lang.Class - (ID:1000100000000002),Name:伤心丨布丁,rec:logout equipData:EquipData [hid=1000100000000002, equipAlllist={1000100000000171,1000100000000002,910128,1,0}{1000100000000170,1000100000000002,910128,1,0}{1000100000000169,1000100000000002,910128,1,0}{1000100000000168,1000100000000002,910128,1,0}{1000100000000175,1000100000000002,910128,1,0}{1000100000000174,1000100000000002,910128,1,0}{1000100000000173,1000100000000002,910128,1,0}{1000100000000172,1000100000000002,910128,1,0}{1000100000000163,1000100000000002,910128,1,0}{1000100000000162,1000100000000002,910128,1,0}{1000100000000161,1000100000000002,910128,1,0}{1000100000000160,1000100000000002,910127,1,0}{1000100000000167,1000100000000002,910128,1,0}{1000100000000166,1000100000000002,910128,1,0}{1000100000000165,1000100000000002,910128,1,0}{1000100000000164,1000100000000002,910128,1,0}{1000100000000187,1000100000000002,910129,1,0}{1000100000000186,1000100000000002,910129,1,0}{1000100000000185,1000100000000002,910129,1,0}{1000100000000184,1000100000000002,910129,1,0}{1000100000000191,1000100000000002,910129,1,0}{1000100000000190,1000100000000002,910129,1,0}{1000100000000189,1000100000000002,910129,1,0}{1000100000000188,1000100000000002,910129,1,0}{1000100000000179,1000100000000002,910128,1,0}{1000100000000178,1000100000000002,910128,1,0}{1000100000000177,1000100000000002,910128,1,0}{1000100000000176,1000100000000002,910128,1,0}{1000100000000183,1000100000000002,910129,1,0}{1000100000000182,1000100000000002,910129,1,0}{1000100000000181,1000100000000002,910129,1,0}{1000100000000180,1000100000000002,910128,1,0}{1000100000000139,1000100000000002,910126,1,0}{1000100000000138,1000100000000002,910126,1,0}{1000100000000137,1000100000000002,910126,1,0}{1000100000000136,1000100000000002,910126,1,0}{1000100000000143,1000100000000002,910127,1,0}{1000100000000142,1000100000000002,910127,1,0}{1000100000000141,1000100000000002,910127,1,0}{1000100000000140,1000100000000002,910126,1,0}{1000100000000131,1000100000000002,910126,1,0}{1000100000000130,1000100000000002,910126,1,0}{1000100000000129,1000100000000002,910126,1,0}{1000100000000128,1000100000000002,910126,1,0}{1000100000000135,1000100000000002,910126,1,0}{1000100000000134,1000100000000002,910126,1,0}{1000100000000133,1000100000000002,910126,1,0}{1000100000000132,1000100000000002,910126,1,0}{1000100000000155,1000100000000002,910127,1,0}{1000100000000154,1000100000000002,910127,1,0}{1000100000000153,1000100000000002,910127,1,0}{1000100000000152,1000100000000002,910127,1,0}{1000100000000159,1000100000000002,910127,1,0}{1000100000000158,1000100000000002,910127,1,0}{1000100000000157,1000100000000002,910127,1,0}{1000100000000156,1000100000000002,910127,1,0}{1000100000000147,1000100000000002,910127,1,0}{1000100000000146,1000100000000002,910127,1,0}{1000100000000145,1000100000000002,910127,1,0}{1000100000000144,1000100000000002,910127,1,0}{1000100000000151,1000100000000002,910127,1,0}{1000100000000150,1000100000000002,910127,1,0}{1000100000000149,1000100000000002,910127,1,0}{1000100000000148,1000100000000002,910127,1,0}{1000100000000203,1000100000000002,910126,1,0}{1000100000000202,1000100000000002,910128,1,0}{1000100000000201,1000100000000002,910124,1,0}{1000100000000200,1000100000000002,910129,1,0}{1000100000000204,1000100000000002,910121,1,0}{1000100000000195,1000100000000002,910129,1,0}{1000100000000194,1000100000000002,910129,1,0}{1000100000000193,1000100000000002,910129,1,0}{1000100000000192,1000100000000002,910129,1,0}{1000100000000199,1000100000000002,910129,1,0}{1000100000000198,1000100000000002,910129,1,0}{1000100000000197,1000100000000002,910129,1,0}{1000100000000196,1000100000000002,910129,1,0}{1000100000000043,1000100000000002,910122,1,0}{1000100000000042,1000100000000002,910122,1,0}{1000100000000041,1000100000000002,910122,1,0}{1000100000000040,1000100000000002,910121,1,0}{1000100000000047,1000100000000002,910122,1,0}{1000100000000046,1000100000000002,910122,1,0}{1000100000000045,1000100000000002,910122,1,0}{1000100000000044,1000100000000002,910122,1,0}{1000100000000035,1000100000000002,910121,1,0}{1000100000000034,1000100000000002,910121,1,0}{1000100000000033,1000100000000002,910121,1,0}{1000100000000032,1000100000000002,910121,1,0}{1000100000000039,1000100000000002,910121,1,0}{1000100000000038,1000100000000002,910121,1,0}{1000100000000037,1000100000000002,910121,1,0}{1000100000000036,1000100000000002,910121,1,0}{1000100000000059,1000100000000002,910122,1,0}{1000100000000058,1000100000000002,910122,1,0}{1000100000000057,1000100000000002,910122,1,0}{1000100000000056,1000100000000002,910122,1,0}{1000100000000063,1000100000000002,910123,1,0}{1000100000000062,1000100000000002,910123,1,0}{1000100000000061,1000100000000002,910123,1,0}{1000100000000060,1000100000000002,910122,1,0}{1000100000000051,1000100000000002,910122,1,0}{1000100000000050,1000100000000002,910122,1,0}{1000100000000049,1000100000000002,910122,1,0}{1000100000000048,1000100000000002,910122,1,0}{1000100000000055,1000100000000002,910122,1,0}{1000100000000054,1000100000000002,910122,1,0}{1000100000000053,1000100000000002,910122,1,0}{1000100000000052,1000100000000002,910122,1,0}{1000100000000011,1000100000000002,910120,1,0}{1000100000000010,1000100000000002,910120,1,0}{1000100000000009,1000100000000002,910120,1,0}{1000100000000008,1000100000000002,910120,1,0}{1000100000000015,1000100000000002,910120,1,0}{1000100000000014,1000100000000002,910120,1,0}{1000100000000013,1000100000000002,910120,1,0}{1000100000000012,1000100000000002,910120,1,0}{1000100000000003,1000100000000002,910120,1,0}{1000100000000002,1000100000000002,910120,1,0}{1000100000000001,1000100000000002,910120,1,0}{1000100000000007,1000100000000002,910120,1,0}{1000100000000006,1000100000000002,910120,1,0}{1000100000000005,1000100000000002,910120,1,0}{1000100000000004,1000100000000002,910120,1,0}{1000100000000027,1000100000000002,910121,1,0}{1000100000000026,1000100000000002,910121,1,0}{1000100000000025,1000100000000002,910121,1,0}{1000100000000024,1000100000000002,910121,1,0}{1000100000000031,1000100000000002,910121,1,0}{1000100000000030,1000100000000002,910121,1,0}{1000100000000029,1000100000000002,910121,1,0}{1000100000000028,1000100000000002,910121,1,0}{1000100000000019,1000100000000002,910120,1,0}{1000100000000018,1000100000000002,910120,1,0}{1000100000000017,1000100000000002,910120,1,0}{1000100000000016,1000100000000002,910120,1,0}{1000100000000023,1000100000000002,910121,1,0}{1000100000000022,1000100000000002,910121,1,0}{1000100000000021,1000100000000002,910121,1,0}{1000100000000020,1000100000000002,910120,1,0}{1000100000000107,1000100000000002,910125,1,0}{1000100000000106,1000100000000002,910125,1,0}{1000100000000105,1000100000000002,910125,1,0}{1000100000000104,1000100000000002,910125,1,0}{1000100000000111,1000100000000002,910125,1,0}{1000100000000110,1000100000000002,910125,1,0}{1000100000000109,1000100000000002,910125,1,0}{1000100000000108,1000100000000002,910125,1,0}{1000100000000099,1000100000000002,910124,1,0}{1000100000000098,1000100000000002,910124,1,0}{1000100000000097,1000100000000002,910124,1,0}{1000100000000096,1000100000000002,910124,1,0}{1000100000000103,1000100000000002,910125,1,0}{1000100000000102,1000100000000002,910125,1,0}{1000100000000101,1000100000000002,910125,1,0}{1000100000000100,1000100000000002,910124,1,0}{1000100000000123,1000100000000002,910126,1,0}{1000100000000122,1000100000000002,910126,1,0}{1000100000000121,1000100000000002,910126,1,0}{1000100000000120,1000100000000002,910125,1,0}{1000100000000127,1000100000000002,910126,1,0}{1000100000000126,1000100000000002,910126,1,0}{1000100000000125,1000100000000002,910126,1,0}{1000100000000124,1000100000000002,910126,1,0}{1000100000000115,1000100000000002,910125,1,0}{1000100000000114,1000100000000002,910125,1,0}{1000100000000113,1000100000000002,910125,1,0}{1000100000000112,1000100000000002,910125,1,0}{1000100000000119,1000100000000002,910125,1,0}{1000100000000118,1000100000000002,910125,1,0}{1000100000000117,1000100000000002,910125,1,0}{1000100000000116,1000100000000002,910125,1,0}{1000100000000075,1000100000000002,910123,1,0}{1000100000000074,1000100000000002,910123,1,0}{1000100000000073,1000100000000002,910123,1,0}{1000100000000072,1000100000000002,910123,1,0}{1000100000000079,1000100000000002,910123,1,0}{1000100000000078,1000100000000002,910123,1,0}{1000100000000077,1000100000000002,910123,1,0}{1000100000000076,1000100000000002,910123,1,0}{1000100000000067,1000100000000002,910123,1,0}{1000100000000066,1000100000000002,910123,1,0}{1000100000000065,1000100000000002,910123,1,0}{1000100000000064,1000100000000002,910123,1,0}{1000100000000071,1000100000000002,910123,1,0}{1000100000000070,1000100000000002,910123,1,0}{1000100000000069,1000100000000002,910123,1,0}{1000100000000068,1000100000000002,910123,1,0}{1000100000000091,1000100000000002,910124,1,0}{1000100000000090,1000100000000002,910124,1,0}{1000100000000089,1000100000000002,910124,1,0}{1000100000000088,1000100000000002,910124,1,0}{1000100000000095,1000100000000002,910124,1,0}{1000100000000094,1000100000000002,910124,1,0}{1000100000000093,1000100000000002,910124,1,0}{1000100000000092,1000100000000002,910124,1,0}{1000100000000083,1000100000000002,910124,1,0}{1000100000000082,1000100000000002,910124,1,0}{1000100000000081,1000100000000002,910124,1,0}{1000100000000080,1000100000000002,910123,1,0}{1000100000000087,1000100000000002,910124,1,0}{1000100000000086,1000100000000002,910124,1,0}{1000100000000085,1000100000000002,910124,1,0}{1000100000000084,1000100000000002,910124,1,0}]
2022-09-18 11:45:53.762 [heroDataSaver - 1] INFO  java.lang.Class - (ID:1000100000000002),Name:伤心丨布丁,rec:{5006:{"actId":5006,"baoXiangList":[0,0,0],"hid":1000100000000002,"id":1000100000000001,"indexId":1,"isGetted":0,"periods":0,"recentlyRechargeTime":0,"rechargeDay":0}}
2022-09-18 11:45:53.765 [heroDataSaver - 1] INFO  com.teamtop.system.hero.HeroDao - Update DB end.Important.hid:1000100000000002,伤心丨布丁.S1
2022-09-18 11:45:57.225 [HoutaiNetty-8-1] INFO  com.teamtop.netty.handlers.CrossConnIODecoder - channel inactive,remote address:/127.0.0.1:11001,local address:/127.0.0.1:55732
2022-09-18 11:45:59.503 [nioEventLoopGroup-7-1] INFO  com.teamtop.netty.handlers.CrossIODecoder - channel inactive,remote address:/127.0.0.1:60793,local address:/127.0.0.1:12001
2022-09-18 11:45:59.506 [nioEventLoopGroup-7-1] INFO  com.teamtop.netty.handlers.CrossIODecoder - channel inactive, zoneid=1, remote address:/127.0.0.1:60793
