2020-11-12 10:00:25.740 [任务线程 - 2] INFO  com.teamtop.houtaiHttp.events.kuaFuFenQu.KuaFuFenQuCache - KuaFuFenQuCache size=7
2020-11-12 10:00:37.084 [任务线程 - 5] INFO  com.teamtop.util.exector.schedule.ScheduleFixtime - day event:com.teamtop.system.battleGoods.event.BattleGoodCrossSysEvent@3a5c2626,now:1609155000,dayTime:1930
2020-11-12 10:01:25.744 [任务线程 - 11] INFO  com.teamtop.houtaiHttp.events.kuaFuFenQu.KuaFuFenQuCache - KuaFuFenQuCache size=7
2020-11-12 10:02:25.761 [任务线程 - 4] INFO  com.teamtop.houtaiHttp.events.kuaFuFenQu.KuaFuFenQuCache - KuaFuFenQuCache size=7
2020-11-12 10:03:25.764 [任务线程 - 7] INFO  com.teamtop.houtaiHttp.events.kuaFuFenQu.KuaFuFenQuCache - KuaFuFenQuCache size=7
2020-11-12 10:04:25.780 [任务线程 - 11] INFO  com.teamtop.houtaiHttp.events.kuaFuFenQu.KuaFuFenQuCache - KuaFuFenQuCache size=7
2020-11-12 10:05:25.796 [任务线程 - 11] INFO  com.teamtop.houtaiHttp.events.kuaFuFenQu.KuaFuFenQuCache - KuaFuFenQuCache size=7
2020-11-12 10:06:25.803 [任务线程 - 11] INFO  com.teamtop.houtaiHttp.events.kuaFuFenQu.KuaFuFenQuCache - KuaFuFenQuCache size=7
2020-11-12 10:07:25.810 [任务线程 - 3] INFO  com.teamtop.houtaiHttp.events.kuaFuFenQu.KuaFuFenQuCache - KuaFuFenQuCache size=7
2020-11-12 10:08:25.827 [任务线程 - 10] INFO  com.teamtop.houtaiHttp.events.kuaFuFenQu.KuaFuFenQuCache - KuaFuFenQuCache size=7
2020-11-12 10:09:25.844 [任务线程 - 15] INFO  com.teamtop.houtaiHttp.events.kuaFuFenQu.KuaFuFenQuCache - KuaFuFenQuCache size=7
2020-11-12 10:10:25.849 [任务线程 - 9] INFO  com.teamtop.houtaiHttp.events.kuaFuFenQu.KuaFuFenQuCache - KuaFuFenQuCache size=7
2020-11-12 10:11:25.866 [任务线程 - 11] INFO  com.teamtop.houtaiHttp.events.kuaFuFenQu.KuaFuFenQuCache - KuaFuFenQuCache size=7
2020-11-12 10:12:25.883 [任务线程 - 11] INFO  com.teamtop.houtaiHttp.events.kuaFuFenQu.KuaFuFenQuCache - KuaFuFenQuCache size=7
2020-11-12 10:13:25.901 [任务线程 - 11] INFO  com.teamtop.houtaiHttp.events.kuaFuFenQu.KuaFuFenQuCache - KuaFuFenQuCache size=7
2020-11-12 10:14:25.915 [任务线程 - 16] INFO  com.teamtop.houtaiHttp.events.kuaFuFenQu.KuaFuFenQuCache - KuaFuFenQuCache size=7
2020-11-12 10:15:25.933 [任务线程 - 13] INFO  com.teamtop.houtaiHttp.events.kuaFuFenQu.KuaFuFenQuCache - KuaFuFenQuCache size=7
2020-11-12 10:16:25.942 [任务线程 - 15] INFO  com.teamtop.houtaiHttp.events.kuaFuFenQu.KuaFuFenQuCache - KuaFuFenQuCache size=7
2020-11-12 10:17:25.954 [任务线程 - 11] INFO  com.teamtop.houtaiHttp.events.kuaFuFenQu.KuaFuFenQuCache - KuaFuFenQuCache size=7
2020-11-12 10:18:25.970 [任务线程 - 4] INFO  com.teamtop.houtaiHttp.events.kuaFuFenQu.KuaFuFenQuCache - KuaFuFenQuCache size=7
2020-11-12 10:19:25.976 [任务线程 - 7] INFO  com.teamtop.houtaiHttp.events.kuaFuFenQu.KuaFuFenQuCache - KuaFuFenQuCache size=7
2020-11-12 10:20:25.994 [任务线程 - 1] INFO  com.teamtop.houtaiHttp.events.kuaFuFenQu.KuaFuFenQuCache - KuaFuFenQuCache size=7
2020-11-12 10:20:37.486 [任务线程 - 8] INFO  com.teamtop.util.exector.schedule.SchedulerBean - 任务 [ZSBOSS] 已取消 !
2020-11-12 10:20:37.486 [任务线程 - 8] INFO  com.teamtop.system.crossBoss.CrossBossFunction - crossBoss addHp=-2, xhp=0, maxNum=20, minNum=0, useTime=9999
2020-11-12 10:20:37.486 [任务线程 - 8] INFO  com.teamtop.system.crossBoss.CrossBossFunction - crossBoss addHp=-2, xhp=0, maxNum=20, minNum=0
2020-11-12 10:20:37.486 [任务线程 - 8] INFO  com.teamtop.system.crossBoss.CrossBossFunction - crossBoss addHp=-2, xhp=0, maxNum=20, minNum=0, useTime=9999
2020-11-12 10:20:37.486 [任务线程 - 8] INFO  com.teamtop.system.crossBoss.CrossBossFunction - crossBoss addHp=-2, xhp=0, maxNum=20, minNum=0
2020-11-12 10:20:37.486 [任务线程 - 8] INFO  com.teamtop.system.crossBoss.CrossBossFunction - crossBoss addHp=-2, xhp=0, maxNum=20, minNum=0, useTime=9999
2020-11-12 10:20:37.486 [任务线程 - 8] INFO  com.teamtop.system.crossBoss.CrossBossFunction - crossBoss addHp=-2, xhp=0, maxNum=20, minNum=0
2020-11-12 10:20:37.486 [任务线程 - 8] INFO  com.teamtop.system.crossBoss.CrossBossFunction - crossBoss addHp=-2, xhp=0, maxNum=20, minNum=0, useTime=9999
2020-11-12 10:20:37.486 [任务线程 - 8] INFO  com.teamtop.system.crossBoss.CrossBossFunction - crossBoss addHp=-2, xhp=0, maxNum=20, minNum=0
2020-11-12 10:20:37.486 [任务线程 - 8] INFO  com.teamtop.system.crossBoss.CrossBossFunction - crossBoss addHp=-2, xhp=0, maxNum=20, minNum=0, useTime=9999
2020-11-12 10:20:37.486 [任务线程 - 8] INFO  com.teamtop.system.crossBoss.CrossBossFunction - crossBoss addHp=-2, xhp=0, maxNum=20, minNum=0
2020-11-12 10:20:37.486 [crossChannelEx - 3] INFO  com.teamtop.system.crossBoss.CrossBossIO - localReceiveData :{{240003:{{240003,0,{!},{!},!}},240002:{{240002,0,{!},{!},!}},240001:{{240001,0,{!},{!},!}},240005:{{240005,0,{!},{!},!}},240004:{{240004,0,{!},{!},!}}},{1}}
2020-11-12 10:20:37.549 [任务线程 - 8] INFO  com.teamtop.system.crossBoss.cross.CrossBossCrossEvent - CrossBossCrossEvent.fixTime cmdId:0 time:2020-12-28_19-50-00s
2020-11-12 10:20:37.549 [任务线程 - 8] INFO  com.teamtop.util.exector.schedule.ScheduleFixtime - day event:com.teamtop.system.crossBoss.cross.CrossBossCrossEvent@4d6ee47,now:1609156200,dayTime:1950
2020-11-12 10:20:37.549 [任务线程 - 8] INFO  com.teamtop.util.exector.schedule.ScheduleFixtime - day event:com.teamtop.system.battleGoods.event.BattleGoodCrossSysEvent@3a5c2626,now:1609156200,dayTime:1950
2020-11-12 10:20:37.549 [crossChannelEx - 4] INFO  com.teamtop.system.crossBoss.CrossBossIO - local tell cross state:0  1
2020-11-12 10:21:26.003 [任务线程 - 1] INFO  com.teamtop.houtaiHttp.events.kuaFuFenQu.KuaFuFenQuCache - KuaFuFenQuCache size=7
2020-11-12 10:22:26.008 [任务线程 - 7] INFO  com.teamtop.houtaiHttp.events.kuaFuFenQu.KuaFuFenQuCache - KuaFuFenQuCache size=7
2020-11-12 10:23:26.024 [任务线程 - 8] INFO  com.teamtop.houtaiHttp.events.kuaFuFenQu.KuaFuFenQuCache - KuaFuFenQuCache size=7
2020-11-12 10:24:26.039 [任务线程 - 13] INFO  com.teamtop.houtaiHttp.events.kuaFuFenQu.KuaFuFenQuCache - KuaFuFenQuCache size=7
2020-11-12 10:25:26.056 [任务线程 - 16] INFO  com.teamtop.houtaiHttp.events.kuaFuFenQu.KuaFuFenQuCache - KuaFuFenQuCache size=7
2020-11-12 10:25:37.529 [任务线程 - 10] INFO  com.teamtop.system.crossBoss.CrossBossFunction - 转生1001——3003 bossid:240001 maxhp1367530000 倍数：0总血量：1367530000
2020-11-12 10:25:37.529 [任务线程 - 10] INFO  com.teamtop.system.crossBoss.CrossBossFunction - ready new CrossBoss :1 zsBossid:240001 tempMaxHp:0
2020-11-12 10:25:37.529 [任务线程 - 10] INFO  com.teamtop.system.crossBoss.CrossBossFunction - 转生4001——6003 bossid:240002 maxhp6730920000 倍数：0总血量：6730920000
2020-11-12 10:25:37.529 [任务线程 - 10] INFO  com.teamtop.system.crossBoss.CrossBossFunction - ready new CrossBoss :1 zsBossid:240002 tempMaxHp:0
2020-11-12 10:25:37.529 [任务线程 - 10] INFO  com.teamtop.system.crossBoss.CrossBossFunction - 转生7001——8003 bossid:240003 maxhp25705905000 倍数：0总血量：25705905000
2020-11-12 10:25:37.529 [任务线程 - 10] INFO  com.teamtop.system.crossBoss.CrossBossFunction - ready new CrossBoss :1 zsBossid:240003 tempMaxHp:0
2020-11-12 10:25:37.529 [任务线程 - 10] INFO  com.teamtop.system.crossBoss.CrossBossFunction - 转生9001——10003 bossid:240004 maxhp62142310000 倍数：0总血量：62142310000
2020-11-12 10:25:37.529 [任务线程 - 10] INFO  com.teamtop.system.crossBoss.CrossBossFunction - ready new CrossBoss :1 zsBossid:240004 tempMaxHp:0
2020-11-12 10:25:37.529 [任务线程 - 10] INFO  com.teamtop.system.crossBoss.CrossBossFunction - 转生11001——12003 bossid:240005 maxhp104600755000 倍数：0总血量：104600755000
2020-11-12 10:25:37.529 [任务线程 - 10] INFO  com.teamtop.system.crossBoss.CrossBossFunction - ready new CrossBoss :1 zsBossid:240005 tempMaxHp:0
2020-11-12 10:25:37.529 [任务线程 - 10] INFO  com.teamtop.system.crossBoss.cross.CrossBossCrossEvent - CrossBossCrossEvent.fixTime cmdId:1 time:2020-12-28_19-55-00s
2020-11-12 10:25:37.529 [任务线程 - 10] INFO  com.teamtop.util.exector.schedule.ScheduleFixtime - day event:com.teamtop.system.crossBoss.cross.CrossBossCrossEvent@4d6ee47,now:1609156500,dayTime:1955
2020-11-12 10:25:37.529 [crossChannelEx - 2] INFO  com.teamtop.system.crossBoss.CrossBossIO - local tell cross state:1  1
2020-11-12 10:26:26.064 [任务线程 - 11] INFO  com.teamtop.houtaiHttp.events.kuaFuFenQu.KuaFuFenQuCache - KuaFuFenQuCache size=7
2020-11-12 10:27:26.078 [任务线程 - 13] INFO  com.teamtop.houtaiHttp.events.kuaFuFenQu.KuaFuFenQuCache - KuaFuFenQuCache size=7
2020-11-12 10:28:26.089 [任务线程 - 8] INFO  com.teamtop.houtaiHttp.events.kuaFuFenQu.KuaFuFenQuCache - KuaFuFenQuCache size=7
2020-11-12 10:28:37.890 [任务线程 - 14] INFO  com.teamtop.util.exector.schedule.ScheduleFixtime - day event:com.teamtop.system.crossFireBeacon.FrieBeaconLocalSysEvent@4c583ecf,now:1609156680,dayTime:1958
2020-11-12 10:28:37.890 [任务线程 - 14] INFO  com.teamtop.system.crossWenDingTianXia.cross.CrossWenDingTianXiaCrossEvent - WDTX.FixTime bigan.cmd:2
2020-11-12 10:28:37.890 [任务线程 - 14] INFO  com.teamtop.system.crossWenDingTianXia.cross.CrossWenDingTianXiaCrossEvent - WDTX.FixTime.cmd:2
2020-11-12 10:28:37.890 [任务线程 - 14] INFO  com.teamtop.util.exector.schedule.ScheduleFixtime - day event:com.teamtop.system.crossWenDingTianXia.cross.CrossWenDingTianXiaCrossEvent@1816e24a,now:1609156680,dayTime:1958
2020-11-12 10:29:26.095 [任务线程 - 7] INFO  com.teamtop.houtaiHttp.events.kuaFuFenQu.KuaFuFenQuCache - KuaFuFenQuCache size=7
2020-11-12 10:29:37.683 [任务线程 - 13] INFO  com.teamtop.system.crossFireBeacon.CrossFireBeaconSysEvent - CrossFireBeacon readyHandel start
2020-11-12 10:29:37.683 [任务线程 - 13] INFO  com.teamtop.system.crossFireBeacon.CrossFireBeaconSysEvent - CrossFireBeacon match start, zoneIdSet size = 1, partId=10001
2020-11-12 10:29:37.683 [任务线程 - 13] INFO  com.teamtop.system.crossFireBeacon.CrossFireBeaconSysEvent - chooseZoneId==1, randomSize=1, random=0, roomId=1
2020-11-12 10:29:37.683 [任务线程 - 13] INFO  com.teamtop.system.crossFireBeacon.CrossFireBeaconSysEvent - CrossFireBeacon match end, leftList size = 0
2020-11-12 10:29:37.683 [任务线程 - 13] INFO  com.teamtop.util.exector.schedule.ScheduleFixtime - day event:com.teamtop.system.crossFireBeacon.CrossFireBeaconSysEvent@48f2bd5b,now:1609156740,dayTime:1959
2020-11-12 10:29:37.683 [任务线程 - 13] INFO  com.teamtop.system.crossWenDingTianXia.cross.CrossWenDingTianXiaCrossEvent - WDTX.FixTime bigan.cmd:3
2020-11-12 10:29:37.683 [任务线程 - 13] INFO  com.teamtop.system.crossWenDingTianXia.cross.CrossWenDingTianXiaCrossFunction - WDTX.InitRoom 3 day new server.room-zid:
2020-11-12 10:29:37.683 [任务线程 - 13] INFO  com.teamtop.system.crossWenDingTianXia.cross.CrossWenDingTianXiaCrossEvent - WDTX.FixTime.cmd:3
2020-11-12 10:29:37.683 [任务线程 - 13] INFO  com.teamtop.util.exector.schedule.ScheduleFixtime - day event:com.teamtop.system.crossWenDingTianXia.cross.CrossWenDingTianXiaCrossEvent@1816e24a,now:1609156740,dayTime:1959
2020-11-12 10:30:26.104 [任务线程 - 10] INFO  com.teamtop.houtaiHttp.events.kuaFuFenQu.KuaFuFenQuCache - KuaFuFenQuCache size=7
2020-11-12 10:30:37.513 [任务线程 - 1] INFO  com.teamtop.util.exector.schedule.ScheduleFixtime - day event:com.teamtop.system.crossFireBeacon.FrieBeaconLocalSysEvent@4c583ecf,now:1609156800,dayTime:2000
2020-11-12 10:30:37.513 [任务线程 - 1] INFO  com.teamtop.system.crossFireBeacon.CrossFireBeaconSysEvent - CrossFireBeacon act start
2020-11-12 10:30:37.513 [任务线程 - 1] INFO  com.teamtop.system.crossFireBeacon.CrossFireBeaconSysEvent - CrossFireBeacon act start finish, partId=10001
2020-11-12 10:30:37.513 [任务线程 - 1] INFO  com.teamtop.system.crossFireBeacon.CrossFireBeaconSysEvent - CrossFireBeacon act start finish
2020-11-12 10:30:37.513 [任务线程 - 1] INFO  com.teamtop.util.exector.schedule.ScheduleFixtime - day event:com.teamtop.system.crossFireBeacon.CrossFireBeaconSysEvent@48f2bd5b,now:1609156800,dayTime:2000
2020-11-12 10:30:37.513 [crossChannelEx - 4] INFO  com.teamtop.system.crossBoss.CrossBossIO - local tell cross state:2  1
2020-11-12 10:30:37.513 [任务线程 - 1] INFO  com.teamtop.system.crossBoss.cross.CrossBossCrossEvent - CrossBossCrossEvent.fixTime cmdId:2 time:2020-12-28_20-00-00s
2020-11-12 10:30:37.513 [任务线程 - 1] INFO  com.teamtop.util.exector.schedule.ScheduleFixtime - day event:com.teamtop.system.crossBoss.cross.CrossBossCrossEvent@4d6ee47,now:1609156800,dayTime:2000
2020-11-12 10:30:37.513 [任务线程 - 1] INFO  com.teamtop.system.crossWenDingTianXia.cross.CrossWenDingTianXiaCrossEvent - WDTX.FixTime bigan.cmd:4
2020-11-12 10:30:37.513 [任务线程 - 1] INFO  com.teamtop.system.crossWenDingTianXia.cross.CrossWenDingTianXiaCrossEvent - WDTX.FixTime.cmd:4
2020-11-12 10:30:37.513 [任务线程 - 1] INFO  com.teamtop.util.exector.schedule.ScheduleFixtime - day event:com.teamtop.system.crossWenDingTianXia.cross.CrossWenDingTianXiaCrossEvent@1816e24a,now:1609156800,dayTime:2000
2020-11-12 10:31:26.198 [任务线程 - 11] INFO  com.teamtop.houtaiHttp.events.kuaFuFenQu.KuaFuFenQuCache - KuaFuFenQuCache size=7
2020-11-12 10:32:26.206 [任务线程 - 3] INFO  com.teamtop.houtaiHttp.events.kuaFuFenQu.KuaFuFenQuCache - KuaFuFenQuCache size=7
2020-11-12 10:32:41.535 [任务线程 - 10] INFO  com.teamtop.system.crossFireBeacon.FrieBeaconLocalSysEvent - FrieBeaconLocalSysEvent apply
2020-11-12 10:32:41.535 [任务线程 - 10] INFO  com.teamtop.util.exector.schedule.ScheduleFixtime - day event:com.teamtop.system.crossFireBeacon.FrieBeaconLocalSysEvent@692f203f,now:1609156680,dayTime:1958
2020-11-12 10:32:41.566 [OpTaskExecutorService-thread-8] INFO  com.teamtop.system.crossFireBeacon.cross.CrossFireBeaconIO - apply partId=10001chooseZoneId==1, strength=11648731535, size=1
2020-11-12 10:33:26.214 [任务线程 - 9] INFO  com.teamtop.houtaiHttp.events.kuaFuFenQu.KuaFuFenQuCache - KuaFuFenQuCache size=7
2020-11-12 10:33:41.382 [任务线程 - 8] INFO  com.teamtop.util.exector.schedule.ScheduleFixtime - day event:com.teamtop.system.crossFireBeacon.CrossFireBeaconSysEvent@7b2bbc3,now:1609156740,dayTime:1959
2020-11-12 10:34:26.229 [任务线程 - 10] INFO  com.teamtop.houtaiHttp.events.kuaFuFenQu.KuaFuFenQuCache - KuaFuFenQuCache size=7
2020-11-12 10:34:41.201 [任务线程 - 14] INFO  com.teamtop.util.exector.schedule.ScheduleFixtime - day event:com.teamtop.system.crossFireBeacon.FrieBeaconLocalSysEvent@692f203f,now:1609156800,dayTime:2000
2020-11-12 10:34:41.201 [任务线程 - 14] INFO  com.teamtop.util.exector.schedule.ScheduleFixtime - day event:com.teamtop.system.crossFireBeacon.CrossFireBeaconSysEvent@7b2bbc3,now:1609156800,dayTime:2000
2020-11-12 10:35:26.244 [任务线程 - 3] INFO  com.teamtop.houtaiHttp.events.kuaFuFenQu.KuaFuFenQuCache - KuaFuFenQuCache size=7
2020-11-12 10:35:42.073 [任务线程 - 8] INFO  com.teamtop.system.event.backstage.BackstageSystemEvent - 60m event:com.teamtop.system.event.backstage.events.flowMMCache.FlowMMCacheEvent@6f45e944,now:1609156860
2020-11-12 10:36:26.253 [任务线程 - 3] INFO  com.teamtop.houtaiHttp.events.kuaFuFenQu.KuaFuFenQuCache - KuaFuFenQuCache size=7
2020-11-12 10:37:26.264 [任务线程 - 15] INFO  com.teamtop.houtaiHttp.events.kuaFuFenQu.KuaFuFenQuCache - KuaFuFenQuCache size=7
2020-11-12 10:38:26.280 [任务线程 - 3] INFO  com.teamtop.houtaiHttp.events.kuaFuFenQu.KuaFuFenQuCache - KuaFuFenQuCache size=7
2020-11-12 10:39:26.289 [任务线程 - 8] INFO  com.teamtop.houtaiHttp.events.kuaFuFenQu.KuaFuFenQuCache - KuaFuFenQuCache size=7
2020-11-12 10:40:26.294 [任务线程 - 11] INFO  com.teamtop.houtaiHttp.events.kuaFuFenQu.KuaFuFenQuCache - KuaFuFenQuCache size=7
2020-11-12 10:41:26.311 [任务线程 - 3] INFO  com.teamtop.houtaiHttp.events.kuaFuFenQu.KuaFuFenQuCache - KuaFuFenQuCache size=7
2020-11-12 10:42:26.316 [任务线程 - 10] INFO  com.teamtop.houtaiHttp.events.kuaFuFenQu.KuaFuFenQuCache - KuaFuFenQuCache size=7
2020-11-12 10:43:26.324 [任务线程 - 4] INFO  com.teamtop.houtaiHttp.events.kuaFuFenQu.KuaFuFenQuCache - KuaFuFenQuCache size=7
2020-11-12 10:44:26.333 [任务线程 - 11] INFO  com.teamtop.houtaiHttp.events.kuaFuFenQu.KuaFuFenQuCache - KuaFuFenQuCache size=7
2020-11-12 10:45:26.342 [任务线程 - 8] INFO  com.teamtop.houtaiHttp.events.kuaFuFenQu.KuaFuFenQuCache - KuaFuFenQuCache size=7
2020-11-12 10:46:26.352 [任务线程 - 10] INFO  com.teamtop.houtaiHttp.events.kuaFuFenQu.KuaFuFenQuCache - KuaFuFenQuCache size=7
2020-11-12 10:47:26.364 [任务线程 - 11] INFO  com.teamtop.houtaiHttp.events.kuaFuFenQu.KuaFuFenQuCache - KuaFuFenQuCache size=7
2020-11-12 10:48:26.369 [任务线程 - 8] INFO  com.teamtop.houtaiHttp.events.kuaFuFenQu.KuaFuFenQuCache - KuaFuFenQuCache size=7
2020-11-12 10:49:26.379 [任务线程 - 7] INFO  com.teamtop.houtaiHttp.events.kuaFuFenQu.KuaFuFenQuCache - KuaFuFenQuCache size=7
2020-11-12 10:50:26.386 [任务线程 - 12] INFO  com.teamtop.houtaiHttp.events.kuaFuFenQu.KuaFuFenQuCache - KuaFuFenQuCache size=7
2020-11-12 10:50:37.128 [任务线程 - 3] INFO  com.teamtop.system.crossFireBeacon.CrossFireBeaconSysEvent - CrossFireBeacon act end
2020-11-12 10:50:37.128 [任务线程 - 3] INFO  com.teamtop.system.crossFireBeacon.CrossFireBeaconSysEvent - CrossFireBeacon act end finish
2020-11-12 10:50:37.128 [任务线程 - 3] INFO  com.teamtop.system.crossFireBeacon.CrossFireBeaconSysEvent - CrossFireBeacon act end finish
2020-11-12 10:50:37.128 [任务线程 - 3] INFO  com.teamtop.util.exector.schedule.ScheduleFixtime - day event:com.teamtop.system.crossFireBeacon.CrossFireBeaconSysEvent@48f2bd5b,now:1609158000,dayTime:2020
2020-11-12 10:50:37.128 [任务线程 - 3] INFO  com.teamtop.system.crossWenDingTianXia.cross.CrossWenDingTianXiaCrossEvent - WDTX.FixTime bigan.cmd:5
2020-11-12 10:50:37.128 [任务线程 - 3] INFO  com.teamtop.system.crossWenDingTianXia.cross.CrossWenDingTianXiaCrossEvent - WDTX.FixTime.cmd:5
2020-11-12 10:50:37.128 [任务线程 - 3] INFO  com.teamtop.util.exector.schedule.ScheduleFixtime - day event:com.teamtop.system.crossWenDingTianXia.cross.CrossWenDingTianXiaCrossEvent@1816e24a,now:1609158000,dayTime:2020
2020-11-12 10:50:37.128 [crossChannelEx - 2] INFO  com.teamtop.system.crossFireBeacon.cross.CrossFireBeaconIO - CrossFireBeaconIO sendRankAward start
2020-11-12 10:50:37.128 [crossChannelEx - 2] INFO  com.teamtop.system.crossFireBeacon.cross.CrossFireBeaconIO - CrossFireBeaconIO sendRankAward finish
2020-11-12 10:51:26.403 [任务线程 - 3] INFO  com.teamtop.houtaiHttp.events.kuaFuFenQu.KuaFuFenQuCache - KuaFuFenQuCache size=7
2020-11-12 10:52:26.409 [任务线程 - 3] INFO  com.teamtop.houtaiHttp.events.kuaFuFenQu.KuaFuFenQuCache - KuaFuFenQuCache size=7
2020-11-12 10:53:26.415 [任务线程 - 11] INFO  com.teamtop.houtaiHttp.events.kuaFuFenQu.KuaFuFenQuCache - KuaFuFenQuCache size=7
2020-11-12 10:54:26.429 [任务线程 - 15] INFO  com.teamtop.houtaiHttp.events.kuaFuFenQu.KuaFuFenQuCache - KuaFuFenQuCache size=7
2020-11-12 10:54:41.992 [任务线程 - 8] INFO  com.teamtop.util.exector.schedule.ScheduleFixtime - day event:com.teamtop.system.crossFireBeacon.CrossFireBeaconSysEvent@7b2bbc3,now:1609158000,dayTime:2020
2020-11-12 10:55:26.432 [任务线程 - 8] INFO  com.teamtop.houtaiHttp.events.kuaFuFenQu.KuaFuFenQuCache - KuaFuFenQuCache size=7
2020-11-12 10:56:26.443 [任务线程 - 7] INFO  com.teamtop.houtaiHttp.events.kuaFuFenQu.KuaFuFenQuCache - KuaFuFenQuCache size=7
2020-11-12 10:57:26.456 [任务线程 - 11] INFO  com.teamtop.houtaiHttp.events.kuaFuFenQu.KuaFuFenQuCache - KuaFuFenQuCache size=7
2020-11-12 10:58:26.468 [任务线程 - 6] INFO  com.teamtop.houtaiHttp.events.kuaFuFenQu.KuaFuFenQuCache - KuaFuFenQuCache size=7
2020-11-12 10:59:26.482 [任务线程 - 7] INFO  com.teamtop.houtaiHttp.events.kuaFuFenQu.KuaFuFenQuCache - KuaFuFenQuCache size=7
