2020-10-27 15:06:56.958 [OpTaskExecutorService-thread-12] ERROR com.teamtop.util.exector.schedule.ScheduleFixtime - java.lang.NullPointerException
	at com.teamtop.system.country.newkingship.NewKingShipEvent.fixTimeEnd(NewKingShipEvent.java:126)
	at com.teamtop.system.country.newkingship.NewKingShipEvent.fixTime(NewKingShipEvent.java:168)
	at com.teamtop.util.exector.schedule.ScheduleFixtime.execute(ScheduleFixtime.java:119)
	at com.teamtop.system.gm.event.TimeGMFunction.UpdateTime(TimeGMFunction.java:351)
	at com.teamtop.system.gm.event.TimeGMFunction$1.run(TimeGMFunction.java:246)
	at com.teamtop.synHandleCore.OpTaskExecutorService$Work.run(OpTaskExecutorService.java:314)
	at java.lang.Thread.run(Thread.java:745)
,excute event ocurs an error
2020-10-27 15:07:39.848 [任务线程 - 16] ERROR com.teamtop.util.exector.schedule.ScheduleFixtime - java.lang.NullPointerException
	at com.teamtop.system.country.newkingship.NewKingShipEvent.fixTime(NewKingShipEvent.java:176)
	at com.teamtop.util.exector.schedule.ScheduleFixtime.execute(ScheduleFixtime.java:119)
	at com.teamtop.util.exector.schedule.ScheduleUtil$2.run(ScheduleUtil.java:204)
	at com.teamtop.util.exector.schedule.SchedulerBean$3.run(SchedulerBean.java:72)
	at java.util.concurrent.Executors$RunnableAdapter.call(Executors.java:511)
	at java.util.concurrent.FutureTask.runAndReset(FutureTask.java:308)
	at java.util.concurrent.ScheduledThreadPoolExecutor$ScheduledFutureTask.access$301(ScheduledThreadPoolExecutor.java:180)
	at java.util.concurrent.ScheduledThreadPoolExecutor$ScheduledFutureTask.run(ScheduledThreadPoolExecutor.java:294)
	at java.util.concurrent.ThreadPoolExecutor.runWorker(ThreadPoolExecutor.java:1142)
	at java.util.concurrent.ThreadPoolExecutor$Worker.run(ThreadPoolExecutor.java:617)
	at java.lang.Thread.run(Thread.java:745)
,excute event ocurs an error
