2020-10-27 17:37:03.509 [OpTaskExecutorService-thread-7] ERROR java.lang.Class - java.lang.NullPointerException
	at com.teamtop.system.event.useAddEvent.UseAddUtil.canAdd(UseAddUtil.java:559)
	at com.teamtop.system.activity.ativitys.warOrder.WarOrderManager.getWarOrderReward(WarOrderManager.java:147)
	at com.teamtop.system.activity.ativitys.warOrder.WarOrderCG.getWarOrderReward(WarOrderCG.java:31)
	at sun.reflect.NativeMethodAccessorImpl.invoke0(Native Method)
	at sun.reflect.NativeMethodAccessorImpl.invoke(NativeMethodAccessorImpl.java:62)
	at sun.reflect.DelegatingMethodAccessorImpl.invoke(DelegatingMethodAccessorImpl.java:43)
	at java.lang.reflect.Method.invoke(Method.java:497)
	at com.teamtop.netty.util.NettyDispatch$1.run(NettyDispatch.java:141)
	at com.teamtop.synHandleCore.OpTaskExecutorService$Work.run(OpTaskExecutorService.java:314)
	at java.lang.Thread.run(Thread.java:745)
,hid:1000100000000002,name:才貌丿听雨WarOrderManager getReward, level=0
2020-10-27 17:37:08.003 [OpTaskExecutorService-thread-7] ERROR java.lang.Class - java.lang.NullPointerException
	at com.teamtop.system.event.useAddEvent.UseAddUtil.canAdd(UseAddUtil.java:559)
	at com.teamtop.system.activity.ativitys.warOrder.WarOrderManager.getWarOrderReward(WarOrderManager.java:147)
	at com.teamtop.system.activity.ativitys.warOrder.WarOrderCG.getWarOrderReward(WarOrderCG.java:31)
	at sun.reflect.NativeMethodAccessorImpl.invoke0(Native Method)
	at sun.reflect.NativeMethodAccessorImpl.invoke(NativeMethodAccessorImpl.java:62)
	at sun.reflect.DelegatingMethodAccessorImpl.invoke(DelegatingMethodAccessorImpl.java:43)
	at java.lang.reflect.Method.invoke(Method.java:497)
	at com.teamtop.netty.util.NettyDispatch$1.run(NettyDispatch.java:141)
	at com.teamtop.synHandleCore.OpTaskExecutorService$Work.run(OpTaskExecutorService.java:314)
	at java.lang.Thread.run(Thread.java:745)
,hid:1000100000000002,name:才貌丿听雨WarOrderManager getReward, level=0
2020-10-27 17:37:08.222 [OpTaskExecutorService-thread-7] ERROR java.lang.Class - java.lang.NullPointerException
	at com.teamtop.system.event.useAddEvent.UseAddUtil.canAdd(UseAddUtil.java:559)
	at com.teamtop.system.activity.ativitys.warOrder.WarOrderManager.getWarOrderReward(WarOrderManager.java:147)
	at com.teamtop.system.activity.ativitys.warOrder.WarOrderCG.getWarOrderReward(WarOrderCG.java:31)
	at sun.reflect.NativeMethodAccessorImpl.invoke0(Native Method)
	at sun.reflect.NativeMethodAccessorImpl.invoke(NativeMethodAccessorImpl.java:62)
	at sun.reflect.DelegatingMethodAccessorImpl.invoke(DelegatingMethodAccessorImpl.java:43)
	at java.lang.reflect.Method.invoke(Method.java:497)
	at com.teamtop.netty.util.NettyDispatch$1.run(NettyDispatch.java:141)
	at com.teamtop.synHandleCore.OpTaskExecutorService$Work.run(OpTaskExecutorService.java:314)
	at java.lang.Thread.run(Thread.java:745)
,hid:1000100000000002,name:才貌丿听雨WarOrderManager getReward, level=0
2020-10-27 17:37:08.409 [OpTaskExecutorService-thread-7] ERROR java.lang.Class - java.lang.NullPointerException
	at com.teamtop.system.event.useAddEvent.UseAddUtil.canAdd(UseAddUtil.java:559)
	at com.teamtop.system.activity.ativitys.warOrder.WarOrderManager.getWarOrderReward(WarOrderManager.java:147)
	at com.teamtop.system.activity.ativitys.warOrder.WarOrderCG.getWarOrderReward(WarOrderCG.java:31)
	at sun.reflect.NativeMethodAccessorImpl.invoke0(Native Method)
	at sun.reflect.NativeMethodAccessorImpl.invoke(NativeMethodAccessorImpl.java:62)
	at sun.reflect.DelegatingMethodAccessorImpl.invoke(DelegatingMethodAccessorImpl.java:43)
	at java.lang.reflect.Method.invoke(Method.java:497)
	at com.teamtop.netty.util.NettyDispatch$1.run(NettyDispatch.java:141)
	at com.teamtop.synHandleCore.OpTaskExecutorService$Work.run(OpTaskExecutorService.java:314)
	at java.lang.Thread.run(Thread.java:745)
,hid:1000100000000002,name:才貌丿听雨WarOrderManager getReward, level=0
2020-10-27 17:37:08.581 [OpTaskExecutorService-thread-7] ERROR java.lang.Class - java.lang.NullPointerException
	at com.teamtop.system.event.useAddEvent.UseAddUtil.canAdd(UseAddUtil.java:559)
	at com.teamtop.system.activity.ativitys.warOrder.WarOrderManager.getWarOrderReward(WarOrderManager.java:147)
	at com.teamtop.system.activity.ativitys.warOrder.WarOrderCG.getWarOrderReward(WarOrderCG.java:31)
	at sun.reflect.NativeMethodAccessorImpl.invoke0(Native Method)
	at sun.reflect.NativeMethodAccessorImpl.invoke(NativeMethodAccessorImpl.java:62)
	at sun.reflect.DelegatingMethodAccessorImpl.invoke(DelegatingMethodAccessorImpl.java:43)
	at java.lang.reflect.Method.invoke(Method.java:497)
	at com.teamtop.netty.util.NettyDispatch$1.run(NettyDispatch.java:141)
	at com.teamtop.synHandleCore.OpTaskExecutorService$Work.run(OpTaskExecutorService.java:314)
	at java.lang.Thread.run(Thread.java:745)
,hid:1000100000000002,name:才貌丿听雨WarOrderManager getReward, level=0
2020-10-27 17:37:08.768 [OpTaskExecutorService-thread-7] ERROR java.lang.Class - java.lang.NullPointerException
	at com.teamtop.system.event.useAddEvent.UseAddUtil.canAdd(UseAddUtil.java:559)
	at com.teamtop.system.activity.ativitys.warOrder.WarOrderManager.getWarOrderReward(WarOrderManager.java:147)
	at com.teamtop.system.activity.ativitys.warOrder.WarOrderCG.getWarOrderReward(WarOrderCG.java:31)
	at sun.reflect.NativeMethodAccessorImpl.invoke0(Native Method)
	at sun.reflect.NativeMethodAccessorImpl.invoke(NativeMethodAccessorImpl.java:62)
	at sun.reflect.DelegatingMethodAccessorImpl.invoke(DelegatingMethodAccessorImpl.java:43)
	at java.lang.reflect.Method.invoke(Method.java:497)
	at com.teamtop.netty.util.NettyDispatch$1.run(NettyDispatch.java:141)
	at com.teamtop.synHandleCore.OpTaskExecutorService$Work.run(OpTaskExecutorService.java:314)
	at java.lang.Thread.run(Thread.java:745)
,hid:1000100000000002,name:才貌丿听雨WarOrderManager getReward, level=0
2020-10-27 17:37:08.924 [OpTaskExecutorService-thread-7] ERROR java.lang.Class - java.lang.NullPointerException
	at com.teamtop.system.event.useAddEvent.UseAddUtil.canAdd(UseAddUtil.java:559)
	at com.teamtop.system.activity.ativitys.warOrder.WarOrderManager.getWarOrderReward(WarOrderManager.java:147)
	at com.teamtop.system.activity.ativitys.warOrder.WarOrderCG.getWarOrderReward(WarOrderCG.java:31)
	at sun.reflect.GeneratedMethodAccessor2309.invoke(Unknown Source)
	at sun.reflect.DelegatingMethodAccessorImpl.invoke(DelegatingMethodAccessorImpl.java:43)
	at java.lang.reflect.Method.invoke(Method.java:497)
	at com.teamtop.netty.util.NettyDispatch$1.run(NettyDispatch.java:141)
	at com.teamtop.synHandleCore.OpTaskExecutorService$Work.run(OpTaskExecutorService.java:314)
	at java.lang.Thread.run(Thread.java:745)
,hid:1000100000000002,name:才貌丿听雨WarOrderManager getReward, level=0
2020-10-27 17:37:09.111 [OpTaskExecutorService-thread-7] ERROR java.lang.Class - java.lang.NullPointerException
	at com.teamtop.system.event.useAddEvent.UseAddUtil.canAdd(UseAddUtil.java:559)
	at com.teamtop.system.activity.ativitys.warOrder.WarOrderManager.getWarOrderReward(WarOrderManager.java:147)
	at com.teamtop.system.activity.ativitys.warOrder.WarOrderCG.getWarOrderReward(WarOrderCG.java:31)
	at sun.reflect.GeneratedMethodAccessor2309.invoke(Unknown Source)
	at sun.reflect.DelegatingMethodAccessorImpl.invoke(DelegatingMethodAccessorImpl.java:43)
	at java.lang.reflect.Method.invoke(Method.java:497)
	at com.teamtop.netty.util.NettyDispatch$1.run(NettyDispatch.java:141)
	at com.teamtop.synHandleCore.OpTaskExecutorService$Work.run(OpTaskExecutorService.java:314)
	at java.lang.Thread.run(Thread.java:745)
,hid:1000100000000002,name:才貌丿听雨WarOrderManager getReward, level=0
2020-10-27 17:37:09.300 [OpTaskExecutorService-thread-7] ERROR java.lang.Class - java.lang.NullPointerException
	at com.teamtop.system.event.useAddEvent.UseAddUtil.canAdd(UseAddUtil.java:559)
	at com.teamtop.system.activity.ativitys.warOrder.WarOrderManager.getWarOrderReward(WarOrderManager.java:147)
	at com.teamtop.system.activity.ativitys.warOrder.WarOrderCG.getWarOrderReward(WarOrderCG.java:31)
	at sun.reflect.GeneratedMethodAccessor2309.invoke(Unknown Source)
	at sun.reflect.DelegatingMethodAccessorImpl.invoke(DelegatingMethodAccessorImpl.java:43)
	at java.lang.reflect.Method.invoke(Method.java:497)
	at com.teamtop.netty.util.NettyDispatch$1.run(NettyDispatch.java:141)
	at com.teamtop.synHandleCore.OpTaskExecutorService$Work.run(OpTaskExecutorService.java:314)
	at java.lang.Thread.run(Thread.java:745)
,hid:1000100000000002,name:才貌丿听雨WarOrderManager getReward, level=0
2020-10-27 17:37:09.487 [OpTaskExecutorService-thread-7] ERROR java.lang.Class - java.lang.NullPointerException
	at com.teamtop.system.event.useAddEvent.UseAddUtil.canAdd(UseAddUtil.java:559)
	at com.teamtop.system.activity.ativitys.warOrder.WarOrderManager.getWarOrderReward(WarOrderManager.java:147)
	at com.teamtop.system.activity.ativitys.warOrder.WarOrderCG.getWarOrderReward(WarOrderCG.java:31)
	at sun.reflect.GeneratedMethodAccessor2309.invoke(Unknown Source)
	at sun.reflect.DelegatingMethodAccessorImpl.invoke(DelegatingMethodAccessorImpl.java:43)
	at java.lang.reflect.Method.invoke(Method.java:497)
	at com.teamtop.netty.util.NettyDispatch$1.run(NettyDispatch.java:141)
	at com.teamtop.synHandleCore.OpTaskExecutorService$Work.run(OpTaskExecutorService.java:314)
	at java.lang.Thread.run(Thread.java:745)
,hid:1000100000000002,name:才貌丿听雨WarOrderManager getReward, level=0
2020-10-27 17:37:09.674 [OpTaskExecutorService-thread-7] ERROR java.lang.Class - java.lang.NullPointerException
	at com.teamtop.system.event.useAddEvent.UseAddUtil.canAdd(UseAddUtil.java:559)
	at com.teamtop.system.activity.ativitys.warOrder.WarOrderManager.getWarOrderReward(WarOrderManager.java:147)
	at com.teamtop.system.activity.ativitys.warOrder.WarOrderCG.getWarOrderReward(WarOrderCG.java:31)
	at sun.reflect.GeneratedMethodAccessor2309.invoke(Unknown Source)
	at sun.reflect.DelegatingMethodAccessorImpl.invoke(DelegatingMethodAccessorImpl.java:43)
	at java.lang.reflect.Method.invoke(Method.java:497)
	at com.teamtop.netty.util.NettyDispatch$1.run(NettyDispatch.java:141)
	at com.teamtop.synHandleCore.OpTaskExecutorService$Work.run(OpTaskExecutorService.java:314)
	at java.lang.Thread.run(Thread.java:745)
,hid:1000100000000002,name:才貌丿听雨WarOrderManager getReward, level=0
2020-10-27 17:37:09.861 [OpTaskExecutorService-thread-7] ERROR java.lang.Class - java.lang.NullPointerException
	at com.teamtop.system.event.useAddEvent.UseAddUtil.canAdd(UseAddUtil.java:559)
	at com.teamtop.system.activity.ativitys.warOrder.WarOrderManager.getWarOrderReward(WarOrderManager.java:147)
	at com.teamtop.system.activity.ativitys.warOrder.WarOrderCG.getWarOrderReward(WarOrderCG.java:31)
	at sun.reflect.GeneratedMethodAccessor2309.invoke(Unknown Source)
	at sun.reflect.DelegatingMethodAccessorImpl.invoke(DelegatingMethodAccessorImpl.java:43)
	at java.lang.reflect.Method.invoke(Method.java:497)
	at com.teamtop.netty.util.NettyDispatch$1.run(NettyDispatch.java:141)
	at com.teamtop.synHandleCore.OpTaskExecutorService$Work.run(OpTaskExecutorService.java:314)
	at java.lang.Thread.run(Thread.java:745)
,hid:1000100000000002,name:才貌丿听雨WarOrderManager getReward, level=0
2020-10-27 17:37:12.591 [OpTaskExecutorService-thread-7] ERROR java.lang.Class - java.lang.NullPointerException
	at com.teamtop.system.event.useAddEvent.UseAddUtil.canAdd(UseAddUtil.java:559)
	at com.teamtop.system.activity.ativitys.warOrder.WarOrderManager.getWarOrderReward(WarOrderManager.java:147)
	at com.teamtop.system.activity.ativitys.warOrder.WarOrderCG.getWarOrderReward(WarOrderCG.java:31)
	at sun.reflect.GeneratedMethodAccessor2309.invoke(Unknown Source)
	at sun.reflect.DelegatingMethodAccessorImpl.invoke(DelegatingMethodAccessorImpl.java:43)
	at java.lang.reflect.Method.invoke(Method.java:497)
	at com.teamtop.netty.util.NettyDispatch$1.run(NettyDispatch.java:141)
	at com.teamtop.synHandleCore.OpTaskExecutorService$Work.run(OpTaskExecutorService.java:314)
	at java.lang.Thread.run(Thread.java:745)
,hid:1000100000000002,name:才貌丿听雨WarOrderManager getReward, level=0
2020-10-27 17:37:12.779 [OpTaskExecutorService-thread-7] ERROR java.lang.Class - java.lang.NullPointerException
	at com.teamtop.system.event.useAddEvent.UseAddUtil.canAdd(UseAddUtil.java:559)
	at com.teamtop.system.activity.ativitys.warOrder.WarOrderManager.getWarOrderReward(WarOrderManager.java:147)
	at com.teamtop.system.activity.ativitys.warOrder.WarOrderCG.getWarOrderReward(WarOrderCG.java:31)
	at sun.reflect.GeneratedMethodAccessor2309.invoke(Unknown Source)
	at sun.reflect.DelegatingMethodAccessorImpl.invoke(DelegatingMethodAccessorImpl.java:43)
	at java.lang.reflect.Method.invoke(Method.java:497)
	at com.teamtop.netty.util.NettyDispatch$1.run(NettyDispatch.java:141)
	at com.teamtop.synHandleCore.OpTaskExecutorService$Work.run(OpTaskExecutorService.java:314)
	at java.lang.Thread.run(Thread.java:745)
,hid:1000100000000002,name:才貌丿听雨WarOrderManager getReward, level=0
2020-10-27 17:37:12.951 [OpTaskExecutorService-thread-7] ERROR java.lang.Class - java.lang.NullPointerException
	at com.teamtop.system.event.useAddEvent.UseAddUtil.canAdd(UseAddUtil.java:559)
	at com.teamtop.system.activity.ativitys.warOrder.WarOrderManager.getWarOrderReward(WarOrderManager.java:147)
	at com.teamtop.system.activity.ativitys.warOrder.WarOrderCG.getWarOrderReward(WarOrderCG.java:31)
	at sun.reflect.GeneratedMethodAccessor2309.invoke(Unknown Source)
	at sun.reflect.DelegatingMethodAccessorImpl.invoke(DelegatingMethodAccessorImpl.java:43)
	at java.lang.reflect.Method.invoke(Method.java:497)
	at com.teamtop.netty.util.NettyDispatch$1.run(NettyDispatch.java:141)
	at com.teamtop.synHandleCore.OpTaskExecutorService$Work.run(OpTaskExecutorService.java:314)
	at java.lang.Thread.run(Thread.java:745)
,hid:1000100000000002,name:才貌丿听雨WarOrderManager getReward, level=0
2020-10-27 17:37:22.421 [OpTaskExecutorService-thread-7] ERROR java.lang.Class - java.lang.NullPointerException
	at com.teamtop.system.event.useAddEvent.UseAddUtil.canAdd(UseAddUtil.java:559)
	at com.teamtop.system.activity.ativitys.warOrder.WarOrderManager.getWarOrderReward(WarOrderManager.java:147)
	at com.teamtop.system.activity.ativitys.warOrder.WarOrderCG.getWarOrderReward(WarOrderCG.java:31)
	at sun.reflect.GeneratedMethodAccessor2309.invoke(Unknown Source)
	at sun.reflect.DelegatingMethodAccessorImpl.invoke(DelegatingMethodAccessorImpl.java:43)
	at java.lang.reflect.Method.invoke(Method.java:497)
	at com.teamtop.netty.util.NettyDispatch$1.run(NettyDispatch.java:141)
	at com.teamtop.synHandleCore.OpTaskExecutorService$Work.run(OpTaskExecutorService.java:314)
	at java.lang.Thread.run(Thread.java:745)
,hid:1000100000000002,name:才貌丿听雨WarOrderManager getReward, level=0
2020-10-27 17:37:22.609 [OpTaskExecutorService-thread-7] ERROR java.lang.Class - java.lang.NullPointerException
	at com.teamtop.system.event.useAddEvent.UseAddUtil.canAdd(UseAddUtil.java:559)
	at com.teamtop.system.activity.ativitys.warOrder.WarOrderManager.getWarOrderReward(WarOrderManager.java:147)
	at com.teamtop.system.activity.ativitys.warOrder.WarOrderCG.getWarOrderReward(WarOrderCG.java:31)
	at sun.reflect.GeneratedMethodAccessor2309.invoke(Unknown Source)
	at sun.reflect.DelegatingMethodAccessorImpl.invoke(DelegatingMethodAccessorImpl.java:43)
	at java.lang.reflect.Method.invoke(Method.java:497)
	at com.teamtop.netty.util.NettyDispatch$1.run(NettyDispatch.java:141)
	at com.teamtop.synHandleCore.OpTaskExecutorService$Work.run(OpTaskExecutorService.java:314)
	at java.lang.Thread.run(Thread.java:745)
,hid:1000100000000002,name:才貌丿听雨WarOrderManager getReward, level=0
2020-10-27 17:37:22.765 [OpTaskExecutorService-thread-7] ERROR java.lang.Class - java.lang.NullPointerException
	at com.teamtop.system.event.useAddEvent.UseAddUtil.canAdd(UseAddUtil.java:559)
	at com.teamtop.system.activity.ativitys.warOrder.WarOrderManager.getWarOrderReward(WarOrderManager.java:147)
	at com.teamtop.system.activity.ativitys.warOrder.WarOrderCG.getWarOrderReward(WarOrderCG.java:31)
	at sun.reflect.GeneratedMethodAccessor2309.invoke(Unknown Source)
	at sun.reflect.DelegatingMethodAccessorImpl.invoke(DelegatingMethodAccessorImpl.java:43)
	at java.lang.reflect.Method.invoke(Method.java:497)
	at com.teamtop.netty.util.NettyDispatch$1.run(NettyDispatch.java:141)
	at com.teamtop.synHandleCore.OpTaskExecutorService$Work.run(OpTaskExecutorService.java:314)
	at java.lang.Thread.run(Thread.java:745)
,hid:1000100000000002,name:才貌丿听雨WarOrderManager getReward, level=0
2020-10-27 17:37:22.968 [OpTaskExecutorService-thread-7] ERROR java.lang.Class - java.lang.NullPointerException
	at com.teamtop.system.event.useAddEvent.UseAddUtil.canAdd(UseAddUtil.java:559)
	at com.teamtop.system.activity.ativitys.warOrder.WarOrderManager.getWarOrderReward(WarOrderManager.java:147)
	at com.teamtop.system.activity.ativitys.warOrder.WarOrderCG.getWarOrderReward(WarOrderCG.java:31)
	at sun.reflect.GeneratedMethodAccessor2309.invoke(Unknown Source)
	at sun.reflect.DelegatingMethodAccessorImpl.invoke(DelegatingMethodAccessorImpl.java:43)
	at java.lang.reflect.Method.invoke(Method.java:497)
	at com.teamtop.netty.util.NettyDispatch$1.run(NettyDispatch.java:141)
	at com.teamtop.synHandleCore.OpTaskExecutorService$Work.run(OpTaskExecutorService.java:314)
	at java.lang.Thread.run(Thread.java:745)
,hid:1000100000000002,name:才貌丿听雨WarOrderManager getReward, level=0
2020-10-27 17:37:40.540 [OpTaskExecutorService-thread-7] ERROR java.lang.Class - java.lang.NullPointerException
	at com.teamtop.system.event.useAddEvent.UseAddUtil.canAdd(UseAddUtil.java:559)
	at com.teamtop.system.activity.ativitys.warOrder.WarOrderManager.getWarOrderReward(WarOrderManager.java:147)
	at com.teamtop.system.activity.ativitys.warOrder.WarOrderCG.getWarOrderReward(WarOrderCG.java:31)
	at sun.reflect.GeneratedMethodAccessor2309.invoke(Unknown Source)
	at sun.reflect.DelegatingMethodAccessorImpl.invoke(DelegatingMethodAccessorImpl.java:43)
	at java.lang.reflect.Method.invoke(Method.java:497)
	at com.teamtop.netty.util.NettyDispatch$1.run(NettyDispatch.java:141)
	at com.teamtop.synHandleCore.OpTaskExecutorService$Work.run(OpTaskExecutorService.java:314)
	at java.lang.Thread.run(Thread.java:745)
,hid:1000100000000002,name:才貌丿听雨WarOrderManager getReward, level=0
2020-10-27 17:37:40.728 [OpTaskExecutorService-thread-7] ERROR java.lang.Class - java.lang.NullPointerException
	at com.teamtop.system.event.useAddEvent.UseAddUtil.canAdd(UseAddUtil.java:559)
	at com.teamtop.system.activity.ativitys.warOrder.WarOrderManager.getWarOrderReward(WarOrderManager.java:147)
	at com.teamtop.system.activity.ativitys.warOrder.WarOrderCG.getWarOrderReward(WarOrderCG.java:31)
	at sun.reflect.GeneratedMethodAccessor2309.invoke(Unknown Source)
	at sun.reflect.DelegatingMethodAccessorImpl.invoke(DelegatingMethodAccessorImpl.java:43)
	at java.lang.reflect.Method.invoke(Method.java:497)
	at com.teamtop.netty.util.NettyDispatch$1.run(NettyDispatch.java:141)
	at com.teamtop.synHandleCore.OpTaskExecutorService$Work.run(OpTaskExecutorService.java:314)
	at java.lang.Thread.run(Thread.java:745)
,hid:1000100000000002,name:才貌丿听雨WarOrderManager getReward, level=0
2020-10-27 17:37:40.884 [OpTaskExecutorService-thread-7] ERROR java.lang.Class - java.lang.NullPointerException
	at com.teamtop.system.event.useAddEvent.UseAddUtil.canAdd(UseAddUtil.java:559)
	at com.teamtop.system.activity.ativitys.warOrder.WarOrderManager.getWarOrderReward(WarOrderManager.java:147)
	at com.teamtop.system.activity.ativitys.warOrder.WarOrderCG.getWarOrderReward(WarOrderCG.java:31)
	at sun.reflect.GeneratedMethodAccessor2309.invoke(Unknown Source)
	at sun.reflect.DelegatingMethodAccessorImpl.invoke(DelegatingMethodAccessorImpl.java:43)
	at java.lang.reflect.Method.invoke(Method.java:497)
	at com.teamtop.netty.util.NettyDispatch$1.run(NettyDispatch.java:141)
	at com.teamtop.synHandleCore.OpTaskExecutorService$Work.run(OpTaskExecutorService.java:314)
	at java.lang.Thread.run(Thread.java:745)
,hid:1000100000000002,name:才貌丿听雨WarOrderManager getReward, level=0
2020-10-27 17:37:41.071 [OpTaskExecutorService-thread-7] ERROR java.lang.Class - java.lang.NullPointerException
	at com.teamtop.system.event.useAddEvent.UseAddUtil.canAdd(UseAddUtil.java:559)
	at com.teamtop.system.activity.ativitys.warOrder.WarOrderManager.getWarOrderReward(WarOrderManager.java:147)
	at com.teamtop.system.activity.ativitys.warOrder.WarOrderCG.getWarOrderReward(WarOrderCG.java:31)
	at sun.reflect.GeneratedMethodAccessor2309.invoke(Unknown Source)
	at sun.reflect.DelegatingMethodAccessorImpl.invoke(DelegatingMethodAccessorImpl.java:43)
	at java.lang.reflect.Method.invoke(Method.java:497)
	at com.teamtop.netty.util.NettyDispatch$1.run(NettyDispatch.java:141)
	at com.teamtop.synHandleCore.OpTaskExecutorService$Work.run(OpTaskExecutorService.java:314)
	at java.lang.Thread.run(Thread.java:745)
,hid:1000100000000002,name:才貌丿听雨WarOrderManager getReward, level=0
2020-10-27 17:37:41.258 [OpTaskExecutorService-thread-7] ERROR java.lang.Class - java.lang.NullPointerException
	at com.teamtop.system.event.useAddEvent.UseAddUtil.canAdd(UseAddUtil.java:559)
	at com.teamtop.system.activity.ativitys.warOrder.WarOrderManager.getWarOrderReward(WarOrderManager.java:147)
	at com.teamtop.system.activity.ativitys.warOrder.WarOrderCG.getWarOrderReward(WarOrderCG.java:31)
	at sun.reflect.GeneratedMethodAccessor2309.invoke(Unknown Source)
	at sun.reflect.DelegatingMethodAccessorImpl.invoke(DelegatingMethodAccessorImpl.java:43)
	at java.lang.reflect.Method.invoke(Method.java:497)
	at com.teamtop.netty.util.NettyDispatch$1.run(NettyDispatch.java:141)
	at com.teamtop.synHandleCore.OpTaskExecutorService$Work.run(OpTaskExecutorService.java:314)
	at java.lang.Thread.run(Thread.java:745)
,hid:1000100000000002,name:才貌丿听雨WarOrderManager getReward, level=0
2020-10-27 17:37:41.414 [OpTaskExecutorService-thread-7] ERROR java.lang.Class - java.lang.NullPointerException
	at com.teamtop.system.event.useAddEvent.UseAddUtil.canAdd(UseAddUtil.java:559)
	at com.teamtop.system.activity.ativitys.warOrder.WarOrderManager.getWarOrderReward(WarOrderManager.java:147)
	at com.teamtop.system.activity.ativitys.warOrder.WarOrderCG.getWarOrderReward(WarOrderCG.java:31)
	at sun.reflect.GeneratedMethodAccessor2309.invoke(Unknown Source)
	at sun.reflect.DelegatingMethodAccessorImpl.invoke(DelegatingMethodAccessorImpl.java:43)
	at java.lang.reflect.Method.invoke(Method.java:497)
	at com.teamtop.netty.util.NettyDispatch$1.run(NettyDispatch.java:141)
	at com.teamtop.synHandleCore.OpTaskExecutorService$Work.run(OpTaskExecutorService.java:314)
	at java.lang.Thread.run(Thread.java:745)
,hid:1000100000000002,name:才貌丿听雨WarOrderManager getReward, level=0
2020-10-27 17:37:43.973 [OpTaskExecutorService-thread-7] ERROR java.lang.Class - java.lang.NullPointerException
	at com.teamtop.system.event.useAddEvent.UseAddUtil.canAdd(UseAddUtil.java:559)
	at com.teamtop.system.activity.ativitys.warOrder.WarOrderManager.getWarOrderReward(WarOrderManager.java:147)
	at com.teamtop.system.activity.ativitys.warOrder.WarOrderCG.getWarOrderReward(WarOrderCG.java:31)
	at sun.reflect.GeneratedMethodAccessor2309.invoke(Unknown Source)
	at sun.reflect.DelegatingMethodAccessorImpl.invoke(DelegatingMethodAccessorImpl.java:43)
	at java.lang.reflect.Method.invoke(Method.java:497)
	at com.teamtop.netty.util.NettyDispatch$1.run(NettyDispatch.java:141)
	at com.teamtop.synHandleCore.OpTaskExecutorService$Work.run(OpTaskExecutorService.java:314)
	at java.lang.Thread.run(Thread.java:745)
,hid:1000100000000002,name:才貌丿听雨WarOrderManager getReward, level=0
