2020-11-09 22:00:13.426 [任务线程 - 5] INFO  com.teamtop.util.exector.schedule.ScheduleFixtime - day event:com.teamtop.system.crossTeamKing.cross.CrossTeamKingCrossEvent@1a891add,now:1605880620,dayTime:2157
2020-11-09 22:00:19.263 [任务线程 - 16] INFO  com.teamtop.houtaiHttp.events.kuaFuFenQu.KuaFuFenQuCache - KuaFuFenQuCache size=7
2020-11-09 22:01:19.293 [任务线程 - 7] INFO  com.teamtop.houtaiHttp.events.kuaFuFenQu.KuaFuFenQuCache - KuaFuFenQuCache size=7
2020-11-09 22:02:19.305 [任务线程 - 9] INFO  com.teamtop.houtaiHttp.events.kuaFuFenQu.KuaFuFenQuCache - KuaFuFenQuCache size=7
2020-11-09 22:03:13.325 [任务线程 - 7] INFO  com.teamtop.system.crossZhuLu.cross.CrossZhuLuSchedule - CrossZhuLuSchedule sendCityAward clearCache partId:10002
2020-11-09 22:03:13.919 [任务线程 - 14] INFO  com.teamtop.system.boss.monsterGod.MonsterGodEvent - MonsterGodEvent.fixTime cmdId:0 time:2020-11-20_22-00-00s
2020-11-09 22:03:13.919 [任务线程 - 14] INFO  com.teamtop.util.exector.schedule.ScheduleFixtime - day event:com.teamtop.system.boss.monsterGod.MonsterGodEvent@618b19ad,now:1605880800,dayTime:2200
2020-11-09 22:03:13.919 [任务线程 - 14] INFO  com.teamtop.util.exector.schedule.ScheduleFixtime - day event:com.teamtop.system.longZhongDui.LongZhongDuiEvent@5b7a5baa,now:1605880800,dayTime:2200
2020-11-09 22:03:13.950 [任务线程 - 14] INFO  com.teamtop.util.exector.schedule.ScheduleFixtime - day event:com.teamtop.system.country.newkingship.NewKingShipEvent@24269709,now:1605880800,dayTime:2200
2020-11-09 22:03:13.950 [任务线程 - 14] INFO  com.teamtop.system.crossBoss.cross.CrossBossCrossEvent - CrossBossCrossEvent.fixTime cmdId:2 time:2020-11-20_22-00-00s
2020-11-09 22:03:13.950 [任务线程 - 14] INFO  com.teamtop.util.exector.schedule.ScheduleFixtime - day event:com.teamtop.system.crossBoss.cross.CrossBossCrossEvent@4d6ee47,now:1605880800,dayTime:2200
2020-11-09 22:03:13.950 [任务线程 - 14] INFO  com.teamtop.util.exector.schedule.ScheduleFixtime - day event:com.teamtop.system.crossTeamKing.cross.CrossTeamKingCrossEvent@1a891add,now:1605880800,dayTime:2200
2020-11-09 22:03:13.950 [crossChannelEx - 2] INFO  com.teamtop.system.crossBoss.CrossBossIO - local tell cross state:2  1
2020-11-09 22:03:13.981 [任务线程 - 14] INFO  com.teamtop.system.dengFengZaoJi.event.DengFengZaoJiEvent - DengFengZaoJiEvent.fixTime cmdId:2 time:2020-11-20_22-00-00s
2020-11-09 22:03:13.981 [任务线程 - 14] INFO  com.teamtop.util.exector.schedule.ScheduleFixtime - week event:com.teamtop.system.dengFengZaoJi.event.DengFengZaoJiEvent@5c671d7f,now:1605880800,dayTime:2200
2020-11-09 22:03:19.319 [任务线程 - 6] INFO  com.teamtop.houtaiHttp.events.kuaFuFenQu.KuaFuFenQuCache - KuaFuFenQuCache size=7
2020-11-09 22:03:19.397 [crossChannelEx - 4] INFO  com.teamtop.system.crossTeamKing.CrossTeamKingIO - LRCrank success 
2020-11-09 22:03:39.653 [crossChannelEx - 1] INFO  com.teamtop.system.crossTeamKing.CrossTeamKingIO - LRCrank success 
2020-11-09 22:03:59.936 [crossChannelEx - 3] INFO  com.teamtop.system.crossTeamKing.CrossTeamKingIO - LRCrank success 
2020-11-09 22:04:19.337 [任务线程 - 8] INFO  com.teamtop.houtaiHttp.events.kuaFuFenQu.KuaFuFenQuCache - KuaFuFenQuCache size=7
2020-11-09 22:04:20.179 [crossChannelEx - 4] INFO  com.teamtop.system.crossTeamKing.CrossTeamKingIO - LRCrank success 
2020-11-09 22:04:40.452 [crossChannelEx - 1] INFO  com.teamtop.system.crossTeamKing.CrossTeamKingIO - LRCrank success 
2020-11-09 22:05:00.721 [crossChannelEx - 3] INFO  com.teamtop.system.crossTeamKing.CrossTeamKingIO - LRCrank success 
2020-11-09 22:05:19.357 [任务线程 - 11] INFO  com.teamtop.houtaiHttp.events.kuaFuFenQu.KuaFuFenQuCache - KuaFuFenQuCache size=7
2020-11-09 22:05:21.026 [crossChannelEx - 2] INFO  com.teamtop.system.crossTeamKing.CrossTeamKingIO - LRCrank success 
2020-11-09 22:05:41.311 [crossChannelEx - 4] INFO  com.teamtop.system.crossTeamKing.CrossTeamKingIO - LRCrank success 
2020-11-09 22:06:01.580 [crossChannelEx - 1] INFO  com.teamtop.system.crossTeamKing.CrossTeamKingIO - LRCrank success 
2020-11-09 22:06:19.372 [任务线程 - 15] INFO  com.teamtop.houtaiHttp.events.kuaFuFenQu.KuaFuFenQuCache - KuaFuFenQuCache size=7
2020-11-09 22:06:21.854 [crossChannelEx - 3] INFO  com.teamtop.system.crossTeamKing.CrossTeamKingIO - LRCrank success 
2020-11-09 22:06:40.953 [任务线程 - 3] INFO  com.teamtop.util.exector.schedule.SchedulerBean - 任务 [MonsterGodCache] 已取消 !
2020-11-09 22:06:41.048 [任务线程 - 3] INFO  com.teamtop.system.boss.monsterGod.MonsterGodEvent - MonsterGodEvent.fixTime cmdId:0 time:2020-11-20_22-00-00s
2020-11-09 22:06:41.048 [任务线程 - 3] INFO  com.teamtop.util.exector.schedule.ScheduleFixtime - day event:com.teamtop.system.boss.monsterGod.MonsterGodEvent@2d3379b4,now:1605880800,dayTime:2200
2020-11-09 22:06:41.063 [任务线程 - 3] INFO  com.teamtop.util.exector.schedule.ScheduleFixtime - day event:com.teamtop.system.longZhongDui.LongZhongDuiEvent@68e965f5,now:1605880800,dayTime:2200
2020-11-09 22:06:41.063 [任务线程 - 12] INFO  com.teamtop.util.exector.schedule.SchedulerBean - 任务 [longzhongduiEndHandle] 已取消 !
2020-11-09 22:06:41.063 [任务线程 - 3] INFO  com.teamtop.util.exector.schedule.ScheduleFixtime - day event:com.teamtop.system.country.newkingship.NewKingShipEvent@120f102b,now:1605880800,dayTime:2200
2020-11-09 22:06:41.063 [任务线程 - 3] INFO  com.teamtop.system.dengFengZaoJi.event.DengFengZaoJiEvent - DengFengZaoJiEvent.fixTime cmdId:2 time:2020-11-20_22-00-00s
2020-11-09 22:06:41.063 [任务线程 - 3] INFO  com.teamtop.util.exector.schedule.ScheduleFixtime - week event:com.teamtop.system.dengFengZaoJi.event.DengFengZaoJiEvent@5fbdfdcf,now:1605880800,dayTime:2200
2020-11-09 22:06:42.124 [crossChannelEx - 2] INFO  com.teamtop.system.crossTeamKing.CrossTeamKingIO - LRCrank success 
2020-11-09 22:07:02.393 [crossChannelEx - 4] INFO  com.teamtop.system.crossTeamKing.CrossTeamKingIO - LRCrank success 
2020-11-09 22:07:19.387 [任务线程 - 13] INFO  com.teamtop.houtaiHttp.events.kuaFuFenQu.KuaFuFenQuCache - KuaFuFenQuCache size=7
2020-11-09 22:07:22.679 [crossChannelEx - 1] INFO  com.teamtop.system.crossTeamKing.CrossTeamKingIO - LRCrank success 
2020-11-09 22:07:41.145 [任务线程 - 13] INFO  com.teamtop.system.event.backstage.BackstageSystemEvent - 60m event:com.teamtop.system.event.backstage.events.flowMMCache.FlowMMCacheEvent@6f45e944,now:1605880860
2020-11-09 22:07:42.939 [crossChannelEx - 3] INFO  com.teamtop.system.crossTeamKing.CrossTeamKingIO - LRCrank success 
2020-11-09 22:08:03.209 [crossChannelEx - 2] INFO  com.teamtop.system.crossTeamKing.CrossTeamKingIO - LRCrank success 
2020-11-09 22:08:19.395 [任务线程 - 9] INFO  com.teamtop.houtaiHttp.events.kuaFuFenQu.KuaFuFenQuCache - KuaFuFenQuCache size=7
2020-11-09 22:08:23.483 [crossChannelEx - 4] INFO  com.teamtop.system.crossTeamKing.CrossTeamKingIO - LRCrank success 
2020-11-09 22:08:43.758 [crossChannelEx - 1] INFO  com.teamtop.system.crossTeamKing.CrossTeamKingIO - LRCrank success 
2020-11-09 22:09:04.030 [crossChannelEx - 3] INFO  com.teamtop.system.crossTeamKing.CrossTeamKingIO - LRCrank success 
2020-11-09 22:09:19.402 [任务线程 - 10] INFO  com.teamtop.houtaiHttp.events.kuaFuFenQu.KuaFuFenQuCache - KuaFuFenQuCache size=7
2020-11-09 22:09:24.302 [crossChannelEx - 4] INFO  com.teamtop.system.crossTeamKing.CrossTeamKingIO - LRCrank success 
2020-11-09 22:09:44.544 [crossChannelEx - 1] INFO  com.teamtop.system.crossTeamKing.CrossTeamKingIO - LRCrank success 
2020-11-09 22:10:04.859 [crossChannelEx - 3] INFO  com.teamtop.system.crossTeamKing.CrossTeamKingIO - LRCrank success 
2020-11-09 22:10:19.419 [任务线程 - 16] INFO  com.teamtop.houtaiHttp.events.kuaFuFenQu.KuaFuFenQuCache - KuaFuFenQuCache size=7
2020-11-09 22:10:25.129 [crossChannelEx - 2] INFO  com.teamtop.system.crossTeamKing.CrossTeamKingIO - LRCrank success 
2020-11-09 22:10:45.402 [crossChannelEx - 4] INFO  com.teamtop.system.crossTeamKing.CrossTeamKingIO - LRCrank success 
2020-11-09 22:11:05.671 [crossChannelEx - 1] INFO  com.teamtop.system.crossTeamKing.CrossTeamKingIO - LRCrank success 
2020-11-09 22:11:19.439 [任务线程 - 6] INFO  com.teamtop.houtaiHttp.events.kuaFuFenQu.KuaFuFenQuCache - KuaFuFenQuCache size=7
2020-11-09 22:11:25.930 [crossChannelEx - 3] INFO  com.teamtop.system.crossTeamKing.CrossTeamKingIO - LRCrank success 
2020-11-09 22:11:46.189 [crossChannelEx - 2] INFO  com.teamtop.system.crossTeamKing.CrossTeamKingIO - LRCrank success 
2020-11-09 22:12:06.458 [crossChannelEx - 4] INFO  com.teamtop.system.crossTeamKing.CrossTeamKingIO - LRCrank success 
2020-11-09 22:12:19.457 [任务线程 - 8] INFO  com.teamtop.houtaiHttp.events.kuaFuFenQu.KuaFuFenQuCache - KuaFuFenQuCache size=7
2020-11-09 22:12:26.731 [crossChannelEx - 1] INFO  com.teamtop.system.crossTeamKing.CrossTeamKingIO - LRCrank success 
2020-11-09 22:12:46.994 [crossChannelEx - 3] INFO  com.teamtop.system.crossTeamKing.CrossTeamKingIO - LRCrank success 
2020-11-09 22:13:07.278 [crossChannelEx - 2] INFO  com.teamtop.system.crossTeamKing.CrossTeamKingIO - LRCrank success 
2020-11-09 22:13:19.466 [任务线程 - 1] INFO  com.teamtop.houtaiHttp.events.kuaFuFenQu.KuaFuFenQuCache - KuaFuFenQuCache size=7
2020-11-09 22:13:27.551 [crossChannelEx - 4] INFO  com.teamtop.system.crossTeamKing.CrossTeamKingIO - LRCrank success 
2020-11-09 22:13:47.821 [crossChannelEx - 1] INFO  com.teamtop.system.crossTeamKing.CrossTeamKingIO - LRCrank success 
2020-11-09 22:14:08.061 [crossChannelEx - 3] INFO  com.teamtop.system.crossTeamKing.CrossTeamKingIO - LRCrank success 
2020-11-09 22:14:19.485 [任务线程 - 8] INFO  com.teamtop.houtaiHttp.events.kuaFuFenQu.KuaFuFenQuCache - KuaFuFenQuCache size=7
2020-11-09 22:14:28.333 [crossChannelEx - 4] INFO  com.teamtop.system.crossTeamKing.CrossTeamKingIO - LRCrank success 
2020-11-09 22:14:48.587 [crossChannelEx - 1] INFO  com.teamtop.system.crossTeamKing.CrossTeamKingIO - LRCrank success 
2020-11-09 22:15:08.846 [crossChannelEx - 3] INFO  com.teamtop.system.crossTeamKing.CrossTeamKingIO - LRCrank success 
2020-11-09 22:15:19.506 [任务线程 - 13] INFO  com.teamtop.houtaiHttp.events.kuaFuFenQu.KuaFuFenQuCache - KuaFuFenQuCache size=7
2020-11-09 22:15:29.103 [crossChannelEx - 2] INFO  com.teamtop.system.crossTeamKing.CrossTeamKingIO - LRCrank success 
2020-11-09 22:15:49.377 [crossChannelEx - 4] INFO  com.teamtop.system.crossTeamKing.CrossTeamKingIO - LRCrank success 
2020-11-09 22:16:09.650 [crossChannelEx - 1] INFO  com.teamtop.system.crossTeamKing.CrossTeamKingIO - LRCrank success 
2020-11-09 22:16:19.528 [任务线程 - 9] INFO  com.teamtop.houtaiHttp.events.kuaFuFenQu.KuaFuFenQuCache - KuaFuFenQuCache size=7
2020-11-09 22:16:29.894 [crossChannelEx - 3] INFO  com.teamtop.system.crossTeamKing.CrossTeamKingIO - LRCrank success 
2020-11-09 22:16:50.180 [crossChannelEx - 2] INFO  com.teamtop.system.crossTeamKing.CrossTeamKingIO - LRCrank success 
2020-11-09 22:17:10.437 [crossChannelEx - 4] INFO  com.teamtop.system.crossTeamKing.CrossTeamKingIO - LRCrank success 
2020-11-09 22:17:19.550 [任务线程 - 3] INFO  com.teamtop.houtaiHttp.events.kuaFuFenQu.KuaFuFenQuCache - KuaFuFenQuCache size=7
2020-11-09 22:17:30.696 [crossChannelEx - 1] INFO  com.teamtop.system.crossTeamKing.CrossTeamKingIO - LRCrank success 
2020-11-09 22:17:50.980 [crossChannelEx - 3] INFO  com.teamtop.system.crossTeamKing.CrossTeamKingIO - LRCrank success 
2020-11-09 22:18:11.253 [crossChannelEx - 2] INFO  com.teamtop.system.crossTeamKing.CrossTeamKingIO - LRCrank success 
2020-11-09 22:18:19.570 [任务线程 - 4] INFO  com.teamtop.houtaiHttp.events.kuaFuFenQu.KuaFuFenQuCache - KuaFuFenQuCache size=7
2020-11-09 22:18:31.524 [crossChannelEx - 4] INFO  com.teamtop.system.crossTeamKing.CrossTeamKingIO - LRCrank success 
2020-11-09 22:18:51.795 [crossChannelEx - 1] INFO  com.teamtop.system.crossTeamKing.CrossTeamKingIO - LRCrank success 
2020-11-09 22:19:12.053 [crossChannelEx - 3] INFO  com.teamtop.system.crossTeamKing.CrossTeamKingIO - LRCrank success 
2020-11-09 22:19:19.590 [任务线程 - 5] INFO  com.teamtop.houtaiHttp.events.kuaFuFenQu.KuaFuFenQuCache - KuaFuFenQuCache size=7
2020-11-09 22:19:32.327 [crossChannelEx - 4] INFO  com.teamtop.system.crossTeamKing.CrossTeamKingIO - LRCrank success 
2020-11-09 22:19:52.610 [crossChannelEx - 1] INFO  com.teamtop.system.crossTeamKing.CrossTeamKingIO - LRCrank success 
2020-11-09 22:20:12.883 [crossChannelEx - 3] INFO  com.teamtop.system.crossTeamKing.CrossTeamKingIO - LRCrank success 
2020-11-09 22:20:19.609 [任务线程 - 11] INFO  com.teamtop.houtaiHttp.events.kuaFuFenQu.KuaFuFenQuCache - KuaFuFenQuCache size=7
2020-11-09 22:20:33.158 [crossChannelEx - 2] INFO  com.teamtop.system.crossTeamKing.CrossTeamKingIO - LRCrank success 
2020-11-09 22:20:53.427 [crossChannelEx - 4] INFO  com.teamtop.system.crossTeamKing.CrossTeamKingIO - LRCrank success 
2020-11-09 22:21:13.689 [crossChannelEx - 1] INFO  com.teamtop.system.crossTeamKing.CrossTeamKingIO - LRCrank success 
2020-11-09 22:21:19.619 [任务线程 - 8] INFO  com.teamtop.houtaiHttp.events.kuaFuFenQu.KuaFuFenQuCache - KuaFuFenQuCache size=7
2020-11-09 22:21:33.960 [crossChannelEx - 3] INFO  com.teamtop.system.crossTeamKing.CrossTeamKingIO - LRCrank success 
2020-11-09 22:21:54.244 [crossChannelEx - 2] INFO  com.teamtop.system.crossTeamKing.CrossTeamKingIO - LRCrank success 
2020-11-09 22:22:14.530 [crossChannelEx - 4] INFO  com.teamtop.system.crossTeamKing.CrossTeamKingIO - LRCrank success 
2020-11-09 22:22:19.634 [任务线程 - 13] INFO  com.teamtop.houtaiHttp.events.kuaFuFenQu.KuaFuFenQuCache - KuaFuFenQuCache size=7
2020-11-09 22:22:34.817 [crossChannelEx - 1] INFO  com.teamtop.system.crossTeamKing.CrossTeamKingIO - LRCrank success 
2020-11-09 22:22:55.119 [crossChannelEx - 3] INFO  com.teamtop.system.crossTeamKing.CrossTeamKingIO - LRCrank success 
2020-11-09 22:23:15.376 [crossChannelEx - 2] INFO  com.teamtop.system.crossTeamKing.CrossTeamKingIO - LRCrank success 
2020-11-09 22:23:19.654 [任务线程 - 15] INFO  com.teamtop.houtaiHttp.events.kuaFuFenQu.KuaFuFenQuCache - KuaFuFenQuCache size=7
2020-11-09 22:23:35.621 [crossChannelEx - 4] INFO  com.teamtop.system.crossTeamKing.CrossTeamKingIO - LRCrank success 
2020-11-09 22:23:55.905 [crossChannelEx - 1] INFO  com.teamtop.system.crossTeamKing.CrossTeamKingIO - LRCrank success 
2020-11-09 22:24:16.179 [crossChannelEx - 2] INFO  com.teamtop.system.crossTeamKing.CrossTeamKingIO - LRCrank success 
2020-11-09 22:24:19.665 [任务线程 - 10] INFO  com.teamtop.houtaiHttp.events.kuaFuFenQu.KuaFuFenQuCache - KuaFuFenQuCache size=7
2020-11-09 22:24:36.424 [crossChannelEx - 4] INFO  com.teamtop.system.crossTeamKing.CrossTeamKingIO - LRCrank success 
2020-11-09 22:24:56.694 [crossChannelEx - 1] INFO  com.teamtop.system.crossTeamKing.CrossTeamKingIO - LRCrank success 
2020-11-09 22:25:16.971 [crossChannelEx - 3] INFO  com.teamtop.system.crossTeamKing.CrossTeamKingIO - LRCrank success 
2020-11-09 22:25:19.672 [任务线程 - 8] INFO  com.teamtop.houtaiHttp.events.kuaFuFenQu.KuaFuFenQuCache - KuaFuFenQuCache size=7
2020-11-09 22:25:37.243 [crossChannelEx - 2] INFO  com.teamtop.system.crossTeamKing.CrossTeamKingIO - LRCrank success 
2020-11-09 22:25:57.511 [crossChannelEx - 4] INFO  com.teamtop.system.crossTeamKing.CrossTeamKingIO - LRCrank success 
2020-11-09 22:26:17.786 [crossChannelEx - 1] INFO  com.teamtop.system.crossTeamKing.CrossTeamKingIO - LRCrank success 
2020-11-09 22:26:19.692 [任务线程 - 14] INFO  com.teamtop.houtaiHttp.events.kuaFuFenQu.KuaFuFenQuCache - KuaFuFenQuCache size=7
2020-11-09 22:26:38.043 [crossChannelEx - 3] INFO  com.teamtop.system.crossTeamKing.CrossTeamKingIO - LRCrank success 
2020-11-09 22:26:58.326 [crossChannelEx - 2] INFO  com.teamtop.system.crossTeamKing.CrossTeamKingIO - LRCrank success 
2020-11-09 22:27:18.596 [crossChannelEx - 4] INFO  com.teamtop.system.crossTeamKing.CrossTeamKingIO - LRCrank success 
2020-11-09 22:27:19.707 [任务线程 - 12] INFO  com.teamtop.houtaiHttp.events.kuaFuFenQu.KuaFuFenQuCache - KuaFuFenQuCache size=7
2020-11-09 22:27:38.854 [crossChannelEx - 1] INFO  com.teamtop.system.crossTeamKing.CrossTeamKingIO - LRCrank success 
2020-11-09 22:27:59.139 [crossChannelEx - 3] INFO  com.teamtop.system.crossTeamKing.CrossTeamKingIO - LRCrank success 
2020-11-09 22:28:19.402 [crossChannelEx - 2] INFO  com.teamtop.system.crossTeamKing.CrossTeamKingIO - LRCrank success 
2020-11-09 22:28:19.715 [任务线程 - 14] INFO  com.teamtop.houtaiHttp.events.kuaFuFenQu.KuaFuFenQuCache - KuaFuFenQuCache size=7
2020-11-09 22:28:39.673 [crossChannelEx - 4] INFO  com.teamtop.system.crossTeamKing.CrossTeamKingIO - LRCrank success 
2020-11-09 22:28:59.928 [crossChannelEx - 1] INFO  com.teamtop.system.crossTeamKing.CrossTeamKingIO - LRCrank success 
2020-11-09 22:29:19.725 [任务线程 - 13] INFO  com.teamtop.houtaiHttp.events.kuaFuFenQu.KuaFuFenQuCache - KuaFuFenQuCache size=7
2020-11-09 22:29:20.163 [crossChannelEx - 2] INFO  com.teamtop.system.crossTeamKing.CrossTeamKingIO - LRCrank success 
2020-11-09 22:29:40.448 [crossChannelEx - 4] INFO  com.teamtop.system.crossTeamKing.CrossTeamKingIO - LRCrank success 
2020-11-09 22:30:00.732 [crossChannelEx - 1] INFO  com.teamtop.system.crossTeamKing.CrossTeamKingIO - LRCrank success 
2020-11-09 22:30:19.739 [任务线程 - 3] INFO  com.teamtop.houtaiHttp.events.kuaFuFenQu.KuaFuFenQuCache - KuaFuFenQuCache size=7
2020-11-09 22:30:20.988 [crossChannelEx - 3] INFO  com.teamtop.system.crossTeamKing.CrossTeamKingIO - LRCrank success 
2020-11-09 22:30:41.247 [crossChannelEx - 2] INFO  com.teamtop.system.crossTeamKing.CrossTeamKingIO - LRCrank success 
2020-11-09 22:31:01.518 [crossChannelEx - 4] INFO  com.teamtop.system.crossTeamKing.CrossTeamKingIO - LRCrank success 
2020-11-09 22:31:19.762 [任务线程 - 5] INFO  com.teamtop.houtaiHttp.events.kuaFuFenQu.KuaFuFenQuCache - KuaFuFenQuCache size=7
2020-11-09 22:31:21.791 [crossChannelEx - 1] INFO  com.teamtop.system.crossTeamKing.CrossTeamKingIO - LRCrank success 
2020-11-09 22:31:42.077 [crossChannelEx - 3] INFO  com.teamtop.system.crossTeamKing.CrossTeamKingIO - LRCrank success 
2020-11-09 22:32:02.335 [crossChannelEx - 2] INFO  com.teamtop.system.crossTeamKing.CrossTeamKingIO - LRCrank success 
2020-11-09 22:32:19.781 [任务线程 - 3] INFO  com.teamtop.houtaiHttp.events.kuaFuFenQu.KuaFuFenQuCache - KuaFuFenQuCache size=7
2020-11-09 22:32:22.591 [crossChannelEx - 4] INFO  com.teamtop.system.crossTeamKing.CrossTeamKingIO - LRCrank success 
2020-11-09 22:32:42.877 [crossChannelEx - 1] INFO  com.teamtop.system.crossTeamKing.CrossTeamKingIO - LRCrank success 
2020-11-09 22:33:03.147 [crossChannelEx - 3] INFO  com.teamtop.system.crossTeamKing.CrossTeamKingIO - LRCrank success 
2020-11-09 22:33:19.798 [任务线程 - 2] INFO  com.teamtop.houtaiHttp.events.kuaFuFenQu.KuaFuFenQuCache - KuaFuFenQuCache size=7
2020-11-09 22:33:23.434 [crossChannelEx - 2] INFO  com.teamtop.system.crossTeamKing.CrossTeamKingIO - LRCrank success 
2020-11-09 22:33:43.696 [crossChannelEx - 4] INFO  com.teamtop.system.crossTeamKing.CrossTeamKingIO - LRCrank success 
2020-11-09 22:34:03.952 [crossChannelEx - 1] INFO  com.teamtop.system.crossTeamKing.CrossTeamKingIO - LRCrank success 
2020-11-09 22:34:19.809 [任务线程 - 3] INFO  com.teamtop.houtaiHttp.events.kuaFuFenQu.KuaFuFenQuCache - KuaFuFenQuCache size=7
2020-11-09 22:34:24.225 [crossChannelEx - 2] INFO  com.teamtop.system.crossTeamKing.CrossTeamKingIO - LRCrank success 
2020-11-09 22:34:44.496 [crossChannelEx - 4] INFO  com.teamtop.system.crossTeamKing.CrossTeamKingIO - LRCrank success 
2020-11-09 22:35:04.765 [crossChannelEx - 1] INFO  com.teamtop.system.crossTeamKing.CrossTeamKingIO - LRCrank success 
2020-11-09 22:35:19.826 [任务线程 - 2] INFO  com.teamtop.houtaiHttp.events.kuaFuFenQu.KuaFuFenQuCache - KuaFuFenQuCache size=7
2020-11-09 22:35:25.023 [crossChannelEx - 3] INFO  com.teamtop.system.crossTeamKing.CrossTeamKingIO - LRCrank success 
2020-11-09 22:35:45.292 [crossChannelEx - 2] INFO  com.teamtop.system.crossTeamKing.CrossTeamKingIO - LRCrank success 
2020-11-09 22:36:05.577 [crossChannelEx - 4] INFO  com.teamtop.system.crossTeamKing.CrossTeamKingIO - LRCrank success 
2020-11-09 22:36:19.843 [任务线程 - 15] INFO  com.teamtop.houtaiHttp.events.kuaFuFenQu.KuaFuFenQuCache - KuaFuFenQuCache size=7
2020-11-09 22:36:25.820 [crossChannelEx - 1] INFO  com.teamtop.system.crossTeamKing.CrossTeamKingIO - LRCrank success 
2020-11-09 22:36:46.076 [crossChannelEx - 3] INFO  com.teamtop.system.crossTeamKing.CrossTeamKingIO - LRCrank success 
2020-11-09 22:37:06.345 [crossChannelEx - 2] INFO  com.teamtop.system.crossTeamKing.CrossTeamKingIO - LRCrank success 
2020-11-09 22:37:19.859 [任务线程 - 6] INFO  com.teamtop.houtaiHttp.events.kuaFuFenQu.KuaFuFenQuCache - KuaFuFenQuCache size=7
2020-11-09 22:37:26.647 [crossChannelEx - 4] INFO  com.teamtop.system.crossTeamKing.CrossTeamKingIO - LRCrank success 
2020-11-09 22:37:46.888 [crossChannelEx - 1] INFO  com.teamtop.system.crossTeamKing.CrossTeamKingIO - LRCrank success 
2020-11-09 22:38:07.161 [crossChannelEx - 3] INFO  com.teamtop.system.crossTeamKing.CrossTeamKingIO - LRCrank success 
2020-11-09 22:38:19.879 [任务线程 - 2] INFO  com.teamtop.houtaiHttp.events.kuaFuFenQu.KuaFuFenQuCache - KuaFuFenQuCache size=7
2020-11-09 22:38:27.432 [crossChannelEx - 2] INFO  com.teamtop.system.crossTeamKing.CrossTeamKingIO - LRCrank success 
2020-11-09 22:38:47.717 [crossChannelEx - 4] INFO  com.teamtop.system.crossTeamKing.CrossTeamKingIO - LRCrank success 
2020-11-09 22:39:08.002 [crossChannelEx - 1] INFO  com.teamtop.system.crossTeamKing.CrossTeamKingIO - LRCrank success 
2020-11-09 22:39:19.895 [任务线程 - 1] INFO  com.teamtop.houtaiHttp.events.kuaFuFenQu.KuaFuFenQuCache - KuaFuFenQuCache size=7
2020-11-09 22:39:28.276 [crossChannelEx - 2] INFO  com.teamtop.system.crossTeamKing.CrossTeamKingIO - LRCrank success 
2020-11-09 22:39:48.545 [crossChannelEx - 4] INFO  com.teamtop.system.crossTeamKing.CrossTeamKingIO - LRCrank success 
2020-11-09 22:40:08.829 [crossChannelEx - 1] INFO  com.teamtop.system.crossTeamKing.CrossTeamKingIO - LRCrank success 
2020-11-09 22:40:19.909 [任务线程 - 5] INFO  com.teamtop.houtaiHttp.events.kuaFuFenQu.KuaFuFenQuCache - KuaFuFenQuCache size=7
2020-11-09 22:40:29.103 [crossChannelEx - 3] INFO  com.teamtop.system.crossTeamKing.CrossTeamKingIO - LRCrank success 
2020-11-09 22:40:49.372 [crossChannelEx - 2] INFO  com.teamtop.system.crossTeamKing.CrossTeamKingIO - LRCrank success 
2020-11-09 22:41:09.630 [crossChannelEx - 4] INFO  com.teamtop.system.crossTeamKing.CrossTeamKingIO - LRCrank success 
2020-11-09 22:41:19.929 [任务线程 - 13] INFO  com.teamtop.houtaiHttp.events.kuaFuFenQu.KuaFuFenQuCache - KuaFuFenQuCache size=7
2020-11-09 22:41:29.889 [crossChannelEx - 1] INFO  com.teamtop.system.crossTeamKing.CrossTeamKingIO - LRCrank success 
2020-11-09 22:41:50.142 [crossChannelEx - 3] INFO  com.teamtop.system.crossTeamKing.CrossTeamKingIO - LRCrank success 
2020-11-09 22:42:10.427 [crossChannelEx - 2] INFO  com.teamtop.system.crossTeamKing.CrossTeamKingIO - LRCrank success 
2020-11-09 22:42:19.950 [任务线程 - 7] INFO  com.teamtop.houtaiHttp.events.kuaFuFenQu.KuaFuFenQuCache - KuaFuFenQuCache size=7
2020-11-09 22:42:30.676 [crossChannelEx - 4] INFO  com.teamtop.system.crossTeamKing.CrossTeamKingIO - LRCrank success 
2020-11-09 22:42:50.946 [crossChannelEx - 1] INFO  com.teamtop.system.crossTeamKing.CrossTeamKingIO - LRCrank success 
2020-11-09 22:43:11.231 [crossChannelEx - 3] INFO  com.teamtop.system.crossTeamKing.CrossTeamKingIO - LRCrank success 
2020-11-09 22:43:19.969 [任务线程 - 14] INFO  com.teamtop.houtaiHttp.events.kuaFuFenQu.KuaFuFenQuCache - KuaFuFenQuCache size=7
2020-11-09 22:43:31.503 [crossChannelEx - 2] INFO  com.teamtop.system.crossTeamKing.CrossTeamKingIO - LRCrank success 
2020-11-09 22:43:51.787 [crossChannelEx - 4] INFO  com.teamtop.system.crossTeamKing.CrossTeamKingIO - LRCrank success 
2020-11-09 22:44:12.058 [crossChannelEx - 1] INFO  com.teamtop.system.crossTeamKing.CrossTeamKingIO - LRCrank success 
2020-11-09 22:44:19.986 [任务线程 - 16] INFO  com.teamtop.houtaiHttp.events.kuaFuFenQu.KuaFuFenQuCache - KuaFuFenQuCache size=7
2020-11-09 22:44:32.302 [crossChannelEx - 2] INFO  com.teamtop.system.crossTeamKing.CrossTeamKingIO - LRCrank success 
2020-11-09 22:44:52.571 [crossChannelEx - 4] INFO  com.teamtop.system.crossTeamKing.CrossTeamKingIO - LRCrank success 
2020-11-09 22:45:12.857 [crossChannelEx - 1] INFO  com.teamtop.system.crossTeamKing.CrossTeamKingIO - LRCrank success 
2020-11-09 22:45:20.004 [任务线程 - 3] INFO  com.teamtop.houtaiHttp.events.kuaFuFenQu.KuaFuFenQuCache - KuaFuFenQuCache size=7
2020-11-09 22:45:33.129 [crossChannelEx - 3] INFO  com.teamtop.system.crossTeamKing.CrossTeamKingIO - LRCrank success 
2020-11-09 22:45:53.412 [crossChannelEx - 2] INFO  com.teamtop.system.crossTeamKing.CrossTeamKingIO - LRCrank success 
2020-11-09 22:46:13.652 [crossChannelEx - 4] INFO  com.teamtop.system.crossTeamKing.CrossTeamKingIO - LRCrank success 
2020-11-09 22:46:20.019 [任务线程 - 11] INFO  com.teamtop.houtaiHttp.events.kuaFuFenQu.KuaFuFenQuCache - KuaFuFenQuCache size=7
2020-11-09 22:46:33.911 [crossChannelEx - 1] INFO  com.teamtop.system.crossTeamKing.CrossTeamKingIO - LRCrank success 
2020-11-09 22:46:54.179 [crossChannelEx - 3] INFO  com.teamtop.system.crossTeamKing.CrossTeamKingIO - LRCrank success 
2020-11-09 22:47:14.452 [crossChannelEx - 2] INFO  com.teamtop.system.crossTeamKing.CrossTeamKingIO - LRCrank success 
2020-11-09 22:47:20.039 [任务线程 - 9] INFO  com.teamtop.houtaiHttp.events.kuaFuFenQu.KuaFuFenQuCache - KuaFuFenQuCache size=7
2020-11-09 22:47:34.697 [crossChannelEx - 4] INFO  com.teamtop.system.crossTeamKing.CrossTeamKingIO - LRCrank success 
2020-11-09 22:47:54.981 [crossChannelEx - 1] INFO  com.teamtop.system.crossTeamKing.CrossTeamKingIO - LRCrank success 
2020-11-09 22:48:15.258 [crossChannelEx - 3] INFO  com.teamtop.system.crossTeamKing.CrossTeamKingIO - LRCrank success 
2020-11-09 22:48:20.065 [任务线程 - 16] INFO  com.teamtop.houtaiHttp.events.kuaFuFenQu.KuaFuFenQuCache - KuaFuFenQuCache size=7
2020-11-09 22:48:35.536 [crossChannelEx - 2] INFO  com.teamtop.system.crossTeamKing.CrossTeamKingIO - LRCrank success 
2020-11-09 22:48:55.819 [crossChannelEx - 4] INFO  com.teamtop.system.crossTeamKing.CrossTeamKingIO - LRCrank success 
2020-11-09 22:49:16.082 [crossChannelEx - 3] INFO  com.teamtop.system.crossTeamKing.CrossTeamKingIO - LRCrank success 
2020-11-09 22:49:20.078 [任务线程 - 14] INFO  com.teamtop.houtaiHttp.events.kuaFuFenQu.KuaFuFenQuCache - KuaFuFenQuCache size=7
2020-11-09 22:49:36.369 [crossChannelEx - 2] INFO  com.teamtop.system.crossTeamKing.CrossTeamKingIO - LRCrank success 
2020-11-09 22:49:56.620 [crossChannelEx - 4] INFO  com.teamtop.system.crossTeamKing.CrossTeamKingIO - LRCrank success 
2020-11-09 22:50:16.880 [crossChannelEx - 1] INFO  com.teamtop.system.crossTeamKing.CrossTeamKingIO - LRCrank success 
2020-11-09 22:50:20.096 [任务线程 - 4] INFO  com.teamtop.houtaiHttp.events.kuaFuFenQu.KuaFuFenQuCache - KuaFuFenQuCache size=7
2020-11-09 22:50:37.204 [crossChannelEx - 3] INFO  com.teamtop.system.crossTeamKing.CrossTeamKingIO - LRCrank success 
2020-11-09 22:50:57.471 [crossChannelEx - 2] INFO  com.teamtop.system.crossTeamKing.CrossTeamKingIO - LRCrank success 
2020-11-09 22:51:17.727 [crossChannelEx - 4] INFO  com.teamtop.system.crossTeamKing.CrossTeamKingIO - LRCrank success 
2020-11-09 22:51:20.116 [任务线程 - 3] INFO  com.teamtop.houtaiHttp.events.kuaFuFenQu.KuaFuFenQuCache - KuaFuFenQuCache size=7
2020-11-09 22:51:37.996 [crossChannelEx - 1] INFO  com.teamtop.system.crossTeamKing.CrossTeamKingIO - LRCrank success 
2020-11-09 22:51:58.263 [crossChannelEx - 3] INFO  com.teamtop.system.crossTeamKing.CrossTeamKingIO - LRCrank success 
2020-11-09 22:52:18.520 [crossChannelEx - 2] INFO  com.teamtop.system.crossTeamKing.CrossTeamKingIO - LRCrank success 
2020-11-09 22:52:20.129 [任务线程 - 13] INFO  com.teamtop.houtaiHttp.events.kuaFuFenQu.KuaFuFenQuCache - KuaFuFenQuCache size=7
2020-11-09 22:52:38.791 [crossChannelEx - 4] INFO  com.teamtop.system.crossTeamKing.CrossTeamKingIO - LRCrank success 
2020-11-09 22:52:59.075 [crossChannelEx - 1] INFO  com.teamtop.system.crossTeamKing.CrossTeamKingIO - LRCrank success 
2020-11-09 22:53:13.167 [任务线程 - 12] INFO  com.teamtop.util.exector.schedule.SchedulerBean - 任务 [ZSBOSS] 已取消 !
2020-11-09 22:53:13.167 [任务线程 - 12] INFO  com.teamtop.system.crossBoss.CrossBossFunction - crossBoss addHp=-2, xhp=0, maxNum=20, minNum=0, useTime=9999
2020-11-09 22:53:13.167 [任务线程 - 12] INFO  com.teamtop.system.crossBoss.CrossBossFunction - crossBoss addHp=-2, xhp=0, maxNum=20, minNum=0
2020-11-09 22:53:13.167 [任务线程 - 12] INFO  com.teamtop.system.crossBoss.CrossBossFunction - crossBoss addHp=-2, xhp=0, maxNum=20, minNum=0, useTime=9999
2020-11-09 22:53:13.167 [任务线程 - 12] INFO  com.teamtop.system.crossBoss.CrossBossFunction - crossBoss addHp=-2, xhp=0, maxNum=20, minNum=0
2020-11-09 22:53:13.167 [任务线程 - 12] INFO  com.teamtop.system.crossBoss.CrossBossFunction - crossBoss addHp=-2, xhp=0, maxNum=20, minNum=0, useTime=9999
2020-11-09 22:53:13.167 [任务线程 - 12] INFO  com.teamtop.system.crossBoss.CrossBossFunction - crossBoss addHp=-2, xhp=0, maxNum=20, minNum=0
2020-11-09 22:53:13.167 [任务线程 - 12] INFO  com.teamtop.system.crossBoss.CrossBossFunction - crossBoss addHp=-2, xhp=0, maxNum=20, minNum=0, useTime=9999
2020-11-09 22:53:13.167 [任务线程 - 12] INFO  com.teamtop.system.crossBoss.CrossBossFunction - crossBoss addHp=-2, xhp=0, maxNum=20, minNum=0
2020-11-09 22:53:13.167 [任务线程 - 12] INFO  com.teamtop.system.crossBoss.CrossBossFunction - crossBoss addHp=-2, xhp=0, maxNum=20, minNum=0, useTime=9999
2020-11-09 22:53:13.167 [任务线程 - 12] INFO  com.teamtop.system.crossBoss.CrossBossFunction - crossBoss addHp=-2, xhp=0, maxNum=20, minNum=0
2020-11-09 22:53:13.183 [crossChannelEx - 3] INFO  com.teamtop.system.crossBoss.CrossBossIO - localReceiveData :{{240003:{{240003,0,{!},{!},!}},240002:{{240002,0,{!},{!},!}},240001:{{240001,0,{!},{!},!}},240005:{{240005,0,{!},{!},!}},240004:{{240004,0,{!},{!},!}}},{1}}
2020-11-09 22:53:13.220 [任务线程 - 12] INFO  com.teamtop.system.crossBoss.cross.CrossBossCrossEvent - CrossBossCrossEvent.fixTime cmdId:0 time:2020-11-20_22-50-00s
2020-11-09 22:53:13.220 [任务线程 - 12] INFO  com.teamtop.util.exector.schedule.ScheduleFixtime - day event:com.teamtop.system.crossBoss.cross.CrossBossCrossEvent@4d6ee47,now:1605883800,dayTime:2250
2020-11-09 22:53:13.220 [crossChannelEx - 2] INFO  com.teamtop.system.crossBoss.CrossBossIO - local tell cross state:0  1
2020-11-09 22:53:19.357 [crossChannelEx - 4] INFO  com.teamtop.system.crossTeamKing.CrossTeamKingIO - LRCrank success 
2020-11-09 22:53:20.138 [任务线程 - 2] INFO  com.teamtop.houtaiHttp.events.kuaFuFenQu.KuaFuFenQuCache - KuaFuFenQuCache size=7
2020-11-09 22:53:39.603 [crossChannelEx - 1] INFO  com.teamtop.system.crossTeamKing.CrossTeamKingIO - LRCrank success 
2020-11-09 22:53:59.886 [crossChannelEx - 3] INFO  com.teamtop.system.crossTeamKing.CrossTeamKingIO - LRCrank success 
2020-11-09 22:54:20.145 [crossChannelEx - 4] INFO  com.teamtop.system.crossTeamKing.CrossTeamKingIO - LRCrank success 
2020-11-09 22:54:20.145 [任务线程 - 3] INFO  com.teamtop.houtaiHttp.events.kuaFuFenQu.KuaFuFenQuCache - KuaFuFenQuCache size=7
2020-11-09 22:54:40.430 [crossChannelEx - 1] INFO  com.teamtop.system.crossTeamKing.CrossTeamKingIO - LRCrank success 
2020-11-09 22:55:00.699 [crossChannelEx - 3] INFO  com.teamtop.system.crossTeamKing.CrossTeamKingIO - LRCrank success 
2020-11-09 22:55:20.158 [任务线程 - 12] INFO  com.teamtop.houtaiHttp.events.kuaFuFenQu.KuaFuFenQuCache - KuaFuFenQuCache size=7
2020-11-09 22:55:20.971 [crossChannelEx - 2] INFO  com.teamtop.system.crossTeamKing.CrossTeamKingIO - LRCrank success 
2020-11-09 22:55:41.243 [crossChannelEx - 4] INFO  com.teamtop.system.crossTeamKing.CrossTeamKingIO - LRCrank success 
2020-11-09 22:56:01.512 [crossChannelEx - 1] INFO  com.teamtop.system.crossTeamKing.CrossTeamKingIO - LRCrank success 
2020-11-09 22:56:20.178 [任务线程 - 10] INFO  com.teamtop.houtaiHttp.events.kuaFuFenQu.KuaFuFenQuCache - KuaFuFenQuCache size=7
2020-11-09 22:56:21.786 [crossChannelEx - 3] INFO  com.teamtop.system.crossTeamKing.CrossTeamKingIO - LRCrank success 
2020-11-09 22:56:42.043 [crossChannelEx - 2] INFO  com.teamtop.system.crossTeamKing.CrossTeamKingIO - LRCrank success 
2020-11-09 22:57:02.314 [crossChannelEx - 4] INFO  com.teamtop.system.crossTeamKing.CrossTeamKingIO - LRCrank success 
2020-11-09 22:57:20.197 [任务线程 - 3] INFO  com.teamtop.houtaiHttp.events.kuaFuFenQu.KuaFuFenQuCache - KuaFuFenQuCache size=7
2020-11-09 22:57:22.601 [crossChannelEx - 1] INFO  com.teamtop.system.crossTeamKing.CrossTeamKingIO - LRCrank success 
2020-11-09 22:57:42.871 [crossChannelEx - 3] INFO  com.teamtop.system.crossTeamKing.CrossTeamKingIO - LRCrank success 
2020-11-09 22:58:03.156 [crossChannelEx - 2] INFO  com.teamtop.system.crossTeamKing.CrossTeamKingIO - LRCrank success 
2020-11-09 22:58:20.215 [任务线程 - 4] INFO  com.teamtop.houtaiHttp.events.kuaFuFenQu.KuaFuFenQuCache - KuaFuFenQuCache size=7
2020-11-09 22:58:23.431 [crossChannelEx - 4] INFO  com.teamtop.system.crossTeamKing.CrossTeamKingIO - LRCrank success 
2020-11-09 22:58:43.700 [crossChannelEx - 1] INFO  com.teamtop.system.crossTeamKing.CrossTeamKingIO - LRCrank success 
2020-11-09 22:59:03.987 [crossChannelEx - 3] INFO  com.teamtop.system.crossTeamKing.CrossTeamKingIO - LRCrank success 
2020-11-09 22:59:20.221 [任务线程 - 2] INFO  com.teamtop.houtaiHttp.events.kuaFuFenQu.KuaFuFenQuCache - KuaFuFenQuCache size=7
2020-11-09 22:59:24.248 [crossChannelEx - 4] INFO  com.teamtop.system.crossTeamKing.CrossTeamKingIO - LRCrank success 
2020-11-09 22:59:44.549 [crossChannelEx - 1] INFO  com.teamtop.system.crossTeamKing.CrossTeamKingIO - LRCrank success 
