2020-11-03 18:09:52.382 [OpTaskExecutorService-thread-12] ERROR com.teamtop.util.exector.schedule.ScheduleFixtime - java.lang.NullPointerException
	at com.teamtop.system.battleGoods.event.BattleGoodLocalSysEvent.fixTime(BattleGoodLocalSysEvent.java:69)
	at com.teamtop.util.exector.schedule.ScheduleFixtime.execute(ScheduleFixtime.java:119)
	at com.teamtop.system.gm.event.TimeGMFunction.UpdateTime(TimeGMFunction.java:351)
	at com.teamtop.system.gm.event.TimeGMFunction$1.run(TimeGMFunction.java:246)
	at com.teamtop.synHandleCore.OpTaskExecutorService$Work.run(OpTaskExecutorService.java:314)
	at java.lang.Thread.run(Thread.java:745)
,excute event ocurs an error
2020-11-03 18:09:55.969 [OpTaskExecutorService-thread-12] ERROR com.teamtop.util.exector.schedule.ScheduleFixtime - java.lang.NullPointerException
	at com.teamtop.system.country.newkingship.NewKingShipEvent.fixTime(NewKingShipEvent.java:176)
	at com.teamtop.util.exector.schedule.ScheduleFixtime.execute(ScheduleFixtime.java:119)
	at com.teamtop.system.gm.event.TimeGMFunction.UpdateTime(TimeGMFunction.java:351)
	at com.teamtop.system.gm.event.TimeGMFunction$1.run(TimeGMFunction.java:246)
	at com.teamtop.synHandleCore.OpTaskExecutorService$Work.run(OpTaskExecutorService.java:314)
	at java.lang.Thread.run(Thread.java:745)
,excute event ocurs an error
2020-11-03 18:11:20.333 [OpTaskExecutorService-thread-12] ERROR com.teamtop.util.exector.schedule.ScheduleFixtime - java.lang.NullPointerException
	at com.teamtop.system.country.newkingship.NewKingShipEvent.fixTimeEnd(NewKingShipEvent.java:126)
	at com.teamtop.system.country.newkingship.NewKingShipEvent.fixTime(NewKingShipEvent.java:168)
	at com.teamtop.util.exector.schedule.ScheduleFixtime.execute(ScheduleFixtime.java:119)
	at com.teamtop.system.gm.event.TimeGMFunction.UpdateTime(TimeGMFunction.java:351)
	at com.teamtop.system.gm.event.TimeGMFunction$1.run(TimeGMFunction.java:246)
	at com.teamtop.synHandleCore.OpTaskExecutorService$Work.run(OpTaskExecutorService.java:314)
	at java.lang.Thread.run(Thread.java:745)
,excute event ocurs an error
2020-10-26 11:09:55.108 [OpTaskExecutorService-thread-5] ERROR com.teamtop.system.event.systemEvent.SystemEventFunction - java.lang.NullPointerException
	at com.teamtop.system.activity.ativitys.happyQMboss.HappyQMbossEvent.login(HappyQMbossEvent.java:39)
	at com.teamtop.system.event.systemEvent.SystemEventFunction.triggerLoginEvent(SystemEventFunction.java:830)
	at com.teamtop.system.hero.HeroManager.loadAlready(HeroManager.java:606)
	at com.teamtop.system.hero.HeroCG.loadAlready(HeroCG.java:34)
	at sun.reflect.NativeMethodAccessorImpl.invoke0(Native Method)
	at sun.reflect.NativeMethodAccessorImpl.invoke(NativeMethodAccessorImpl.java:62)
	at sun.reflect.DelegatingMethodAccessorImpl.invoke(DelegatingMethodAccessorImpl.java:43)
	at java.lang.reflect.Method.invoke(Method.java:497)
	at com.teamtop.netty.util.NettyDispatch$1.run(NettyDispatch.java:141)
	at com.teamtop.synHandleCore.OpTaskExecutorService$Work.run(OpTaskExecutorService.java:314)
	at java.lang.Thread.run(Thread.java:745)
,hid:1000100000000752,name:轩辕乄浮凉.S1,HappyQMbossEventlogin exception
2020-10-26 11:09:55.124 [OpTaskExecutorService-thread-5] ERROR com.teamtop.system.event.systemEvent.SystemEventFunction - java.lang.NullPointerException
	at com.teamtop.system.activity.ativitys.happyCrossKing.HappyCrossKingEvent.login(HappyCrossKingEvent.java:41)
	at com.teamtop.system.event.systemEvent.SystemEventFunction.triggerLoginEvent(SystemEventFunction.java:830)
	at com.teamtop.system.hero.HeroManager.loadAlready(HeroManager.java:606)
	at com.teamtop.system.hero.HeroCG.loadAlready(HeroCG.java:34)
	at sun.reflect.NativeMethodAccessorImpl.invoke0(Native Method)
	at sun.reflect.NativeMethodAccessorImpl.invoke(NativeMethodAccessorImpl.java:62)
	at sun.reflect.DelegatingMethodAccessorImpl.invoke(DelegatingMethodAccessorImpl.java:43)
	at java.lang.reflect.Method.invoke(Method.java:497)
	at com.teamtop.netty.util.NettyDispatch$1.run(NettyDispatch.java:141)
	at com.teamtop.synHandleCore.OpTaskExecutorService$Work.run(OpTaskExecutorService.java:314)
	at java.lang.Thread.run(Thread.java:745)
,hid:1000100000000752,name:轩辕乄浮凉.S1,HappyCrossKingEventlogin exception
2020-10-26 11:09:55.124 [OpTaskExecutorService-thread-5] ERROR com.teamtop.system.event.systemEvent.SystemEventFunction - java.lang.NullPointerException
	at com.teamtop.system.activity.ativitys.happyMonsterGod.HappyMonsterGodEvent.login(HappyMonsterGodEvent.java:42)
	at com.teamtop.system.event.systemEvent.SystemEventFunction.triggerLoginEvent(SystemEventFunction.java:830)
	at com.teamtop.system.hero.HeroManager.loadAlready(HeroManager.java:606)
	at com.teamtop.system.hero.HeroCG.loadAlready(HeroCG.java:34)
	at sun.reflect.NativeMethodAccessorImpl.invoke0(Native Method)
	at sun.reflect.NativeMethodAccessorImpl.invoke(NativeMethodAccessorImpl.java:62)
	at sun.reflect.DelegatingMethodAccessorImpl.invoke(DelegatingMethodAccessorImpl.java:43)
	at java.lang.reflect.Method.invoke(Method.java:497)
	at com.teamtop.netty.util.NettyDispatch$1.run(NettyDispatch.java:141)
	at com.teamtop.synHandleCore.OpTaskExecutorService$Work.run(OpTaskExecutorService.java:314)
	at java.lang.Thread.run(Thread.java:745)
,hid:1000100000000752,name:轩辕乄浮凉.S1,HappyMonsterGodEventlogin exception
2020-10-26 11:09:55.124 [OpTaskExecutorService-thread-5] ERROR com.teamtop.system.event.systemEvent.SystemEventFunction - java.lang.NullPointerException
	at com.teamtop.system.activity.ativitys.happySoloRun.HappySoloRunEvent.login(HappySoloRunEvent.java:39)
	at com.teamtop.system.event.systemEvent.SystemEventFunction.triggerLoginEvent(SystemEventFunction.java:830)
	at com.teamtop.system.hero.HeroManager.loadAlready(HeroManager.java:606)
	at com.teamtop.system.hero.HeroCG.loadAlready(HeroCG.java:34)
	at sun.reflect.NativeMethodAccessorImpl.invoke0(Native Method)
	at sun.reflect.NativeMethodAccessorImpl.invoke(NativeMethodAccessorImpl.java:62)
	at sun.reflect.DelegatingMethodAccessorImpl.invoke(DelegatingMethodAccessorImpl.java:43)
	at java.lang.reflect.Method.invoke(Method.java:497)
	at com.teamtop.netty.util.NettyDispatch$1.run(NettyDispatch.java:141)
	at com.teamtop.synHandleCore.OpTaskExecutorService$Work.run(OpTaskExecutorService.java:314)
	at java.lang.Thread.run(Thread.java:745)
,hid:1000100000000752,name:轩辕乄浮凉.S1,HappySoloRunEventlogin exception
2020-10-26 11:09:55.124 [OpTaskExecutorService-thread-5] ERROR com.teamtop.system.event.systemEvent.SystemEventFunction - java.lang.NullPointerException
	at com.teamtop.system.activity.ativitys.threeKingdomsCelebration.celebrationJiJin.CelebrationJiJinManager.checkRed(CelebrationJiJinManager.java:152)
	at com.teamtop.system.activity.ativitys.threeKingdomsCelebration.celebrationJiJin.CelebrationJiJinEvent.login(CelebrationJiJinEvent.java:36)
	at com.teamtop.system.event.systemEvent.SystemEventFunction.triggerLoginEvent(SystemEventFunction.java:830)
	at com.teamtop.system.hero.HeroManager.loadAlready(HeroManager.java:606)
	at com.teamtop.system.hero.HeroCG.loadAlready(HeroCG.java:34)
	at sun.reflect.NativeMethodAccessorImpl.invoke0(Native Method)
	at sun.reflect.NativeMethodAccessorImpl.invoke(NativeMethodAccessorImpl.java:62)
	at sun.reflect.DelegatingMethodAccessorImpl.invoke(DelegatingMethodAccessorImpl.java:43)
	at java.lang.reflect.Method.invoke(Method.java:497)
	at com.teamtop.netty.util.NettyDispatch$1.run(NettyDispatch.java:141)
	at com.teamtop.synHandleCore.OpTaskExecutorService$Work.run(OpTaskExecutorService.java:314)
	at java.lang.Thread.run(Thread.java:745)
,hid:1000100000000752,name:轩辕乄浮凉.S1,CelebrationJiJinEventlogin exception
2020-10-26 11:10:46.510 [OpTaskExecutorService-thread-5] ERROR com.teamtop.system.event.systemEvent.SystemEventFunction - java.lang.NullPointerException
	at com.teamtop.system.activity.ativitys.happyQMboss.HappyQMbossEvent.login(HappyQMbossEvent.java:39)
	at com.teamtop.system.event.systemEvent.SystemEventFunction.triggerLoginEvent(SystemEventFunction.java:830)
	at com.teamtop.system.hero.HeroManager.loadAlready(HeroManager.java:606)
	at com.teamtop.system.hero.HeroCG.loadAlready(HeroCG.java:34)
	at sun.reflect.NativeMethodAccessorImpl.invoke0(Native Method)
	at sun.reflect.NativeMethodAccessorImpl.invoke(NativeMethodAccessorImpl.java:62)
	at sun.reflect.DelegatingMethodAccessorImpl.invoke(DelegatingMethodAccessorImpl.java:43)
	at java.lang.reflect.Method.invoke(Method.java:497)
	at com.teamtop.netty.util.NettyDispatch$1.run(NettyDispatch.java:141)
	at com.teamtop.synHandleCore.OpTaskExecutorService$Work.run(OpTaskExecutorService.java:314)
	at java.lang.Thread.run(Thread.java:745)
,hid:1000100000000752,name:轩辕乄浮凉.S1,HappyQMbossEventlogin exception
2020-10-26 11:10:46.510 [OpTaskExecutorService-thread-5] ERROR com.teamtop.system.event.systemEvent.SystemEventFunction - java.lang.NullPointerException
	at com.teamtop.system.activity.ativitys.happyCrossKing.HappyCrossKingEvent.login(HappyCrossKingEvent.java:41)
	at com.teamtop.system.event.systemEvent.SystemEventFunction.triggerLoginEvent(SystemEventFunction.java:830)
	at com.teamtop.system.hero.HeroManager.loadAlready(HeroManager.java:606)
	at com.teamtop.system.hero.HeroCG.loadAlready(HeroCG.java:34)
	at sun.reflect.NativeMethodAccessorImpl.invoke0(Native Method)
	at sun.reflect.NativeMethodAccessorImpl.invoke(NativeMethodAccessorImpl.java:62)
	at sun.reflect.DelegatingMethodAccessorImpl.invoke(DelegatingMethodAccessorImpl.java:43)
	at java.lang.reflect.Method.invoke(Method.java:497)
	at com.teamtop.netty.util.NettyDispatch$1.run(NettyDispatch.java:141)
	at com.teamtop.synHandleCore.OpTaskExecutorService$Work.run(OpTaskExecutorService.java:314)
	at java.lang.Thread.run(Thread.java:745)
,hid:1000100000000752,name:轩辕乄浮凉.S1,HappyCrossKingEventlogin exception
2020-10-26 11:10:46.510 [OpTaskExecutorService-thread-5] ERROR com.teamtop.system.event.systemEvent.SystemEventFunction - java.lang.NullPointerException
	at com.teamtop.system.activity.ativitys.happyMonsterGod.HappyMonsterGodEvent.login(HappyMonsterGodEvent.java:42)
	at com.teamtop.system.event.systemEvent.SystemEventFunction.triggerLoginEvent(SystemEventFunction.java:830)
	at com.teamtop.system.hero.HeroManager.loadAlready(HeroManager.java:606)
	at com.teamtop.system.hero.HeroCG.loadAlready(HeroCG.java:34)
	at sun.reflect.NativeMethodAccessorImpl.invoke0(Native Method)
	at sun.reflect.NativeMethodAccessorImpl.invoke(NativeMethodAccessorImpl.java:62)
	at sun.reflect.DelegatingMethodAccessorImpl.invoke(DelegatingMethodAccessorImpl.java:43)
	at java.lang.reflect.Method.invoke(Method.java:497)
	at com.teamtop.netty.util.NettyDispatch$1.run(NettyDispatch.java:141)
	at com.teamtop.synHandleCore.OpTaskExecutorService$Work.run(OpTaskExecutorService.java:314)
	at java.lang.Thread.run(Thread.java:745)
,hid:1000100000000752,name:轩辕乄浮凉.S1,HappyMonsterGodEventlogin exception
2020-10-26 11:10:46.510 [OpTaskExecutorService-thread-5] ERROR com.teamtop.system.event.systemEvent.SystemEventFunction - java.lang.NullPointerException
	at com.teamtop.system.activity.ativitys.happySoloRun.HappySoloRunEvent.login(HappySoloRunEvent.java:39)
	at com.teamtop.system.event.systemEvent.SystemEventFunction.triggerLoginEvent(SystemEventFunction.java:830)
	at com.teamtop.system.hero.HeroManager.loadAlready(HeroManager.java:606)
	at com.teamtop.system.hero.HeroCG.loadAlready(HeroCG.java:34)
	at sun.reflect.NativeMethodAccessorImpl.invoke0(Native Method)
	at sun.reflect.NativeMethodAccessorImpl.invoke(NativeMethodAccessorImpl.java:62)
	at sun.reflect.DelegatingMethodAccessorImpl.invoke(DelegatingMethodAccessorImpl.java:43)
	at java.lang.reflect.Method.invoke(Method.java:497)
	at com.teamtop.netty.util.NettyDispatch$1.run(NettyDispatch.java:141)
	at com.teamtop.synHandleCore.OpTaskExecutorService$Work.run(OpTaskExecutorService.java:314)
	at java.lang.Thread.run(Thread.java:745)
,hid:1000100000000752,name:轩辕乄浮凉.S1,HappySoloRunEventlogin exception
2020-10-26 11:10:46.729 [OpTaskExecutorService-thread-5] ERROR com.teamtop.system.event.systemEvent.SystemEventFunction - java.lang.NullPointerException
	at com.teamtop.system.activity.ativitys.threeKingdomsCelebration.celebrationJiJin.CelebrationJiJinManager.checkRed(CelebrationJiJinManager.java:152)
	at com.teamtop.system.activity.ativitys.threeKingdomsCelebration.celebrationJiJin.CelebrationJiJinEvent.login(CelebrationJiJinEvent.java:36)
	at com.teamtop.system.event.systemEvent.SystemEventFunction.triggerLoginEvent(SystemEventFunction.java:830)
	at com.teamtop.system.hero.HeroManager.loadAlready(HeroManager.java:606)
	at com.teamtop.system.hero.HeroCG.loadAlready(HeroCG.java:34)
	at sun.reflect.NativeMethodAccessorImpl.invoke0(Native Method)
	at sun.reflect.NativeMethodAccessorImpl.invoke(NativeMethodAccessorImpl.java:62)
	at sun.reflect.DelegatingMethodAccessorImpl.invoke(DelegatingMethodAccessorImpl.java:43)
	at java.lang.reflect.Method.invoke(Method.java:497)
	at com.teamtop.netty.util.NettyDispatch$1.run(NettyDispatch.java:141)
	at com.teamtop.synHandleCore.OpTaskExecutorService$Work.run(OpTaskExecutorService.java:314)
	at java.lang.Thread.run(Thread.java:745)
,hid:1000100000000752,name:轩辕乄浮凉.S1,CelebrationJiJinEventlogin exception
2020-10-26 11:11:13.342 [OpTaskExecutorService-thread-4] ERROR com.teamtop.system.event.systemEvent.SystemEventFunction - java.lang.NullPointerException
	at com.teamtop.system.activity.ativitys.happyQMboss.HappyQMbossEvent.login(HappyQMbossEvent.java:39)
	at com.teamtop.system.event.systemEvent.SystemEventFunction.triggerLoginEvent(SystemEventFunction.java:830)
	at com.teamtop.system.hero.HeroManager.loadAlready(HeroManager.java:606)
	at com.teamtop.system.hero.HeroCG.loadAlready(HeroCG.java:34)
	at sun.reflect.NativeMethodAccessorImpl.invoke0(Native Method)
	at sun.reflect.NativeMethodAccessorImpl.invoke(NativeMethodAccessorImpl.java:62)
	at sun.reflect.DelegatingMethodAccessorImpl.invoke(DelegatingMethodAccessorImpl.java:43)
	at java.lang.reflect.Method.invoke(Method.java:497)
	at com.teamtop.netty.util.NettyDispatch$1.run(NettyDispatch.java:141)
	at com.teamtop.synHandleCore.OpTaskExecutorService$Work.run(OpTaskExecutorService.java:314)
	at java.lang.Thread.run(Thread.java:745)
,hid:1000100000000009,name:绝恋乄芊墨.S1,HappyQMbossEventlogin exception
2020-10-26 11:11:13.342 [OpTaskExecutorService-thread-4] ERROR com.teamtop.system.event.systemEvent.SystemEventFunction - java.lang.NullPointerException
	at com.teamtop.system.activity.ativitys.happyCrossKing.HappyCrossKingEvent.login(HappyCrossKingEvent.java:41)
	at com.teamtop.system.event.systemEvent.SystemEventFunction.triggerLoginEvent(SystemEventFunction.java:830)
	at com.teamtop.system.hero.HeroManager.loadAlready(HeroManager.java:606)
	at com.teamtop.system.hero.HeroCG.loadAlready(HeroCG.java:34)
	at sun.reflect.NativeMethodAccessorImpl.invoke0(Native Method)
	at sun.reflect.NativeMethodAccessorImpl.invoke(NativeMethodAccessorImpl.java:62)
	at sun.reflect.DelegatingMethodAccessorImpl.invoke(DelegatingMethodAccessorImpl.java:43)
	at java.lang.reflect.Method.invoke(Method.java:497)
	at com.teamtop.netty.util.NettyDispatch$1.run(NettyDispatch.java:141)
	at com.teamtop.synHandleCore.OpTaskExecutorService$Work.run(OpTaskExecutorService.java:314)
	at java.lang.Thread.run(Thread.java:745)
,hid:1000100000000009,name:绝恋乄芊墨.S1,HappyCrossKingEventlogin exception
2020-10-26 11:11:13.342 [OpTaskExecutorService-thread-4] ERROR com.teamtop.system.event.systemEvent.SystemEventFunction - java.lang.NullPointerException
	at com.teamtop.system.activity.ativitys.happyMonsterGod.HappyMonsterGodEvent.login(HappyMonsterGodEvent.java:42)
	at com.teamtop.system.event.systemEvent.SystemEventFunction.triggerLoginEvent(SystemEventFunction.java:830)
	at com.teamtop.system.hero.HeroManager.loadAlready(HeroManager.java:606)
	at com.teamtop.system.hero.HeroCG.loadAlready(HeroCG.java:34)
	at sun.reflect.NativeMethodAccessorImpl.invoke0(Native Method)
	at sun.reflect.NativeMethodAccessorImpl.invoke(NativeMethodAccessorImpl.java:62)
	at sun.reflect.DelegatingMethodAccessorImpl.invoke(DelegatingMethodAccessorImpl.java:43)
	at java.lang.reflect.Method.invoke(Method.java:497)
	at com.teamtop.netty.util.NettyDispatch$1.run(NettyDispatch.java:141)
	at com.teamtop.synHandleCore.OpTaskExecutorService$Work.run(OpTaskExecutorService.java:314)
	at java.lang.Thread.run(Thread.java:745)
,hid:1000100000000009,name:绝恋乄芊墨.S1,HappyMonsterGodEventlogin exception
2020-10-26 11:11:13.342 [OpTaskExecutorService-thread-4] ERROR com.teamtop.system.event.systemEvent.SystemEventFunction - java.lang.NullPointerException
	at com.teamtop.system.activity.ativitys.happySoloRun.HappySoloRunEvent.login(HappySoloRunEvent.java:39)
	at com.teamtop.system.event.systemEvent.SystemEventFunction.triggerLoginEvent(SystemEventFunction.java:830)
	at com.teamtop.system.hero.HeroManager.loadAlready(HeroManager.java:606)
	at com.teamtop.system.hero.HeroCG.loadAlready(HeroCG.java:34)
	at sun.reflect.NativeMethodAccessorImpl.invoke0(Native Method)
	at sun.reflect.NativeMethodAccessorImpl.invoke(NativeMethodAccessorImpl.java:62)
	at sun.reflect.DelegatingMethodAccessorImpl.invoke(DelegatingMethodAccessorImpl.java:43)
	at java.lang.reflect.Method.invoke(Method.java:497)
	at com.teamtop.netty.util.NettyDispatch$1.run(NettyDispatch.java:141)
	at com.teamtop.synHandleCore.OpTaskExecutorService$Work.run(OpTaskExecutorService.java:314)
	at java.lang.Thread.run(Thread.java:745)
,hid:1000100000000009,name:绝恋乄芊墨.S1,HappySoloRunEventlogin exception
2020-10-26 11:11:13.358 [OpTaskExecutorService-thread-4] ERROR com.teamtop.system.event.systemEvent.SystemEventFunction - java.lang.NullPointerException
	at com.teamtop.system.activity.ativitys.threeKingdomsCelebration.celebrationJiJin.CelebrationJiJinManager.checkRed(CelebrationJiJinManager.java:152)
	at com.teamtop.system.activity.ativitys.threeKingdomsCelebration.celebrationJiJin.CelebrationJiJinEvent.login(CelebrationJiJinEvent.java:36)
	at com.teamtop.system.event.systemEvent.SystemEventFunction.triggerLoginEvent(SystemEventFunction.java:830)
	at com.teamtop.system.hero.HeroManager.loadAlready(HeroManager.java:606)
	at com.teamtop.system.hero.HeroCG.loadAlready(HeroCG.java:34)
	at sun.reflect.NativeMethodAccessorImpl.invoke0(Native Method)
	at sun.reflect.NativeMethodAccessorImpl.invoke(NativeMethodAccessorImpl.java:62)
	at sun.reflect.DelegatingMethodAccessorImpl.invoke(DelegatingMethodAccessorImpl.java:43)
	at java.lang.reflect.Method.invoke(Method.java:497)
	at com.teamtop.netty.util.NettyDispatch$1.run(NettyDispatch.java:141)
	at com.teamtop.synHandleCore.OpTaskExecutorService$Work.run(OpTaskExecutorService.java:314)
	at java.lang.Thread.run(Thread.java:745)
,hid:1000100000000009,name:绝恋乄芊墨.S1,CelebrationJiJinEventlogin exception
2020-10-26 11:11:42.904 [OpTaskExecutorService-thread-5] ERROR com.teamtop.system.event.systemEvent.SystemEventFunction - java.lang.NullPointerException
	at com.teamtop.system.activity.ativitys.happyQMboss.HappyQMbossEvent.login(HappyQMbossEvent.java:39)
	at com.teamtop.system.event.systemEvent.SystemEventFunction.triggerLoginEvent(SystemEventFunction.java:830)
	at com.teamtop.system.hero.HeroManager.loadAlready(HeroManager.java:606)
	at com.teamtop.system.hero.HeroCG.loadAlready(HeroCG.java:34)
	at sun.reflect.NativeMethodAccessorImpl.invoke0(Native Method)
	at sun.reflect.NativeMethodAccessorImpl.invoke(NativeMethodAccessorImpl.java:62)
	at sun.reflect.DelegatingMethodAccessorImpl.invoke(DelegatingMethodAccessorImpl.java:43)
	at java.lang.reflect.Method.invoke(Method.java:497)
	at com.teamtop.netty.util.NettyDispatch$1.run(NettyDispatch.java:141)
	at com.teamtop.synHandleCore.OpTaskExecutorService$Work.run(OpTaskExecutorService.java:314)
	at java.lang.Thread.run(Thread.java:745)
,hid:1000100000000752,name:轩辕乄浮凉.S1,HappyQMbossEventlogin exception
2020-10-26 11:11:42.904 [OpTaskExecutorService-thread-5] ERROR com.teamtop.system.event.systemEvent.SystemEventFunction - java.lang.NullPointerException
	at com.teamtop.system.activity.ativitys.happyCrossKing.HappyCrossKingEvent.login(HappyCrossKingEvent.java:41)
	at com.teamtop.system.event.systemEvent.SystemEventFunction.triggerLoginEvent(SystemEventFunction.java:830)
	at com.teamtop.system.hero.HeroManager.loadAlready(HeroManager.java:606)
	at com.teamtop.system.hero.HeroCG.loadAlready(HeroCG.java:34)
	at sun.reflect.NativeMethodAccessorImpl.invoke0(Native Method)
	at sun.reflect.NativeMethodAccessorImpl.invoke(NativeMethodAccessorImpl.java:62)
	at sun.reflect.DelegatingMethodAccessorImpl.invoke(DelegatingMethodAccessorImpl.java:43)
	at java.lang.reflect.Method.invoke(Method.java:497)
	at com.teamtop.netty.util.NettyDispatch$1.run(NettyDispatch.java:141)
	at com.teamtop.synHandleCore.OpTaskExecutorService$Work.run(OpTaskExecutorService.java:314)
	at java.lang.Thread.run(Thread.java:745)
,hid:1000100000000752,name:轩辕乄浮凉.S1,HappyCrossKingEventlogin exception
2020-10-26 11:11:42.904 [OpTaskExecutorService-thread-5] ERROR com.teamtop.system.event.systemEvent.SystemEventFunction - java.lang.NullPointerException
	at com.teamtop.system.activity.ativitys.happyMonsterGod.HappyMonsterGodEvent.login(HappyMonsterGodEvent.java:42)
	at com.teamtop.system.event.systemEvent.SystemEventFunction.triggerLoginEvent(SystemEventFunction.java:830)
	at com.teamtop.system.hero.HeroManager.loadAlready(HeroManager.java:606)
	at com.teamtop.system.hero.HeroCG.loadAlready(HeroCG.java:34)
	at sun.reflect.NativeMethodAccessorImpl.invoke0(Native Method)
	at sun.reflect.NativeMethodAccessorImpl.invoke(NativeMethodAccessorImpl.java:62)
	at sun.reflect.DelegatingMethodAccessorImpl.invoke(DelegatingMethodAccessorImpl.java:43)
	at java.lang.reflect.Method.invoke(Method.java:497)
	at com.teamtop.netty.util.NettyDispatch$1.run(NettyDispatch.java:141)
	at com.teamtop.synHandleCore.OpTaskExecutorService$Work.run(OpTaskExecutorService.java:314)
	at java.lang.Thread.run(Thread.java:745)
,hid:1000100000000752,name:轩辕乄浮凉.S1,HappyMonsterGodEventlogin exception
2020-10-26 11:11:42.904 [OpTaskExecutorService-thread-5] ERROR com.teamtop.system.event.systemEvent.SystemEventFunction - java.lang.NullPointerException
	at com.teamtop.system.activity.ativitys.happySoloRun.HappySoloRunEvent.login(HappySoloRunEvent.java:39)
	at com.teamtop.system.event.systemEvent.SystemEventFunction.triggerLoginEvent(SystemEventFunction.java:830)
	at com.teamtop.system.hero.HeroManager.loadAlready(HeroManager.java:606)
	at com.teamtop.system.hero.HeroCG.loadAlready(HeroCG.java:34)
	at sun.reflect.NativeMethodAccessorImpl.invoke0(Native Method)
	at sun.reflect.NativeMethodAccessorImpl.invoke(NativeMethodAccessorImpl.java:62)
	at sun.reflect.DelegatingMethodAccessorImpl.invoke(DelegatingMethodAccessorImpl.java:43)
	at java.lang.reflect.Method.invoke(Method.java:497)
	at com.teamtop.netty.util.NettyDispatch$1.run(NettyDispatch.java:141)
	at com.teamtop.synHandleCore.OpTaskExecutorService$Work.run(OpTaskExecutorService.java:314)
	at java.lang.Thread.run(Thread.java:745)
,hid:1000100000000752,name:轩辕乄浮凉.S1,HappySoloRunEventlogin exception
2020-10-26 11:11:42.920 [OpTaskExecutorService-thread-5] ERROR com.teamtop.system.event.systemEvent.SystemEventFunction - java.lang.NullPointerException
	at com.teamtop.system.activity.ativitys.threeKingdomsCelebration.celebrationJiJin.CelebrationJiJinManager.checkRed(CelebrationJiJinManager.java:152)
	at com.teamtop.system.activity.ativitys.threeKingdomsCelebration.celebrationJiJin.CelebrationJiJinEvent.login(CelebrationJiJinEvent.java:36)
	at com.teamtop.system.event.systemEvent.SystemEventFunction.triggerLoginEvent(SystemEventFunction.java:830)
	at com.teamtop.system.hero.HeroManager.loadAlready(HeroManager.java:606)
	at com.teamtop.system.hero.HeroCG.loadAlready(HeroCG.java:34)
	at sun.reflect.NativeMethodAccessorImpl.invoke0(Native Method)
	at sun.reflect.NativeMethodAccessorImpl.invoke(NativeMethodAccessorImpl.java:62)
	at sun.reflect.DelegatingMethodAccessorImpl.invoke(DelegatingMethodAccessorImpl.java:43)
	at java.lang.reflect.Method.invoke(Method.java:497)
	at com.teamtop.netty.util.NettyDispatch$1.run(NettyDispatch.java:141)
	at com.teamtop.synHandleCore.OpTaskExecutorService$Work.run(OpTaskExecutorService.java:314)
	at java.lang.Thread.run(Thread.java:745)
,hid:1000100000000752,name:轩辕乄浮凉.S1,CelebrationJiJinEventlogin exception
2020-10-26 11:12:19.845 [OpTaskExecutorService-thread-5] ERROR com.teamtop.system.event.systemEvent.SystemEventFunction - java.lang.NullPointerException
	at com.teamtop.system.activity.ativitys.happyQMboss.HappyQMbossEvent.login(HappyQMbossEvent.java:39)
	at com.teamtop.system.event.systemEvent.SystemEventFunction.triggerLoginEvent(SystemEventFunction.java:830)
	at com.teamtop.system.hero.HeroManager.loadAlready(HeroManager.java:606)
	at com.teamtop.system.hero.HeroCG.loadAlready(HeroCG.java:34)
	at sun.reflect.NativeMethodAccessorImpl.invoke0(Native Method)
	at sun.reflect.NativeMethodAccessorImpl.invoke(NativeMethodAccessorImpl.java:62)
	at sun.reflect.DelegatingMethodAccessorImpl.invoke(DelegatingMethodAccessorImpl.java:43)
	at java.lang.reflect.Method.invoke(Method.java:497)
	at com.teamtop.netty.util.NettyDispatch$1.run(NettyDispatch.java:141)
	at com.teamtop.synHandleCore.OpTaskExecutorService$Work.run(OpTaskExecutorService.java:314)
	at java.lang.Thread.run(Thread.java:745)
,hid:1000100000000752,name:轩辕乄浮凉.S1,HappyQMbossEventlogin exception
2020-10-26 11:12:19.845 [OpTaskExecutorService-thread-5] ERROR com.teamtop.system.event.systemEvent.SystemEventFunction - java.lang.NullPointerException
	at com.teamtop.system.activity.ativitys.happyCrossKing.HappyCrossKingEvent.login(HappyCrossKingEvent.java:41)
	at com.teamtop.system.event.systemEvent.SystemEventFunction.triggerLoginEvent(SystemEventFunction.java:830)
	at com.teamtop.system.hero.HeroManager.loadAlready(HeroManager.java:606)
	at com.teamtop.system.hero.HeroCG.loadAlready(HeroCG.java:34)
	at sun.reflect.NativeMethodAccessorImpl.invoke0(Native Method)
	at sun.reflect.NativeMethodAccessorImpl.invoke(NativeMethodAccessorImpl.java:62)
	at sun.reflect.DelegatingMethodAccessorImpl.invoke(DelegatingMethodAccessorImpl.java:43)
	at java.lang.reflect.Method.invoke(Method.java:497)
	at com.teamtop.netty.util.NettyDispatch$1.run(NettyDispatch.java:141)
	at com.teamtop.synHandleCore.OpTaskExecutorService$Work.run(OpTaskExecutorService.java:314)
	at java.lang.Thread.run(Thread.java:745)
,hid:1000100000000752,name:轩辕乄浮凉.S1,HappyCrossKingEventlogin exception
2020-10-26 11:12:19.845 [OpTaskExecutorService-thread-5] ERROR com.teamtop.system.event.systemEvent.SystemEventFunction - java.lang.NullPointerException
	at com.teamtop.system.activity.ativitys.happyMonsterGod.HappyMonsterGodEvent.login(HappyMonsterGodEvent.java:42)
	at com.teamtop.system.event.systemEvent.SystemEventFunction.triggerLoginEvent(SystemEventFunction.java:830)
	at com.teamtop.system.hero.HeroManager.loadAlready(HeroManager.java:606)
	at com.teamtop.system.hero.HeroCG.loadAlready(HeroCG.java:34)
	at sun.reflect.NativeMethodAccessorImpl.invoke0(Native Method)
	at sun.reflect.NativeMethodAccessorImpl.invoke(NativeMethodAccessorImpl.java:62)
	at sun.reflect.DelegatingMethodAccessorImpl.invoke(DelegatingMethodAccessorImpl.java:43)
	at java.lang.reflect.Method.invoke(Method.java:497)
	at com.teamtop.netty.util.NettyDispatch$1.run(NettyDispatch.java:141)
	at com.teamtop.synHandleCore.OpTaskExecutorService$Work.run(OpTaskExecutorService.java:314)
	at java.lang.Thread.run(Thread.java:745)
,hid:1000100000000752,name:轩辕乄浮凉.S1,HappyMonsterGodEventlogin exception
2020-10-26 11:12:19.845 [OpTaskExecutorService-thread-5] ERROR com.teamtop.system.event.systemEvent.SystemEventFunction - java.lang.NullPointerException
	at com.teamtop.system.activity.ativitys.happySoloRun.HappySoloRunEvent.login(HappySoloRunEvent.java:39)
	at com.teamtop.system.event.systemEvent.SystemEventFunction.triggerLoginEvent(SystemEventFunction.java:830)
	at com.teamtop.system.hero.HeroManager.loadAlready(HeroManager.java:606)
	at com.teamtop.system.hero.HeroCG.loadAlready(HeroCG.java:34)
	at sun.reflect.NativeMethodAccessorImpl.invoke0(Native Method)
	at sun.reflect.NativeMethodAccessorImpl.invoke(NativeMethodAccessorImpl.java:62)
	at sun.reflect.DelegatingMethodAccessorImpl.invoke(DelegatingMethodAccessorImpl.java:43)
	at java.lang.reflect.Method.invoke(Method.java:497)
	at com.teamtop.netty.util.NettyDispatch$1.run(NettyDispatch.java:141)
	at com.teamtop.synHandleCore.OpTaskExecutorService$Work.run(OpTaskExecutorService.java:314)
	at java.lang.Thread.run(Thread.java:745)
,hid:1000100000000752,name:轩辕乄浮凉.S1,HappySoloRunEventlogin exception
2020-10-26 11:12:19.845 [OpTaskExecutorService-thread-5] ERROR com.teamtop.system.event.systemEvent.SystemEventFunction - java.lang.NullPointerException
	at com.teamtop.system.activity.ativitys.threeKingdomsCelebration.celebrationJiJin.CelebrationJiJinManager.checkRed(CelebrationJiJinManager.java:152)
	at com.teamtop.system.activity.ativitys.threeKingdomsCelebration.celebrationJiJin.CelebrationJiJinEvent.login(CelebrationJiJinEvent.java:36)
	at com.teamtop.system.event.systemEvent.SystemEventFunction.triggerLoginEvent(SystemEventFunction.java:830)
	at com.teamtop.system.hero.HeroManager.loadAlready(HeroManager.java:606)
	at com.teamtop.system.hero.HeroCG.loadAlready(HeroCG.java:34)
	at sun.reflect.NativeMethodAccessorImpl.invoke0(Native Method)
	at sun.reflect.NativeMethodAccessorImpl.invoke(NativeMethodAccessorImpl.java:62)
	at sun.reflect.DelegatingMethodAccessorImpl.invoke(DelegatingMethodAccessorImpl.java:43)
	at java.lang.reflect.Method.invoke(Method.java:497)
	at com.teamtop.netty.util.NettyDispatch$1.run(NettyDispatch.java:141)
	at com.teamtop.synHandleCore.OpTaskExecutorService$Work.run(OpTaskExecutorService.java:314)
	at java.lang.Thread.run(Thread.java:745)
,hid:1000100000000752,name:轩辕乄浮凉.S1,CelebrationJiJinEventlogin exception
2020-10-26 11:14:01.666 [OpTaskExecutorService-thread-5] ERROR com.teamtop.system.event.systemEvent.SystemEventFunction - java.lang.NullPointerException
	at com.teamtop.system.activity.ativitys.happyQMboss.HappyQMbossEvent.login(HappyQMbossEvent.java:39)
	at com.teamtop.system.event.systemEvent.SystemEventFunction.triggerLoginEvent(SystemEventFunction.java:830)
	at com.teamtop.system.hero.HeroManager.loadAlready(HeroManager.java:606)
	at com.teamtop.system.hero.HeroCG.loadAlready(HeroCG.java:34)
	at sun.reflect.NativeMethodAccessorImpl.invoke0(Native Method)
	at sun.reflect.NativeMethodAccessorImpl.invoke(NativeMethodAccessorImpl.java:62)
	at sun.reflect.DelegatingMethodAccessorImpl.invoke(DelegatingMethodAccessorImpl.java:43)
	at java.lang.reflect.Method.invoke(Method.java:497)
	at com.teamtop.netty.util.NettyDispatch$1.run(NettyDispatch.java:141)
	at com.teamtop.synHandleCore.OpTaskExecutorService$Work.run(OpTaskExecutorService.java:314)
	at java.lang.Thread.run(Thread.java:745)
,hid:1000100000000752,name:轩辕乄浮凉.S1,HappyQMbossEventlogin exception
2020-10-26 11:14:01.666 [OpTaskExecutorService-thread-5] ERROR com.teamtop.system.event.systemEvent.SystemEventFunction - java.lang.NullPointerException
	at com.teamtop.system.activity.ativitys.happyCrossKing.HappyCrossKingEvent.login(HappyCrossKingEvent.java:41)
	at com.teamtop.system.event.systemEvent.SystemEventFunction.triggerLoginEvent(SystemEventFunction.java:830)
	at com.teamtop.system.hero.HeroManager.loadAlready(HeroManager.java:606)
	at com.teamtop.system.hero.HeroCG.loadAlready(HeroCG.java:34)
	at sun.reflect.NativeMethodAccessorImpl.invoke0(Native Method)
	at sun.reflect.NativeMethodAccessorImpl.invoke(NativeMethodAccessorImpl.java:62)
	at sun.reflect.DelegatingMethodAccessorImpl.invoke(DelegatingMethodAccessorImpl.java:43)
	at java.lang.reflect.Method.invoke(Method.java:497)
	at com.teamtop.netty.util.NettyDispatch$1.run(NettyDispatch.java:141)
	at com.teamtop.synHandleCore.OpTaskExecutorService$Work.run(OpTaskExecutorService.java:314)
	at java.lang.Thread.run(Thread.java:745)
,hid:1000100000000752,name:轩辕乄浮凉.S1,HappyCrossKingEventlogin exception
2020-10-26 11:14:01.666 [OpTaskExecutorService-thread-5] ERROR com.teamtop.system.event.systemEvent.SystemEventFunction - java.lang.NullPointerException
	at com.teamtop.system.activity.ativitys.happyMonsterGod.HappyMonsterGodEvent.login(HappyMonsterGodEvent.java:42)
	at com.teamtop.system.event.systemEvent.SystemEventFunction.triggerLoginEvent(SystemEventFunction.java:830)
	at com.teamtop.system.hero.HeroManager.loadAlready(HeroManager.java:606)
	at com.teamtop.system.hero.HeroCG.loadAlready(HeroCG.java:34)
	at sun.reflect.NativeMethodAccessorImpl.invoke0(Native Method)
	at sun.reflect.NativeMethodAccessorImpl.invoke(NativeMethodAccessorImpl.java:62)
	at sun.reflect.DelegatingMethodAccessorImpl.invoke(DelegatingMethodAccessorImpl.java:43)
	at java.lang.reflect.Method.invoke(Method.java:497)
	at com.teamtop.netty.util.NettyDispatch$1.run(NettyDispatch.java:141)
	at com.teamtop.synHandleCore.OpTaskExecutorService$Work.run(OpTaskExecutorService.java:314)
	at java.lang.Thread.run(Thread.java:745)
,hid:1000100000000752,name:轩辕乄浮凉.S1,HappyMonsterGodEventlogin exception
2020-10-26 11:14:01.666 [OpTaskExecutorService-thread-5] ERROR com.teamtop.system.event.systemEvent.SystemEventFunction - java.lang.NullPointerException
	at com.teamtop.system.activity.ativitys.happySoloRun.HappySoloRunEvent.login(HappySoloRunEvent.java:39)
	at com.teamtop.system.event.systemEvent.SystemEventFunction.triggerLoginEvent(SystemEventFunction.java:830)
	at com.teamtop.system.hero.HeroManager.loadAlready(HeroManager.java:606)
	at com.teamtop.system.hero.HeroCG.loadAlready(HeroCG.java:34)
	at sun.reflect.NativeMethodAccessorImpl.invoke0(Native Method)
	at sun.reflect.NativeMethodAccessorImpl.invoke(NativeMethodAccessorImpl.java:62)
	at sun.reflect.DelegatingMethodAccessorImpl.invoke(DelegatingMethodAccessorImpl.java:43)
	at java.lang.reflect.Method.invoke(Method.java:497)
	at com.teamtop.netty.util.NettyDispatch$1.run(NettyDispatch.java:141)
	at com.teamtop.synHandleCore.OpTaskExecutorService$Work.run(OpTaskExecutorService.java:314)
	at java.lang.Thread.run(Thread.java:745)
,hid:1000100000000752,name:轩辕乄浮凉.S1,HappySoloRunEventlogin exception
2020-10-26 11:14:01.666 [OpTaskExecutorService-thread-5] ERROR com.teamtop.system.event.systemEvent.SystemEventFunction - java.lang.NullPointerException
	at com.teamtop.system.activity.ativitys.threeKingdomsCelebration.celebrationJiJin.CelebrationJiJinManager.checkRed(CelebrationJiJinManager.java:152)
	at com.teamtop.system.activity.ativitys.threeKingdomsCelebration.celebrationJiJin.CelebrationJiJinEvent.login(CelebrationJiJinEvent.java:36)
	at com.teamtop.system.event.systemEvent.SystemEventFunction.triggerLoginEvent(SystemEventFunction.java:830)
	at com.teamtop.system.hero.HeroManager.loadAlready(HeroManager.java:606)
	at com.teamtop.system.hero.HeroCG.loadAlready(HeroCG.java:34)
	at sun.reflect.NativeMethodAccessorImpl.invoke0(Native Method)
	at sun.reflect.NativeMethodAccessorImpl.invoke(NativeMethodAccessorImpl.java:62)
	at sun.reflect.DelegatingMethodAccessorImpl.invoke(DelegatingMethodAccessorImpl.java:43)
	at java.lang.reflect.Method.invoke(Method.java:497)
	at com.teamtop.netty.util.NettyDispatch$1.run(NettyDispatch.java:141)
	at com.teamtop.synHandleCore.OpTaskExecutorService$Work.run(OpTaskExecutorService.java:314)
	at java.lang.Thread.run(Thread.java:745)
,hid:1000100000000752,name:轩辕乄浮凉.S1,CelebrationJiJinEventlogin exception
2020-10-26 11:16:49.569 [OpTaskExecutorService-thread-4] ERROR com.teamtop.system.event.systemEvent.SystemEventFunction - java.lang.NullPointerException
	at com.teamtop.system.activity.ativitys.happyQMboss.HappyQMbossEvent.login(HappyQMbossEvent.java:39)
	at com.teamtop.system.event.systemEvent.SystemEventFunction.triggerLoginEvent(SystemEventFunction.java:830)
	at com.teamtop.system.hero.HeroManager.loadAlready(HeroManager.java:606)
	at com.teamtop.system.hero.HeroCG.loadAlready(HeroCG.java:34)
	at sun.reflect.NativeMethodAccessorImpl.invoke0(Native Method)
	at sun.reflect.NativeMethodAccessorImpl.invoke(NativeMethodAccessorImpl.java:62)
	at sun.reflect.DelegatingMethodAccessorImpl.invoke(DelegatingMethodAccessorImpl.java:43)
	at java.lang.reflect.Method.invoke(Method.java:497)
	at com.teamtop.netty.util.NettyDispatch$1.run(NettyDispatch.java:141)
	at com.teamtop.synHandleCore.OpTaskExecutorService$Work.run(OpTaskExecutorService.java:314)
	at java.lang.Thread.run(Thread.java:745)
,hid:1000100000000009,name:绝恋乄芊墨.S1,HappyQMbossEventlogin exception
2020-10-26 11:16:49.569 [OpTaskExecutorService-thread-4] ERROR com.teamtop.system.event.systemEvent.SystemEventFunction - java.lang.NullPointerException
	at com.teamtop.system.activity.ativitys.happyCrossKing.HappyCrossKingEvent.login(HappyCrossKingEvent.java:41)
	at com.teamtop.system.event.systemEvent.SystemEventFunction.triggerLoginEvent(SystemEventFunction.java:830)
	at com.teamtop.system.hero.HeroManager.loadAlready(HeroManager.java:606)
	at com.teamtop.system.hero.HeroCG.loadAlready(HeroCG.java:34)
	at sun.reflect.NativeMethodAccessorImpl.invoke0(Native Method)
	at sun.reflect.NativeMethodAccessorImpl.invoke(NativeMethodAccessorImpl.java:62)
	at sun.reflect.DelegatingMethodAccessorImpl.invoke(DelegatingMethodAccessorImpl.java:43)
	at java.lang.reflect.Method.invoke(Method.java:497)
	at com.teamtop.netty.util.NettyDispatch$1.run(NettyDispatch.java:141)
	at com.teamtop.synHandleCore.OpTaskExecutorService$Work.run(OpTaskExecutorService.java:314)
	at java.lang.Thread.run(Thread.java:745)
,hid:1000100000000009,name:绝恋乄芊墨.S1,HappyCrossKingEventlogin exception
2020-10-26 11:16:49.569 [OpTaskExecutorService-thread-4] ERROR com.teamtop.system.event.systemEvent.SystemEventFunction - java.lang.NullPointerException
	at com.teamtop.system.activity.ativitys.happyMonsterGod.HappyMonsterGodEvent.login(HappyMonsterGodEvent.java:42)
	at com.teamtop.system.event.systemEvent.SystemEventFunction.triggerLoginEvent(SystemEventFunction.java:830)
	at com.teamtop.system.hero.HeroManager.loadAlready(HeroManager.java:606)
	at com.teamtop.system.hero.HeroCG.loadAlready(HeroCG.java:34)
	at sun.reflect.NativeMethodAccessorImpl.invoke0(Native Method)
	at sun.reflect.NativeMethodAccessorImpl.invoke(NativeMethodAccessorImpl.java:62)
	at sun.reflect.DelegatingMethodAccessorImpl.invoke(DelegatingMethodAccessorImpl.java:43)
	at java.lang.reflect.Method.invoke(Method.java:497)
	at com.teamtop.netty.util.NettyDispatch$1.run(NettyDispatch.java:141)
	at com.teamtop.synHandleCore.OpTaskExecutorService$Work.run(OpTaskExecutorService.java:314)
	at java.lang.Thread.run(Thread.java:745)
,hid:1000100000000009,name:绝恋乄芊墨.S1,HappyMonsterGodEventlogin exception
2020-10-26 11:16:49.569 [OpTaskExecutorService-thread-4] ERROR com.teamtop.system.event.systemEvent.SystemEventFunction - java.lang.NullPointerException
	at com.teamtop.system.activity.ativitys.happySoloRun.HappySoloRunEvent.login(HappySoloRunEvent.java:39)
	at com.teamtop.system.event.systemEvent.SystemEventFunction.triggerLoginEvent(SystemEventFunction.java:830)
	at com.teamtop.system.hero.HeroManager.loadAlready(HeroManager.java:606)
	at com.teamtop.system.hero.HeroCG.loadAlready(HeroCG.java:34)
	at sun.reflect.NativeMethodAccessorImpl.invoke0(Native Method)
	at sun.reflect.NativeMethodAccessorImpl.invoke(NativeMethodAccessorImpl.java:62)
	at sun.reflect.DelegatingMethodAccessorImpl.invoke(DelegatingMethodAccessorImpl.java:43)
	at java.lang.reflect.Method.invoke(Method.java:497)
	at com.teamtop.netty.util.NettyDispatch$1.run(NettyDispatch.java:141)
	at com.teamtop.synHandleCore.OpTaskExecutorService$Work.run(OpTaskExecutorService.java:314)
	at java.lang.Thread.run(Thread.java:745)
,hid:1000100000000009,name:绝恋乄芊墨.S1,HappySoloRunEventlogin exception
2020-10-26 11:16:49.569 [OpTaskExecutorService-thread-4] ERROR com.teamtop.system.event.systemEvent.SystemEventFunction - java.lang.NullPointerException
	at com.teamtop.system.activity.ativitys.threeKingdomsCelebration.celebrationJiJin.CelebrationJiJinManager.checkRed(CelebrationJiJinManager.java:152)
	at com.teamtop.system.activity.ativitys.threeKingdomsCelebration.celebrationJiJin.CelebrationJiJinEvent.login(CelebrationJiJinEvent.java:36)
	at com.teamtop.system.event.systemEvent.SystemEventFunction.triggerLoginEvent(SystemEventFunction.java:830)
	at com.teamtop.system.hero.HeroManager.loadAlready(HeroManager.java:606)
	at com.teamtop.system.hero.HeroCG.loadAlready(HeroCG.java:34)
	at sun.reflect.NativeMethodAccessorImpl.invoke0(Native Method)
	at sun.reflect.NativeMethodAccessorImpl.invoke(NativeMethodAccessorImpl.java:62)
	at sun.reflect.DelegatingMethodAccessorImpl.invoke(DelegatingMethodAccessorImpl.java:43)
	at java.lang.reflect.Method.invoke(Method.java:497)
	at com.teamtop.netty.util.NettyDispatch$1.run(NettyDispatch.java:141)
	at com.teamtop.synHandleCore.OpTaskExecutorService$Work.run(OpTaskExecutorService.java:314)
	at java.lang.Thread.run(Thread.java:745)
,hid:1000100000000009,name:绝恋乄芊墨.S1,CelebrationJiJinEventlogin exception
2020-10-26 11:17:03.297 [OpTaskExecutorService-thread-6] ERROR com.teamtop.system.event.systemEvent.SystemEventFunction - java.lang.NullPointerException
	at com.teamtop.system.activity.ativitys.happyQMboss.HappyQMbossEvent.login(HappyQMbossEvent.java:39)
	at com.teamtop.system.event.systemEvent.SystemEventFunction.triggerLoginEvent(SystemEventFunction.java:830)
	at com.teamtop.system.hero.HeroManager.loadAlready(HeroManager.java:606)
	at com.teamtop.system.hero.HeroCG.loadAlready(HeroCG.java:34)
	at sun.reflect.NativeMethodAccessorImpl.invoke0(Native Method)
	at sun.reflect.NativeMethodAccessorImpl.invoke(NativeMethodAccessorImpl.java:62)
	at sun.reflect.DelegatingMethodAccessorImpl.invoke(DelegatingMethodAccessorImpl.java:43)
	at java.lang.reflect.Method.invoke(Method.java:497)
	at com.teamtop.netty.util.NettyDispatch$1.run(NettyDispatch.java:141)
	at com.teamtop.synHandleCore.OpTaskExecutorService$Work.run(OpTaskExecutorService.java:314)
	at java.lang.Thread.run(Thread.java:745)
,hid:1000100000000755,name:才貌乄墨痕.S1,HappyQMbossEventlogin exception
2020-10-26 11:17:03.297 [OpTaskExecutorService-thread-6] ERROR com.teamtop.system.event.systemEvent.SystemEventFunction - java.lang.NullPointerException
	at com.teamtop.system.activity.ativitys.happyCrossKing.HappyCrossKingEvent.login(HappyCrossKingEvent.java:41)
	at com.teamtop.system.event.systemEvent.SystemEventFunction.triggerLoginEvent(SystemEventFunction.java:830)
	at com.teamtop.system.hero.HeroManager.loadAlready(HeroManager.java:606)
	at com.teamtop.system.hero.HeroCG.loadAlready(HeroCG.java:34)
	at sun.reflect.NativeMethodAccessorImpl.invoke0(Native Method)
	at sun.reflect.NativeMethodAccessorImpl.invoke(NativeMethodAccessorImpl.java:62)
	at sun.reflect.DelegatingMethodAccessorImpl.invoke(DelegatingMethodAccessorImpl.java:43)
	at java.lang.reflect.Method.invoke(Method.java:497)
	at com.teamtop.netty.util.NettyDispatch$1.run(NettyDispatch.java:141)
	at com.teamtop.synHandleCore.OpTaskExecutorService$Work.run(OpTaskExecutorService.java:314)
	at java.lang.Thread.run(Thread.java:745)
,hid:1000100000000755,name:才貌乄墨痕.S1,HappyCrossKingEventlogin exception
2020-10-26 11:17:03.297 [OpTaskExecutorService-thread-6] ERROR com.teamtop.system.event.systemEvent.SystemEventFunction - java.lang.NullPointerException
	at com.teamtop.system.activity.ativitys.happyMonsterGod.HappyMonsterGodEvent.login(HappyMonsterGodEvent.java:42)
	at com.teamtop.system.event.systemEvent.SystemEventFunction.triggerLoginEvent(SystemEventFunction.java:830)
	at com.teamtop.system.hero.HeroManager.loadAlready(HeroManager.java:606)
	at com.teamtop.system.hero.HeroCG.loadAlready(HeroCG.java:34)
	at sun.reflect.NativeMethodAccessorImpl.invoke0(Native Method)
	at sun.reflect.NativeMethodAccessorImpl.invoke(NativeMethodAccessorImpl.java:62)
	at sun.reflect.DelegatingMethodAccessorImpl.invoke(DelegatingMethodAccessorImpl.java:43)
	at java.lang.reflect.Method.invoke(Method.java:497)
	at com.teamtop.netty.util.NettyDispatch$1.run(NettyDispatch.java:141)
	at com.teamtop.synHandleCore.OpTaskExecutorService$Work.run(OpTaskExecutorService.java:314)
	at java.lang.Thread.run(Thread.java:745)
,hid:1000100000000755,name:才貌乄墨痕.S1,HappyMonsterGodEventlogin exception
2020-10-26 11:17:03.313 [OpTaskExecutorService-thread-6] ERROR com.teamtop.system.event.systemEvent.SystemEventFunction - java.lang.NullPointerException
	at com.teamtop.system.activity.ativitys.happySoloRun.HappySoloRunEvent.login(HappySoloRunEvent.java:39)
	at com.teamtop.system.event.systemEvent.SystemEventFunction.triggerLoginEvent(SystemEventFunction.java:830)
	at com.teamtop.system.hero.HeroManager.loadAlready(HeroManager.java:606)
	at com.teamtop.system.hero.HeroCG.loadAlready(HeroCG.java:34)
	at sun.reflect.NativeMethodAccessorImpl.invoke0(Native Method)
	at sun.reflect.NativeMethodAccessorImpl.invoke(NativeMethodAccessorImpl.java:62)
	at sun.reflect.DelegatingMethodAccessorImpl.invoke(DelegatingMethodAccessorImpl.java:43)
	at java.lang.reflect.Method.invoke(Method.java:497)
	at com.teamtop.netty.util.NettyDispatch$1.run(NettyDispatch.java:141)
	at com.teamtop.synHandleCore.OpTaskExecutorService$Work.run(OpTaskExecutorService.java:314)
	at java.lang.Thread.run(Thread.java:745)
,hid:1000100000000755,name:才貌乄墨痕.S1,HappySoloRunEventlogin exception
2020-10-26 16:33:17.314 [OpTaskExecutorService-thread-6] ERROR com.teamtop.system.event.systemEvent.SystemEventFunction - java.lang.NullPointerException
	at com.teamtop.system.activity.ativitys.happyQMboss.HappyQMbossEvent.login(HappyQMbossEvent.java:39)
	at com.teamtop.system.event.systemEvent.SystemEventFunction.triggerLoginEvent(SystemEventFunction.java:830)
	at com.teamtop.system.hero.HeroManager.loadAlready(HeroManager.java:606)
	at com.teamtop.system.hero.HeroCG.loadAlready(HeroCG.java:34)
	at sun.reflect.NativeMethodAccessorImpl.invoke0(Native Method)
	at sun.reflect.NativeMethodAccessorImpl.invoke(NativeMethodAccessorImpl.java:62)
	at sun.reflect.DelegatingMethodAccessorImpl.invoke(DelegatingMethodAccessorImpl.java:43)
	at java.lang.reflect.Method.invoke(Method.java:497)
	at com.teamtop.netty.util.NettyDispatch$1.run(NettyDispatch.java:141)
	at com.teamtop.synHandleCore.OpTaskExecutorService$Work.run(OpTaskExecutorService.java:314)
	at java.lang.Thread.run(Thread.java:745)
,hid:1000100000000755,name:才貌乄墨痕.S1,HappyQMbossEventlogin exception
2020-10-26 16:33:17.329 [OpTaskExecutorService-thread-6] ERROR com.teamtop.system.event.systemEvent.SystemEventFunction - java.lang.NullPointerException
	at com.teamtop.system.activity.ativitys.happyCrossKing.HappyCrossKingEvent.login(HappyCrossKingEvent.java:41)
	at com.teamtop.system.event.systemEvent.SystemEventFunction.triggerLoginEvent(SystemEventFunction.java:830)
	at com.teamtop.system.hero.HeroManager.loadAlready(HeroManager.java:606)
	at com.teamtop.system.hero.HeroCG.loadAlready(HeroCG.java:34)
	at sun.reflect.NativeMethodAccessorImpl.invoke0(Native Method)
	at sun.reflect.NativeMethodAccessorImpl.invoke(NativeMethodAccessorImpl.java:62)
	at sun.reflect.DelegatingMethodAccessorImpl.invoke(DelegatingMethodAccessorImpl.java:43)
	at java.lang.reflect.Method.invoke(Method.java:497)
	at com.teamtop.netty.util.NettyDispatch$1.run(NettyDispatch.java:141)
	at com.teamtop.synHandleCore.OpTaskExecutorService$Work.run(OpTaskExecutorService.java:314)
	at java.lang.Thread.run(Thread.java:745)
,hid:1000100000000755,name:才貌乄墨痕.S1,HappyCrossKingEventlogin exception
2020-10-26 16:33:17.329 [OpTaskExecutorService-thread-6] ERROR com.teamtop.system.event.systemEvent.SystemEventFunction - java.lang.NullPointerException
	at com.teamtop.system.activity.ativitys.happyMonsterGod.HappyMonsterGodEvent.login(HappyMonsterGodEvent.java:42)
	at com.teamtop.system.event.systemEvent.SystemEventFunction.triggerLoginEvent(SystemEventFunction.java:830)
	at com.teamtop.system.hero.HeroManager.loadAlready(HeroManager.java:606)
	at com.teamtop.system.hero.HeroCG.loadAlready(HeroCG.java:34)
	at sun.reflect.NativeMethodAccessorImpl.invoke0(Native Method)
	at sun.reflect.NativeMethodAccessorImpl.invoke(NativeMethodAccessorImpl.java:62)
	at sun.reflect.DelegatingMethodAccessorImpl.invoke(DelegatingMethodAccessorImpl.java:43)
	at java.lang.reflect.Method.invoke(Method.java:497)
	at com.teamtop.netty.util.NettyDispatch$1.run(NettyDispatch.java:141)
	at com.teamtop.synHandleCore.OpTaskExecutorService$Work.run(OpTaskExecutorService.java:314)
	at java.lang.Thread.run(Thread.java:745)
,hid:1000100000000755,name:才貌乄墨痕.S1,HappyMonsterGodEventlogin exception
2020-10-26 16:33:17.329 [OpTaskExecutorService-thread-6] ERROR com.teamtop.system.event.systemEvent.SystemEventFunction - java.lang.NullPointerException
	at com.teamtop.system.activity.ativitys.happySoloRun.HappySoloRunEvent.login(HappySoloRunEvent.java:39)
	at com.teamtop.system.event.systemEvent.SystemEventFunction.triggerLoginEvent(SystemEventFunction.java:830)
	at com.teamtop.system.hero.HeroManager.loadAlready(HeroManager.java:606)
	at com.teamtop.system.hero.HeroCG.loadAlready(HeroCG.java:34)
	at sun.reflect.NativeMethodAccessorImpl.invoke0(Native Method)
	at sun.reflect.NativeMethodAccessorImpl.invoke(NativeMethodAccessorImpl.java:62)
	at sun.reflect.DelegatingMethodAccessorImpl.invoke(DelegatingMethodAccessorImpl.java:43)
	at java.lang.reflect.Method.invoke(Method.java:497)
	at com.teamtop.netty.util.NettyDispatch$1.run(NettyDispatch.java:141)
	at com.teamtop.synHandleCore.OpTaskExecutorService$Work.run(OpTaskExecutorService.java:314)
	at java.lang.Thread.run(Thread.java:745)
,hid:1000100000000755,name:才貌乄墨痕.S1,HappySoloRunEventlogin exception
2020-10-26 16:33:17.329 [OpTaskExecutorService-thread-6] ERROR com.teamtop.system.event.systemEvent.SystemEventFunction - java.lang.NullPointerException
	at com.teamtop.system.activity.ativitys.threeKingdomsCelebration.celebrationJiJin.CelebrationJiJinManager.checkRed(CelebrationJiJinManager.java:152)
	at com.teamtop.system.activity.ativitys.threeKingdomsCelebration.celebrationJiJin.CelebrationJiJinEvent.login(CelebrationJiJinEvent.java:36)
	at com.teamtop.system.event.systemEvent.SystemEventFunction.triggerLoginEvent(SystemEventFunction.java:830)
	at com.teamtop.system.hero.HeroManager.loadAlready(HeroManager.java:606)
	at com.teamtop.system.hero.HeroCG.loadAlready(HeroCG.java:34)
	at sun.reflect.NativeMethodAccessorImpl.invoke0(Native Method)
	at sun.reflect.NativeMethodAccessorImpl.invoke(NativeMethodAccessorImpl.java:62)
	at sun.reflect.DelegatingMethodAccessorImpl.invoke(DelegatingMethodAccessorImpl.java:43)
	at java.lang.reflect.Method.invoke(Method.java:497)
	at com.teamtop.netty.util.NettyDispatch$1.run(NettyDispatch.java:141)
	at com.teamtop.synHandleCore.OpTaskExecutorService$Work.run(OpTaskExecutorService.java:314)
	at java.lang.Thread.run(Thread.java:745)
,hid:1000100000000755,name:才貌乄墨痕.S1,CelebrationJiJinEventlogin exception
2020-10-26 16:59:51.275 [OpTaskExecutorService-thread-0] ERROR com.teamtop.system.activity.ActivityFunction - java.lang.NullPointerException
	at com.teamtop.system.gm.event.ActivitySysGMEvent.gm(ActivitySysGMEvent.java:88)
	at com.teamtop.system.gm.GMManager.gm(GMManager.java:33)
	at com.teamtop.system.gm.GMCG.gm(GMCG.java:29)
	at sun.reflect.GeneratedMethodAccessor2524.invoke(Unknown Source)
	at sun.reflect.DelegatingMethodAccessorImpl.invoke(DelegatingMethodAccessorImpl.java:43)
	at java.lang.reflect.Method.invoke(Method.java:497)
	at com.teamtop.netty.util.NettyDispatch$1.run(NettyDispatch.java:141)
	at com.teamtop.synHandleCore.OpTaskExecutorService$Work.run(OpTaskExecutorService.java:314)
	at java.lang.Thread.run(Thread.java:745)

