2020-11-10 19:00:41.775 [任务线程 - 2] INFO  com.teamtop.houtaiHttp.events.kuaFuFenQu.KuaFuFenQuCache - KuaFuFenQuCache size=7
2020-11-10 19:01:41.810 [任务线程 - 4] INFO  com.teamtop.houtaiHttp.events.kuaFuFenQu.KuaFuFenQuCache - KuaFuFenQuCache size=7
2020-11-10 19:02:41.816 [任务线程 - 13] INFO  com.teamtop.houtaiHttp.events.kuaFuFenQu.KuaFuFenQuCache - KuaFuFenQuCache size=7
2020-11-10 19:03:13.768 [任务线程 - 9] INFO  com.teamtop.system.boss.monsterGod.MonsterGodEvent - MonsterGodEvent.fixTime cmdId:0 time:2020-11-21_19-00-00s
2020-11-10 19:03:13.768 [任务线程 - 9] INFO  com.teamtop.util.exector.schedule.ScheduleFixtime - day event:com.teamtop.system.boss.monsterGod.MonsterGodEvent@618b19ad,now:1605956400,dayTime:1900
2020-11-10 19:03:13.768 [任务线程 - 9] INFO  com.teamtop.system.crossBoss.cross.CrossBossCrossEvent - CrossBossCrossEvent.fixTime cmdId:2 time:2020-11-21_19-00-00s
2020-11-10 19:03:13.768 [任务线程 - 9] INFO  com.teamtop.util.exector.schedule.ScheduleFixtime - day event:com.teamtop.system.crossBoss.cross.CrossBossCrossEvent@4d6ee47,now:1605956400,dayTime:1900
2020-11-10 19:03:13.768 [crossChannelEx - 2] INFO  com.teamtop.system.crossBoss.CrossBossIO - local tell cross state:2  1
2020-11-10 19:03:41.834 [任务线程 - 10] INFO  com.teamtop.houtaiHttp.events.kuaFuFenQu.KuaFuFenQuCache - KuaFuFenQuCache size=7
2020-11-10 19:04:41.852 [任务线程 - 3] INFO  com.teamtop.houtaiHttp.events.kuaFuFenQu.KuaFuFenQuCache - KuaFuFenQuCache size=7
2020-11-10 19:05:41.869 [任务线程 - 15] INFO  com.teamtop.houtaiHttp.events.kuaFuFenQu.KuaFuFenQuCache - KuaFuFenQuCache size=7
2020-11-10 19:06:40.642 [任务线程 - 5] INFO  com.teamtop.util.exector.schedule.SchedulerBean - 任务 [MonsterGodCache] 已取消 !
2020-11-10 19:06:40.657 [任务线程 - 5] INFO  com.teamtop.system.boss.monsterGod.MonsterGodEvent - MonsterGodEvent.fixTime cmdId:0 time:2020-11-21_19-00-00s
2020-11-10 19:06:40.657 [任务线程 - 5] INFO  com.teamtop.util.exector.schedule.ScheduleFixtime - day event:com.teamtop.system.boss.monsterGod.MonsterGodEvent@2d3379b4,now:1605956400,dayTime:1900
2020-11-10 19:06:41.875 [任务线程 - 7] INFO  com.teamtop.houtaiHttp.events.kuaFuFenQu.KuaFuFenQuCache - KuaFuFenQuCache size=7
2020-11-10 19:07:40.584 [任务线程 - 7] INFO  com.teamtop.system.event.backstage.BackstageSystemEvent - 60m event:com.teamtop.system.event.backstage.events.flowMMCache.FlowMMCacheEvent@6f45e944,now:1605956460
2020-11-10 19:07:41.894 [任务线程 - 2] INFO  com.teamtop.houtaiHttp.events.kuaFuFenQu.KuaFuFenQuCache - KuaFuFenQuCache size=7
2020-11-10 19:08:41.901 [任务线程 - 7] INFO  com.teamtop.houtaiHttp.events.kuaFuFenQu.KuaFuFenQuCache - KuaFuFenQuCache size=7
2020-11-10 19:09:41.918 [任务线程 - 11] INFO  com.teamtop.houtaiHttp.events.kuaFuFenQu.KuaFuFenQuCache - KuaFuFenQuCache size=7
2020-11-10 19:10:41.934 [任务线程 - 4] INFO  com.teamtop.houtaiHttp.events.kuaFuFenQu.KuaFuFenQuCache - KuaFuFenQuCache size=7
2020-11-10 19:11:41.951 [任务线程 - 11] INFO  com.teamtop.houtaiHttp.events.kuaFuFenQu.KuaFuFenQuCache - KuaFuFenQuCache size=7
2020-11-10 19:12:41.960 [任务线程 - 3] INFO  com.teamtop.houtaiHttp.events.kuaFuFenQu.KuaFuFenQuCache - KuaFuFenQuCache size=7
2020-11-10 19:13:41.976 [任务线程 - 13] INFO  com.teamtop.houtaiHttp.events.kuaFuFenQu.KuaFuFenQuCache - KuaFuFenQuCache size=7
2020-11-10 19:14:41.995 [任务线程 - 2] INFO  com.teamtop.houtaiHttp.events.kuaFuFenQu.KuaFuFenQuCache - KuaFuFenQuCache size=7
2020-11-10 19:15:42.000 [任务线程 - 7] INFO  com.teamtop.houtaiHttp.events.kuaFuFenQu.KuaFuFenQuCache - KuaFuFenQuCache size=7
2020-11-10 19:16:42.016 [任务线程 - 12] INFO  com.teamtop.houtaiHttp.events.kuaFuFenQu.KuaFuFenQuCache - KuaFuFenQuCache size=7
2020-11-10 19:17:42.025 [任务线程 - 3] INFO  com.teamtop.houtaiHttp.events.kuaFuFenQu.KuaFuFenQuCache - KuaFuFenQuCache size=7
2020-11-10 19:18:42.034 [任务线程 - 15] INFO  com.teamtop.houtaiHttp.events.kuaFuFenQu.KuaFuFenQuCache - KuaFuFenQuCache size=7
2020-11-10 19:19:42.051 [任务线程 - 11] INFO  com.teamtop.houtaiHttp.events.kuaFuFenQu.KuaFuFenQuCache - KuaFuFenQuCache size=7
2020-11-10 19:20:42.069 [任务线程 - 15] INFO  com.teamtop.houtaiHttp.events.kuaFuFenQu.KuaFuFenQuCache - KuaFuFenQuCache size=7
2020-11-10 19:21:42.085 [任务线程 - 2] INFO  com.teamtop.houtaiHttp.events.kuaFuFenQu.KuaFuFenQuCache - KuaFuFenQuCache size=7
2020-11-10 19:22:42.105 [任务线程 - 7] INFO  com.teamtop.houtaiHttp.events.kuaFuFenQu.KuaFuFenQuCache - KuaFuFenQuCache size=7
2020-11-10 19:23:42.125 [任务线程 - 6] INFO  com.teamtop.houtaiHttp.events.kuaFuFenQu.KuaFuFenQuCache - KuaFuFenQuCache size=7
2020-11-10 19:24:42.143 [任务线程 - 6] INFO  com.teamtop.houtaiHttp.events.kuaFuFenQu.KuaFuFenQuCache - KuaFuFenQuCache size=7
2020-11-10 19:25:42.159 [任务线程 - 7] INFO  com.teamtop.houtaiHttp.events.kuaFuFenQu.KuaFuFenQuCache - KuaFuFenQuCache size=7
2020-11-10 19:26:42.177 [任务线程 - 2] INFO  com.teamtop.houtaiHttp.events.kuaFuFenQu.KuaFuFenQuCache - KuaFuFenQuCache size=7
2020-11-10 19:27:42.196 [任务线程 - 11] INFO  com.teamtop.houtaiHttp.events.kuaFuFenQu.KuaFuFenQuCache - KuaFuFenQuCache size=7
2020-11-10 19:28:42.217 [任务线程 - 15] INFO  com.teamtop.houtaiHttp.events.kuaFuFenQu.KuaFuFenQuCache - KuaFuFenQuCache size=7
2020-11-10 19:29:42.234 [任务线程 - 2] INFO  com.teamtop.houtaiHttp.events.kuaFuFenQu.KuaFuFenQuCache - KuaFuFenQuCache size=7
2020-11-10 19:30:42.239 [任务线程 - 10] INFO  com.teamtop.houtaiHttp.events.kuaFuFenQu.KuaFuFenQuCache - KuaFuFenQuCache size=7
2020-11-10 19:31:13.099 [任务线程 - 9] INFO  com.teamtop.system.battleGoods.event.BattleGoodCrossSysEvent - BattleGood readyHandel start
2020-11-10 19:31:13.099 [任务线程 - 9] INFO  com.teamtop.system.battleGoods.event.BattleGoodCrossSysEvent - BattleGood match start, zoneIdSet size = 1, partId=10001
2020-11-10 19:31:13.099 [任务线程 - 9] INFO  com.teamtop.system.battleGoods.event.BattleGoodCrossSysEvent - chooseZoneId==1, randomSize=1, randomIndex=0, roomId=1
2020-11-10 19:31:13.099 [任务线程 - 9] INFO  com.teamtop.system.battleGoods.event.BattleGoodCrossSysEvent - 首服id chooseZoneId==1房间id roomId=1
2020-11-10 19:31:13.099 [任务线程 - 9] INFO  com.teamtop.system.battleGoods.event.BattleGoodCrossSysEvent - BattleGood match start Finish, partId=10001
2020-11-10 19:31:13.099 [任务线程 - 9] INFO  com.teamtop.util.exector.schedule.ScheduleFixtime - day event:com.teamtop.system.battleGoods.event.BattleGoodCrossSysEvent@3a5c2626,now:1605958080,dayTime:1928
2020-11-10 19:31:40.449 [任务线程 - 12] INFO  com.teamtop.system.battleGoods.event.BattleGoodLocalSysEvent - BattleGoodLocalSysEvent apply
2020-11-10 19:31:40.449 [任务线程 - 12] INFO  com.teamtop.util.exector.schedule.ScheduleFixtime - day event:com.teamtop.system.battleGoods.event.BattleGoodLocalSysEvent@2053d869,now:1605957900,dayTime:1925
2020-11-10 19:31:40.465 [OpTaskExecutorService-thread-8] INFO  com.teamtop.system.battleGoods.BattleGoodIO - BattleGoodIO apply partId=10001chooseZoneId==1
2020-11-10 19:31:42.246 [任务线程 - 10] INFO  com.teamtop.houtaiHttp.events.kuaFuFenQu.KuaFuFenQuCache - KuaFuFenQuCache size=7
2020-11-10 19:32:42.252 [任务线程 - 6] INFO  com.teamtop.houtaiHttp.events.kuaFuFenQu.KuaFuFenQuCache - KuaFuFenQuCache size=7
2020-11-10 19:33:13.750 [任务线程 - 1] INFO  com.teamtop.system.battleGoods.event.BattleGoodCrossSysEvent - BattleGood act start
2020-11-10 19:33:13.782 [任务线程 - 1] INFO  com.teamtop.system.battleGoods.event.BattleGoodCrossSysEvent - BattleGood act start finish
2020-11-10 19:33:13.782 [任务线程 - 1] INFO  com.teamtop.util.exector.schedule.ScheduleFixtime - day event:com.teamtop.system.battleGoods.event.BattleGoodCrossSysEvent@3a5c2626,now:1605958200,dayTime:1930
2020-11-10 19:33:42.270 [任务线程 - 4] INFO  com.teamtop.houtaiHttp.events.kuaFuFenQu.KuaFuFenQuCache - KuaFuFenQuCache size=7
2020-11-10 19:34:42.289 [任务线程 - 6] INFO  com.teamtop.houtaiHttp.events.kuaFuFenQu.KuaFuFenQuCache - KuaFuFenQuCache size=7
2020-11-10 19:35:42.307 [任务线程 - 5] INFO  com.teamtop.houtaiHttp.events.kuaFuFenQu.KuaFuFenQuCache - KuaFuFenQuCache size=7
2020-11-10 19:36:42.323 [任务线程 - 3] INFO  com.teamtop.houtaiHttp.events.kuaFuFenQu.KuaFuFenQuCache - KuaFuFenQuCache size=7
2020-11-10 19:37:42.343 [任务线程 - 6] INFO  com.teamtop.houtaiHttp.events.kuaFuFenQu.KuaFuFenQuCache - KuaFuFenQuCache size=7
2020-11-10 19:38:42.363 [任务线程 - 7] INFO  com.teamtop.houtaiHttp.events.kuaFuFenQu.KuaFuFenQuCache - KuaFuFenQuCache size=7
2020-11-10 19:39:42.382 [任务线程 - 2] INFO  com.teamtop.houtaiHttp.events.kuaFuFenQu.KuaFuFenQuCache - KuaFuFenQuCache size=7
2020-11-10 19:40:42.398 [任务线程 - 14] INFO  com.teamtop.houtaiHttp.events.kuaFuFenQu.KuaFuFenQuCache - KuaFuFenQuCache size=7
2020-11-10 19:41:42.417 [任务线程 - 12] INFO  com.teamtop.houtaiHttp.events.kuaFuFenQu.KuaFuFenQuCache - KuaFuFenQuCache size=7
2020-11-10 19:42:42.424 [任务线程 - 2] INFO  com.teamtop.houtaiHttp.events.kuaFuFenQu.KuaFuFenQuCache - KuaFuFenQuCache size=7
2020-11-10 19:43:42.440 [任务线程 - 16] INFO  com.teamtop.houtaiHttp.events.kuaFuFenQu.KuaFuFenQuCache - KuaFuFenQuCache size=7
2020-11-10 19:44:42.445 [任务线程 - 16] INFO  com.teamtop.houtaiHttp.events.kuaFuFenQu.KuaFuFenQuCache - KuaFuFenQuCache size=7
2020-11-10 19:45:42.461 [任务线程 - 3] INFO  com.teamtop.houtaiHttp.events.kuaFuFenQu.KuaFuFenQuCache - KuaFuFenQuCache size=7
2020-11-10 19:46:42.479 [任务线程 - 3] INFO  com.teamtop.houtaiHttp.events.kuaFuFenQu.KuaFuFenQuCache - KuaFuFenQuCache size=7
2020-11-10 19:47:42.485 [任务线程 - 2] INFO  com.teamtop.houtaiHttp.events.kuaFuFenQu.KuaFuFenQuCache - KuaFuFenQuCache size=7
2020-11-10 19:48:42.506 [任务线程 - 13] INFO  com.teamtop.houtaiHttp.events.kuaFuFenQu.KuaFuFenQuCache - KuaFuFenQuCache size=7
2020-11-10 19:49:42.512 [任务线程 - 7] INFO  com.teamtop.houtaiHttp.events.kuaFuFenQu.KuaFuFenQuCache - KuaFuFenQuCache size=7
2020-11-10 19:50:42.535 [任务线程 - 15] INFO  com.teamtop.houtaiHttp.events.kuaFuFenQu.KuaFuFenQuCache - KuaFuFenQuCache size=7
2020-11-10 19:51:42.552 [任务线程 - 6] INFO  com.teamtop.houtaiHttp.events.kuaFuFenQu.KuaFuFenQuCache - KuaFuFenQuCache size=7
2020-11-10 19:52:42.570 [任务线程 - 12] INFO  com.teamtop.houtaiHttp.events.kuaFuFenQu.KuaFuFenQuCache - KuaFuFenQuCache size=7
2020-11-10 19:53:13.242 [任务线程 - 9] INFO  com.teamtop.util.exector.schedule.SchedulerBean - 任务 [ZSBOSS] 已取消 !
2020-11-10 19:53:13.242 [任务线程 - 9] INFO  com.teamtop.system.crossBoss.CrossBossFunction - crossBoss addHp=-2, xhp=0, maxNum=20, minNum=0, useTime=9999
2020-11-10 19:53:13.242 [任务线程 - 9] INFO  com.teamtop.system.crossBoss.CrossBossFunction - crossBoss addHp=-2, xhp=0, maxNum=20, minNum=0
2020-11-10 19:53:13.242 [任务线程 - 9] INFO  com.teamtop.system.crossBoss.CrossBossFunction - crossBoss addHp=-2, xhp=0, maxNum=20, minNum=0, useTime=9999
2020-11-10 19:53:13.242 [任务线程 - 9] INFO  com.teamtop.system.crossBoss.CrossBossFunction - crossBoss addHp=-2, xhp=0, maxNum=20, minNum=0
2020-11-10 19:53:13.242 [任务线程 - 9] INFO  com.teamtop.system.crossBoss.CrossBossFunction - crossBoss addHp=-2, xhp=0, maxNum=20, minNum=0, useTime=9999
2020-11-10 19:53:13.242 [任务线程 - 9] INFO  com.teamtop.system.crossBoss.CrossBossFunction - crossBoss addHp=-2, xhp=0, maxNum=20, minNum=0
2020-11-10 19:53:13.242 [任务线程 - 9] INFO  com.teamtop.system.crossBoss.CrossBossFunction - crossBoss addHp=-2, xhp=0, maxNum=20, minNum=0, useTime=9999
2020-11-10 19:53:13.242 [任务线程 - 9] INFO  com.teamtop.system.crossBoss.CrossBossFunction - crossBoss addHp=-2, xhp=0, maxNum=20, minNum=0
2020-11-10 19:53:13.242 [任务线程 - 9] INFO  com.teamtop.system.crossBoss.CrossBossFunction - crossBoss addHp=-2, xhp=0, maxNum=20, minNum=0, useTime=9999
2020-11-10 19:53:13.242 [任务线程 - 9] INFO  com.teamtop.system.crossBoss.CrossBossFunction - crossBoss addHp=-2, xhp=0, maxNum=20, minNum=0
2020-11-10 19:53:13.242 [crossChannelEx - 2] INFO  com.teamtop.system.crossBoss.CrossBossIO - localReceiveData :{{240003:{{240003,0,{!},{!},!}},240002:{{240002,0,{!},{!},!}},240001:{{240001,0,{!},{!},!}},240005:{{240005,0,{!},{!},!}},240004:{{240004,0,{!},{!},!}}},{1}}
2020-11-10 19:53:13.257 [任务线程 - 9] INFO  com.teamtop.system.crossBoss.cross.CrossBossCrossEvent - CrossBossCrossEvent.fixTime cmdId:0 time:2020-11-21_19-50-00s
2020-11-10 19:53:13.257 [任务线程 - 9] INFO  com.teamtop.util.exector.schedule.ScheduleFixtime - day event:com.teamtop.system.crossBoss.cross.CrossBossCrossEvent@4d6ee47,now:1605959400,dayTime:1950
2020-11-10 19:53:13.257 [任务线程 - 9] INFO  com.teamtop.system.battleGoods.event.BattleGoodCrossSysEvent - BattleGood act end
2020-11-10 19:53:13.257 [crossChannelEx - 4] INFO  com.teamtop.system.crossBoss.CrossBossIO - local tell cross state:0  1
2020-11-10 19:53:13.257 [任务线程 - 9] INFO  com.teamtop.system.battleGoods.event.BattleGoodCrossSysEvent - BattleGood act end finish
2020-11-10 19:53:13.257 [任务线程 - 9] INFO  com.teamtop.util.exector.schedule.ScheduleFixtime - day event:com.teamtop.system.battleGoods.event.BattleGoodCrossSysEvent@3a5c2626,now:1605959400,dayTime:1950
2020-11-10 19:53:42.589 [任务线程 - 10] INFO  com.teamtop.houtaiHttp.events.kuaFuFenQu.KuaFuFenQuCache - KuaFuFenQuCache size=7
2020-11-10 19:54:42.607 [任务线程 - 15] INFO  com.teamtop.houtaiHttp.events.kuaFuFenQu.KuaFuFenQuCache - KuaFuFenQuCache size=7
2020-11-10 19:55:42.627 [任务线程 - 8] INFO  com.teamtop.houtaiHttp.events.kuaFuFenQu.KuaFuFenQuCache - KuaFuFenQuCache size=7
2020-11-10 19:56:42.643 [任务线程 - 4] INFO  com.teamtop.houtaiHttp.events.kuaFuFenQu.KuaFuFenQuCache - KuaFuFenQuCache size=7
2020-11-10 19:57:42.662 [任务线程 - 10] INFO  com.teamtop.houtaiHttp.events.kuaFuFenQu.KuaFuFenQuCache - KuaFuFenQuCache size=7
2020-11-10 19:58:13.428 [任务线程 - 13] INFO  com.teamtop.system.crossBoss.CrossBossFunction - 转生1001——3003 bossid:240001 maxhp1367530000 倍数：0总血量：1367530000
2020-11-10 19:58:13.428 [任务线程 - 13] INFO  com.teamtop.system.crossBoss.CrossBossFunction - ready new CrossBoss :1 zsBossid:240001 tempMaxHp:0
2020-11-10 19:58:13.428 [任务线程 - 13] INFO  com.teamtop.system.crossBoss.CrossBossFunction - 转生4001——6003 bossid:240002 maxhp6730920000 倍数：0总血量：6730920000
2020-11-10 19:58:13.428 [任务线程 - 13] INFO  com.teamtop.system.crossBoss.CrossBossFunction - ready new CrossBoss :1 zsBossid:240002 tempMaxHp:0
2020-11-10 19:58:13.428 [任务线程 - 13] INFO  com.teamtop.system.crossBoss.CrossBossFunction - 转生7001——8003 bossid:240003 maxhp25705905000 倍数：0总血量：25705905000
2020-11-10 19:58:13.428 [任务线程 - 13] INFO  com.teamtop.system.crossBoss.CrossBossFunction - ready new CrossBoss :1 zsBossid:240003 tempMaxHp:0
2020-11-10 19:58:13.428 [任务线程 - 13] INFO  com.teamtop.system.crossBoss.CrossBossFunction - 转生9001——10003 bossid:240004 maxhp62142310000 倍数：0总血量：62142310000
2020-11-10 19:58:13.428 [任务线程 - 13] INFO  com.teamtop.system.crossBoss.CrossBossFunction - ready new CrossBoss :1 zsBossid:240004 tempMaxHp:0
2020-11-10 19:58:13.428 [任务线程 - 13] INFO  com.teamtop.system.crossBoss.CrossBossFunction - 转生11001——12003 bossid:240005 maxhp104600755000 倍数：0总血量：104600755000
2020-11-10 19:58:13.428 [任务线程 - 13] INFO  com.teamtop.system.crossBoss.CrossBossFunction - ready new CrossBoss :1 zsBossid:240005 tempMaxHp:0
2020-11-10 19:58:13.428 [任务线程 - 13] INFO  com.teamtop.system.crossBoss.cross.CrossBossCrossEvent - CrossBossCrossEvent.fixTime cmdId:1 time:2020-11-21_19-55-00s
2020-11-10 19:58:13.428 [任务线程 - 13] INFO  com.teamtop.util.exector.schedule.ScheduleFixtime - day event:com.teamtop.system.crossBoss.cross.CrossBossCrossEvent@4d6ee47,now:1605959700,dayTime:1955
2020-11-10 19:58:13.428 [crossChannelEx - 2] INFO  com.teamtop.system.crossBoss.CrossBossIO - local tell cross state:1  1
2020-11-10 19:58:42.682 [任务线程 - 3] INFO  com.teamtop.houtaiHttp.events.kuaFuFenQu.KuaFuFenQuCache - KuaFuFenQuCache size=7
2020-11-10 19:59:42.702 [任务线程 - 13] INFO  com.teamtop.houtaiHttp.events.kuaFuFenQu.KuaFuFenQuCache - KuaFuFenQuCache size=7
