2022-09-19 09:00:00.042 [任务线程 - 44] INFO  com.teamtop.util.exector.schedule.ScheduleFixtime - day event:com.teamtop.system.mail.MailEvent@1cc2fe97,now:1663549200,dayTime:900
2022-09-19 09:00:00.066 [任务线程 - 44] INFO  com.teamtop.system.crossBoss.cross.CrossBossCrossEvent - CrossBossCrossEvent.fixTime cmdId:2 time:2022-09-19_09-00-00s
2022-09-19 09:00:00.068 [任务线程 - 44] INFO  com.teamtop.util.exector.schedule.ScheduleFixtime - day event:com.teamtop.system.crossBoss.cross.CrossBossCrossEvent@280e8a1a,now:1663549200,dayTime:900
2022-09-19 09:00:00.080 [crossChannelEx - 5] INFO  com.teamtop.system.crossBoss.CrossBossIO - local tell cross state:2  1
2022-09-19 09:00:00.630 [任务线程 - 38] INFO  com.teamtop.util.exector.schedule.ScheduleFixtime - day event:com.teamtop.system.mail.MailEvent@23a0d740,now:1663549200,dayTime:900
2022-09-19 09:00:54.494 [任务线程 - 62] INFO  com.teamtop.houtaiHttp.events.kuaFuFenQu.KuaFuFenQuCache - KuaFuFenQuCache size=1
2022-09-19 09:01:00.166 [任务线程 - 21] INFO  com.teamtop.system.event.backstage.BackstageSystemEvent - 60m event:com.teamtop.system.event.backstage.events.flowMMCache.FlowMMCacheEvent@2ad33b63,now:1663549260
2022-09-19 09:01:54.514 [任务线程 - 18] INFO  com.teamtop.houtaiHttp.events.kuaFuFenQu.KuaFuFenQuCache - KuaFuFenQuCache size=1
2022-09-19 09:02:54.530 [任务线程 - 18] INFO  com.teamtop.houtaiHttp.events.kuaFuFenQu.KuaFuFenQuCache - KuaFuFenQuCache size=1
2022-09-19 09:03:54.537 [任务线程 - 11] INFO  com.teamtop.houtaiHttp.events.kuaFuFenQu.KuaFuFenQuCache - KuaFuFenQuCache size=1
2022-09-19 09:04:54.541 [任务线程 - 32] INFO  com.teamtop.houtaiHttp.events.kuaFuFenQu.KuaFuFenQuCache - KuaFuFenQuCache size=1
2022-09-19 09:05:54.567 [任务线程 - 9] INFO  com.teamtop.houtaiHttp.events.kuaFuFenQu.KuaFuFenQuCache - KuaFuFenQuCache size=1
2022-09-19 09:06:54.594 [任务线程 - 49] INFO  com.teamtop.houtaiHttp.events.kuaFuFenQu.KuaFuFenQuCache - KuaFuFenQuCache size=1
2022-09-19 09:07:54.608 [任务线程 - 50] INFO  com.teamtop.houtaiHttp.events.kuaFuFenQu.KuaFuFenQuCache - KuaFuFenQuCache size=1
2022-09-19 09:08:54.614 [任务线程 - 28] INFO  com.teamtop.houtaiHttp.events.kuaFuFenQu.KuaFuFenQuCache - KuaFuFenQuCache size=1
2022-09-19 09:09:54.626 [任务线程 - 37] INFO  com.teamtop.houtaiHttp.events.kuaFuFenQu.KuaFuFenQuCache - KuaFuFenQuCache size=1
2022-09-19 09:10:54.636 [任务线程 - 20] INFO  com.teamtop.houtaiHttp.events.kuaFuFenQu.KuaFuFenQuCache - KuaFuFenQuCache size=1
2022-09-19 09:11:54.650 [任务线程 - 45] INFO  com.teamtop.houtaiHttp.events.kuaFuFenQu.KuaFuFenQuCache - KuaFuFenQuCache size=1
2022-09-19 09:12:54.659 [任务线程 - 3] INFO  com.teamtop.houtaiHttp.events.kuaFuFenQu.KuaFuFenQuCache - KuaFuFenQuCache size=1
2022-09-19 09:13:54.671 [任务线程 - 41] INFO  com.teamtop.houtaiHttp.events.kuaFuFenQu.KuaFuFenQuCache - KuaFuFenQuCache size=1
2022-09-19 09:14:54.682 [任务线程 - 17] INFO  com.teamtop.houtaiHttp.events.kuaFuFenQu.KuaFuFenQuCache - KuaFuFenQuCache size=1
2022-09-19 09:15:54.641 [任务线程 - 41] INFO  com.teamtop.houtaiHttp.events.kuaFuFenQu.KuaFuFenQuCache - KuaFuFenQuCache size=1
2022-09-19 09:16:54.660 [任务线程 - 32] INFO  com.teamtop.houtaiHttp.events.kuaFuFenQu.KuaFuFenQuCache - KuaFuFenQuCache size=1
2022-09-19 09:17:54.672 [任务线程 - 51] INFO  com.teamtop.houtaiHttp.events.kuaFuFenQu.KuaFuFenQuCache - KuaFuFenQuCache size=1
2022-09-19 09:18:54.683 [任务线程 - 49] INFO  com.teamtop.houtaiHttp.events.kuaFuFenQu.KuaFuFenQuCache - KuaFuFenQuCache size=1
2022-09-19 09:19:54.694 [任务线程 - 60] INFO  com.teamtop.houtaiHttp.events.kuaFuFenQu.KuaFuFenQuCache - KuaFuFenQuCache size=1
2022-09-19 09:20:54.705 [任务线程 - 38] INFO  com.teamtop.houtaiHttp.events.kuaFuFenQu.KuaFuFenQuCache - KuaFuFenQuCache size=1
2022-09-19 09:21:54.716 [任务线程 - 12] INFO  com.teamtop.houtaiHttp.events.kuaFuFenQu.KuaFuFenQuCache - KuaFuFenQuCache size=1
2022-09-19 09:22:54.725 [任务线程 - 58] INFO  com.teamtop.houtaiHttp.events.kuaFuFenQu.KuaFuFenQuCache - KuaFuFenQuCache size=1
2022-09-19 09:23:54.735 [任务线程 - 43] INFO  com.teamtop.houtaiHttp.events.kuaFuFenQu.KuaFuFenQuCache - KuaFuFenQuCache size=1
2022-09-19 09:24:54.746 [任务线程 - 9] INFO  com.teamtop.houtaiHttp.events.kuaFuFenQu.KuaFuFenQuCache - KuaFuFenQuCache size=1
2022-09-19 09:25:54.776 [任务线程 - 24] INFO  com.teamtop.houtaiHttp.events.kuaFuFenQu.KuaFuFenQuCache - KuaFuFenQuCache size=1
2022-09-19 09:26:54.797 [任务线程 - 16] INFO  com.teamtop.houtaiHttp.events.kuaFuFenQu.KuaFuFenQuCache - KuaFuFenQuCache size=1
2022-09-19 09:27:54.806 [任务线程 - 45] INFO  com.teamtop.houtaiHttp.events.kuaFuFenQu.KuaFuFenQuCache - KuaFuFenQuCache size=1
2022-09-19 09:28:54.815 [任务线程 - 37] INFO  com.teamtop.houtaiHttp.events.kuaFuFenQu.KuaFuFenQuCache - KuaFuFenQuCache size=1
2022-09-19 09:29:54.826 [任务线程 - 51] INFO  com.teamtop.houtaiHttp.events.kuaFuFenQu.KuaFuFenQuCache - KuaFuFenQuCache size=1
2022-09-19 09:30:54.765 [任务线程 - 17] INFO  com.teamtop.houtaiHttp.events.kuaFuFenQu.KuaFuFenQuCache - KuaFuFenQuCache size=1
2022-09-19 09:31:54.774 [任务线程 - 60] INFO  com.teamtop.houtaiHttp.events.kuaFuFenQu.KuaFuFenQuCache - KuaFuFenQuCache size=1
2022-09-19 09:32:54.786 [任务线程 - 17] INFO  com.teamtop.houtaiHttp.events.kuaFuFenQu.KuaFuFenQuCache - KuaFuFenQuCache size=1
2022-09-19 09:33:54.795 [任务线程 - 41] INFO  com.teamtop.houtaiHttp.events.kuaFuFenQu.KuaFuFenQuCache - KuaFuFenQuCache size=1
2022-09-19 09:34:54.803 [任务线程 - 53] INFO  com.teamtop.houtaiHttp.events.kuaFuFenQu.KuaFuFenQuCache - KuaFuFenQuCache size=1
2022-09-19 09:35:54.826 [任务线程 - 42] INFO  com.teamtop.houtaiHttp.events.kuaFuFenQu.KuaFuFenQuCache - KuaFuFenQuCache size=1
2022-09-19 09:36:54.844 [任务线程 - 29] INFO  com.teamtop.houtaiHttp.events.kuaFuFenQu.KuaFuFenQuCache - KuaFuFenQuCache size=1
2022-09-19 09:37:54.850 [任务线程 - 22] INFO  com.teamtop.houtaiHttp.events.kuaFuFenQu.KuaFuFenQuCache - KuaFuFenQuCache size=1
2022-09-19 09:38:54.855 [任务线程 - 64] INFO  com.teamtop.houtaiHttp.events.kuaFuFenQu.KuaFuFenQuCache - KuaFuFenQuCache size=1
2022-09-19 09:39:54.863 [任务线程 - 9] INFO  com.teamtop.houtaiHttp.events.kuaFuFenQu.KuaFuFenQuCache - KuaFuFenQuCache size=1
2022-09-19 09:40:54.869 [任务线程 - 44] INFO  com.teamtop.houtaiHttp.events.kuaFuFenQu.KuaFuFenQuCache - KuaFuFenQuCache size=1
2022-09-19 09:41:54.886 [任务线程 - 1] INFO  com.teamtop.houtaiHttp.events.kuaFuFenQu.KuaFuFenQuCache - KuaFuFenQuCache size=1
2022-09-19 09:42:54.888 [任务线程 - 42] INFO  com.teamtop.houtaiHttp.events.kuaFuFenQu.KuaFuFenQuCache - KuaFuFenQuCache size=1
2022-09-19 09:43:54.892 [任务线程 - 18] INFO  com.teamtop.houtaiHttp.events.kuaFuFenQu.KuaFuFenQuCache - KuaFuFenQuCache size=1
2022-09-19 09:44:54.892 [任务线程 - 49] INFO  com.teamtop.houtaiHttp.events.kuaFuFenQu.KuaFuFenQuCache - KuaFuFenQuCache size=1
2022-09-19 09:45:54.918 [任务线程 - 1] INFO  com.teamtop.houtaiHttp.events.kuaFuFenQu.KuaFuFenQuCache - KuaFuFenQuCache size=1
2022-09-19 09:46:54.937 [任务线程 - 1] INFO  com.teamtop.houtaiHttp.events.kuaFuFenQu.KuaFuFenQuCache - KuaFuFenQuCache size=1
2022-09-19 09:47:54.943 [任务线程 - 39] INFO  com.teamtop.houtaiHttp.events.kuaFuFenQu.KuaFuFenQuCache - KuaFuFenQuCache size=1
2022-09-19 09:48:54.948 [任务线程 - 8] INFO  com.teamtop.houtaiHttp.events.kuaFuFenQu.KuaFuFenQuCache - KuaFuFenQuCache size=1
2022-09-19 09:49:54.954 [任务线程 - 16] INFO  com.teamtop.houtaiHttp.events.kuaFuFenQu.KuaFuFenQuCache - KuaFuFenQuCache size=1
2022-09-19 09:50:00.450 [任务线程 - 43] INFO  com.teamtop.util.exector.schedule.SchedulerBean - 任务 [ZSBOSS] 已取消 !
2022-09-19 09:50:00.456 [任务线程 - 43] INFO  com.teamtop.system.crossBoss.CrossBossFunction - crossBoss addHp=-2, xhp=0, maxNum=20, minNum=0, useTime=9999
2022-09-19 09:50:00.457 [任务线程 - 43] INFO  com.teamtop.system.crossBoss.CrossBossFunction - crossBoss addHp=-2, xhp=0, maxNum=20, minNum=0
2022-09-19 09:50:00.457 [任务线程 - 43] INFO  com.teamtop.system.crossBoss.CrossBossFunction - crossBoss addHp=-2, xhp=0, maxNum=20, minNum=0, useTime=9999
2022-09-19 09:50:00.457 [任务线程 - 43] INFO  com.teamtop.system.crossBoss.CrossBossFunction - crossBoss addHp=-2, xhp=0, maxNum=20, minNum=0
2022-09-19 09:50:00.458 [任务线程 - 43] INFO  com.teamtop.system.crossBoss.CrossBossFunction - crossBoss addHp=-2, xhp=0, maxNum=20, minNum=0, useTime=9999
2022-09-19 09:50:00.458 [任务线程 - 43] INFO  com.teamtop.system.crossBoss.CrossBossFunction - crossBoss addHp=-2, xhp=0, maxNum=20, minNum=0
2022-09-19 09:50:00.458 [任务线程 - 43] INFO  com.teamtop.system.crossBoss.CrossBossFunction - crossBoss addHp=-2, xhp=0, maxNum=20, minNum=0, useTime=9999
2022-09-19 09:50:00.458 [任务线程 - 43] INFO  com.teamtop.system.crossBoss.CrossBossFunction - crossBoss addHp=-2, xhp=0, maxNum=20, minNum=0
2022-09-19 09:50:00.459 [任务线程 - 43] INFO  com.teamtop.system.crossBoss.CrossBossFunction - crossBoss addHp=-2, xhp=0, maxNum=20, minNum=0, useTime=9999
2022-09-19 09:50:00.460 [任务线程 - 43] INFO  com.teamtop.system.crossBoss.CrossBossFunction - crossBoss addHp=-2, xhp=0, maxNum=20, minNum=0
2022-09-19 09:50:00.516 [crossChannelEx - 7] INFO  com.teamtop.system.crossBoss.CrossBossIO - localReceiveData :{{240003:{{240003,0,{!},{!},!}},240002:{{240002,0,{!},{!},!}},240001:{{240001,0,{!},{!},!}},240005:{{240005,0,{!},{!},!}},240004:{{240004,0,{!},{!},!}}},{1}}
2022-09-19 09:50:00.542 [任务线程 - 43] INFO  com.teamtop.system.crossBoss.cross.CrossBossCrossEvent - CrossBossCrossEvent.fixTime cmdId:0 time:2022-09-19_09-50-00s
2022-09-19 09:50:00.544 [crossChannelEx - 3] INFO  com.teamtop.system.crossBoss.CrossBossIO - local tell cross state:0  1
2022-09-19 09:50:00.545 [任务线程 - 43] INFO  com.teamtop.util.exector.schedule.ScheduleFixtime - day event:com.teamtop.system.crossBoss.cross.CrossBossCrossEvent@280e8a1a,now:1663552200,dayTime:950
2022-09-19 09:50:54.958 [任务线程 - 21] INFO  com.teamtop.houtaiHttp.events.kuaFuFenQu.KuaFuFenQuCache - KuaFuFenQuCache size=1
2022-09-19 09:51:55.051 [任务线程 - 61] INFO  com.teamtop.houtaiHttp.events.kuaFuFenQu.KuaFuFenQuCache - KuaFuFenQuCache size=1
2022-09-19 09:52:55.057 [任务线程 - 7] INFO  com.teamtop.houtaiHttp.events.kuaFuFenQu.KuaFuFenQuCache - KuaFuFenQuCache size=1
2022-09-19 09:53:55.060 [任务线程 - 4] INFO  com.teamtop.houtaiHttp.events.kuaFuFenQu.KuaFuFenQuCache - KuaFuFenQuCache size=1
2022-09-19 09:54:55.069 [任务线程 - 44] INFO  com.teamtop.houtaiHttp.events.kuaFuFenQu.KuaFuFenQuCache - KuaFuFenQuCache size=1
2022-09-19 09:55:00.983 [任务线程 - 14] INFO  com.teamtop.system.crossBoss.CrossBossFunction - 转生1001——3003 bossid:240001 maxhp1367530000 倍数：0总血量：1367530000
2022-09-19 09:55:00.994 [任务线程 - 14] INFO  com.teamtop.system.crossBoss.CrossBossFunction - ready new CrossBoss :1 zsBossid:240001 tempMaxHp:0
2022-09-19 09:55:00.995 [任务线程 - 14] INFO  com.teamtop.system.crossBoss.CrossBossFunction - 转生4001——6003 bossid:240002 maxhp6730920000 倍数：0总血量：6730920000
2022-09-19 09:55:00.995 [任务线程 - 14] INFO  com.teamtop.system.crossBoss.CrossBossFunction - ready new CrossBoss :1 zsBossid:240002 tempMaxHp:0
2022-09-19 09:55:00.996 [任务线程 - 14] INFO  com.teamtop.system.crossBoss.CrossBossFunction - 转生7001——8003 bossid:240003 maxhp25705905000 倍数：0总血量：25705905000
2022-09-19 09:55:00.996 [任务线程 - 14] INFO  com.teamtop.system.crossBoss.CrossBossFunction - ready new CrossBoss :1 zsBossid:240003 tempMaxHp:0
2022-09-19 09:55:00.996 [任务线程 - 14] INFO  com.teamtop.system.crossBoss.CrossBossFunction - 转生9001——10003 bossid:240004 maxhp62142310000 倍数：0总血量：62142310000
2022-09-19 09:55:00.996 [任务线程 - 14] INFO  com.teamtop.system.crossBoss.CrossBossFunction - ready new CrossBoss :1 zsBossid:240004 tempMaxHp:0
2022-09-19 09:55:00.996 [任务线程 - 14] INFO  com.teamtop.system.crossBoss.CrossBossFunction - 转生11001——12003 bossid:240005 maxhp104600755000 倍数：0总血量：104600755000
2022-09-19 09:55:00.996 [任务线程 - 14] INFO  com.teamtop.system.crossBoss.CrossBossFunction - ready new CrossBoss :1 zsBossid:240005 tempMaxHp:0
2022-09-19 09:55:00.997 [任务线程 - 14] INFO  com.teamtop.system.crossBoss.cross.CrossBossCrossEvent - CrossBossCrossEvent.fixTime cmdId:1 time:2022-09-19_09-55-00s
2022-09-19 09:55:00.998 [任务线程 - 14] INFO  com.teamtop.util.exector.schedule.ScheduleFixtime - day event:com.teamtop.system.crossBoss.cross.CrossBossCrossEvent@280e8a1a,now:1663552500,dayTime:955
2022-09-19 09:55:01.011 [crossChannelEx - 2] INFO  com.teamtop.system.crossBoss.CrossBossIO - local tell cross state:1  1
2022-09-19 09:55:55.081 [任务线程 - 24] INFO  com.teamtop.houtaiHttp.events.kuaFuFenQu.KuaFuFenQuCache - KuaFuFenQuCache size=1
2022-09-19 09:56:55.097 [任务线程 - 39] INFO  com.teamtop.houtaiHttp.events.kuaFuFenQu.KuaFuFenQuCache - KuaFuFenQuCache size=1
2022-09-19 09:57:55.103 [任务线程 - 32] INFO  com.teamtop.houtaiHttp.events.kuaFuFenQu.KuaFuFenQuCache - KuaFuFenQuCache size=1
2022-09-19 09:58:55.111 [任务线程 - 29] INFO  com.teamtop.houtaiHttp.events.kuaFuFenQu.KuaFuFenQuCache - KuaFuFenQuCache size=1
2022-09-19 09:59:00.245 [任务线程 - 23] INFO  com.teamtop.util.exector.schedule.ScheduleFixtime - week event:com.teamtop.system.crossZhuLu.QunXiongZhuLuEvent@69453e37,now:1663552740,dayTime:959
2022-09-19 09:59:00.937 [任务线程 - 35] INFO  com.teamtop.util.exector.schedule.ScheduleFixtime - week event:com.teamtop.system.crossZhuLu.QunXiongZhuLuEvent@2002fc1d,now:1663552740,dayTime:959
2022-09-19 09:59:55.121 [任务线程 - 4] INFO  com.teamtop.houtaiHttp.events.kuaFuFenQu.KuaFuFenQuCache - KuaFuFenQuCache size=1
