2022-09-19 10:00:00.418 [任务线程 - 27] INFO  com.teamtop.system.crossBoss.cross.CrossBossCrossEvent - CrossBossCrossEvent.fixTime cmdId:2 time:2022-09-19_10-00-00s
2022-09-19 10:00:00.428 [crossChannelEx - 1] INFO  com.teamtop.system.crossBoss.CrossBossIO - local tell cross state:2  1
2022-09-19 10:00:00.431 [任务线程 - 27] INFO  com.teamtop.util.exector.schedule.ScheduleFixtime - day event:com.teamtop.system.crossBoss.cross.CrossBossCrossEvent@280e8a1a,now:1663552800,dayTime:1000
2022-09-19 10:00:00.433 [任务线程 - 27] INFO  com.teamtop.system.dengFengZaoJi.event.DengFengZaoJiEvent - DengFengZaoJiEvent.fixTime cmdId:1 time:2022-09-19_10-00-00s
2022-09-19 10:00:00.433 [任务线程 - 27] INFO  com.teamtop.util.exector.schedule.ScheduleFixtime - week event:com.teamtop.system.dengFengZaoJi.event.DengFengZaoJiEvent@5b94b04d,now:1663552800,dayTime:1000
2022-09-19 10:00:00.855 [任务线程 - 61] INFO  com.teamtop.system.crossTeamKing.local.CrossTeamKingLocal - CrossTeamKing leftNum hid 100010000000000210
2022-09-19 10:00:00.858 [任务线程 - 61] INFO  com.teamtop.system.crossTeamKing.local.CrossTeamKingLocal - CrossTeamKing jf hid 10001000000000020
2022-09-19 10:00:00.927 [任务线程 - 61] INFO  java.lang.Class - (ID:1000100000000002),Name:伤心丨布丁,rec:init equipData:EquipData [hid=1000100000000002, equipAlllist={1000100000000043,1000100000000002,910120,3,0}{1000100000000047,1000100000000002,910121,3,1}{1000100000000138,1000100000000002,910122,3,2}{1000100000000171,1000100000000002,910123,3,3}{1000100000000187,1000100000000002,910124,3,4}{1000100000000227,1000100000000002,910125,3,5}{1000100000000204,1000100000000002,910026,3,6}{1000100000000228,1000100000000002,910127,3,7}{1000100000000170,1000100000000002,910123,1,0}{1000100000000169,1000100000000002,910123,1,0}{1000100000000168,1000100000000002,910123,1,0}{1000100000000175,1000100000000002,910123,1,0}{1000100000000174,1000100000000002,910123,1,0}{1000100000000173,1000100000000002,910123,1,0}{1000100000000172,1000100000000002,910123,1,0}{1000100000000163,1000100000000002,910123,1,0}{1000100000000162,1000100000000002,910123,1,0}{1000100000000161,1000100000000002,910123,1,0}{1000100000000160,1000100000000002,910123,1,0}{1000100000000167,1000100000000002,910123,1,0}{1000100000000166,1000100000000002,910123,1,0}{1000100000000165,1000100000000002,910123,1,0}{1000100000000164,1000100000000002,910123,1,0}{1000100000000186,1000100000000002,910124,1,0}{1000100000000185,1000100000000002,910124,1,0}{1000100000000184,1000100000000002,910123,1,0}{1000100000000191,1000100000000002,910124,1,0}{1000100000000190,1000100000000002,910124,1,0}{1000100000000189,1000100000000002,910124,1,0}{1000100000000188,1000100000000002,910124,1,0}{1000100000000179,1000100000000002,910123,1,0}{1000100000000178,1000100000000002,910123,1,0}{1000100000000177,1000100000000002,910123,1,0}{1000100000000176,1000100000000002,910123,1,0}{1000100000000183,1000100000000002,910123,1,0}{1000100000000182,1000100000000002,910123,1,0}{1000100000000181,1000100000000002,910123,1,0}{1000100000000180,1000100000000002,910123,1,0}{1000100000000139,1000100000000002,910123,1,0}{1000100000000137,1000100000000002,910122,1,0}{1000100000000136,1000100000000002,910122,1,0}{1000100000000143,1000100000000002,910123,1,0}{1000100000000142,1000100000000002,910123,1,0}{1000100000000141,1000100000000002,910123,1,0}{1000100000000140,1000100000000002,910123,1,0}{1000100000000131,1000100000000002,910122,1,0}{1000100000000130,1000100000000002,910122,1,0}{1000100000000129,1000100000000002,910122,1,0}{1000100000000128,1000100000000002,910122,1,0}{1000100000000135,1000100000000002,910122,1,0}{1000100000000134,1000100000000002,910122,1,0}{1000100000000133,1000100000000002,910122,1,0}{1000100000000132,1000100000000002,910122,1,0}{1000100000000155,1000100000000002,910123,1,0}{1000100000000154,1000100000000002,910123,1,0}{1000100000000153,1000100000000002,910123,1,0}{1000100000000152,1000100000000002,910123,1,0}{1000100000000159,1000100000000002,910123,1,0}{1000100000000158,1000100000000002,910123,1,0}{1000100000000157,1000100000000002,910123,1,0}{1000100000000156,1000100000000002,910123,1,0}{1000100000000147,1000100000000002,910123,1,0}{1000100000000146,1000100000000002,910123,1,0}{1000100000000145,1000100000000002,910123,1,0}{1000100000000144,1000100000000002,910123,1,0}{1000100000000151,1000100000000002,910123,1,0}{1000100000000150,1000100000000002,910123,1,0}{1000100000000149,1000100000000002,910123,1,0}{1000100000000148,1000100000000002,910123,1,0}{1000100000000226,1000100000000002,910122,1,0}{1000100000000225,1000100000000002,910122,1,0}{1000100000000224,1000100000000002,910129,1,0}{1000100000000230,1000100000000002,910124,1,0}{1000100000000229,1000100000000002,910125,1,0}{1000100000000203,1000100000000002,910025,1,0}{1000100000000202,1000100000000002,910022,1,0}{1000100000000201,1000100000000002,910021,1,0}{1000100000000200,1000100000000002,910123,1,0}{1000100000000207,1000100000000002,910123,1,0}{1000100000000206,1000100000000002,910124,1,0}{1000100000000205,1000100000000002,910020,1,0}{1000100000000195,1000100000000002,910124,1,0}{1000100000000194,1000100000000002,910124,1,0}{1000100000000193,1000100000000002,910124,1,0}{1000100000000192,1000100000000002,910124,1,0}{1000100000000199,1000100000000002,910125,1,0}{1000100000000198,1000100000000002,910124,1,0}{1000100000000197,1000100000000002,910124,1,0}{1000100000000196,1000100000000002,910124,1,0}{1000100000000219,1000100000000002,910124,1,0}{1000100000000218,1000100000000002,910124,1,0}{1000100000000217,1000100000000002,910124,1,0}{1000100000000216,1000100000000002,910124,1,0}{1000100000000223,1000100000000002,910120,1,0}{1000100000000222,1000100000000002,910124,1,0}{1000100000000221,1000100000000002,910124,1,0}{1000100000000220,1000100000000002,910124,1,0}{1000100000000211,1000100000000002,910027,1,0}{1000100000000210,1000100000000002,910024,1,0}{1000100000000209,1000100000000002,910023,1,0}{1000100000000208,1000100000000002,910128,1,0}{1000100000000215,1000100000000002,910124,1,0}{1000100000000214,1000100000000002,910124,1,0}{1000100000000213,1000100000000002,910029,1,0}{1000100000000212,1000100000000002,910028,1,0}{1000100000000042,1000100000000002,910120,1,0}{1000100000000041,1000100000000002,910120,1,0}{1000100000000040,1000100000000002,910120,1,0}{1000100000000046,1000100000000002,910120,1,0}{1000100000000045,1000100000000002,910120,1,0}{1000100000000044,1000100000000002,910120,1,0}{1000100000000035,1000100000000002,910120,1,0}{1000100000000034,1000100000000002,910120,1,0}{1000100000000033,1000100000000002,910120,1,0}{1000100000000032,1000100000000002,910120,1,0}{1000100000000039,1000100000000002,910120,1,0}{1000100000000038,1000100000000002,910120,1,0}{1000100000000037,1000100000000002,910120,1,0}{1000100000000036,1000100000000002,910120,1,0}{1000100000000059,1000100000000002,910121,1,0}{1000100000000058,1000100000000002,910121,1,0}{1000100000000057,1000100000000002,910121,1,0}{1000100000000056,1000100000000002,910121,1,0}{1000100000000063,1000100000000002,910121,1,0}{1000100000000062,1000100000000002,910121,1,0}{1000100000000061,1000100000000002,910121,1,0}{1000100000000060,1000100000000002,910121,1,0}{1000100000000051,1000100000000002,910121,1,0}{1000100000000050,1000100000000002,910121,1,0}{1000100000000049,1000100000000002,910121,1,0}{1000100000000048,1000100000000002,910121,1,0}{1000100000000055,1000100000000002,910121,1,0}{1000100000000054,1000100000000002,910121,1,0}{1000100000000053,1000100000000002,910121,1,0}{1000100000000052,1000100000000002,910121,1,0}{1000100000000011,1000100000000002,910120,1,0}{1000100000000010,1000100000000002,910120,1,0}{1000100000000009,1000100000000002,910120,1,0}{1000100000000008,1000100000000002,910120,1,0}{1000100000000015,1000100000000002,910120,1,0}{1000100000000014,1000100000000002,910120,1,0}{1000100000000013,1000100000000002,910120,1,0}{1000100000000012,1000100000000002,910120,1,0}{1000100000000003,1000100000000002,910120,1,0}{1000100000000002,1000100000000002,910120,1,0}{1000100000000001,1000100000000002,910120,1,0}{1000100000000007,1000100000000002,910120,1,0}{1000100000000006,1000100000000002,910120,1,0}{1000100000000005,1000100000000002,910120,1,0}{1000100000000004,1000100000000002,910120,1,0}{1000100000000027,1000100000000002,910120,1,0}{1000100000000026,1000100000000002,910120,1,0}{1000100000000025,1000100000000002,910120,1,0}{1000100000000024,1000100000000002,910120,1,0}{1000100000000031,1000100000000002,910120,1,0}{1000100000000030,1000100000000002,910120,1,0}{1000100000000029,1000100000000002,910120,1,0}{1000100000000028,1000100000000002,910120,1,0}{1000100000000019,1000100000000002,910120,1,0}{1000100000000018,1000100000000002,910120,1,0}{1000100000000017,1000100000000002,910120,1,0}{1000100000000016,1000100000000002,910120,1,0}{1000100000000023,1000100000000002,910120,1,0}{1000100000000022,1000100000000002,910120,1,0}{1000100000000021,1000100000000002,910120,1,0}{1000100000000020,1000100000000002,910120,1,0}{1000100000000107,1000100000000002,910122,1,0}{1000100000000106,1000100000000002,910122,1,0}{1000100000000105,1000100000000002,910122,1,0}{1000100000000104,1000100000000002,910122,1,0}{1000100000000111,1000100000000002,910122,1,0}{1000100000000110,1000100000000002,910122,1,0}{1000100000000109,1000100000000002,910122,1,0}{1000100000000108,1000100000000002,910122,1,0}{1000100000000099,1000100000000002,910122,1,0}{1000100000000098,1000100000000002,910122,1,0}{1000100000000097,1000100000000002,910122,1,0}{1000100000000096,1000100000000002,910122,1,0}{1000100000000103,1000100000000002,910122,1,0}{1000100000000102,1000100000000002,910122,1,0}{1000100000000101,1000100000000002,910122,1,0}{1000100000000100,1000100000000002,910122,1,0}{1000100000000123,1000100000000002,910122,1,0}{1000100000000122,1000100000000002,910122,1,0}{1000100000000121,1000100000000002,910122,1,0}{1000100000000120,1000100000000002,910122,1,0}{1000100000000127,1000100000000002,910122,1,0}{1000100000000126,1000100000000002,910122,1,0}{1000100000000125,1000100000000002,910122,1,0}{1000100000000124,1000100000000002,910122,1,0}{1000100000000115,1000100000000002,910122,1,0}{1000100000000114,1000100000000002,910122,1,0}{1000100000000113,1000100000000002,910122,1,0}{1000100000000112,1000100000000002,910122,1,0}{1000100000000119,1000100000000002,910122,1,0}{1000100000000118,1000100000000002,910122,1,0}{1000100000000117,1000100000000002,910122,1,0}{1000100000000116,1000100000000002,910122,1,0}{1000100000000075,1000100000000002,910121,1,0}{1000100000000074,1000100000000002,910121,1,0}{1000100000000073,1000100000000002,910121,1,0}{1000100000000072,1000100000000002,910121,1,0}{1000100000000079,1000100000000002,910121,1,0}{1000100000000078,1000100000000002,910121,1,0}{1000100000000077,1000100000000002,910121,1,0}{1000100000000076,1000100000000002,910121,1,0}{1000100000000067,1000100000000002,910121,1,0}{1000100000000066,1000100000000002,910121,1,0}{1000100000000065,1000100000000002,910121,1,0}{1000100000000064,1000100000000002,910121,1,0}{1000100000000071,1000100000000002,910121,1,0}{1000100000000070,1000100000000002,910121,1,0}{1000100000000069,1000100000000002,910121,1,0}{1000100000000068,1000100000000002,910121,1,0}{1000100000000091,1000100000000002,910121,1,0}{1000100000000090,1000100000000002,910121,1,0}{1000100000000089,1000100000000002,910121,1,0}{1000100000000088,1000100000000002,910121,1,0}{1000100000000095,1000100000000002,910122,1,0}{1000100000000094,1000100000000002,910122,1,0}{1000100000000093,1000100000000002,910122,1,0}{1000100000000092,1000100000000002,910121,1,0}{1000100000000083,1000100000000002,910121,1,0}{1000100000000082,1000100000000002,910121,1,0}{1000100000000081,1000100000000002,910121,1,0}{1000100000000080,1000100000000002,910121,1,0}{1000100000000087,1000100000000002,910121,1,0}{1000100000000086,1000100000000002,910121,1,0}{1000100000000085,1000100000000002,910121,1,0}{1000100000000084,1000100000000002,910121,1,0}]
2022-09-19 10:00:00.952 [任务线程 - 61] INFO  com.teamtop.system.dengFengZaoJi.DengFengZaoJiFunction - DengFengZaoJiEvent upload
2022-09-19 10:00:00.954 [任务线程 - 61] INFO  com.teamtop.system.dengFengZaoJi.event.DengFengZaoJiEvent - DengFengZaoJiEvent.fixTime cmdId:1 time:2022-09-19_10-00-00s
2022-09-19 10:00:00.954 [任务线程 - 61] INFO  com.teamtop.util.exector.schedule.ScheduleFixtime - week event:com.teamtop.system.dengFengZaoJi.event.DengFengZaoJiEvent@8c3b9d,now:1663552800,dayTime:1000
2022-09-19 10:00:00.961 [crossChannelEx - 6] INFO  com.teamtop.system.dengFengZaoJi.cross.DengFengZaoJiCrossIO - DengFengZaoJiCrossIO.crossUpdata zoneid:1time:1663516800上传成功：0服  时间:1663552800961  size:1
2022-09-19 10:00:55.132 [任务线程 - 1] INFO  com.teamtop.houtaiHttp.events.kuaFuFenQu.KuaFuFenQuCache - KuaFuFenQuCache size=1
2022-09-19 10:01:00.432 [任务线程 - 64] INFO  com.teamtop.system.event.backstage.BackstageSystemEvent - 60m event:com.teamtop.system.event.backstage.events.flowMMCache.FlowMMCacheEvent@2ad33b63,now:1663552860
2022-09-19 10:01:55.144 [任务线程 - 20] INFO  com.teamtop.houtaiHttp.events.kuaFuFenQu.KuaFuFenQuCache - KuaFuFenQuCache size=1
2022-09-19 10:02:55.167 [任务线程 - 21] INFO  com.teamtop.houtaiHttp.events.kuaFuFenQu.KuaFuFenQuCache - KuaFuFenQuCache size=1
2022-09-19 10:03:55.175 [任务线程 - 58] INFO  com.teamtop.houtaiHttp.events.kuaFuFenQu.KuaFuFenQuCache - KuaFuFenQuCache size=1
2022-09-19 10:04:55.178 [任务线程 - 35] INFO  com.teamtop.houtaiHttp.events.kuaFuFenQu.KuaFuFenQuCache - KuaFuFenQuCache size=1
2022-09-19 10:05:55.199 [任务线程 - 49] INFO  com.teamtop.houtaiHttp.events.kuaFuFenQu.KuaFuFenQuCache - KuaFuFenQuCache size=1
2022-09-19 10:06:55.222 [任务线程 - 25] INFO  com.teamtop.houtaiHttp.events.kuaFuFenQu.KuaFuFenQuCache - KuaFuFenQuCache size=1
2022-09-19 10:07:55.234 [任务线程 - 49] INFO  com.teamtop.houtaiHttp.events.kuaFuFenQu.KuaFuFenQuCache - KuaFuFenQuCache size=1
2022-09-19 10:08:55.238 [任务线程 - 43] INFO  com.teamtop.houtaiHttp.events.kuaFuFenQu.KuaFuFenQuCache - KuaFuFenQuCache size=1
2022-09-19 10:09:55.246 [任务线程 - 3] INFO  com.teamtop.houtaiHttp.events.kuaFuFenQu.KuaFuFenQuCache - KuaFuFenQuCache size=1
2022-09-19 10:10:55.251 [任务线程 - 29] INFO  com.teamtop.houtaiHttp.events.kuaFuFenQu.KuaFuFenQuCache - KuaFuFenQuCache size=1
2022-09-19 10:11:55.260 [任务线程 - 11] INFO  com.teamtop.houtaiHttp.events.kuaFuFenQu.KuaFuFenQuCache - KuaFuFenQuCache size=1
2022-09-19 10:12:55.273 [任务线程 - 48] INFO  com.teamtop.houtaiHttp.events.kuaFuFenQu.KuaFuFenQuCache - KuaFuFenQuCache size=1
2022-09-19 10:13:55.276 [任务线程 - 60] INFO  com.teamtop.houtaiHttp.events.kuaFuFenQu.KuaFuFenQuCache - KuaFuFenQuCache size=1
2022-09-19 10:14:55.281 [任务线程 - 50] INFO  com.teamtop.houtaiHttp.events.kuaFuFenQu.KuaFuFenQuCache - KuaFuFenQuCache size=1
2022-09-19 10:15:55.311 [任务线程 - 28] INFO  com.teamtop.houtaiHttp.events.kuaFuFenQu.KuaFuFenQuCache - KuaFuFenQuCache size=1
2022-09-19 10:16:55.326 [任务线程 - 20] INFO  com.teamtop.houtaiHttp.events.kuaFuFenQu.KuaFuFenQuCache - KuaFuFenQuCache size=1
2022-09-19 10:17:55.337 [任务线程 - 8] INFO  com.teamtop.houtaiHttp.events.kuaFuFenQu.KuaFuFenQuCache - KuaFuFenQuCache size=1
2022-09-19 10:18:55.348 [任务线程 - 62] INFO  com.teamtop.houtaiHttp.events.kuaFuFenQu.KuaFuFenQuCache - KuaFuFenQuCache size=1
2022-09-19 10:19:55.359 [任务线程 - 52] INFO  com.teamtop.houtaiHttp.events.kuaFuFenQu.KuaFuFenQuCache - KuaFuFenQuCache size=1
2022-09-19 10:20:55.368 [任务线程 - 47] INFO  com.teamtop.houtaiHttp.events.kuaFuFenQu.KuaFuFenQuCache - KuaFuFenQuCache size=1
2022-09-19 10:21:55.381 [任务线程 - 54] INFO  com.teamtop.houtaiHttp.events.kuaFuFenQu.KuaFuFenQuCache - KuaFuFenQuCache size=1
2022-09-19 10:22:55.405 [任务线程 - 40] INFO  com.teamtop.houtaiHttp.events.kuaFuFenQu.KuaFuFenQuCache - KuaFuFenQuCache size=1
2022-09-19 10:23:55.417 [任务线程 - 19] INFO  com.teamtop.houtaiHttp.events.kuaFuFenQu.KuaFuFenQuCache - KuaFuFenQuCache size=1
2022-09-19 10:24:55.421 [任务线程 - 15] INFO  com.teamtop.houtaiHttp.events.kuaFuFenQu.KuaFuFenQuCache - KuaFuFenQuCache size=1
2022-09-19 10:25:55.444 [任务线程 - 48] INFO  com.teamtop.houtaiHttp.events.kuaFuFenQu.KuaFuFenQuCache - KuaFuFenQuCache size=1
2022-09-19 10:26:55.476 [任务线程 - 11] INFO  com.teamtop.houtaiHttp.events.kuaFuFenQu.KuaFuFenQuCache - KuaFuFenQuCache size=1
2022-09-19 10:27:55.479 [任务线程 - 18] INFO  com.teamtop.houtaiHttp.events.kuaFuFenQu.KuaFuFenQuCache - KuaFuFenQuCache size=1
2022-09-19 10:28:55.489 [任务线程 - 54] INFO  com.teamtop.houtaiHttp.events.kuaFuFenQu.KuaFuFenQuCache - KuaFuFenQuCache size=1
2022-09-19 10:29:55.499 [任务线程 - 49] INFO  com.teamtop.houtaiHttp.events.kuaFuFenQu.KuaFuFenQuCache - KuaFuFenQuCache size=1
2022-09-19 10:30:55.508 [任务线程 - 42] INFO  com.teamtop.houtaiHttp.events.kuaFuFenQu.KuaFuFenQuCache - KuaFuFenQuCache size=1
2022-09-19 10:31:55.517 [任务线程 - 26] INFO  com.teamtop.houtaiHttp.events.kuaFuFenQu.KuaFuFenQuCache - KuaFuFenQuCache size=1
2022-09-19 10:32:55.585 [任务线程 - 38] INFO  com.teamtop.houtaiHttp.events.kuaFuFenQu.KuaFuFenQuCache - KuaFuFenQuCache size=1
2022-09-19 10:33:55.590 [任务线程 - 52] INFO  com.teamtop.houtaiHttp.events.kuaFuFenQu.KuaFuFenQuCache - KuaFuFenQuCache size=1
2022-09-19 10:34:55.600 [任务线程 - 25] INFO  com.teamtop.houtaiHttp.events.kuaFuFenQu.KuaFuFenQuCache - KuaFuFenQuCache size=1
2022-09-19 10:35:55.628 [任务线程 - 38] INFO  com.teamtop.houtaiHttp.events.kuaFuFenQu.KuaFuFenQuCache - KuaFuFenQuCache size=1
2022-09-19 10:36:55.644 [任务线程 - 61] INFO  com.teamtop.houtaiHttp.events.kuaFuFenQu.KuaFuFenQuCache - KuaFuFenQuCache size=1
2022-09-19 10:37:55.653 [任务线程 - 61] INFO  com.teamtop.houtaiHttp.events.kuaFuFenQu.KuaFuFenQuCache - KuaFuFenQuCache size=1
2022-09-19 10:38:55.665 [任务线程 - 55] INFO  com.teamtop.houtaiHttp.events.kuaFuFenQu.KuaFuFenQuCache - KuaFuFenQuCache size=1
2022-09-19 10:39:55.684 [任务线程 - 10] INFO  com.teamtop.houtaiHttp.events.kuaFuFenQu.KuaFuFenQuCache - KuaFuFenQuCache size=1
2022-09-19 10:40:55.697 [任务线程 - 26] INFO  com.teamtop.houtaiHttp.events.kuaFuFenQu.KuaFuFenQuCache - KuaFuFenQuCache size=1
2022-09-19 10:41:55.708 [任务线程 - 5] INFO  com.teamtop.houtaiHttp.events.kuaFuFenQu.KuaFuFenQuCache - KuaFuFenQuCache size=1
2022-09-19 10:42:55.715 [任务线程 - 30] INFO  com.teamtop.houtaiHttp.events.kuaFuFenQu.KuaFuFenQuCache - KuaFuFenQuCache size=1
2022-09-19 10:43:55.725 [任务线程 - 64] INFO  com.teamtop.houtaiHttp.events.kuaFuFenQu.KuaFuFenQuCache - KuaFuFenQuCache size=1
2022-09-19 10:44:55.734 [任务线程 - 10] INFO  com.teamtop.houtaiHttp.events.kuaFuFenQu.KuaFuFenQuCache - KuaFuFenQuCache size=1
2022-09-19 10:45:55.762 [任务线程 - 7] INFO  com.teamtop.houtaiHttp.events.kuaFuFenQu.KuaFuFenQuCache - KuaFuFenQuCache size=1
2022-09-19 10:46:55.794 [任务线程 - 55] INFO  com.teamtop.houtaiHttp.events.kuaFuFenQu.KuaFuFenQuCache - KuaFuFenQuCache size=1
2022-09-19 10:47:55.802 [任务线程 - 48] INFO  com.teamtop.houtaiHttp.events.kuaFuFenQu.KuaFuFenQuCache - KuaFuFenQuCache size=1
2022-09-19 10:48:55.810 [任务线程 - 33] INFO  com.teamtop.houtaiHttp.events.kuaFuFenQu.KuaFuFenQuCache - KuaFuFenQuCache size=1
2022-09-19 10:49:55.834 [任务线程 - 44] INFO  com.teamtop.houtaiHttp.events.kuaFuFenQu.KuaFuFenQuCache - KuaFuFenQuCache size=1
2022-09-19 10:50:00.464 [任务线程 - 39] INFO  com.teamtop.util.exector.schedule.SchedulerBean - 任务 [ZSBOSS] 已取消 !
2022-09-19 10:50:00.466 [任务线程 - 39] INFO  com.teamtop.system.crossBoss.CrossBossFunction - crossBoss addHp=-2, xhp=0, maxNum=20, minNum=0, useTime=9999
2022-09-19 10:50:00.466 [任务线程 - 39] INFO  com.teamtop.system.crossBoss.CrossBossFunction - crossBoss addHp=-2, xhp=0, maxNum=20, minNum=0
2022-09-19 10:50:00.467 [任务线程 - 39] INFO  com.teamtop.system.crossBoss.CrossBossFunction - crossBoss addHp=-2, xhp=0, maxNum=20, minNum=0, useTime=9999
2022-09-19 10:50:00.467 [任务线程 - 39] INFO  com.teamtop.system.crossBoss.CrossBossFunction - crossBoss addHp=-2, xhp=0, maxNum=20, minNum=0
2022-09-19 10:50:00.467 [任务线程 - 39] INFO  com.teamtop.system.crossBoss.CrossBossFunction - crossBoss addHp=-2, xhp=0, maxNum=20, minNum=0, useTime=9999
2022-09-19 10:50:00.467 [任务线程 - 39] INFO  com.teamtop.system.crossBoss.CrossBossFunction - crossBoss addHp=-2, xhp=0, maxNum=20, minNum=0
2022-09-19 10:50:00.468 [任务线程 - 39] INFO  com.teamtop.system.crossBoss.CrossBossFunction - crossBoss addHp=-2, xhp=0, maxNum=20, minNum=0, useTime=9999
2022-09-19 10:50:00.468 [任务线程 - 39] INFO  com.teamtop.system.crossBoss.CrossBossFunction - crossBoss addHp=-2, xhp=0, maxNum=20, minNum=0
2022-09-19 10:50:00.468 [任务线程 - 39] INFO  com.teamtop.system.crossBoss.CrossBossFunction - crossBoss addHp=-2, xhp=0, maxNum=20, minNum=0, useTime=9999
2022-09-19 10:50:00.468 [任务线程 - 39] INFO  com.teamtop.system.crossBoss.CrossBossFunction - crossBoss addHp=-2, xhp=0, maxNum=20, minNum=0
2022-09-19 10:50:00.505 [crossChannelEx - 8] INFO  com.teamtop.system.crossBoss.CrossBossIO - localReceiveData :{{240003:{{240003,0,{!},{!},!}},240002:{{240002,0,{!},{!},!}},240001:{{240001,0,{!},{!},!}},240005:{{240005,0,{!},{!},!}},240004:{{240004,0,{!},{!},!}}},{1}}
2022-09-19 10:50:00.531 [任务线程 - 39] INFO  com.teamtop.system.crossBoss.cross.CrossBossCrossEvent - CrossBossCrossEvent.fixTime cmdId:0 time:2022-09-19_10-50-00s
2022-09-19 10:50:00.532 [任务线程 - 39] INFO  com.teamtop.util.exector.schedule.ScheduleFixtime - day event:com.teamtop.system.crossBoss.cross.CrossBossCrossEvent@280e8a1a,now:1663555800,dayTime:1050
2022-09-19 10:50:00.535 [crossChannelEx - 6] INFO  com.teamtop.system.crossBoss.CrossBossIO - local tell cross state:0  1
2022-09-19 10:50:55.846 [任务线程 - 59] INFO  com.teamtop.houtaiHttp.events.kuaFuFenQu.KuaFuFenQuCache - KuaFuFenQuCache size=1
2022-09-19 10:51:55.854 [任务线程 - 9] INFO  com.teamtop.houtaiHttp.events.kuaFuFenQu.KuaFuFenQuCache - KuaFuFenQuCache size=1
2022-09-19 10:52:55.865 [任务线程 - 8] INFO  com.teamtop.houtaiHttp.events.kuaFuFenQu.KuaFuFenQuCache - KuaFuFenQuCache size=1
2022-09-19 10:53:55.874 [任务线程 - 62] INFO  com.teamtop.houtaiHttp.events.kuaFuFenQu.KuaFuFenQuCache - KuaFuFenQuCache size=1
2022-09-19 10:54:55.878 [任务线程 - 39] INFO  com.teamtop.houtaiHttp.events.kuaFuFenQu.KuaFuFenQuCache - KuaFuFenQuCache size=1
2022-09-19 10:55:00.789 [任务线程 - 55] INFO  com.teamtop.system.crossBoss.CrossBossFunction - 转生1001——3003 bossid:240001 maxhp1367530000 倍数：0总血量：1367530000
2022-09-19 10:55:00.789 [任务线程 - 55] INFO  com.teamtop.system.crossBoss.CrossBossFunction - ready new CrossBoss :1 zsBossid:240001 tempMaxHp:0
2022-09-19 10:55:00.790 [任务线程 - 55] INFO  com.teamtop.system.crossBoss.CrossBossFunction - 转生4001——6003 bossid:240002 maxhp6730920000 倍数：0总血量：6730920000
2022-09-19 10:55:00.790 [任务线程 - 55] INFO  com.teamtop.system.crossBoss.CrossBossFunction - ready new CrossBoss :1 zsBossid:240002 tempMaxHp:0
2022-09-19 10:55:00.790 [任务线程 - 55] INFO  com.teamtop.system.crossBoss.CrossBossFunction - 转生7001——8003 bossid:240003 maxhp25705905000 倍数：0总血量：25705905000
2022-09-19 10:55:00.790 [任务线程 - 55] INFO  com.teamtop.system.crossBoss.CrossBossFunction - ready new CrossBoss :1 zsBossid:240003 tempMaxHp:0
2022-09-19 10:55:00.790 [任务线程 - 55] INFO  com.teamtop.system.crossBoss.CrossBossFunction - 转生9001——10003 bossid:240004 maxhp62142310000 倍数：0总血量：62142310000
2022-09-19 10:55:00.790 [任务线程 - 55] INFO  com.teamtop.system.crossBoss.CrossBossFunction - ready new CrossBoss :1 zsBossid:240004 tempMaxHp:0
2022-09-19 10:55:00.790 [任务线程 - 55] INFO  com.teamtop.system.crossBoss.CrossBossFunction - 转生11001——12003 bossid:240005 maxhp104600755000 倍数：0总血量：104600755000
2022-09-19 10:55:00.790 [任务线程 - 55] INFO  com.teamtop.system.crossBoss.CrossBossFunction - ready new CrossBoss :1 zsBossid:240005 tempMaxHp:0
2022-09-19 10:55:00.797 [任务线程 - 55] INFO  com.teamtop.system.crossBoss.cross.CrossBossCrossEvent - CrossBossCrossEvent.fixTime cmdId:1 time:2022-09-19_10-55-00s
2022-09-19 10:55:00.797 [任务线程 - 55] INFO  com.teamtop.util.exector.schedule.ScheduleFixtime - day event:com.teamtop.system.crossBoss.cross.CrossBossCrossEvent@280e8a1a,now:1663556100,dayTime:1055
2022-09-19 10:55:00.801 [crossChannelEx - 4] INFO  com.teamtop.system.crossBoss.CrossBossIO - local tell cross state:1  1
2022-09-19 10:55:55.905 [任务线程 - 47] INFO  com.teamtop.houtaiHttp.events.kuaFuFenQu.KuaFuFenQuCache - KuaFuFenQuCache size=1
2022-09-19 10:56:55.930 [任务线程 - 38] INFO  com.teamtop.houtaiHttp.events.kuaFuFenQu.KuaFuFenQuCache - KuaFuFenQuCache size=1
2022-09-19 10:57:00.693 [任务线程 - 17] INFO  com.teamtop.util.exector.schedule.ScheduleFixtime - day event:com.teamtop.system.crossTeamKing.cross.CrossTeamKingCrossEvent@1b7cae6f,now:1663556220,dayTime:1057
2022-09-19 10:57:55.940 [任务线程 - 14] INFO  com.teamtop.houtaiHttp.events.kuaFuFenQu.KuaFuFenQuCache - KuaFuFenQuCache size=1
2022-09-19 10:58:55.950 [任务线程 - 37] INFO  com.teamtop.houtaiHttp.events.kuaFuFenQu.KuaFuFenQuCache - KuaFuFenQuCache size=1
2022-09-19 10:59:55.957 [任务线程 - 7] INFO  com.teamtop.houtaiHttp.events.kuaFuFenQu.KuaFuFenQuCache - KuaFuFenQuCache size=1
