2022-09-19 00:00:00.212 [任务线程 - 18] INFO  com.teamtop.util.exector.schedule.ScheduleFixtime - day event:com.teamtop.system.country.newkingship.NewKingShipEvent@26794848,now:1663516800,dayTime:0
2022-09-19 00:00:00.232 [任务线程 - 18] INFO  com.teamtop.util.exector.schedule.ScheduleFixtime - week event:com.teamtop.system.country.fightNorthAndSouth.FightNSSysEvent@130d63be,now:1663516800,dayTime:0
2022-09-19 00:00:00.235 [任务线程 - 10] INFO  com.teamtop.system.crossWenDingTianXia.cross.CrossWenDingTianXiaCrossEvent - WDTX.FixTime bigan.cmd:1
2022-09-19 00:00:00.239 [任务线程 - 10] INFO  com.teamtop.system.crossWenDingTianXia.cross.CrossWenDingTianXiaCrossEvent - WDTX.FixTime.cmd:1
2022-09-19 00:00:00.239 [任务线程 - 10] INFO  com.teamtop.util.exector.schedule.ScheduleFixtime - day event:com.teamtop.system.crossWenDingTianXia.cross.CrossWenDingTianXiaCrossEvent@41b0ae4c,now:1663516800,dayTime:0
2022-09-19 00:00:00.240 [任务线程 - 10] INFO  com.teamtop.util.exector.schedule.ScheduleFixtime - week event:com.teamtop.system.country.fightNorthAndSouth.FightNSSysEvent@7d8995e,now:1663516800,dayTime:0
2022-09-19 00:00:00.240 [任务线程 - 10] INFO  com.teamtop.util.exector.schedule.ScheduleFixtime - week event:com.teamtop.system.crossSoloRun.SoloRunSysEvent@42a48628,now:1663516800,dayTime:0
2022-09-19 00:00:00.240 [任务线程 - 10] INFO  com.teamtop.util.exector.schedule.ScheduleFixtime - week event:com.teamtop.system.rankNew.RankingSysEvent@692f203f,now:1663516800,dayTime:0
2022-09-19 00:00:00.240 [任务线程 - 10] INFO  com.teamtop.util.exector.schedule.ScheduleFixtime - week event:com.teamtop.system.crossSoloRun.cross.CrossSoloRunSysEvent@30501e60,now:1663516800,dayTime:0
2022-09-19 00:00:00.242 [任务线程 - 18] INFO  com.teamtop.util.exector.schedule.ScheduleFixtime - week event:com.teamtop.system.crossSoloRun.SoloRunSysEvent@293a5bf6,now:1663516800,dayTime:0
2022-09-19 00:00:00.242 [任务线程 - 18] INFO  com.teamtop.util.exector.schedule.ScheduleFixtime - week event:com.teamtop.system.rankNew.RankingSysEvent@48f2bd5b,now:1663516800,dayTime:0
2022-09-19 00:00:00.953 [任务线程 - 10] INFO  com.teamtop.util.exector.schedule.ScheduleFixtime - week event:com.teamtop.system.crossKing.cross.CrossKingCrossEvent@7495699f,now:1663516800,dayTime:0
2022-09-19 00:00:00.957 [任务线程 - 10] INFO  com.teamtop.system.dengFengZaoJi.event.DengFengZaoJiCrossEvent - DengFengZaoJiCrossEvent.FixTime bigan.cmd:2
2022-09-19 00:00:00.957 [任务线程 - 10] INFO  com.teamtop.system.dengFengZaoJi.event.DengFengZaoJiCrossEvent - DengFengZaoJiCrossEvent.FixTime.cmd:2
2022-09-19 00:00:00.957 [任务线程 - 10] INFO  com.teamtop.util.exector.schedule.ScheduleFixtime - week event:com.teamtop.system.dengFengZaoJi.event.DengFengZaoJiCrossEvent@724c5cbe,now:1663516800,dayTime:0
2022-09-19 00:00:01.227 [任务线程 - 5] INFO  com.teamtop.system.house.yard.HouseGoldSchedule - 排名奖励发放完毕
2022-09-19 00:00:01.253 [任务线程 - 62] INFO  com.teamtop.system.event.systemEvent.SystemEventFunction - zeroPUHandlerEvents start handler
2022-09-19 00:00:01.354 [任务线程 - 62] INFO  java.lang.Class - (ID:1000100000000002),Name:,rec:ranking list addTitle=21
2022-09-19 00:00:01.377 [任务线程 - 62] INFO  java.lang.Class - (ID:1000100000000002),Name:,rec:ranking list addTitle=22
2022-09-19 00:00:01.377 [OpTaskExecutorService-thread-7] INFO  java.lang.Class - (ID:1000100000000002),Name:伤心丨布丁,rec:TitleFunction start add titleId=21
2022-09-19 00:00:01.378 [任务线程 - 62] INFO  java.lang.Class - (ID:1000100000000002),Name:,rec:ranking list addTitle=23
2022-09-19 00:00:01.378 [任务线程 - 62] INFO  java.lang.Class - (ID:1000100000000002),Name:,rec:ranking list addTitle=25
2022-09-19 00:00:01.378 [任务线程 - 62] INFO  java.lang.Class - (ID:1000100000000002),Name:,rec:ranking list addTitle=26
2022-09-19 00:00:01.378 [任务线程 - 62] INFO  java.lang.Class - (ID:1000100000000002),Name:,rec:ranking list addTitle=27
2022-09-19 00:00:01.379 [任务线程 - 62] INFO  java.lang.Class - (ID:1000100000000002),Name:,rec:ranking list addTitle=28
2022-09-19 00:00:01.379 [任务线程 - 62] INFO  java.lang.Class - (ID:1000100000000002),Name:,rec:ranking list addTitle=29
2022-09-19 00:00:01.379 [任务线程 - 62] INFO  java.lang.Class - (ID:1000100000000002),Name:,rec:ranking list addTitle=30
2022-09-19 00:00:01.379 [任务线程 - 62] INFO  java.lang.Class - (ID:1000100000000002),Name:,rec:ranking list addTitle=31
2022-09-19 00:00:01.379 [任务线程 - 62] INFO  java.lang.Class - (ID:1000100000000002),Name:,rec:ranking list addTitle=32
2022-09-19 00:00:01.379 [任务线程 - 62] INFO  java.lang.Class - (ID:1000100000000002),Name:,rec:ranking list addTitle=33
2022-09-19 00:00:01.385 [OpTaskExecutorService-thread-7] INFO  java.lang.Class - (ID:1000100000000002),Name:伤心丨布丁,rec:TitleFunction add titleId=21
2022-09-19 00:00:01.386 [OpTaskExecutorService-thread-7] INFO  java.lang.Class - (ID:1000100000000002),Name:伤心丨布丁,rec:TitleFunction start add titleId=22
2022-09-19 00:00:01.416 [OpTaskExecutorService-thread-7] INFO  java.lang.Class - (ID:1000100000000002),Name:伤心丨布丁,rec:TitleFunction add titleId=22
2022-09-19 00:00:01.417 [OpTaskExecutorService-thread-7] INFO  java.lang.Class - (ID:1000100000000002),Name:伤心丨布丁,rec:TitleFunction start add titleId=23
2022-09-19 00:00:01.426 [OpTaskExecutorService-thread-7] INFO  java.lang.Class - (ID:1000100000000002),Name:伤心丨布丁,rec:TitleFunction add titleId=23
2022-09-19 00:00:01.426 [OpTaskExecutorService-thread-7] INFO  java.lang.Class - (ID:1000100000000002),Name:伤心丨布丁,rec:TitleFunction start add titleId=25
2022-09-19 00:00:01.429 [OpTaskExecutorService-thread-7] INFO  java.lang.Class - (ID:1000100000000002),Name:伤心丨布丁,rec:TitleFunction add titleId=25
2022-09-19 00:00:01.430 [OpTaskExecutorService-thread-7] INFO  java.lang.Class - (ID:1000100000000002),Name:伤心丨布丁,rec:TitleFunction start add titleId=26
2022-09-19 00:00:01.445 [OpTaskExecutorService-thread-7] INFO  java.lang.Class - (ID:1000100000000002),Name:伤心丨布丁,rec:TitleFunction add titleId=26
2022-09-19 00:00:01.445 [OpTaskExecutorService-thread-7] INFO  java.lang.Class - (ID:1000100000000002),Name:伤心丨布丁,rec:TitleFunction start add titleId=27
2022-09-19 00:00:01.449 [OpTaskExecutorService-thread-7] INFO  java.lang.Class - (ID:1000100000000002),Name:伤心丨布丁,rec:TitleFunction add titleId=27
2022-09-19 00:00:01.449 [OpTaskExecutorService-thread-7] INFO  java.lang.Class - (ID:1000100000000002),Name:伤心丨布丁,rec:TitleFunction start add titleId=28
2022-09-19 00:00:01.453 [OpTaskExecutorService-thread-7] INFO  java.lang.Class - (ID:1000100000000002),Name:伤心丨布丁,rec:TitleFunction add titleId=28
2022-09-19 00:00:01.453 [OpTaskExecutorService-thread-7] INFO  java.lang.Class - (ID:1000100000000002),Name:伤心丨布丁,rec:TitleFunction start add titleId=29
2022-09-19 00:00:01.457 [OpTaskExecutorService-thread-7] INFO  java.lang.Class - (ID:1000100000000002),Name:伤心丨布丁,rec:TitleFunction add titleId=29
2022-09-19 00:00:01.457 [OpTaskExecutorService-thread-7] INFO  java.lang.Class - (ID:1000100000000002),Name:伤心丨布丁,rec:TitleFunction start add titleId=30
2022-09-19 00:00:01.459 [OpTaskExecutorService-thread-7] INFO  java.lang.Class - (ID:1000100000000002),Name:伤心丨布丁,rec:TitleFunction add titleId=30
2022-09-19 00:00:01.460 [OpTaskExecutorService-thread-7] INFO  java.lang.Class - (ID:1000100000000002),Name:伤心丨布丁,rec:TitleFunction start add titleId=31
2022-09-19 00:00:01.462 [OpTaskExecutorService-thread-7] INFO  java.lang.Class - (ID:1000100000000002),Name:伤心丨布丁,rec:TitleFunction add titleId=31
2022-09-19 00:00:01.462 [OpTaskExecutorService-thread-7] INFO  java.lang.Class - (ID:1000100000000002),Name:伤心丨布丁,rec:TitleFunction start add titleId=32
2022-09-19 00:00:01.464 [OpTaskExecutorService-thread-7] INFO  java.lang.Class - (ID:1000100000000002),Name:伤心丨布丁,rec:TitleFunction add titleId=32
2022-09-19 00:00:01.464 [OpTaskExecutorService-thread-7] INFO  java.lang.Class - (ID:1000100000000002),Name:伤心丨布丁,rec:TitleFunction start add titleId=33
2022-09-19 00:00:01.468 [OpTaskExecutorService-thread-7] INFO  java.lang.Class - (ID:1000100000000002),Name:伤心丨布丁,rec:TitleFunction add titleId=33
2022-09-19 00:00:01.474 [任务线程 - 62] INFO  com.teamtop.system.event.systemEvent.SystemEventFunction - zeroPUHandlerEvents success handler finsh
2022-09-19 00:00:01.475 [任务线程 - 62] INFO  com.teamtop.system.event.systemEvent.SystemEventFunction - zeroHandlerEvents  start  handler
2022-09-19 00:00:01.475 [任务线程 - 62] INFO  com.teamtop.system.event.systemEvent.SystemEventFunction - zeroHandlerEvents  success  handler finsh
2022-09-19 00:00:01.475 [任务线程 - 62] INFO  com.teamtop.system.event.systemEvent.SystemEventFunction - zeroHandlerEvents success handler finsh
2022-09-19 00:00:01.969 [任务线程 - 52] INFO  com.teamtop.system.event.systemEvent.SystemEventFunction - zeroPUHandlerEvents start handler
2022-09-19 00:00:02.025 [任务线程 - 52] INFO  com.teamtop.system.crossTrial.cross.CrossTrialCentralFunction - CrossTrialCentralFunction clear all
2022-09-19 00:00:02.078 [OpTaskExecutorService-thread-13] INFO  com.teamtop.system.eightDoorAppraiseRank.cross.CrossEightDoorAppraiseRankCL$3 - sendMailAwardToLocal partId:30001 content:{30001:{"beginTime":0,"endTime":0,"rankTreeSet":[],"sendAwardSet":[]}}
2022-09-19 00:00:02.108 [任务线程 - 52] INFO  com.teamtop.system.event.systemEvent.SystemEventFunction - zeroPUHandlerEvents success handler finsh
2022-09-19 00:00:02.109 [任务线程 - 52] INFO  com.teamtop.system.event.systemEvent.SystemEventFunction - zeroHandlerEvents  start  handler
2022-09-19 00:00:02.109 [任务线程 - 52] INFO  com.teamtop.system.event.systemEvent.SystemEventFunction - zeroHandlerEvents  success  handler finsh
2022-09-19 00:00:02.109 [任务线程 - 52] INFO  com.teamtop.system.event.systemEvent.SystemEventFunction - zeroHandlerEvents success handler finsh
2022-09-19 00:00:02.141 [OpTaskExecutorService-thread-13] INFO  com.teamtop.system.shaozhuQiYuanRank.cross.CrossShaoZhuQiYuanRankCL$3 - sendMailAwardToLocal partId:30001 content:{30001:{"beginTime":0,"endTime":0,"rankTreeSet":[],"sendAwardSet":[]}}
2022-09-19 00:00:03.941 [任务线程 - 15] INFO  com.teamtop.system.mail.MailCache - mail send start :1
2022-09-19 00:00:03.958 [任务线程 - 15] INFO  com.teamtop.system.event.backstage.events.flowMail.FlowMailEvent - mail id:1000100000000002,receiverId:1000100000000002,flag:32, time:1663516801
2022-09-19 00:00:04.004 [任务线程 - 15] INFO  com.teamtop.system.mail.MailCache - mail send over :0
2022-09-19 00:00:47.069 [任务线程 - 19] INFO  com.teamtop.houtaiHttp.events.kuaFuFenQu.KuaFuFenQuCache - KuaFuFenQuCache size=1
2022-09-19 00:01:00.594 [任务线程 - 7] INFO  com.teamtop.util.exector.schedule.ScheduleFixtime - day event:com.teamtop.system.crossTrial.CrossTrialSysEvent@7c7b252e,now:1663516860,dayTime:1
2022-09-19 00:01:00.600 [任务线程 - 7] INFO  com.teamtop.util.exector.schedule.ScheduleFixtime - day event:com.teamtop.system.crossHeroesList.cross.CrossHeroesListSysEvent@2dddc1b9,now:1663516860,dayTime:1
2022-09-19 00:01:00.601 [任务线程 - 7] INFO  com.teamtop.util.exector.schedule.ScheduleFixtime - day event:com.teamtop.system.activity.ativitys.godGenSendGiftAct.cross.CrossGodGenSendGiftActEvent@6482eef,now:1663516860,dayTime:1
2022-09-19 00:01:00.601 [任务线程 - 7] INFO  com.teamtop.util.exector.schedule.ScheduleFixtime - day event:com.teamtop.system.eightDoorAppraiseRank.cross.CrossEightDoorAppraiseRankEvent@5b498842,now:1663516860,dayTime:1
2022-09-19 00:01:00.601 [任务线程 - 7] INFO  com.teamtop.util.exector.schedule.ScheduleFixtime - day event:com.teamtop.system.activity.ativitys.rechargeRankAct.cross.CrossRechargeRankActEvent@2fc2a205,now:1663516860,dayTime:1
2022-09-19 00:01:00.601 [任务线程 - 7] INFO  com.teamtop.util.exector.schedule.ScheduleFixtime - day event:com.teamtop.system.activity.ativitys.eightDoorAppraiseRankAct.cross.CrossEightDoorAppraiseRankActEvent@2e1af49b,now:1663516860,dayTime:1
2022-09-19 00:01:00.601 [任务线程 - 7] INFO  com.teamtop.util.exector.schedule.ScheduleFixtime - day event:com.teamtop.system.activity.ativitys.shaoZhuQiYuanRankAct.cross.CrossShaoZhuQiYuanRankActEvent@56ac5c80,now:1663516860,dayTime:1
2022-09-19 00:01:01.215 [任务线程 - 41] INFO  com.teamtop.system.crossTeamKing.local.CrossTeamKingLocal - CrossTeamKing leftNum hid 100010000000000210
2022-09-19 00:01:01.217 [任务线程 - 41] INFO  com.teamtop.system.crossTeamKing.local.CrossTeamKingLocal - CrossTeamKing jf hid 10001000000000020
2022-09-19 00:01:01.300 [任务线程 - 41] INFO  java.lang.Class - (ID:1000100000000002),Name:伤心丨布丁,rec:init equipData:EquipData [hid=1000100000000002, equipAlllist={1000100000000043,1000100000000002,910120,3,0}{1000100000000047,1000100000000002,910121,3,1}{1000100000000138,1000100000000002,910122,3,2}{1000100000000171,1000100000000002,910123,3,3}{1000100000000187,1000100000000002,910124,3,4}{1000100000000227,1000100000000002,910125,3,5}{1000100000000204,1000100000000002,910026,3,6}{1000100000000228,1000100000000002,910127,3,7}{1000100000000170,1000100000000002,910123,1,0}{1000100000000169,1000100000000002,910123,1,0}{1000100000000168,1000100000000002,910123,1,0}{1000100000000175,1000100000000002,910123,1,0}{1000100000000174,1000100000000002,910123,1,0}{1000100000000173,1000100000000002,910123,1,0}{1000100000000172,1000100000000002,910123,1,0}{1000100000000163,1000100000000002,910123,1,0}{1000100000000162,1000100000000002,910123,1,0}{1000100000000161,1000100000000002,910123,1,0}{1000100000000160,1000100000000002,910123,1,0}{1000100000000167,1000100000000002,910123,1,0}{1000100000000166,1000100000000002,910123,1,0}{1000100000000165,1000100000000002,910123,1,0}{1000100000000164,1000100000000002,910123,1,0}{1000100000000186,1000100000000002,910124,1,0}{1000100000000185,1000100000000002,910124,1,0}{1000100000000184,1000100000000002,910123,1,0}{1000100000000191,1000100000000002,910124,1,0}{1000100000000190,1000100000000002,910124,1,0}{1000100000000189,1000100000000002,910124,1,0}{1000100000000188,1000100000000002,910124,1,0}{1000100000000179,1000100000000002,910123,1,0}{1000100000000178,1000100000000002,910123,1,0}{1000100000000177,1000100000000002,910123,1,0}{1000100000000176,1000100000000002,910123,1,0}{1000100000000183,1000100000000002,910123,1,0}{1000100000000182,1000100000000002,910123,1,0}{1000100000000181,1000100000000002,910123,1,0}{1000100000000180,1000100000000002,910123,1,0}{1000100000000139,1000100000000002,910123,1,0}{1000100000000137,1000100000000002,910122,1,0}{1000100000000136,1000100000000002,910122,1,0}{1000100000000143,1000100000000002,910123,1,0}{1000100000000142,1000100000000002,910123,1,0}{1000100000000141,1000100000000002,910123,1,0}{1000100000000140,1000100000000002,910123,1,0}{1000100000000131,1000100000000002,910122,1,0}{1000100000000130,1000100000000002,910122,1,0}{1000100000000129,1000100000000002,910122,1,0}{1000100000000128,1000100000000002,910122,1,0}{1000100000000135,1000100000000002,910122,1,0}{1000100000000134,1000100000000002,910122,1,0}{1000100000000133,1000100000000002,910122,1,0}{1000100000000132,1000100000000002,910122,1,0}{1000100000000155,1000100000000002,910123,1,0}{1000100000000154,1000100000000002,910123,1,0}{1000100000000153,1000100000000002,910123,1,0}{1000100000000152,1000100000000002,910123,1,0}{1000100000000159,1000100000000002,910123,1,0}{1000100000000158,1000100000000002,910123,1,0}{1000100000000157,1000100000000002,910123,1,0}{1000100000000156,1000100000000002,910123,1,0}{1000100000000147,1000100000000002,910123,1,0}{1000100000000146,1000100000000002,910123,1,0}{1000100000000145,1000100000000002,910123,1,0}{1000100000000144,1000100000000002,910123,1,0}{1000100000000151,1000100000000002,910123,1,0}{1000100000000150,1000100000000002,910123,1,0}{1000100000000149,1000100000000002,910123,1,0}{1000100000000148,1000100000000002,910123,1,0}{1000100000000226,1000100000000002,910122,1,0}{1000100000000225,1000100000000002,910122,1,0}{1000100000000224,1000100000000002,910129,1,0}{1000100000000230,1000100000000002,910124,1,0}{1000100000000229,1000100000000002,910125,1,0}{1000100000000203,1000100000000002,910025,1,0}{1000100000000202,1000100000000002,910022,1,0}{1000100000000201,1000100000000002,910021,1,0}{1000100000000200,1000100000000002,910123,1,0}{1000100000000207,1000100000000002,910123,1,0}{1000100000000206,1000100000000002,910124,1,0}{1000100000000205,1000100000000002,910020,1,0}{1000100000000195,1000100000000002,910124,1,0}{1000100000000194,1000100000000002,910124,1,0}{1000100000000193,1000100000000002,910124,1,0}{1000100000000192,1000100000000002,910124,1,0}{1000100000000199,1000100000000002,910125,1,0}{1000100000000198,1000100000000002,910124,1,0}{1000100000000197,1000100000000002,910124,1,0}{1000100000000196,1000100000000002,910124,1,0}{1000100000000219,1000100000000002,910124,1,0}{1000100000000218,1000100000000002,910124,1,0}{1000100000000217,1000100000000002,910124,1,0}{1000100000000216,1000100000000002,910124,1,0}{1000100000000223,1000100000000002,910120,1,0}{1000100000000222,1000100000000002,910124,1,0}{1000100000000221,1000100000000002,910124,1,0}{1000100000000220,1000100000000002,910124,1,0}{1000100000000211,1000100000000002,910027,1,0}{1000100000000210,1000100000000002,910024,1,0}{1000100000000209,1000100000000002,910023,1,0}{1000100000000208,1000100000000002,910128,1,0}{1000100000000215,1000100000000002,910124,1,0}{1000100000000214,1000100000000002,910124,1,0}{1000100000000213,1000100000000002,910029,1,0}{1000100000000212,1000100000000002,910028,1,0}{1000100000000042,1000100000000002,910120,1,0}{1000100000000041,1000100000000002,910120,1,0}{1000100000000040,1000100000000002,910120,1,0}{1000100000000046,1000100000000002,910120,1,0}{1000100000000045,1000100000000002,910120,1,0}{1000100000000044,1000100000000002,910120,1,0}{1000100000000035,1000100000000002,910120,1,0}{1000100000000034,1000100000000002,910120,1,0}{1000100000000033,1000100000000002,910120,1,0}{1000100000000032,1000100000000002,910120,1,0}{1000100000000039,1000100000000002,910120,1,0}{1000100000000038,1000100000000002,910120,1,0}{1000100000000037,1000100000000002,910120,1,0}{1000100000000036,1000100000000002,910120,1,0}{1000100000000059,1000100000000002,910121,1,0}{1000100000000058,1000100000000002,910121,1,0}{1000100000000057,1000100000000002,910121,1,0}{1000100000000056,1000100000000002,910121,1,0}{1000100000000063,1000100000000002,910121,1,0}{1000100000000062,1000100000000002,910121,1,0}{1000100000000061,1000100000000002,910121,1,0}{1000100000000060,1000100000000002,910121,1,0}{1000100000000051,1000100000000002,910121,1,0}{1000100000000050,1000100000000002,910121,1,0}{1000100000000049,1000100000000002,910121,1,0}{1000100000000048,1000100000000002,910121,1,0}{1000100000000055,1000100000000002,910121,1,0}{1000100000000054,1000100000000002,910121,1,0}{1000100000000053,1000100000000002,910121,1,0}{1000100000000052,1000100000000002,910121,1,0}{1000100000000011,1000100000000002,910120,1,0}{1000100000000010,1000100000000002,910120,1,0}{1000100000000009,1000100000000002,910120,1,0}{1000100000000008,1000100000000002,910120,1,0}{1000100000000015,1000100000000002,910120,1,0}{1000100000000014,1000100000000002,910120,1,0}{1000100000000013,1000100000000002,910120,1,0}{1000100000000012,1000100000000002,910120,1,0}{1000100000000003,1000100000000002,910120,1,0}{1000100000000002,1000100000000002,910120,1,0}{1000100000000001,1000100000000002,910120,1,0}{1000100000000007,1000100000000002,910120,1,0}{1000100000000006,1000100000000002,910120,1,0}{1000100000000005,1000100000000002,910120,1,0}{1000100000000004,1000100000000002,910120,1,0}{1000100000000027,1000100000000002,910120,1,0}{1000100000000026,1000100000000002,910120,1,0}{1000100000000025,1000100000000002,910120,1,0}{1000100000000024,1000100000000002,910120,1,0}{1000100000000031,1000100000000002,910120,1,0}{1000100000000030,1000100000000002,910120,1,0}{1000100000000029,1000100000000002,910120,1,0}{1000100000000028,1000100000000002,910120,1,0}{1000100000000019,1000100000000002,910120,1,0}{1000100000000018,1000100000000002,910120,1,0}{1000100000000017,1000100000000002,910120,1,0}{1000100000000016,1000100000000002,910120,1,0}{1000100000000023,1000100000000002,910120,1,0}{1000100000000022,1000100000000002,910120,1,0}{1000100000000021,1000100000000002,910120,1,0}{1000100000000020,1000100000000002,910120,1,0}{1000100000000107,1000100000000002,910122,1,0}{1000100000000106,1000100000000002,910122,1,0}{1000100000000105,1000100000000002,910122,1,0}{1000100000000104,1000100000000002,910122,1,0}{1000100000000111,1000100000000002,910122,1,0}{1000100000000110,1000100000000002,910122,1,0}{1000100000000109,1000100000000002,910122,1,0}{1000100000000108,1000100000000002,910122,1,0}{1000100000000099,1000100000000002,910122,1,0}{1000100000000098,1000100000000002,910122,1,0}{1000100000000097,1000100000000002,910122,1,0}{1000100000000096,1000100000000002,910122,1,0}{1000100000000103,1000100000000002,910122,1,0}{1000100000000102,1000100000000002,910122,1,0}{1000100000000101,1000100000000002,910122,1,0}{1000100000000100,1000100000000002,910122,1,0}{1000100000000123,1000100000000002,910122,1,0}{1000100000000122,1000100000000002,910122,1,0}{1000100000000121,1000100000000002,910122,1,0}{1000100000000120,1000100000000002,910122,1,0}{1000100000000127,1000100000000002,910122,1,0}{1000100000000126,1000100000000002,910122,1,0}{1000100000000125,1000100000000002,910122,1,0}{1000100000000124,1000100000000002,910122,1,0}{1000100000000115,1000100000000002,910122,1,0}{1000100000000114,1000100000000002,910122,1,0}{1000100000000113,1000100000000002,910122,1,0}{1000100000000112,1000100000000002,910122,1,0}{1000100000000119,1000100000000002,910122,1,0}{1000100000000118,1000100000000002,910122,1,0}{1000100000000117,1000100000000002,910122,1,0}{1000100000000116,1000100000000002,910122,1,0}{1000100000000075,1000100000000002,910121,1,0}{1000100000000074,1000100000000002,910121,1,0}{1000100000000073,1000100000000002,910121,1,0}{1000100000000072,1000100000000002,910121,1,0}{1000100000000079,1000100000000002,910121,1,0}{1000100000000078,1000100000000002,910121,1,0}{1000100000000077,1000100000000002,910121,1,0}{1000100000000076,1000100000000002,910121,1,0}{1000100000000067,1000100000000002,910121,1,0}{1000100000000066,1000100000000002,910121,1,0}{1000100000000065,1000100000000002,910121,1,0}{1000100000000064,1000100000000002,910121,1,0}{1000100000000071,1000100000000002,910121,1,0}{1000100000000070,1000100000000002,910121,1,0}{1000100000000069,1000100000000002,910121,1,0}{1000100000000068,1000100000000002,910121,1,0}{1000100000000091,1000100000000002,910121,1,0}{1000100000000090,1000100000000002,910121,1,0}{1000100000000089,1000100000000002,910121,1,0}{1000100000000088,1000100000000002,910121,1,0}{1000100000000095,1000100000000002,910122,1,0}{1000100000000094,1000100000000002,910122,1,0}{1000100000000093,1000100000000002,910122,1,0}{1000100000000092,1000100000000002,910121,1,0}{1000100000000083,1000100000000002,910121,1,0}{1000100000000082,1000100000000002,910121,1,0}{1000100000000081,1000100000000002,910121,1,0}{1000100000000080,1000100000000002,910121,1,0}{1000100000000087,1000100000000002,910121,1,0}{1000100000000086,1000100000000002,910121,1,0}{1000100000000085,1000100000000002,910121,1,0}{1000100000000084,1000100000000002,910121,1,0}]
2022-09-19 00:01:01.341 [任务线程 - 41] INFO  com.teamtop.system.crossTrial.CrossTrialSysEvent - CrossTrialSysEvent upload
2022-09-19 00:01:01.347 [任务线程 - 41] INFO  com.teamtop.util.exector.schedule.ScheduleFixtime - day event:com.teamtop.system.crossTrial.CrossTrialSysEvent@4d5d943d,now:1663516860,dayTime:1
2022-09-19 00:01:01.382 [任务线程 - 41] INFO  com.teamtop.system.event.backstage.BackstageSystemEvent - 60m event:com.teamtop.system.event.backstage.events.flowMMCache.FlowMMCacheEvent@2ad33b63,now:1663516861
2022-09-19 00:01:47.091 [任务线程 - 19] INFO  com.teamtop.houtaiHttp.events.kuaFuFenQu.KuaFuFenQuCache - KuaFuFenQuCache size=1
2022-09-19 00:02:47.097 [任务线程 - 7] INFO  com.teamtop.houtaiHttp.events.kuaFuFenQu.KuaFuFenQuCache - KuaFuFenQuCache size=1
2022-09-19 00:03:00.600 [任务线程 - 39] INFO  com.teamtop.util.exector.schedule.ScheduleFixtime - day event:com.teamtop.system.crossTrial.cross.CrossTrialCentralSysEvent@4f4c789f,now:1663516980,dayTime:3
2022-09-19 00:03:47.109 [任务线程 - 30] INFO  com.teamtop.houtaiHttp.events.kuaFuFenQu.KuaFuFenQuCache - KuaFuFenQuCache size=1
2022-09-19 00:04:47.114 [任务线程 - 39] INFO  com.teamtop.houtaiHttp.events.kuaFuFenQu.KuaFuFenQuCache - KuaFuFenQuCache size=1
2022-09-19 00:05:00.208 [任务线程 - 18] INFO  com.teamtop.util.exector.schedule.ScheduleFixtime - day event:com.teamtop.system.openDaysSystem.OpenDaysSystemSysEvent@7f000697,now:1663517100,dayTime:5
2022-09-19 00:05:00.312 [任务线程 - 18] INFO  com.teamtop.util.exector.schedule.ScheduleFixtime - day event:com.teamtop.system.country.newkingship.NewKingShipEvent@26794848,now:1663517100,dayTime:5
2022-09-19 00:05:00.537 [任务线程 - 22] INFO  com.teamtop.util.exector.schedule.ScheduleFixtime - day event:com.teamtop.system.openDaysSystem.OpenDaysSystemSysEvent@6e763c0a,now:1663517100,dayTime:5
2022-09-19 00:05:00.643 [任务线程 - 22] INFO  com.teamtop.util.exector.schedule.ScheduleFixtime - day event:com.teamtop.system.country.newkingship.NewKingShipEvent@bcec361,now:1663517100,dayTime:5
2022-09-19 00:05:00.643 [任务线程 - 22] INFO  com.teamtop.util.exector.schedule.ScheduleFixtime - day event:com.teamtop.system.crossHeroesList.cross.CrossHeroesListSysEvent@2dddc1b9,now:1663517100,dayTime:5
2022-09-19 00:05:00.647 [任务线程 - 22] INFO  com.teamtop.util.exector.schedule.ScheduleFixtime - day event:com.teamtop.system.crossCommonRank.cross.CrossCommonRankEvent@1023150a,now:1663517100,dayTime:5
2022-09-19 00:05:47.143 [任务线程 - 29] INFO  com.teamtop.houtaiHttp.events.kuaFuFenQu.KuaFuFenQuCache - KuaFuFenQuCache size=1
2022-09-19 00:06:47.168 [任务线程 - 54] INFO  com.teamtop.houtaiHttp.events.kuaFuFenQu.KuaFuFenQuCache - KuaFuFenQuCache size=1
2022-09-19 00:07:47.183 [任务线程 - 4] INFO  com.teamtop.houtaiHttp.events.kuaFuFenQu.KuaFuFenQuCache - KuaFuFenQuCache size=1
2022-09-19 00:08:47.195 [任务线程 - 9] INFO  com.teamtop.houtaiHttp.events.kuaFuFenQu.KuaFuFenQuCache - KuaFuFenQuCache size=1
2022-09-19 00:09:47.205 [任务线程 - 39] INFO  com.teamtop.houtaiHttp.events.kuaFuFenQu.KuaFuFenQuCache - KuaFuFenQuCache size=1
2022-09-19 00:10:47.224 [任务线程 - 25] INFO  com.teamtop.houtaiHttp.events.kuaFuFenQu.KuaFuFenQuCache - KuaFuFenQuCache size=1
2022-09-19 00:11:47.244 [任务线程 - 61] INFO  com.teamtop.houtaiHttp.events.kuaFuFenQu.KuaFuFenQuCache - KuaFuFenQuCache size=1
2022-09-19 00:12:47.258 [任务线程 - 1] INFO  com.teamtop.houtaiHttp.events.kuaFuFenQu.KuaFuFenQuCache - KuaFuFenQuCache size=1
2022-09-19 00:13:47.271 [任务线程 - 8] INFO  com.teamtop.houtaiHttp.events.kuaFuFenQu.KuaFuFenQuCache - KuaFuFenQuCache size=1
2022-09-19 00:14:47.324 [任务线程 - 9] INFO  com.teamtop.houtaiHttp.events.kuaFuFenQu.KuaFuFenQuCache - KuaFuFenQuCache size=1
2022-09-19 00:15:47.357 [任务线程 - 23] INFO  com.teamtop.houtaiHttp.events.kuaFuFenQu.KuaFuFenQuCache - KuaFuFenQuCache size=1
2022-09-19 00:16:47.374 [任务线程 - 5] INFO  com.teamtop.houtaiHttp.events.kuaFuFenQu.KuaFuFenQuCache - KuaFuFenQuCache size=1
2022-09-19 00:17:47.381 [任务线程 - 3] INFO  com.teamtop.houtaiHttp.events.kuaFuFenQu.KuaFuFenQuCache - KuaFuFenQuCache size=1
2022-09-19 00:18:47.305 [任务线程 - 46] INFO  com.teamtop.houtaiHttp.events.kuaFuFenQu.KuaFuFenQuCache - KuaFuFenQuCache size=1
2022-09-19 00:19:47.315 [任务线程 - 55] INFO  com.teamtop.houtaiHttp.events.kuaFuFenQu.KuaFuFenQuCache - KuaFuFenQuCache size=1
2022-09-19 00:20:47.323 [任务线程 - 11] INFO  com.teamtop.houtaiHttp.events.kuaFuFenQu.KuaFuFenQuCache - KuaFuFenQuCache size=1
2022-09-19 00:21:47.336 [任务线程 - 2] INFO  com.teamtop.houtaiHttp.events.kuaFuFenQu.KuaFuFenQuCache - KuaFuFenQuCache size=1
2022-09-19 00:22:47.350 [任务线程 - 4] INFO  com.teamtop.houtaiHttp.events.kuaFuFenQu.KuaFuFenQuCache - KuaFuFenQuCache size=1
2022-09-19 00:23:47.363 [任务线程 - 60] INFO  com.teamtop.houtaiHttp.events.kuaFuFenQu.KuaFuFenQuCache - KuaFuFenQuCache size=1
2022-09-19 00:24:47.374 [任务线程 - 49] INFO  com.teamtop.houtaiHttp.events.kuaFuFenQu.KuaFuFenQuCache - KuaFuFenQuCache size=1
2022-09-19 00:25:47.403 [任务线程 - 43] INFO  com.teamtop.houtaiHttp.events.kuaFuFenQu.KuaFuFenQuCache - KuaFuFenQuCache size=1
2022-09-19 00:26:47.417 [任务线程 - 4] INFO  com.teamtop.houtaiHttp.events.kuaFuFenQu.KuaFuFenQuCache - KuaFuFenQuCache size=1
2022-09-19 00:27:47.429 [任务线程 - 64] INFO  com.teamtop.houtaiHttp.events.kuaFuFenQu.KuaFuFenQuCache - KuaFuFenQuCache size=1
2022-09-19 00:28:47.439 [任务线程 - 40] INFO  com.teamtop.houtaiHttp.events.kuaFuFenQu.KuaFuFenQuCache - KuaFuFenQuCache size=1
2022-09-19 00:29:47.451 [任务线程 - 44] INFO  com.teamtop.houtaiHttp.events.kuaFuFenQu.KuaFuFenQuCache - KuaFuFenQuCache size=1
2022-09-19 00:30:47.462 [任务线程 - 47] INFO  com.teamtop.houtaiHttp.events.kuaFuFenQu.KuaFuFenQuCache - KuaFuFenQuCache size=1
2022-09-19 00:31:47.469 [任务线程 - 40] INFO  com.teamtop.houtaiHttp.events.kuaFuFenQu.KuaFuFenQuCache - KuaFuFenQuCache size=1
2022-09-19 00:32:47.476 [任务线程 - 10] INFO  com.teamtop.houtaiHttp.events.kuaFuFenQu.KuaFuFenQuCache - KuaFuFenQuCache size=1
2022-09-19 00:33:47.490 [任务线程 - 29] INFO  com.teamtop.houtaiHttp.events.kuaFuFenQu.KuaFuFenQuCache - KuaFuFenQuCache size=1
2022-09-19 00:34:47.501 [任务线程 - 64] INFO  com.teamtop.houtaiHttp.events.kuaFuFenQu.KuaFuFenQuCache - KuaFuFenQuCache size=1
2022-09-19 00:35:47.529 [任务线程 - 59] INFO  com.teamtop.houtaiHttp.events.kuaFuFenQu.KuaFuFenQuCache - KuaFuFenQuCache size=1
2022-09-19 00:36:47.550 [任务线程 - 1] INFO  com.teamtop.houtaiHttp.events.kuaFuFenQu.KuaFuFenQuCache - KuaFuFenQuCache size=1
2022-09-19 00:37:47.557 [任务线程 - 29] INFO  com.teamtop.houtaiHttp.events.kuaFuFenQu.KuaFuFenQuCache - KuaFuFenQuCache size=1
2022-09-19 00:38:47.567 [任务线程 - 30] INFO  com.teamtop.houtaiHttp.events.kuaFuFenQu.KuaFuFenQuCache - KuaFuFenQuCache size=1
2022-09-19 00:39:47.577 [任务线程 - 25] INFO  com.teamtop.houtaiHttp.events.kuaFuFenQu.KuaFuFenQuCache - KuaFuFenQuCache size=1
2022-09-19 00:40:47.589 [任务线程 - 37] INFO  com.teamtop.houtaiHttp.events.kuaFuFenQu.KuaFuFenQuCache - KuaFuFenQuCache size=1
2022-09-19 00:41:47.609 [任务线程 - 37] INFO  com.teamtop.houtaiHttp.events.kuaFuFenQu.KuaFuFenQuCache - KuaFuFenQuCache size=1
2022-09-19 00:42:47.626 [任务线程 - 32] INFO  com.teamtop.houtaiHttp.events.kuaFuFenQu.KuaFuFenQuCache - KuaFuFenQuCache size=1
2022-09-19 00:43:47.638 [任务线程 - 35] INFO  com.teamtop.houtaiHttp.events.kuaFuFenQu.KuaFuFenQuCache - KuaFuFenQuCache size=1
2022-09-19 00:44:47.648 [任务线程 - 8] INFO  com.teamtop.houtaiHttp.events.kuaFuFenQu.KuaFuFenQuCache - KuaFuFenQuCache size=1
2022-09-19 00:45:47.675 [任务线程 - 41] INFO  com.teamtop.houtaiHttp.events.kuaFuFenQu.KuaFuFenQuCache - KuaFuFenQuCache size=1
2022-09-19 00:46:47.695 [任务线程 - 50] INFO  com.teamtop.houtaiHttp.events.kuaFuFenQu.KuaFuFenQuCache - KuaFuFenQuCache size=1
2022-09-19 00:47:47.707 [任务线程 - 50] INFO  com.teamtop.houtaiHttp.events.kuaFuFenQu.KuaFuFenQuCache - KuaFuFenQuCache size=1
2022-09-19 00:48:47.722 [任务线程 - 21] INFO  com.teamtop.houtaiHttp.events.kuaFuFenQu.KuaFuFenQuCache - KuaFuFenQuCache size=1
2022-09-19 00:49:47.745 [任务线程 - 52] INFO  com.teamtop.houtaiHttp.events.kuaFuFenQu.KuaFuFenQuCache - KuaFuFenQuCache size=1
2022-09-19 00:50:47.757 [任务线程 - 27] INFO  com.teamtop.houtaiHttp.events.kuaFuFenQu.KuaFuFenQuCache - KuaFuFenQuCache size=1
2022-09-19 00:51:47.771 [任务线程 - 17] INFO  com.teamtop.houtaiHttp.events.kuaFuFenQu.KuaFuFenQuCache - KuaFuFenQuCache size=1
2022-09-19 00:52:47.786 [任务线程 - 4] INFO  com.teamtop.houtaiHttp.events.kuaFuFenQu.KuaFuFenQuCache - KuaFuFenQuCache size=1
2022-09-19 00:53:47.799 [任务线程 - 14] INFO  com.teamtop.houtaiHttp.events.kuaFuFenQu.KuaFuFenQuCache - KuaFuFenQuCache size=1
2022-09-19 00:54:47.810 [任务线程 - 1] INFO  com.teamtop.houtaiHttp.events.kuaFuFenQu.KuaFuFenQuCache - KuaFuFenQuCache size=1
2022-09-19 00:55:47.831 [任务线程 - 64] INFO  com.teamtop.houtaiHttp.events.kuaFuFenQu.KuaFuFenQuCache - KuaFuFenQuCache size=1
2022-09-19 00:56:47.850 [任务线程 - 22] INFO  com.teamtop.houtaiHttp.events.kuaFuFenQu.KuaFuFenQuCache - KuaFuFenQuCache size=1
2022-09-19 00:57:47.855 [任务线程 - 6] INFO  com.teamtop.houtaiHttp.events.kuaFuFenQu.KuaFuFenQuCache - KuaFuFenQuCache size=1
2022-09-19 00:58:47.882 [任务线程 - 28] INFO  com.teamtop.houtaiHttp.events.kuaFuFenQu.KuaFuFenQuCache - KuaFuFenQuCache size=1
2022-09-19 00:59:47.912 [任务线程 - 51] INFO  com.teamtop.houtaiHttp.events.kuaFuFenQu.KuaFuFenQuCache - KuaFuFenQuCache size=1
