2020-11-02 17:06:06.139 [任务线程 - 14] WARN  com.teamtop.system.crossBoss.CrossBossFunction - countryRankList==null
2020-11-02 17:06:06.139 [任务线程 - 14] WARN  com.teamtop.system.crossBoss.CrossBossFunction - countryRankList==null
2020-11-02 17:06:06.139 [任务线程 - 14] WARN  com.teamtop.system.crossBoss.CrossBossFunction - countryRankList==null
2020-11-02 17:06:06.139 [任务线程 - 14] WARN  com.teamtop.system.crossBoss.CrossBossFunction - countryRankList==null
2020-11-02 17:06:06.139 [任务线程 - 14] WARN  com.teamtop.system.crossBoss.CrossBossFunction - countryRankList==null
2020-11-02 17:33:21.632 [OpTaskExecutorService-thread-1] WARN  com.teamtop.system.boss.countryBoss.CountryBossManager - hero.getCountryType()==0 hid:1000100000000004
2020-11-02 17:33:21.946 [OpTaskExecutorService-thread-1] WARN  com.teamtop.system.hero.FightCalcFunction - hero set fight attribute value fail cause of attributes array is null!
2020-11-02 17:33:21.946 [OpTaskExecutorService-thread-1] WARN  com.teamtop.system.hero.FightCalcFunction - hero set fight attribute value fail cause of attributes array is null!
2020-11-02 17:33:21.946 [OpTaskExecutorService-thread-1] WARN  com.teamtop.system.hero.FightCalcFunction - hero set fight attribute value fail cause of attributes array is null!
2020-11-02 17:33:21.962 [OpTaskExecutorService-thread-1] WARN  com.teamtop.system.hero.FightCalcFunction - hero set fight attribute value fail cause of attributes array is null!
2020-11-02 17:33:21.962 [OpTaskExecutorService-thread-1] WARN  com.teamtop.system.hero.FightCalcFunction - hero set fight attribute value fail cause of attributes array is null!
2020-11-02 17:33:21.962 [OpTaskExecutorService-thread-1] WARN  com.teamtop.system.hero.FightCalcFunction - hero set fight attribute value fail cause of attributes array is null!
2020-11-02 17:33:21.962 [OpTaskExecutorService-thread-9] WARN  com.teamtop.system.hero.FightCalcFunction - hero set fight attribute value fail cause of attributes array is null!
2020-11-02 17:33:23.291 [OpTaskExecutorService-thread-1] WARN  com.teamtop.system.hero.FightCalcFunction - hero set fight attribute value fail cause of attributes array is null!
2020-11-02 17:33:23.370 [OpTaskExecutorService-thread-1] WARN  com.teamtop.system.boss.countryBoss.CountryBossManager - hero.getCountryType()==0 hid:1000100000000004
2020-11-02 17:33:23.401 [OpTaskExecutorService-thread-1] WARN  com.teamtop.system.zcBoss.ZcBossHeroManager - JoinersMap().containsKey(hero.getId()) hid:1000100000000004
2020-11-02 17:33:23.511 [OpTaskExecutorService-thread-1] WARN  com.teamtop.system.countrySkill.CountrySkillManager - hid1000100000000004 name:壞脾氣天枢openUI countryType=0
2020-11-02 17:37:06.194 [OpTaskExecutorService-thread-4] WARN  com.teamtop.system.boss.countryBoss.CountryBossManager - hero.getCountryType()==0 hid:1000100000000009
2020-11-02 17:37:06.194 [OpTaskExecutorService-thread-4] WARN  com.teamtop.system.hero.FightCalcFunction - hero set fight attribute value fail cause of attributes array is null!
2020-11-02 17:37:06.194 [OpTaskExecutorService-thread-4] WARN  com.teamtop.system.hero.FightCalcFunction - hero set fight attribute value fail cause of attributes array is null!
2020-11-02 17:37:06.194 [OpTaskExecutorService-thread-4] WARN  com.teamtop.system.hero.FightCalcFunction - hero set fight attribute value fail cause of attributes array is null!
2020-11-02 17:37:06.194 [OpTaskExecutorService-thread-4] WARN  com.teamtop.system.hero.FightCalcFunction - hero set fight attribute value fail cause of attributes array is null!
2020-11-02 17:37:06.194 [OpTaskExecutorService-thread-9] WARN  com.teamtop.system.hero.FightCalcFunction - hero set fight attribute value fail cause of attributes array is null!
2020-11-02 17:37:06.382 [OpTaskExecutorService-thread-4] WARN  com.teamtop.system.hero.FightCalcFunction - hero set fight attribute value fail cause of attributes array is null!
2020-11-02 17:37:06.398 [OpTaskExecutorService-thread-9] WARN  com.teamtop.system.hero.FightCalcFunction - hero set fight attribute value fail cause of attributes array is null!
2020-11-02 17:37:06.398 [OpTaskExecutorService-thread-4] WARN  com.teamtop.system.boss.countryBoss.CountryBossManager - hero.getCountryType()==0 hid:1000100000000009
2020-11-02 17:37:06.398 [OpTaskExecutorService-thread-4] WARN  com.teamtop.system.zcBoss.ZcBossHeroManager - JoinersMap().containsKey(hero.getId()) hid:1000100000000009
2020-11-02 17:37:07.257 [OpTaskExecutorService-thread-4] WARN  com.teamtop.system.countrySkill.CountrySkillManager - hid1000100000000009 name:晓月乄逐笙openUI countryType=0
2020-11-02 17:37:09.459 [OpTaskExecutorService-thread-4] WARN  com.teamtop.system.event.useAddEvent.UseAddUtil - GameConst.huobiMap can not find3,type:8
2020-11-02 17:37:09.474 [OpTaskExecutorService-thread-9] WARN  com.teamtop.system.hero.FightCalcFunction - hero set fight attribute value fail cause of attributes array is null!
2020-11-02 17:39:06.845 [OpTaskExecutorService-thread-7] WARN  com.teamtop.system.hero.FightCalcFunction - hero set fight attribute value fail cause of attributes array is null!
2020-11-02 17:39:06.861 [OpTaskExecutorService-thread-7] WARN  com.teamtop.system.hero.FightCalcFunction - hero set fight attribute value fail cause of attributes array is null!
2020-11-02 17:39:06.861 [OpTaskExecutorService-thread-7] WARN  com.teamtop.system.hero.FightCalcFunction - hero set fight attribute value fail cause of attributes array is null!
2020-11-02 17:39:06.861 [OpTaskExecutorService-thread-7] WARN  com.teamtop.system.hero.FightCalcFunction - hero set fight attribute value fail cause of attributes array is null!
2020-11-02 17:39:06.861 [OpTaskExecutorService-thread-7] WARN  com.teamtop.system.hero.FightCalcFunction - hero set fight attribute value fail cause of attributes array is null!
2020-11-02 17:39:06.861 [OpTaskExecutorService-thread-7] WARN  com.teamtop.system.hero.FightCalcFunction - hero set fight attribute value fail cause of attributes array is null!
2020-11-02 17:39:06.861 [OpTaskExecutorService-thread-9] WARN  com.teamtop.system.hero.FightCalcFunction - hero set fight attribute value fail cause of attributes array is null!
2020-11-02 17:39:07.454 [OpTaskExecutorService-thread-9] WARN  com.teamtop.system.hero.FightCalcFunction - hero set fight attribute value fail cause of attributes array is null!
2020-11-02 17:39:07.454 [OpTaskExecutorService-thread-7] WARN  com.teamtop.system.hero.FightCalcFunction - hero set fight attribute value fail cause of attributes array is null!
2020-11-02 17:39:07.471 [OpTaskExecutorService-thread-7] WARN  com.teamtop.system.zcBoss.ZcBossHeroManager - JoinersMap().containsKey(hero.getId()) hid:1000100000000002
2020-11-02 17:39:54.330 [nioEventLoopGroup-11-6] WARN  com.teamtop.system.zcBoss.ZcBossHeroManager - JoinersMap().containsKey(hero.getId()) hid:1000100000000002
2020-11-02 17:45:03.185 [OpTaskExecutorService-thread-1] WARN  com.teamtop.system.zcBoss.ZcBossHeroManager - JoinersMap().containsKey(hero.getId()) hid:1000100000000004
2020-11-02 17:45:05.591 [OpTaskExecutorService-thread-1] WARN  com.teamtop.system.hero.FightCalcFunction - hero set fight attribute value fail cause of attributes array is null!
2020-11-02 17:45:05.591 [OpTaskExecutorService-thread-1] WARN  com.teamtop.system.hero.FightCalcFunction - hero set fight attribute value fail cause of attributes array is null!
2020-11-02 17:45:05.591 [OpTaskExecutorService-thread-1] WARN  com.teamtop.system.hero.FightCalcFunction - hero set fight attribute value fail cause of attributes array is null!
2020-11-02 17:45:05.591 [OpTaskExecutorService-thread-1] WARN  com.teamtop.system.hero.FightCalcFunction - hero set fight attribute value fail cause of attributes array is null!
2020-11-02 17:45:05.591 [OpTaskExecutorService-thread-1] WARN  com.teamtop.system.hero.FightCalcFunction - hero set fight attribute value fail cause of attributes array is null!
2020-11-02 17:45:05.591 [OpTaskExecutorService-thread-1] WARN  com.teamtop.system.hero.FightCalcFunction - hero set fight attribute value fail cause of attributes array is null!
2020-11-02 17:45:05.591 [OpTaskExecutorService-thread-9] WARN  com.teamtop.system.hero.FightCalcFunction - hero set fight attribute value fail cause of attributes array is null!
2020-11-02 17:45:05.622 [OpTaskExecutorService-thread-1] WARN  com.teamtop.system.hero.FightCalcFunction - hero set fight attribute value fail cause of attributes array is null!
2020-11-02 17:45:05.622 [OpTaskExecutorService-thread-1] WARN  com.teamtop.system.boss.countryBoss.CountryBossManager - hero.getCountryType()==0 hid:1000100000000004
2020-11-02 17:45:05.622 [OpTaskExecutorService-thread-1] WARN  com.teamtop.system.zcBoss.ZcBossHeroManager - JoinersMap().containsKey(hero.getId()) hid:1000100000000004
2020-11-02 17:45:06.858 [OpTaskExecutorService-thread-1] WARN  com.teamtop.system.countrySkill.CountrySkillManager - hid1000100000000004 name:壞脾氣天枢openUI countryType=0
2020-11-02 17:45:15.439 [nioEventLoopGroup-11-7] WARN  com.teamtop.system.zcBoss.ZcBossHeroManager - JoinersMap().containsKey(hero.getId()) hid:1000100000000004
