2020-10-30 17:31:40.817 [main] WARN  com.teamtop.system.scene.SceneCache - sceneid:30010002 has not npcid:200001
2020-10-30 17:31:40.817 [main] WARN  com.teamtop.system.scene.SceneCache - sceneid:30010002 has not npcid:750024
2020-10-30 17:31:40.817 [main] WARN  com.teamtop.system.scene.SceneCache - sceneid:30010002 has not npcid:750025
2020-10-30 17:31:40.817 [main] WARN  com.teamtop.system.scene.SceneCache - sceneid:30010002 has not npcid:750026
2020-10-30 17:31:40.833 [main] WARN  com.teamtop.system.scene.SceneCache - sceneid:30010002 has not npcid:750027
2020-10-30 17:31:40.833 [main] WARN  com.teamtop.system.scene.SceneCache - sceneid:30010002 has not npcid:750028
2020-10-30 17:31:40.833 [main] WARN  com.teamtop.system.scene.SceneCache - sceneid:30010002 has not npcid:750029
2020-10-30 17:31:40.833 [main] WARN  com.teamtop.system.scene.SceneCache - sceneid:30010002 has not npcid:750030
2020-10-30 17:31:40.833 [main] WARN  com.teamtop.system.scene.SceneCache - sceneid:30010002 has not npcid:750031
2020-10-30 17:31:40.833 [main] WARN  com.teamtop.system.scene.SceneCache - sceneid:30010002 has not npcid:750032
2020-10-30 17:31:40.833 [main] WARN  com.teamtop.system.scene.SceneCache - sceneid:30010002 has not npcid:750033
2020-10-30 17:31:40.833 [main] WARN  com.teamtop.system.scene.SceneCache - sceneid:30010002 has not npcid:750034
2020-10-30 17:31:40.833 [main] WARN  com.teamtop.system.scene.SceneCache - sceneid:30010002 has not npcid:750035
2020-10-30 17:31:40.920 [main] WARN  com.teamtop.system.scene.SceneCache - sceneid:500001 has not npcid:350004
2020-10-30 17:31:40.920 [main] WARN  com.teamtop.system.scene.SceneCache - sceneid:500001 has not npcid:350005
2020-10-30 17:31:40.920 [main] WARN  com.teamtop.system.scene.SceneCache - sceneid:500001 has not npcid:350006
2020-10-30 17:31:40.920 [main] WARN  com.teamtop.system.scene.SceneCache - sceneid:500001 has not npcid:350101
2020-10-30 17:31:40.920 [main] WARN  com.teamtop.system.scene.SceneCache - sceneid:500001 has not npcid:350102
2020-10-30 17:31:40.920 [main] WARN  com.teamtop.system.scene.SceneCache - sceneid:500001 has not npcid:350301
2020-10-30 17:31:40.920 [main] WARN  com.teamtop.system.scene.SceneCache - sceneid:500003 has not npcid:350004
2020-10-30 17:31:40.920 [main] WARN  com.teamtop.system.scene.SceneCache - sceneid:500003 has not npcid:350005
2020-10-30 17:31:40.920 [main] WARN  com.teamtop.system.scene.SceneCache - sceneid:500003 has not npcid:350006
2020-10-30 17:31:40.920 [main] WARN  com.teamtop.system.scene.SceneCache - sceneid:500003 has not npcid:350101
2020-10-30 17:31:40.920 [main] WARN  com.teamtop.system.scene.SceneCache - sceneid:500003 has not npcid:350102
2020-10-30 17:31:40.920 [main] WARN  com.teamtop.system.scene.SceneCache - sceneid:500003 has not npcid:350106
2020-10-30 17:31:40.920 [main] WARN  com.teamtop.system.scene.SceneCache - sceneid:500003 has not npcid:350104
2020-10-30 17:31:40.920 [main] WARN  com.teamtop.system.scene.SceneCache - sceneid:500003 has not npcid:350301
2020-10-30 17:31:40.936 [main] WARN  com.teamtop.system.scene.SceneCache - sceneid:500005 has not npcid:350004
2020-10-30 17:31:40.936 [main] WARN  com.teamtop.system.scene.SceneCache - sceneid:500005 has not npcid:350005
2020-10-30 17:31:40.936 [main] WARN  com.teamtop.system.scene.SceneCache - sceneid:500005 has not npcid:350006
2020-10-30 17:31:40.936 [main] WARN  com.teamtop.system.scene.SceneCache - sceneid:500005 has not npcid:350101
2020-10-30 17:31:40.936 [main] WARN  com.teamtop.system.scene.SceneCache - sceneid:500005 has not npcid:350102
2020-10-30 17:31:40.936 [main] WARN  com.teamtop.system.scene.SceneCache - sceneid:500005 has not npcid:350104
2020-10-30 17:31:40.936 [main] WARN  com.teamtop.system.scene.SceneCache - sceneid:500005 has not npcid:350106
2020-10-30 17:31:40.936 [main] WARN  com.teamtop.system.scene.SceneCache - sceneid:500005 has not npcid:350301
2020-10-30 17:31:40.936 [main] WARN  com.teamtop.system.scene.SceneCache - sceneid:500005 has not npcid:350108
2020-10-30 17:31:40.936 [main] WARN  com.teamtop.system.scene.SceneCache - sceneid:500005 has not npcid:350103
2020-10-30 17:31:40.967 [main] WARN  com.teamtop.system.scene.SceneCache - sceneid:500007 has not npcid:350004
2020-10-30 17:31:40.967 [main] WARN  com.teamtop.system.scene.SceneCache - sceneid:500007 has not npcid:350005
2020-10-30 17:31:40.967 [main] WARN  com.teamtop.system.scene.SceneCache - sceneid:500007 has not npcid:350006
2020-10-30 17:31:40.967 [main] WARN  com.teamtop.system.scene.SceneCache - sceneid:500007 has not npcid:350101
2020-10-30 17:31:40.967 [main] WARN  com.teamtop.system.scene.SceneCache - sceneid:500007 has not npcid:350102
2020-10-30 17:31:40.967 [main] WARN  com.teamtop.system.scene.SceneCache - sceneid:500007 has not npcid:350103
2020-10-30 17:31:40.967 [main] WARN  com.teamtop.system.scene.SceneCache - sceneid:500007 has not npcid:350104
2020-10-30 17:31:40.967 [main] WARN  com.teamtop.system.scene.SceneCache - sceneid:500007 has not npcid:350106
2020-10-30 17:31:40.967 [main] WARN  com.teamtop.system.scene.SceneCache - sceneid:500007 has not npcid:350301
2020-10-30 17:31:40.967 [main] WARN  com.teamtop.system.scene.SceneCache - sceneid:500007 has not npcid:350107
2020-10-30 17:31:40.967 [main] WARN  com.teamtop.system.scene.SceneCache - sceneid:500007 has not npcid:350108
2020-10-30 17:31:49.790 [main] WARN  com.teamtop.system.scene.SceneCache - sceneid:30010002 has not npcid:200001
2020-10-30 17:31:49.790 [main] WARN  com.teamtop.system.scene.SceneCache - sceneid:30010002 has not npcid:750024
2020-10-30 17:31:49.790 [main] WARN  com.teamtop.system.scene.SceneCache - sceneid:30010002 has not npcid:750025
2020-10-30 17:31:49.790 [main] WARN  com.teamtop.system.scene.SceneCache - sceneid:30010002 has not npcid:750026
2020-10-30 17:31:49.790 [main] WARN  com.teamtop.system.scene.SceneCache - sceneid:30010002 has not npcid:750027
2020-10-30 17:31:49.790 [main] WARN  com.teamtop.system.scene.SceneCache - sceneid:30010002 has not npcid:750028
2020-10-30 17:31:49.790 [main] WARN  com.teamtop.system.scene.SceneCache - sceneid:30010002 has not npcid:750029
2020-10-30 17:31:49.790 [main] WARN  com.teamtop.system.scene.SceneCache - sceneid:30010002 has not npcid:750030
2020-10-30 17:31:49.790 [main] WARN  com.teamtop.system.scene.SceneCache - sceneid:30010002 has not npcid:750031
2020-10-30 17:31:49.790 [main] WARN  com.teamtop.system.scene.SceneCache - sceneid:30010002 has not npcid:750032
2020-10-30 17:31:49.790 [main] WARN  com.teamtop.system.scene.SceneCache - sceneid:30010002 has not npcid:750033
2020-10-30 17:31:49.790 [main] WARN  com.teamtop.system.scene.SceneCache - sceneid:30010002 has not npcid:750034
2020-10-30 17:31:49.790 [main] WARN  com.teamtop.system.scene.SceneCache - sceneid:30010002 has not npcid:750035
2020-10-30 17:31:49.868 [main] WARN  com.teamtop.system.scene.SceneCache - sceneid:500001 has not npcid:350004
2020-10-30 17:31:49.868 [main] WARN  com.teamtop.system.scene.SceneCache - sceneid:500001 has not npcid:350005
2020-10-30 17:31:49.868 [main] WARN  com.teamtop.system.scene.SceneCache - sceneid:500001 has not npcid:350006
2020-10-30 17:31:49.868 [main] WARN  com.teamtop.system.scene.SceneCache - sceneid:500001 has not npcid:350101
2020-10-30 17:31:49.868 [main] WARN  com.teamtop.system.scene.SceneCache - sceneid:500001 has not npcid:350102
2020-10-30 17:31:49.868 [main] WARN  com.teamtop.system.scene.SceneCache - sceneid:500001 has not npcid:350301
2020-10-30 17:31:49.884 [main] WARN  com.teamtop.system.scene.SceneCache - sceneid:500003 has not npcid:350004
2020-10-30 17:31:49.884 [main] WARN  com.teamtop.system.scene.SceneCache - sceneid:500003 has not npcid:350005
2020-10-30 17:31:49.884 [main] WARN  com.teamtop.system.scene.SceneCache - sceneid:500003 has not npcid:350006
2020-10-30 17:31:49.884 [main] WARN  com.teamtop.system.scene.SceneCache - sceneid:500003 has not npcid:350101
2020-10-30 17:31:49.884 [main] WARN  com.teamtop.system.scene.SceneCache - sceneid:500003 has not npcid:350102
2020-10-30 17:31:49.884 [main] WARN  com.teamtop.system.scene.SceneCache - sceneid:500003 has not npcid:350106
2020-10-30 17:31:49.884 [main] WARN  com.teamtop.system.scene.SceneCache - sceneid:500003 has not npcid:350104
2020-10-30 17:31:49.884 [main] WARN  com.teamtop.system.scene.SceneCache - sceneid:500003 has not npcid:350301
2020-10-30 17:31:49.899 [main] WARN  com.teamtop.system.scene.SceneCache - sceneid:500005 has not npcid:350004
2020-10-30 17:31:49.899 [main] WARN  com.teamtop.system.scene.SceneCache - sceneid:500005 has not npcid:350005
2020-10-30 17:31:49.899 [main] WARN  com.teamtop.system.scene.SceneCache - sceneid:500005 has not npcid:350006
2020-10-30 17:31:49.899 [main] WARN  com.teamtop.system.scene.SceneCache - sceneid:500005 has not npcid:350101
2020-10-30 17:31:49.899 [main] WARN  com.teamtop.system.scene.SceneCache - sceneid:500005 has not npcid:350102
2020-10-30 17:31:49.899 [main] WARN  com.teamtop.system.scene.SceneCache - sceneid:500005 has not npcid:350104
2020-10-30 17:31:49.899 [main] WARN  com.teamtop.system.scene.SceneCache - sceneid:500005 has not npcid:350106
2020-10-30 17:31:49.899 [main] WARN  com.teamtop.system.scene.SceneCache - sceneid:500005 has not npcid:350301
2020-10-30 17:31:49.899 [main] WARN  com.teamtop.system.scene.SceneCache - sceneid:500005 has not npcid:350108
2020-10-30 17:31:49.899 [main] WARN  com.teamtop.system.scene.SceneCache - sceneid:500005 has not npcid:350103
2020-10-30 17:31:49.931 [main] WARN  com.teamtop.system.scene.SceneCache - sceneid:500007 has not npcid:350004
2020-10-30 17:31:49.931 [main] WARN  com.teamtop.system.scene.SceneCache - sceneid:500007 has not npcid:350005
2020-10-30 17:31:49.931 [main] WARN  com.teamtop.system.scene.SceneCache - sceneid:500007 has not npcid:350006
2020-10-30 17:31:49.931 [main] WARN  com.teamtop.system.scene.SceneCache - sceneid:500007 has not npcid:350101
2020-10-30 17:31:49.931 [main] WARN  com.teamtop.system.scene.SceneCache - sceneid:500007 has not npcid:350102
2020-10-30 17:31:49.931 [main] WARN  com.teamtop.system.scene.SceneCache - sceneid:500007 has not npcid:350103
2020-10-30 17:31:49.931 [main] WARN  com.teamtop.system.scene.SceneCache - sceneid:500007 has not npcid:350104
2020-10-30 17:31:49.931 [main] WARN  com.teamtop.system.scene.SceneCache - sceneid:500007 has not npcid:350106
2020-10-30 17:31:49.931 [main] WARN  com.teamtop.system.scene.SceneCache - sceneid:500007 has not npcid:350301
2020-10-30 17:31:49.931 [main] WARN  com.teamtop.system.scene.SceneCache - sceneid:500007 has not npcid:350107
2020-10-30 17:31:49.931 [main] WARN  com.teamtop.system.scene.SceneCache - sceneid:500007 has not npcid:350108
2020-10-30 17:32:00.233 [crossChannelEx - 1] WARN  com.teamtop.system.hero.FightCalcFunction - hero set fight attribute value fail cause of attributes array is null!
2020-10-30 17:32:00.233 [crossChannelEx - 4] WARN  com.teamtop.system.hero.FightCalcFunction - hero set fight attribute value fail cause of attributes array is null!
2020-10-30 17:32:00.390 [crossChannelEx - 4] WARN  com.teamtop.system.hero.FightCalcFunction - hero set fight attribute value fail cause of attributes array is null!
2020-10-30 17:32:00.390 [crossChannelEx - 1] WARN  com.teamtop.system.hero.FightCalcFunction - hero set fight attribute value fail cause of attributes array is null!
2020-10-30 17:32:00.593 [OpTaskExecutorService-thread-9] WARN  com.teamtop.system.hero.FightCalcFunction - hero set fight attribute value fail cause of attributes array is null!
2020-10-30 17:32:00.593 [OpTaskExecutorService-thread-9] WARN  com.teamtop.system.hero.FightCalcFunction - hero set fight attribute value fail cause of attributes array is null!
2020-10-30 17:32:00.686 [crossChannelEx - 1] WARN  com.teamtop.system.hero.FightCalcFunction - hero set fight attribute value fail cause of attributes array is null!
2020-10-30 17:32:00.686 [crossChannelEx - 4] WARN  com.teamtop.system.hero.FightCalcFunction - hero set fight attribute value fail cause of attributes array is null!
2020-10-30 17:32:00.780 [crossChannelEx - 4] WARN  com.teamtop.system.hero.FightCalcFunction - hero set fight attribute value fail cause of attributes array is null!
2020-10-30 17:32:00.780 [crossChannelEx - 1] WARN  com.teamtop.system.hero.FightCalcFunction - hero set fight attribute value fail cause of attributes array is null!
2020-10-30 17:32:01.429 [crossChannelEx - 1] WARN  com.teamtop.system.hero.FightCalcFunction - hero set fight attribute value fail cause of attributes array is null!
2020-10-30 17:32:01.429 [crossChannelEx - 1] WARN  com.teamtop.system.hero.FightCalcFunction - hero set fight attribute value fail cause of attributes array is null!
2020-10-30 17:32:01.429 [OpTaskExecutorService-thread-9] WARN  com.teamtop.system.hero.FightCalcFunction - hero set fight attribute value fail cause of attributes array is null!
2020-10-30 17:32:01.429 [crossChannelEx - 1] WARN  com.teamtop.system.hero.FightCalcFunction - hero set fight attribute value fail cause of attributes array is null!
2020-10-30 17:32:01.460 [crossChannelEx - 1] WARN  com.teamtop.system.hero.FightCalcFunction - hero set fight attribute value fail cause of attributes array is null!
2020-10-30 17:32:01.710 [crossChannelEx - 4] WARN  com.teamtop.system.hero.FightCalcFunction - hero set fight attribute value fail cause of attributes array is null!
2020-10-30 17:32:01.710 [crossChannelEx - 4] WARN  com.teamtop.system.hero.FightCalcFunction - hero set fight attribute value fail cause of attributes array is null!
2020-10-30 17:32:01.710 [crossChannelEx - 4] WARN  com.teamtop.system.hero.FightCalcFunction - hero set fight attribute value fail cause of attributes array is null!
2020-10-30 17:32:01.710 [crossChannelEx - 4] WARN  com.teamtop.system.hero.FightCalcFunction - hero set fight attribute value fail cause of attributes array is null!
2020-10-30 17:32:01.725 [OpTaskExecutorService-thread-9] WARN  com.teamtop.system.hero.FightCalcFunction - hero set fight attribute value fail cause of attributes array is null!
2020-10-30 17:32:01.772 [crossChannelEx - 1] WARN  com.teamtop.system.hero.FightCalcFunction - hero set fight attribute value fail cause of attributes array is null!
2020-10-30 17:32:01.772 [crossChannelEx - 1] WARN  com.teamtop.system.hero.FightCalcFunction - hero set fight attribute value fail cause of attributes array is null!
2020-10-30 17:32:01.772 [crossChannelEx - 1] WARN  com.teamtop.system.hero.FightCalcFunction - hero set fight attribute value fail cause of attributes array is null!
2020-10-30 17:32:01.772 [crossChannelEx - 1] WARN  com.teamtop.system.hero.FightCalcFunction - hero set fight attribute value fail cause of attributes array is null!
2020-10-30 17:32:01.772 [crossChannelEx - 1] WARN  com.teamtop.system.hero.FightCalcFunction - hero set fight attribute value fail cause of attributes array is null!
2020-10-30 17:32:01.788 [OpTaskExecutorService-thread-9] WARN  com.teamtop.system.hero.FightCalcFunction - hero set fight attribute value fail cause of attributes array is null!
2020-10-30 17:32:02.178 [crossChannelEx - 4] WARN  com.teamtop.system.hero.FightCalcFunction - hero set fight attribute value fail cause of attributes array is null!
2020-10-30 17:32:02.178 [crossChannelEx - 4] WARN  com.teamtop.system.hero.FightCalcFunction - hero set fight attribute value fail cause of attributes array is null!
2020-10-30 17:32:02.178 [crossChannelEx - 4] WARN  com.teamtop.system.hero.FightCalcFunction - hero set fight attribute value fail cause of attributes array is null!
2020-10-30 17:32:02.178 [crossChannelEx - 4] WARN  com.teamtop.system.hero.FightCalcFunction - hero set fight attribute value fail cause of attributes array is null!
2020-10-30 17:32:02.178 [crossChannelEx - 4] WARN  com.teamtop.system.hero.FightCalcFunction - hero set fight attribute value fail cause of attributes array is null!
2020-10-30 17:32:02.193 [OpTaskExecutorService-thread-9] WARN  com.teamtop.system.hero.FightCalcFunction - hero set fight attribute value fail cause of attributes array is null!
2020-10-30 17:32:02.240 [crossChannelEx - 1] WARN  com.teamtop.system.hero.FightCalcFunction - hero set fight attribute value fail cause of attributes array is null!
2020-10-30 17:32:02.240 [crossChannelEx - 1] WARN  com.teamtop.system.hero.FightCalcFunction - hero set fight attribute value fail cause of attributes array is null!
2020-10-30 17:32:02.240 [crossChannelEx - 1] WARN  com.teamtop.system.hero.FightCalcFunction - hero set fight attribute value fail cause of attributes array is null!
2020-10-30 17:32:02.240 [crossChannelEx - 1] WARN  com.teamtop.system.hero.FightCalcFunction - hero set fight attribute value fail cause of attributes array is null!
2020-10-30 17:32:02.256 [OpTaskExecutorService-thread-9] WARN  com.teamtop.system.hero.FightCalcFunction - hero set fight attribute value fail cause of attributes array is null!
2020-10-30 17:32:02.539 [crossChannelEx - 4] WARN  com.teamtop.system.hero.FightCalcFunction - hero set fight attribute value fail cause of attributes array is null!
2020-10-30 17:32:02.539 [crossChannelEx - 4] WARN  com.teamtop.system.hero.FightCalcFunction - hero set fight attribute value fail cause of attributes array is null!
2020-10-30 17:32:02.539 [crossChannelEx - 4] WARN  com.teamtop.system.hero.FightCalcFunction - hero set fight attribute value fail cause of attributes array is null!
2020-10-30 17:32:02.539 [crossChannelEx - 4] WARN  com.teamtop.system.hero.FightCalcFunction - hero set fight attribute value fail cause of attributes array is null!
2020-10-30 17:32:02.554 [OpTaskExecutorService-thread-9] WARN  com.teamtop.system.hero.FightCalcFunction - hero set fight attribute value fail cause of attributes array is null!
2020-10-30 17:32:02.586 [crossChannelEx - 1] WARN  com.teamtop.system.hero.FightCalcFunction - hero set fight attribute value fail cause of attributes array is null!
2020-10-30 17:32:02.586 [crossChannelEx - 1] WARN  com.teamtop.system.hero.FightCalcFunction - hero set fight attribute value fail cause of attributes array is null!
2020-10-30 17:32:02.586 [OpTaskExecutorService-thread-9] WARN  com.teamtop.system.hero.FightCalcFunction - hero set fight attribute value fail cause of attributes array is null!
2020-10-30 17:32:02.586 [crossChannelEx - 1] WARN  com.teamtop.system.hero.FightCalcFunction - hero set fight attribute value fail cause of attributes array is null!
2020-10-30 17:32:02.586 [crossChannelEx - 1] WARN  com.teamtop.system.hero.FightCalcFunction - hero set fight attribute value fail cause of attributes array is null!
2020-10-30 17:32:02.586 [crossChannelEx - 1] WARN  com.teamtop.system.hero.FightCalcFunction - hero set fight attribute value fail cause of attributes array is null!
2020-10-30 17:32:02.914 [crossChannelEx - 4] WARN  com.teamtop.system.hero.FightCalcFunction - hero set fight attribute value fail cause of attributes array is null!
2020-10-30 17:32:02.914 [crossChannelEx - 4] WARN  com.teamtop.system.hero.FightCalcFunction - hero set fight attribute value fail cause of attributes array is null!
2020-10-30 17:32:02.914 [crossChannelEx - 4] WARN  com.teamtop.system.hero.FightCalcFunction - hero set fight attribute value fail cause of attributes array is null!
2020-10-30 17:32:02.914 [crossChannelEx - 4] WARN  com.teamtop.system.hero.FightCalcFunction - hero set fight attribute value fail cause of attributes array is null!
2020-10-30 17:32:02.914 [crossChannelEx - 4] WARN  com.teamtop.system.hero.FightCalcFunction - hero set fight attribute value fail cause of attributes array is null!
2020-10-30 17:32:02.930 [OpTaskExecutorService-thread-9] WARN  com.teamtop.system.hero.FightCalcFunction - hero set fight attribute value fail cause of attributes array is null!
2020-10-30 17:32:03.023 [crossChannelEx - 1] WARN  com.teamtop.system.hero.FightCalcFunction - hero set fight attribute value fail cause of attributes array is null!
2020-10-30 17:32:03.039 [crossChannelEx - 1] WARN  com.teamtop.system.hero.FightCalcFunction - hero set fight attribute value fail cause of attributes array is null!
2020-10-30 17:32:03.039 [OpTaskExecutorService-thread-9] WARN  com.teamtop.system.hero.FightCalcFunction - hero set fight attribute value fail cause of attributes array is null!
2020-10-30 17:32:03.086 [crossChannelEx - 1] WARN  com.teamtop.system.hero.FightCalcFunction - hero set fight attribute value fail cause of attributes array is null!
2020-10-30 17:32:03.086 [crossChannelEx - 1] WARN  com.teamtop.system.hero.FightCalcFunction - hero set fight attribute value fail cause of attributes array is null!
2020-10-30 17:32:03.086 [crossChannelEx - 1] WARN  com.teamtop.system.hero.FightCalcFunction - hero set fight attribute value fail cause of attributes array is null!
2020-10-30 17:32:03.352 [crossChannelEx - 4] WARN  com.teamtop.system.hero.FightCalcFunction - hero set fight attribute value fail cause of attributes array is null!
2020-10-30 17:32:03.352 [crossChannelEx - 4] WARN  com.teamtop.system.hero.FightCalcFunction - hero set fight attribute value fail cause of attributes array is null!
2020-10-30 17:32:03.352 [crossChannelEx - 4] WARN  com.teamtop.system.hero.FightCalcFunction - hero set fight attribute value fail cause of attributes array is null!
2020-10-30 17:32:03.352 [crossChannelEx - 4] WARN  com.teamtop.system.hero.FightCalcFunction - hero set fight attribute value fail cause of attributes array is null!
2020-10-30 17:32:03.352 [crossChannelEx - 4] WARN  com.teamtop.system.hero.FightCalcFunction - hero set fight attribute value fail cause of attributes array is null!
2020-10-30 17:32:03.352 [OpTaskExecutorService-thread-9] WARN  com.teamtop.system.hero.FightCalcFunction - hero set fight attribute value fail cause of attributes array is null!
2020-10-30 17:32:03.523 [crossChannelEx - 1] WARN  com.teamtop.system.hero.FightCalcFunction - hero set fight attribute value fail cause of attributes array is null!
2020-10-30 17:32:03.523 [crossChannelEx - 1] WARN  com.teamtop.system.hero.FightCalcFunction - hero set fight attribute value fail cause of attributes array is null!
2020-10-30 17:32:03.523 [crossChannelEx - 1] WARN  com.teamtop.system.hero.FightCalcFunction - hero set fight attribute value fail cause of attributes array is null!
2020-10-30 17:32:03.523 [crossChannelEx - 1] WARN  com.teamtop.system.hero.FightCalcFunction - hero set fight attribute value fail cause of attributes array is null!
2020-10-30 17:32:03.555 [OpTaskExecutorService-thread-9] WARN  com.teamtop.system.hero.FightCalcFunction - hero set fight attribute value fail cause of attributes array is null!
2020-10-30 17:32:03.697 [crossChannelEx - 4] WARN  com.teamtop.system.hero.FightCalcFunction - hero set fight attribute value fail cause of attributes array is null!
2020-10-30 17:32:03.697 [crossChannelEx - 4] WARN  com.teamtop.system.hero.FightCalcFunction - hero set fight attribute value fail cause of attributes array is null!
2020-10-30 17:32:03.697 [crossChannelEx - 4] WARN  com.teamtop.system.hero.FightCalcFunction - hero set fight attribute value fail cause of attributes array is null!
2020-10-30 17:32:03.697 [crossChannelEx - 4] WARN  com.teamtop.system.hero.FightCalcFunction - hero set fight attribute value fail cause of attributes array is null!
2020-10-30 17:32:03.713 [OpTaskExecutorService-thread-9] WARN  com.teamtop.system.hero.FightCalcFunction - hero set fight attribute value fail cause of attributes array is null!
2020-10-30 17:32:35.431 [OpTaskExecutorService-thread-4] WARN  com.teamtop.system.hero.FightCalcFunction - hero set fight attribute value fail cause of attributes array is null!
2020-10-30 17:32:35.431 [OpTaskExecutorService-thread-4] WARN  com.teamtop.system.hero.FightCalcFunction - hero set fight attribute value fail cause of attributes array is null!
2020-10-30 17:32:35.431 [OpTaskExecutorService-thread-4] WARN  com.teamtop.system.hero.FightCalcFunction - hero set fight attribute value fail cause of attributes array is null!
2020-10-30 17:32:35.446 [OpTaskExecutorService-thread-9] WARN  com.teamtop.system.hero.FightCalcFunction - hero set fight attribute value fail cause of attributes array is null!
2020-10-30 17:32:36.183 [OpTaskExecutorService-thread-9] WARN  com.teamtop.system.hero.FightCalcFunction - hero set fight attribute value fail cause of attributes array is null!
2020-10-30 17:32:37.661 [OpTaskExecutorService-thread-4] WARN  com.teamtop.system.zcBoss.ZcBossHeroManager - JoinersMap().containsKey(hero.getId()) hid:1000100000000009
2020-10-30 17:32:47.744 [OpTaskExecutorService-thread-9] WARN  com.teamtop.system.hero.FightCalcFunction - hero set fight attribute value fail cause of attributes array is null!
2020-10-30 17:32:55.983 [OpTaskExecutorService-thread-9] WARN  com.teamtop.system.hero.FightCalcFunction - hero set fight attribute value fail cause of attributes array is null!
2020-10-30 17:32:56.078 [OpTaskExecutorService-thread-9] WARN  com.teamtop.system.hero.FightCalcFunction - hero set fight attribute value fail cause of attributes array is null!
2020-10-30 17:33:16.201 [OpTaskExecutorService-thread-9] WARN  com.teamtop.system.hero.FightCalcFunction - hero set fight attribute value fail cause of attributes array is null!
2020-10-30 17:33:28.596 [OpTaskExecutorService-thread-12] WARN  com.teamtop.system.boss.monsterGod.MonsterGodFunction - monsterGodCache==null
2020-10-30 17:33:28.674 [OpTaskExecutorService-thread-12] WARN  com.teamtop.system.chat.ChatManager - broadCast castNum is error!castNum:2008 广播表还没录
2020-10-30 17:33:28.830 [OpTaskExecutorService-thread-12] WARN  com.teamtop.system.chat.ChatManager - broadCast castNum is error!castNum:2008 广播表还没录
2020-10-30 17:33:29.830 [OpTaskExecutorService-thread-4] WARN  com.teamtop.system.chat.ChatManager - broadCast castNum is error!castNum:2008 广播表还没录
2020-10-30 17:33:43.596 [nioEventLoopGroup-11-1] WARN  com.teamtop.system.zcBoss.ZcBossHeroManager - JoinersMap().containsKey(hero.getId()) hid:1000100000000009
2020-10-30 17:33:52.191 [OpTaskExecutorService-thread-4] WARN  com.teamtop.system.hero.FightCalcFunction - hero set fight attribute value fail cause of attributes array is null!
2020-10-30 17:33:52.191 [OpTaskExecutorService-thread-4] WARN  com.teamtop.system.hero.FightCalcFunction - hero set fight attribute value fail cause of attributes array is null!
2020-10-30 17:33:52.191 [OpTaskExecutorService-thread-9] WARN  com.teamtop.system.hero.FightCalcFunction - hero set fight attribute value fail cause of attributes array is null!
2020-10-30 17:33:52.191 [OpTaskExecutorService-thread-4] WARN  com.teamtop.system.hero.FightCalcFunction - hero set fight attribute value fail cause of attributes array is null!
2020-10-30 17:33:52.191 [OpTaskExecutorService-thread-4] WARN  com.teamtop.system.hero.FightCalcFunction - hero set fight attribute value fail cause of attributes array is null!
2020-10-30 17:33:52.756 [OpTaskExecutorService-thread-4] WARN  com.teamtop.system.boss.countryBoss.CountryBossManager - hero.getCountryType()==0 hid:1000100000000009
2020-10-30 17:33:52.756 [OpTaskExecutorService-thread-4] WARN  com.teamtop.system.zcBoss.ZcBossHeroManager - JoinersMap().containsKey(hero.getId()) hid:1000100000000009
2020-10-30 17:33:53.319 [OpTaskExecutorService-thread-4] WARN  com.teamtop.system.countrySkill.CountrySkillManager - hid1000100000000009 name:晓月乄逐笙openUI countryType=0
2020-10-30 17:50:04.328 [任务线程 - 14] WARN  com.teamtop.system.crossBoss.CrossBossFunction - countryRankList==null
2020-10-30 17:50:04.328 [任务线程 - 14] WARN  com.teamtop.system.crossBoss.CrossBossFunction - countryRankList==null
2020-10-30 17:50:04.328 [任务线程 - 14] WARN  com.teamtop.system.crossBoss.CrossBossFunction - countryRankList==null
2020-10-30 17:50:04.328 [任务线程 - 14] WARN  com.teamtop.system.crossBoss.CrossBossFunction - countryRankList==null
2020-10-30 17:50:04.328 [任务线程 - 14] WARN  com.teamtop.system.crossBoss.CrossBossFunction - countryRankList==null
