2022-09-17 21:31:25.173 [main] INFO  com.teamtop.system.event.serverEvent.ServerEventFunction - init complete:LogServer,time:211 ms
2022-09-17 21:31:25.178 [main] INFO  com.teamtop.system.event.serverEvent.ServerEventFunction - com.teamtop.util.db.trans.TransInnerUtil
2022-09-17 21:31:25.178 [main] INFO  com.teamtop.system.event.serverEvent.ServerEventFunction - init complete:TransInnerUtil,time:1 ms
2022-09-17 21:31:25.186 [main] INFO  com.teamtop.system.event.serverEvent.ServerEventFunction - com.teamtop.util.mybatis.MybatisUtil
2022-09-17 21:31:25.191 [main] INFO  com.teamtop.system.event.serverEvent.ServerEventFunction - init complete:MybatisUtil,time:13 ms
2022-09-17 21:31:25.193 [main] INFO  com.teamtop.system.event.serverEvent.ServerEventFunction - com.teamtop.util.db.orm.AutoObjTableUtil
2022-09-17 21:31:25.666 [main] INFO  com.teamtop.util.mybatis.MybatisUtil - get DB session but not found,init this session,zoneid:12345678
2022-09-17 21:31:26.801 [main] INFO  com.teamtop.util.mybatis.MybatisUtil - get DB session urljdbc:mysql://127.0.0.1:3306/central?useUnicode=true&amp;characterEncoding=utf-8 user=root pwd=root
2022-09-17 21:31:27.117 [main] INFO  com.teamtop.util.db.autoTable.DDLUtil - create table,prikey:id,tbname:crossSelectKingNode
2022-09-17 21:31:27.117 [main] INFO  com.teamtop.util.db.autoTable.DDLUtil - create table,found col,tbname:crossSelectKingNode
2022-09-17 21:31:27.117 [main] INFO  com.teamtop.util.db.autoTable.DDLUtil - crossSelectKingNode (id int(10) NOT NULL  AUTO_INCREMENT COMMENT '表唯一id 节点id',id1 bigint(20) NULL COMMENT '角色id1',id2 bigint(20) NULL COMMENT '角色id2',term int(10) NULL COMMENT '第几届',bang int(10) NULL COMMENT '哪个榜对呀转生区间',round int(10) NULL COMMENT '第几轮',count int(10) NULL COMMENT '第几场',pos int(10) NULL COMMENT '节点索引',state int(10) NULL COMMENT '状态 1未激活 2快要打 3正在打 4已打完',win int(10) NULL COMMENT '战斗结果 0未有结果, 1为ID1赢, 2为ID2赢',partId int(10) NULL COMMENT '跨服大分区（兼容周日关服）',PRIMARY KEY (`id`))ENGINE=InnoDB AUTO_INCREMENT=1 DEFAULT CHARSET=utf8
2022-09-17 21:31:59.563 [main] INFO  com.teamtop.system.event.serverEvent.ServerEventFunction - init complete:LogServer,time:222 ms
2022-09-17 21:31:59.568 [main] INFO  com.teamtop.system.event.serverEvent.ServerEventFunction - com.teamtop.util.db.trans.TransInnerUtil
2022-09-17 21:31:59.568 [main] INFO  com.teamtop.system.event.serverEvent.ServerEventFunction - init complete:TransInnerUtil,time:1 ms
2022-09-17 21:31:59.576 [main] INFO  com.teamtop.system.event.serverEvent.ServerEventFunction - com.teamtop.util.mybatis.MybatisUtil
2022-09-17 21:31:59.579 [main] INFO  com.teamtop.system.event.serverEvent.ServerEventFunction - init complete:MybatisUtil,time:10 ms
2022-09-17 21:31:59.581 [main] INFO  com.teamtop.system.event.serverEvent.ServerEventFunction - com.teamtop.util.db.orm.AutoObjTableUtil
2022-09-17 21:32:00.024 [main] INFO  com.teamtop.util.mybatis.MybatisUtil - get DB session but not found,init this session,zoneid:12345678
2022-09-17 21:32:01.071 [main] INFO  com.teamtop.util.mybatis.MybatisUtil - get DB session urljdbc:mysql://127.0.0.1:3306/central?useUnicode=true&amp;characterEncoding=utf-8 user=root pwd=root
2022-09-17 21:32:01.394 [main] INFO  com.teamtop.util.db.autoTable.DDLUtil - create table,prikey:id,tbname:crossSelectKingNode
2022-09-17 21:32:01.395 [main] INFO  com.teamtop.util.db.autoTable.DDLUtil - create table,found col,tbname:crossSelectKingNode
2022-09-17 21:32:01.395 [main] INFO  com.teamtop.util.db.autoTable.DDLUtil - crossSelectKingNode (id int(10) NOT NULL  AUTO_INCREMENT COMMENT '表唯一id 节点id',id1 bigint(20) NULL COMMENT '角色id1',id2 bigint(20) NULL COMMENT '角色id2',term int(10) NULL COMMENT '第几届',bang int(10) NULL COMMENT '哪个榜对呀转生区间',round int(10) NULL COMMENT '第几轮',count int(10) NULL COMMENT '第几场',pos int(10) NULL COMMENT '节点索引',state int(10) NULL COMMENT '状态 1未激活 2快要打 3正在打 4已打完',win int(10) NULL COMMENT '战斗结果 0未有结果, 1为ID1赢, 2为ID2赢',partId int(10) NULL COMMENT '跨服大分区（兼容周日关服）',PRIMARY KEY (`id`))ENGINE=InnoDB AUTO_INCREMENT=1 DEFAULT CHARSET=utf8
2022-09-17 21:37:26.628 [main] INFO  com.teamtop.system.event.serverEvent.ServerEventFunction - init complete:LogServer,time:424 ms
2022-09-17 21:37:26.633 [main] INFO  com.teamtop.system.event.serverEvent.ServerEventFunction - com.teamtop.util.db.trans.TransInnerUtil
2022-09-17 21:37:26.633 [main] INFO  com.teamtop.system.event.serverEvent.ServerEventFunction - init complete:TransInnerUtil,time:1 ms
2022-09-17 21:37:26.640 [main] INFO  com.teamtop.system.event.serverEvent.ServerEventFunction - com.teamtop.util.mybatis.MybatisUtil
2022-09-17 21:37:26.643 [main] INFO  com.teamtop.system.event.serverEvent.ServerEventFunction - init complete:MybatisUtil,time:9 ms
2022-09-17 21:37:26.645 [main] INFO  com.teamtop.system.event.serverEvent.ServerEventFunction - com.teamtop.util.db.orm.AutoObjTableUtil
2022-09-17 21:37:27.138 [main] INFO  com.teamtop.util.mybatis.MybatisUtil - get DB session but not found,init this session,zoneid:12345678
2022-09-17 21:37:28.249 [main] INFO  com.teamtop.util.mybatis.MybatisUtil - get DB session urljdbc:mysql://127.0.0.1:3306/central?useUnicode=true&amp;characterEncoding=utf-8 user=root pwd=root
2022-09-17 21:37:28.538 [main] INFO  com.teamtop.util.db.autoTable.DDLUtil - create table,prikey:id,tbname:crossSelectKingNode
2022-09-17 21:37:28.538 [main] INFO  com.teamtop.util.db.autoTable.DDLUtil - create table,found col,tbname:crossSelectKingNode
2022-09-17 21:37:28.538 [main] INFO  com.teamtop.util.db.autoTable.DDLUtil - crossSelectKingNode (id int(10) NOT NULL  AUTO_INCREMENT COMMENT '表唯一id 节点id',id1 bigint(20) NULL COMMENT '角色id1',id2 bigint(20) NULL COMMENT '角色id2',term int(10) NULL COMMENT '第几届',bang int(10) NULL COMMENT '哪个榜对呀转生区间',round int(10) NULL COMMENT '第几轮',count int(10) NULL COMMENT '第几场',pos int(10) NULL COMMENT '节点索引',state int(10) NULL COMMENT '状态 1未激活 2快要打 3正在打 4已打完',win int(10) NULL COMMENT '战斗结果 0未有结果, 1为ID1赢, 2为ID2赢',partId int(10) NULL COMMENT '跨服大分区（兼容周日关服）',PRIMARY KEY (`id`))ENGINE=InnoDB AUTO_INCREMENT=1 DEFAULT CHARSET=utf8
2022-09-17 21:40:11.963 [main] INFO  com.teamtop.system.event.serverEvent.ServerEventFunction - init complete:LogServer,time:219 ms
2022-09-17 21:40:11.967 [main] INFO  com.teamtop.system.event.serverEvent.ServerEventFunction - com.teamtop.util.db.trans.TransInnerUtil
2022-09-17 21:40:11.968 [main] INFO  com.teamtop.system.event.serverEvent.ServerEventFunction - init complete:TransInnerUtil,time:2 ms
2022-09-17 21:40:11.975 [main] INFO  com.teamtop.system.event.serverEvent.ServerEventFunction - com.teamtop.util.mybatis.MybatisUtil
2022-09-17 21:40:11.979 [main] INFO  com.teamtop.system.event.serverEvent.ServerEventFunction - init complete:MybatisUtil,time:11 ms
2022-09-17 21:40:11.981 [main] INFO  com.teamtop.system.event.serverEvent.ServerEventFunction - com.teamtop.util.db.orm.AutoObjTableUtil
2022-09-17 21:40:12.408 [main] INFO  com.teamtop.util.mybatis.MybatisUtil - get DB session but not found,init this session,zoneid:12345678
2022-09-17 21:40:13.503 [main] INFO  com.teamtop.util.mybatis.MybatisUtil - get DB session urljdbc:mysql://127.0.0.1:3306/central?useUnicode=true&amp;characterEncoding=utf-8 user=root pwd=root
2022-09-17 21:40:13.809 [main] INFO  com.teamtop.util.db.autoTable.DDLUtil - create table,prikey:id,tbname:crossSelectKingNode
2022-09-17 21:40:13.809 [main] INFO  com.teamtop.util.db.autoTable.DDLUtil - create table,found col,tbname:crossSelectKingNode
2022-09-17 21:40:13.809 [main] INFO  com.teamtop.util.db.autoTable.DDLUtil - crossSelectKingNode (id int(10) NOT NULL  AUTO_INCREMENT COMMENT '表唯一id 节点id',id1 bigint(20) NULL COMMENT '角色id1',id2 bigint(20) NULL COMMENT '角色id2',term int(10) NULL COMMENT '第几届',bang int(10) NULL COMMENT '哪个榜对呀转生区间',round int(10) NULL COMMENT '第几轮',count int(10) NULL COMMENT '第几场',pos int(10) NULL COMMENT '节点索引',state int(10) NULL COMMENT '状态 1未激活 2快要打 3正在打 4已打完',win int(10) NULL COMMENT '战斗结果 0未有结果, 1为ID1赢, 2为ID2赢',partId int(10) NULL COMMENT '跨服大分区（兼容周日关服）',PRIMARY KEY (`id`))ENGINE=InnoDB AUTO_INCREMENT=1 DEFAULT CHARSET=utf8
2022-09-17 21:56:11.231 [main] INFO  com.teamtop.system.event.serverEvent.ServerEventFunction - init complete:LogServer,time:407 ms
2022-09-17 21:56:11.238 [main] INFO  com.teamtop.system.event.serverEvent.ServerEventFunction - com.teamtop.util.db.trans.TransInnerUtil
2022-09-17 21:56:11.238 [main] INFO  com.teamtop.system.event.serverEvent.ServerEventFunction - init complete:TransInnerUtil,time:0 ms
2022-09-17 21:56:11.244 [main] INFO  com.teamtop.system.event.serverEvent.ServerEventFunction - com.teamtop.util.mybatis.MybatisUtil
2022-09-17 21:56:11.248 [main] INFO  com.teamtop.system.event.serverEvent.ServerEventFunction - init complete:MybatisUtil,time:9 ms
2022-09-17 21:56:11.249 [main] INFO  com.teamtop.system.event.serverEvent.ServerEventFunction - com.teamtop.util.db.orm.AutoObjTableUtil
2022-09-17 21:56:11.722 [main] INFO  com.teamtop.util.mybatis.MybatisUtil - get DB session but not found,init this session,zoneid:12345678
2022-09-17 21:56:12.860 [main] INFO  com.teamtop.util.mybatis.MybatisUtil - get DB session urljdbc:mysql://127.0.0.1:3306/central?useUnicode=true&amp;characterEncoding=utf-8 user=root pwd=root
2022-09-17 21:56:13.168 [main] INFO  com.teamtop.util.db.autoTable.DDLUtil - create table,prikey:id,tbname:crossSelectKingNode
2022-09-17 21:56:13.168 [main] INFO  com.teamtop.util.db.autoTable.DDLUtil - create table,found col,tbname:crossSelectKingNode
2022-09-17 21:56:13.168 [main] INFO  com.teamtop.util.db.autoTable.DDLUtil - crossSelectKingNode (id int(10) NOT NULL  AUTO_INCREMENT COMMENT '表唯一id 节点id',id1 bigint(20) NULL COMMENT '角色id1',id2 bigint(20) NULL COMMENT '角色id2',term int(10) NULL COMMENT '第几届',bang int(10) NULL COMMENT '哪个榜对呀转生区间',round int(10) NULL COMMENT '第几轮',count int(10) NULL COMMENT '第几场',pos int(10) NULL COMMENT '节点索引',state int(10) NULL COMMENT '状态 1未激活 2快要打 3正在打 4已打完',win int(10) NULL COMMENT '战斗结果 0未有结果, 1为ID1赢, 2为ID2赢',partId int(10) NULL COMMENT '跨服大分区（兼容周日关服）',PRIMARY KEY (`id`))ENGINE=InnoDB AUTO_INCREMENT=1 DEFAULT CHARSET=utf8
