2020-11-01 17:00:00.050 [任务线程 - 8] INFO  com.teamtop.houtaiHttp.events.kuaFuFenQu.KuaFuFenQuCache - KuaFuFenQuCache size=7
2020-11-01 17:01:00.072 [任务线程 - 4] INFO  com.teamtop.houtaiHttp.events.kuaFuFenQu.KuaFuFenQuCache - KuaFuFenQuCache size=7
2020-11-01 17:01:06.252 [任务线程 - 4] INFO  com.teamtop.system.crossSelectKing.cross.CrossSelectKingCrossFunction - bang:1nodes==null 
2020-11-01 17:01:06.252 [任务线程 - 4] INFO  com.teamtop.system.crossSelectKing.cross.CrossSelectKingCrossFunction - bang:2nodes==null 
2020-11-01 17:01:06.252 [任务线程 - 4] INFO  com.teamtop.system.crossSelectKing.cross.CrossSelectKingCrossFunction - bang:3nodes==null 
2020-11-01 17:01:06.252 [任务线程 - 4] INFO  com.teamtop.system.crossSelectKing.cross.CrossSelectKingCrossFunction - bang:4nodes==null 
2020-11-01 17:01:06.252 [任务线程 - 4] INFO  com.teamtop.system.crossSelectKing.cross.CrossSelectKingCrossFunction - bang:5nodes==null 
2020-11-01 17:01:06.252 [任务线程 - 4] INFO  com.teamtop.system.crossSelectKing.cross.CrossSelectKingCrossFunction - activityOper type:2 success,proFlag:2 proState:1
2020-11-01 17:01:06.284 [任务线程 - 4] INFO  com.teamtop.util.exector.schedule.ScheduleFixtime - week event:com.teamtop.system.crossSelectKing.cross.CrossSelectKingCrossEvent@8b91134,now:1604231100,dayTime:1945
2020-11-01 17:02:00.092 [任务线程 - 12] INFO  com.teamtop.houtaiHttp.events.kuaFuFenQu.KuaFuFenQuCache - KuaFuFenQuCache size=7
2020-11-01 17:03:00.107 [任务线程 - 9] INFO  com.teamtop.houtaiHttp.events.kuaFuFenQu.KuaFuFenQuCache - KuaFuFenQuCache size=7
2020-11-01 17:04:00.139 [任务线程 - 7] INFO  com.teamtop.houtaiHttp.events.kuaFuFenQu.KuaFuFenQuCache - KuaFuFenQuCache size=7
2020-11-01 17:05:00.155 [任务线程 - 14] INFO  com.teamtop.houtaiHttp.events.kuaFuFenQu.KuaFuFenQuCache - KuaFuFenQuCache size=7
2020-11-01 17:06:00.174 [任务线程 - 6] INFO  com.teamtop.houtaiHttp.events.kuaFuFenQu.KuaFuFenQuCache - KuaFuFenQuCache size=7
2020-11-01 17:06:06.416 [任务线程 - 6] INFO  com.teamtop.util.exector.schedule.SchedulerBean - 任务 [ZSBOSS] 已取消 !
2020-11-01 17:06:06.416 [任务线程 - 6] INFO  com.teamtop.system.crossBoss.CrossBossFunction - crossBoss addHp=-2, xhp=0, maxNum=20, minNum=0, useTime=9999
2020-11-01 17:06:06.416 [任务线程 - 6] INFO  com.teamtop.system.crossBoss.CrossBossFunction - crossBoss addHp=-2, xhp=0, maxNum=20, minNum=0
2020-11-01 17:06:06.416 [任务线程 - 6] INFO  com.teamtop.system.crossBoss.CrossBossFunction - crossBoss addHp=-2, xhp=0, maxNum=20, minNum=0, useTime=9999
2020-11-01 17:06:06.416 [任务线程 - 6] INFO  com.teamtop.system.crossBoss.CrossBossFunction - crossBoss addHp=-2, xhp=0, maxNum=20, minNum=0
2020-11-01 17:06:06.416 [任务线程 - 6] INFO  com.teamtop.system.crossBoss.CrossBossFunction - crossBoss addHp=-2, xhp=0, maxNum=20, minNum=0, useTime=9999
2020-11-01 17:06:06.416 [任务线程 - 6] INFO  com.teamtop.system.crossBoss.CrossBossFunction - crossBoss addHp=-2, xhp=0, maxNum=20, minNum=0
2020-11-01 17:06:06.416 [任务线程 - 6] INFO  com.teamtop.system.crossBoss.CrossBossFunction - crossBoss addHp=-2, xhp=0, maxNum=20, minNum=0, useTime=9999
2020-11-01 17:06:06.416 [任务线程 - 6] INFO  com.teamtop.system.crossBoss.CrossBossFunction - crossBoss addHp=-2, xhp=0, maxNum=20, minNum=0
2020-11-01 17:06:06.416 [任务线程 - 6] INFO  com.teamtop.system.crossBoss.CrossBossFunction - crossBoss addHp=-2, xhp=0, maxNum=20, minNum=0, useTime=9999
2020-11-01 17:06:06.416 [任务线程 - 6] INFO  com.teamtop.system.crossBoss.CrossBossFunction - crossBoss addHp=-2, xhp=0, maxNum=20, minNum=0
2020-11-01 17:06:06.416 [crossChannelEx - 4] INFO  com.teamtop.system.crossBoss.CrossBossIO - localReceiveData :{{240003:{{240003,0,{!},{!},!}},240002:{{240002,0,{!},{!},!}},240001:{{240001,0,{!},{!},!}},240005:{{240005,0,{!},{!},!}},240004:{{240004,0,{!},{!},!}}},{1}}
2020-11-01 17:06:06.448 [任务线程 - 6] INFO  com.teamtop.system.crossBoss.cross.CrossBossCrossEvent - CrossBossCrossEvent.fixTime cmdId:0 time:2020-11-01_19-50-00s
2020-11-01 17:06:06.448 [任务线程 - 6] INFO  com.teamtop.util.exector.schedule.ScheduleFixtime - day event:com.teamtop.system.crossBoss.cross.CrossBossCrossEvent@34fe326d,now:1604231400,dayTime:1950
2020-11-01 17:06:06.448 [任务线程 - 6] INFO  com.teamtop.util.exector.schedule.ScheduleFixtime - day event:com.teamtop.system.battleGoods.event.BattleGoodCrossSysEvent@7ee3d262,now:1604231400,dayTime:1950
2020-11-01 17:06:06.448 [任务线程 - 6] INFO  com.teamtop.system.crossSelectKing.cross.CrossSelectKingCrossFunction - activityOper type:1 success,proFlag:2 proState:2
2020-11-01 17:06:06.448 [crossChannelEx - 3] INFO  com.teamtop.system.crossBoss.CrossBossIO - local tell cross state:0  1
2020-11-01 17:06:06.463 [任务线程 - 6] INFO  com.teamtop.util.exector.schedule.ScheduleFixtime - week event:com.teamtop.system.crossSelectKing.cross.CrossSelectKingCrossEvent@8b91134,now:1604231400,dayTime:1950
2020-11-01 17:07:00.192 [任务线程 - 4] INFO  com.teamtop.houtaiHttp.events.kuaFuFenQu.KuaFuFenQuCache - KuaFuFenQuCache size=7
2020-11-01 17:08:00.209 [任务线程 - 6] INFO  com.teamtop.houtaiHttp.events.kuaFuFenQu.KuaFuFenQuCache - KuaFuFenQuCache size=7
2020-11-01 17:09:00.226 [任务线程 - 11] INFO  com.teamtop.houtaiHttp.events.kuaFuFenQu.KuaFuFenQuCache - KuaFuFenQuCache size=7
2020-11-01 17:10:00.247 [任务线程 - 6] INFO  com.teamtop.houtaiHttp.events.kuaFuFenQu.KuaFuFenQuCache - KuaFuFenQuCache size=7
2020-11-01 17:11:00.264 [任务线程 - 16] INFO  com.teamtop.houtaiHttp.events.kuaFuFenQu.KuaFuFenQuCache - KuaFuFenQuCache size=7
2020-11-01 17:11:06.599 [任务线程 - 3] INFO  com.teamtop.system.crossBoss.CrossBossFunction - 转生1001——3003 bossid:240001 maxhp1367530000 倍数：0总血量：1367530000
2020-11-01 17:11:06.599 [任务线程 - 3] INFO  com.teamtop.system.crossBoss.CrossBossFunction - ready new CrossBoss :1 zsBossid:240001 tempMaxHp:0
2020-11-01 17:11:06.599 [任务线程 - 3] INFO  com.teamtop.system.crossBoss.CrossBossFunction - 转生4001——6003 bossid:240002 maxhp6730920000 倍数：0总血量：6730920000
2020-11-01 17:11:06.599 [任务线程 - 3] INFO  com.teamtop.system.crossBoss.CrossBossFunction - ready new CrossBoss :1 zsBossid:240002 tempMaxHp:0
2020-11-01 17:11:06.599 [任务线程 - 3] INFO  com.teamtop.system.crossBoss.CrossBossFunction - 转生7001——8003 bossid:240003 maxhp25705905000 倍数：0总血量：25705905000
2020-11-01 17:11:06.599 [任务线程 - 3] INFO  com.teamtop.system.crossBoss.CrossBossFunction - ready new CrossBoss :1 zsBossid:240003 tempMaxHp:0
2020-11-01 17:11:06.599 [任务线程 - 3] INFO  com.teamtop.system.crossBoss.CrossBossFunction - 转生9001——10003 bossid:240004 maxhp62142310000 倍数：0总血量：62142310000
2020-11-01 17:11:06.599 [任务线程 - 3] INFO  com.teamtop.system.crossBoss.CrossBossFunction - ready new CrossBoss :1 zsBossid:240004 tempMaxHp:0
2020-11-01 17:11:06.599 [任务线程 - 3] INFO  com.teamtop.system.crossBoss.CrossBossFunction - 转生11001——12003 bossid:240005 maxhp104600755000 倍数：0总血量：104600755000
2020-11-01 17:11:06.599 [任务线程 - 3] INFO  com.teamtop.system.crossBoss.CrossBossFunction - ready new CrossBoss :1 zsBossid:240005 tempMaxHp:0
2020-11-01 17:11:06.599 [任务线程 - 3] INFO  com.teamtop.system.crossBoss.cross.CrossBossCrossEvent - CrossBossCrossEvent.fixTime cmdId:1 time:2020-11-01_19-55-00s
2020-11-01 17:11:06.599 [任务线程 - 3] INFO  com.teamtop.util.exector.schedule.ScheduleFixtime - day event:com.teamtop.system.crossBoss.cross.CrossBossCrossEvent@34fe326d,now:1604231700,dayTime:1955
2020-11-01 17:11:06.599 [crossChannelEx - 1] INFO  com.teamtop.system.crossBoss.CrossBossIO - local tell cross state:1  1
2020-11-01 17:12:00.298 [任务线程 - 6] INFO  com.teamtop.houtaiHttp.events.kuaFuFenQu.KuaFuFenQuCache - KuaFuFenQuCache size=7
2020-11-01 17:13:00.304 [任务线程 - 16] INFO  com.teamtop.houtaiHttp.events.kuaFuFenQu.KuaFuFenQuCache - KuaFuFenQuCache size=7
2020-11-01 17:14:00.320 [任务线程 - 8] INFO  com.teamtop.houtaiHttp.events.kuaFuFenQu.KuaFuFenQuCache - KuaFuFenQuCache size=7
2020-11-01 17:14:06.062 [任务线程 - 8] INFO  com.teamtop.util.exector.schedule.ScheduleFixtime - day event:com.teamtop.system.crossFireBeacon.FrieBeaconLocalSysEvent@4c583ecf,now:1604231880,dayTime:1958
2020-11-01 17:14:06.062 [任务线程 - 8] INFO  com.teamtop.system.crossWenDingTianXia.cross.CrossWenDingTianXiaCrossEvent - WDTX.FixTime bigan.cmd:2
2020-11-01 17:14:06.062 [任务线程 - 8] INFO  com.teamtop.system.crossWenDingTianXia.cross.CrossWenDingTianXiaCrossEvent - WDTX.FixTime.cmd:2
2020-11-01 17:14:06.062 [任务线程 - 8] INFO  com.teamtop.util.exector.schedule.ScheduleFixtime - day event:com.teamtop.system.crossWenDingTianXia.cross.CrossWenDingTianXiaCrossEvent@5d7835a8,now:1604231880,dayTime:1958
2020-11-01 17:14:06.062 [任务线程 - 8] INFO  com.teamtop.system.crossSelectKing.cross.CrossSelectKingCrossFunction - activityOper type:3 success,proFlag:3 proState:1
2020-11-01 17:14:06.078 [任务线程 - 8] INFO  com.teamtop.util.exector.schedule.ScheduleFixtime - week event:com.teamtop.system.crossSelectKing.cross.CrossSelectKingCrossEvent@8b91134,now:1604231880,dayTime:1958
2020-11-01 17:14:07.655 [任务线程 - 6] INFO  com.teamtop.util.exector.schedule.ScheduleFixtime - day event:com.teamtop.system.crossFireBeacon.FrieBeaconLocalSysEvent@692f203f,now:1604231880,dayTime:1958
2020-11-01 17:15:00.342 [任务线程 - 4] INFO  com.teamtop.houtaiHttp.events.kuaFuFenQu.KuaFuFenQuCache - KuaFuFenQuCache size=7
2020-11-01 17:15:06.911 [任务线程 - 1] INFO  com.teamtop.util.exector.schedule.ScheduleFixtime - day event:com.teamtop.system.crossFireBeacon.CrossFireBeaconSysEvent@48f2bd5b,now:1604231940,dayTime:1959
2020-11-01 17:15:06.911 [任务线程 - 1] INFO  com.teamtop.system.crossWenDingTianXia.cross.CrossWenDingTianXiaCrossEvent - WDTX.FixTime bigan.cmd:3
2020-11-01 17:15:06.911 [任务线程 - 1] INFO  com.teamtop.system.crossWenDingTianXia.cross.CrossWenDingTianXiaCrossFunction - WDTX.InitRoom 3 day new server.room-zid:
2020-11-01 17:15:06.911 [任务线程 - 1] INFO  com.teamtop.system.crossWenDingTianXia.cross.CrossWenDingTianXiaCrossEvent - WDTX.FixTime.cmd:3
2020-11-01 17:15:06.911 [任务线程 - 1] INFO  com.teamtop.util.exector.schedule.ScheduleFixtime - day event:com.teamtop.system.crossWenDingTianXia.cross.CrossWenDingTianXiaCrossEvent@5d7835a8,now:1604231940,dayTime:1959
2020-11-01 17:15:07.474 [任务线程 - 7] INFO  com.teamtop.util.exector.schedule.ScheduleFixtime - day event:com.teamtop.system.crossFireBeacon.CrossFireBeaconSysEvent@7b2bbc3,now:1604231940,dayTime:1959
2020-11-01 17:16:00.362 [任务线程 - 10] INFO  com.teamtop.houtaiHttp.events.kuaFuFenQu.KuaFuFenQuCache - KuaFuFenQuCache size=7
2020-11-01 17:16:06.728 [任务线程 - 7] INFO  com.teamtop.util.exector.schedule.ScheduleFixtime - day event:com.teamtop.system.crossFireBeacon.FrieBeaconLocalSysEvent@4c583ecf,now:1604232000,dayTime:2000
2020-11-01 17:16:06.728 [任务线程 - 7] INFO  com.teamtop.util.exector.schedule.ScheduleFixtime - day event:com.teamtop.system.crossFireBeacon.CrossFireBeaconSysEvent@48f2bd5b,now:1604232000,dayTime:2000
2020-11-01 17:16:06.728 [任务线程 - 7] INFO  com.teamtop.system.crossBoss.cross.CrossBossCrossEvent - CrossBossCrossEvent.fixTime cmdId:2 time:2020-11-01_20-00-00s
2020-11-01 17:16:06.728 [任务线程 - 7] INFO  com.teamtop.util.exector.schedule.ScheduleFixtime - day event:com.teamtop.system.crossBoss.cross.CrossBossCrossEvent@34fe326d,now:1604232000,dayTime:2000
2020-11-01 17:16:06.728 [任务线程 - 7] INFO  com.teamtop.system.crossWenDingTianXia.cross.CrossWenDingTianXiaCrossEvent - WDTX.FixTime bigan.cmd:4
2020-11-01 17:16:06.728 [任务线程 - 7] INFO  com.teamtop.system.crossWenDingTianXia.cross.CrossWenDingTianXiaCrossEvent - WDTX.FixTime.cmd:4
2020-11-01 17:16:06.728 [任务线程 - 7] INFO  com.teamtop.util.exector.schedule.ScheduleFixtime - day event:com.teamtop.system.crossWenDingTianXia.cross.CrossWenDingTianXiaCrossEvent@5d7835a8,now:1604232000,dayTime:2000
2020-11-01 17:16:06.728 [任务线程 - 7] INFO  com.teamtop.system.crossSelectKing.cross.CrossSelectKingCrossFunction - bang:1nodes==null 
2020-11-01 17:16:06.728 [任务线程 - 7] INFO  com.teamtop.system.crossSelectKing.cross.CrossSelectKingCrossFunction - bang:2nodes==null 
2020-11-01 17:16:06.728 [任务线程 - 7] INFO  com.teamtop.system.crossSelectKing.cross.CrossSelectKingCrossFunction - bang:3nodes==null 
2020-11-01 17:16:06.728 [任务线程 - 7] INFO  com.teamtop.system.crossSelectKing.cross.CrossSelectKingCrossFunction - bang:4nodes==null 
2020-11-01 17:16:06.728 [任务线程 - 7] INFO  com.teamtop.system.crossSelectKing.cross.CrossSelectKingCrossFunction - bang:5nodes==null 
2020-11-01 17:16:06.728 [crossChannelEx - 3] INFO  com.teamtop.system.crossBoss.CrossBossIO - local tell cross state:2  1
2020-11-01 17:16:06.728 [任务线程 - 7] INFO  com.teamtop.system.crossSelectKing.cross.CrossSelectKingCrossFunction - activityOper type:2 success,proFlag:3 proState:1
2020-11-01 17:16:06.776 [任务线程 - 7] INFO  com.teamtop.util.exector.schedule.ScheduleFixtime - week event:com.teamtop.system.crossSelectKing.cross.CrossSelectKingCrossEvent@8b91134,now:1604232000,dayTime:2000
2020-11-01 17:16:07.291 [任务线程 - 6] INFO  com.teamtop.util.exector.schedule.ScheduleFixtime - day event:com.teamtop.system.crossFireBeacon.FrieBeaconLocalSysEvent@692f203f,now:1604232000,dayTime:2000
2020-11-01 17:16:07.291 [任务线程 - 6] INFO  com.teamtop.util.exector.schedule.ScheduleFixtime - day event:com.teamtop.system.crossFireBeacon.CrossFireBeaconSysEvent@7b2bbc3,now:1604232000,dayTime:2000
2020-11-01 17:17:00.380 [任务线程 - 4] INFO  com.teamtop.houtaiHttp.events.kuaFuFenQu.KuaFuFenQuCache - KuaFuFenQuCache size=7
2020-11-01 17:17:07.234 [任务线程 - 16] INFO  com.teamtop.system.event.backstage.BackstageSystemEvent - 60m event:com.teamtop.system.event.backstage.events.flowMMCache.FlowMMCacheEvent@44f4deed,now:1604232060
2020-11-01 17:18:00.401 [任务线程 - 7] INFO  com.teamtop.houtaiHttp.events.kuaFuFenQu.KuaFuFenQuCache - KuaFuFenQuCache size=7
2020-11-01 17:19:00.417 [任务线程 - 13] INFO  com.teamtop.houtaiHttp.events.kuaFuFenQu.KuaFuFenQuCache - KuaFuFenQuCache size=7
2020-11-01 17:20:00.434 [任务线程 - 14] INFO  com.teamtop.houtaiHttp.events.kuaFuFenQu.KuaFuFenQuCache - KuaFuFenQuCache size=7
2020-11-01 17:21:00.453 [任务线程 - 8] INFO  com.teamtop.houtaiHttp.events.kuaFuFenQu.KuaFuFenQuCache - KuaFuFenQuCache size=7
2020-11-01 17:21:06.899 [任务线程 - 3] INFO  com.teamtop.system.crossSelectKing.cross.CrossSelectKingCrossFunction - activityOper type:1 success,proFlag:3 proState:2
2020-11-01 17:21:06.932 [任务线程 - 3] INFO  com.teamtop.util.exector.schedule.ScheduleFixtime - week event:com.teamtop.system.crossSelectKing.cross.CrossSelectKingCrossEvent@8b91134,now:1604232300,dayTime:2005
2020-11-01 17:22:00.473 [任务线程 - 11] INFO  com.teamtop.houtaiHttp.events.kuaFuFenQu.KuaFuFenQuCache - KuaFuFenQuCache size=7
2020-11-01 17:23:00.481 [任务线程 - 3] INFO  com.teamtop.houtaiHttp.events.kuaFuFenQu.KuaFuFenQuCache - KuaFuFenQuCache size=7
2020-11-01 17:24:00.502 [任务线程 - 3] INFO  com.teamtop.houtaiHttp.events.kuaFuFenQu.KuaFuFenQuCache - KuaFuFenQuCache size=7
2020-11-01 17:25:00.518 [任务线程 - 11] INFO  com.teamtop.houtaiHttp.events.kuaFuFenQu.KuaFuFenQuCache - KuaFuFenQuCache size=7
2020-11-01 17:26:00.535 [任务线程 - 4] INFO  com.teamtop.houtaiHttp.events.kuaFuFenQu.KuaFuFenQuCache - KuaFuFenQuCache size=7
2020-11-01 17:27:00.553 [任务线程 - 11] INFO  com.teamtop.houtaiHttp.events.kuaFuFenQu.KuaFuFenQuCache - KuaFuFenQuCache size=7
2020-11-01 17:28:00.587 [任务线程 - 1] INFO  com.teamtop.houtaiHttp.events.kuaFuFenQu.KuaFuFenQuCache - KuaFuFenQuCache size=7
2020-11-01 17:29:00.594 [任务线程 - 6] INFO  com.teamtop.houtaiHttp.events.kuaFuFenQu.KuaFuFenQuCache - KuaFuFenQuCache size=7
2020-11-01 17:29:06.507 [任务线程 - 4] INFO  com.teamtop.system.crossSelectKing.cross.CrossSelectKingCrossFunction - activityOper type:3 success,proFlag:4 proState:1
2020-11-01 17:29:06.539 [任务线程 - 4] INFO  com.teamtop.util.exector.schedule.ScheduleFixtime - week event:com.teamtop.system.crossSelectKing.cross.CrossSelectKingCrossEvent@8b91134,now:1604232780,dayTime:2013
2020-11-01 17:30:00.616 [任务线程 - 11] INFO  com.teamtop.houtaiHttp.events.kuaFuFenQu.KuaFuFenQuCache - KuaFuFenQuCache size=7
2020-11-01 17:31:00.633 [任务线程 - 7] INFO  com.teamtop.houtaiHttp.events.kuaFuFenQu.KuaFuFenQuCache - KuaFuFenQuCache size=7
2020-11-01 17:31:06.188 [任务线程 - 4] INFO  com.teamtop.system.crossSelectKing.cross.CrossSelectKingCrossFunction - bang:1nodes==null 
2020-11-01 17:31:06.188 [任务线程 - 4] INFO  com.teamtop.system.crossSelectKing.cross.CrossSelectKingCrossFunction - bang:2nodes==null 
2020-11-01 17:31:06.188 [任务线程 - 4] INFO  com.teamtop.system.crossSelectKing.cross.CrossSelectKingCrossFunction - bang:3nodes==null 
2020-11-01 17:31:06.188 [任务线程 - 4] INFO  com.teamtop.system.crossSelectKing.cross.CrossSelectKingCrossFunction - bang:4nodes==null 
2020-11-01 17:31:06.188 [任务线程 - 4] INFO  com.teamtop.system.crossSelectKing.cross.CrossSelectKingCrossFunction - bang:5nodes==null 
2020-11-01 17:31:06.188 [任务线程 - 4] INFO  com.teamtop.system.crossSelectKing.cross.CrossSelectKingCrossFunction - activityOper type:2 success,proFlag:4 proState:1
2020-11-01 17:31:06.220 [任务线程 - 4] INFO  com.teamtop.util.exector.schedule.ScheduleFixtime - week event:com.teamtop.system.crossSelectKing.cross.CrossSelectKingCrossEvent@8b91134,now:1604232900,dayTime:2015
2020-11-01 17:32:00.650 [任务线程 - 6] INFO  com.teamtop.houtaiHttp.events.kuaFuFenQu.KuaFuFenQuCache - KuaFuFenQuCache size=7
2020-11-01 17:33:00.671 [任务线程 - 10] INFO  com.teamtop.houtaiHttp.events.kuaFuFenQu.KuaFuFenQuCache - KuaFuFenQuCache size=7
2020-11-01 17:34:00.688 [任务线程 - 10] INFO  com.teamtop.houtaiHttp.events.kuaFuFenQu.KuaFuFenQuCache - KuaFuFenQuCache size=7
2020-11-01 17:35:00.706 [任务线程 - 4] INFO  com.teamtop.houtaiHttp.events.kuaFuFenQu.KuaFuFenQuCache - KuaFuFenQuCache size=7
2020-11-01 17:36:00.723 [任务线程 - 9] INFO  com.teamtop.houtaiHttp.events.kuaFuFenQu.KuaFuFenQuCache - KuaFuFenQuCache size=7
2020-11-01 17:36:06.356 [任务线程 - 9] INFO  com.teamtop.util.exector.schedule.ScheduleFixtime - day event:com.teamtop.system.crossFireBeacon.CrossFireBeaconSysEvent@48f2bd5b,now:1604233200,dayTime:2020
2020-11-01 17:36:06.356 [任务线程 - 9] INFO  com.teamtop.system.crossWenDingTianXia.cross.CrossWenDingTianXiaCrossEvent - WDTX.FixTime bigan.cmd:5
2020-11-01 17:36:06.356 [任务线程 - 9] INFO  com.teamtop.system.crossWenDingTianXia.cross.CrossWenDingTianXiaCrossEvent - WDTX.FixTime.cmd:5
2020-11-01 17:36:06.356 [任务线程 - 9] INFO  com.teamtop.util.exector.schedule.ScheduleFixtime - day event:com.teamtop.system.crossWenDingTianXia.cross.CrossWenDingTianXiaCrossEvent@5d7835a8,now:1604233200,dayTime:2020
2020-11-01 17:36:06.356 [任务线程 - 9] INFO  com.teamtop.system.crossSelectKing.cross.CrossSelectKingCrossFunction - activityOper type:4 success,proFlag:4 proState:2
2020-11-01 17:36:06.388 [任务线程 - 9] INFO  com.teamtop.util.exector.schedule.ScheduleFixtime - week event:com.teamtop.system.crossSelectKing.cross.CrossSelectKingCrossEvent@8b91134,now:1604233200,dayTime:2020
2020-11-01 17:36:07.917 [任务线程 - 9] INFO  com.teamtop.util.exector.schedule.ScheduleFixtime - day event:com.teamtop.system.crossFireBeacon.CrossFireBeaconSysEvent@7b2bbc3,now:1604233200,dayTime:2020
2020-11-01 17:37:00.744 [任务线程 - 14] INFO  com.teamtop.houtaiHttp.events.kuaFuFenQu.KuaFuFenQuCache - KuaFuFenQuCache size=7
2020-11-01 17:38:00.761 [任务线程 - 4] INFO  com.teamtop.houtaiHttp.events.kuaFuFenQu.KuaFuFenQuCache - KuaFuFenQuCache size=7
2020-11-01 17:39:00.779 [任务线程 - 12] INFO  com.teamtop.houtaiHttp.events.kuaFuFenQu.KuaFuFenQuCache - KuaFuFenQuCache size=7
2020-11-01 17:40:00.800 [任务线程 - 15] INFO  com.teamtop.houtaiHttp.events.kuaFuFenQu.KuaFuFenQuCache - KuaFuFenQuCache size=7
2020-11-01 17:41:00.823 [任务线程 - 4] INFO  com.teamtop.houtaiHttp.events.kuaFuFenQu.KuaFuFenQuCache - KuaFuFenQuCache size=7
2020-11-01 17:42:00.839 [任务线程 - 11] INFO  com.teamtop.houtaiHttp.events.kuaFuFenQu.KuaFuFenQuCache - KuaFuFenQuCache size=7
2020-11-01 17:43:00.858 [任务线程 - 3] INFO  com.teamtop.houtaiHttp.events.kuaFuFenQu.KuaFuFenQuCache - KuaFuFenQuCache size=7
2020-11-01 17:44:00.875 [任务线程 - 10] INFO  com.teamtop.houtaiHttp.events.kuaFuFenQu.KuaFuFenQuCache - KuaFuFenQuCache size=7
2020-11-01 17:44:06.008 [任务线程 - 10] INFO  com.teamtop.util.exector.schedule.ScheduleFixtime - week event:com.teamtop.system.crossDynastyWarriors.DynastyWarriorsSysEvent@799f10e1,now:1604233680,dayTime:2028
2020-11-01 17:44:07.491 [任务线程 - 16] INFO  com.teamtop.util.exector.schedule.ScheduleFixtime - week event:com.teamtop.system.crossDynastyWarriors.DynastyWarriorsSysEvent@4c371370,now:1604233680,dayTime:2028
2020-11-01 17:45:00.893 [任务线程 - 14] INFO  com.teamtop.houtaiHttp.events.kuaFuFenQu.KuaFuFenQuCache - KuaFuFenQuCache size=7
2020-11-01 17:45:06.839 [任务线程 - 6] INFO  com.teamtop.util.exector.schedule.ScheduleFixtime - week event:com.teamtop.system.crossDynastyWarriors.cross.CrossDynastyWarriorsSysEvent@c6da8bb,now:1604233740,dayTime:2029
2020-11-01 17:46:00.913 [任务线程 - 8] INFO  com.teamtop.houtaiHttp.events.kuaFuFenQu.KuaFuFenQuCache - KuaFuFenQuCache size=7
2020-11-01 17:46:06.662 [任务线程 - 10] INFO  com.teamtop.util.exector.schedule.ScheduleFixtime - day event:com.teamtop.system.crossSoloRun.SoloRunSysEvent@689604d9,now:1604233800,dayTime:2030
2020-11-01 17:46:06.662 [任务线程 - 10] INFO  com.teamtop.util.exector.schedule.ScheduleFixtime - day event:com.teamtop.system.crossFireBeacon.FrieBeaconLocalSysEvent@4c583ecf,now:1604233800,dayTime:2030
2020-11-01 17:46:06.662 [任务线程 - 10] INFO  com.teamtop.system.house.yanhui.event.YanhuiEvent - YanhuiEvent.fixTime cmdId:2 time:2020-11-01_20-30-00s
2020-11-01 17:46:06.662 [任务线程 - 10] INFO  com.teamtop.util.exector.schedule.ScheduleFixtime - day event:com.teamtop.system.house.yanhui.event.YanhuiEvent@8c3b9d,now:1604233800,dayTime:2030
2020-11-01 17:46:06.662 [任务线程 - 10] INFO  com.teamtop.util.exector.schedule.ScheduleFixtime - week event:com.teamtop.system.crossDynastyWarriors.cross.CrossDynastyWarriorsSysEvent@c6da8bb,now:1604233800,dayTime:2030
2020-11-01 17:46:07.131 [任务线程 - 2] INFO  com.teamtop.util.exector.schedule.ScheduleFixtime - day event:com.teamtop.system.crossSoloRun.SoloRunSysEvent@18078bef,now:1604233800,dayTime:2030
2020-11-01 17:46:07.131 [任务线程 - 2] INFO  com.teamtop.util.exector.schedule.ScheduleFixtime - day event:com.teamtop.system.crossFireBeacon.FrieBeaconLocalSysEvent@692f203f,now:1604233800,dayTime:2030
2020-11-01 17:46:07.131 [任务线程 - 2] INFO  com.teamtop.system.house.yanhui.event.YanhuiEvent - YanhuiEvent.fixTime cmdId:2 time:2020-11-01_20-30-00s
2020-11-01 17:46:07.131 [任务线程 - 2] INFO  com.teamtop.util.exector.schedule.ScheduleFixtime - day event:com.teamtop.system.house.yanhui.event.YanhuiEvent@6d4e5011,now:1604233800,dayTime:2030
2020-11-01 17:47:00.925 [任务线程 - 15] INFO  com.teamtop.houtaiHttp.events.kuaFuFenQu.KuaFuFenQuCache - KuaFuFenQuCache size=7
2020-11-01 17:48:00.944 [任务线程 - 11] INFO  com.teamtop.houtaiHttp.events.kuaFuFenQu.KuaFuFenQuCache - KuaFuFenQuCache size=7
2020-11-01 17:49:00.966 [任务线程 - 15] INFO  com.teamtop.houtaiHttp.events.kuaFuFenQu.KuaFuFenQuCache - KuaFuFenQuCache size=7
2020-11-01 17:50:00.986 [任务线程 - 16] INFO  com.teamtop.houtaiHttp.events.kuaFuFenQu.KuaFuFenQuCache - KuaFuFenQuCache size=7
2020-11-01 17:51:01.004 [任务线程 - 16] INFO  com.teamtop.houtaiHttp.events.kuaFuFenQu.KuaFuFenQuCache - KuaFuFenQuCache size=7
2020-11-01 17:52:01.022 [任务线程 - 7] INFO  com.teamtop.houtaiHttp.events.kuaFuFenQu.KuaFuFenQuCache - KuaFuFenQuCache size=7
2020-11-01 17:53:01.056 [任务线程 - 4] INFO  com.teamtop.houtaiHttp.events.kuaFuFenQu.KuaFuFenQuCache - KuaFuFenQuCache size=7
2020-11-01 17:54:01.059 [任务线程 - 5] INFO  com.teamtop.houtaiHttp.events.kuaFuFenQu.KuaFuFenQuCache - KuaFuFenQuCache size=7
2020-11-01 17:55:01.071 [任务线程 - 12] INFO  com.teamtop.houtaiHttp.events.kuaFuFenQu.KuaFuFenQuCache - KuaFuFenQuCache size=7
2020-11-01 17:56:01.093 [任务线程 - 7] INFO  com.teamtop.houtaiHttp.events.kuaFuFenQu.KuaFuFenQuCache - KuaFuFenQuCache size=7
2020-11-01 17:57:01.109 [任务线程 - 2] INFO  com.teamtop.houtaiHttp.events.kuaFuFenQu.KuaFuFenQuCache - KuaFuFenQuCache size=7
2020-11-01 17:58:01.120 [任务线程 - 5] INFO  com.teamtop.houtaiHttp.events.kuaFuFenQu.KuaFuFenQuCache - KuaFuFenQuCache size=7
2020-11-01 17:59:01.138 [任务线程 - 2] INFO  com.teamtop.houtaiHttp.events.kuaFuFenQu.KuaFuFenQuCache - KuaFuFenQuCache size=7
