2020-11-01 21:16:06.509 [任务线程 - 16] ERROR com.teamtop.util.exector.schedule.ScheduleFixtime - java.lang.NullPointerException
	at com.teamtop.system.country.newkingship.NewKingShipEvent.fixTime(NewKingShipEvent.java:176)
	at com.teamtop.util.exector.schedule.ScheduleFixtime.execute(ScheduleFixtime.java:119)
	at com.teamtop.util.exector.schedule.ScheduleUtil$2.run(ScheduleUtil.java:204)
	at com.teamtop.util.exector.schedule.SchedulerBean$3.run(SchedulerBean.java:72)
	at java.util.concurrent.Executors$RunnableAdapter.call(Executors.java:511)
	at java.util.concurrent.FutureTask.runAndReset(FutureTask.java:308)
	at java.util.concurrent.ScheduledThreadPoolExecutor$ScheduledFutureTask.access$301(ScheduledThreadPoolExecutor.java:180)
	at java.util.concurrent.ScheduledThreadPoolExecutor$ScheduledFutureTask.run(ScheduledThreadPoolExecutor.java:294)
	at java.util.concurrent.ThreadPoolExecutor.runWorker(ThreadPoolExecutor.java:1142)
	at java.util.concurrent.ThreadPoolExecutor$Worker.run(ThreadPoolExecutor.java:617)
	at java.lang.Thread.run(Thread.java:745)
,excute event ocurs an error
2020-11-01 21:16:11.311 [任务线程 - 11] ERROR com.teamtop.system.crossTeamKing.CrossTeamKingFunction - java.lang.NullPointerException
	at com.teamtop.system.crossTeamKing.CrossTeamKingFunction.sendRankReward(CrossTeamKingFunction.java:1611)
	at com.teamtop.system.crossTeamKing.local.CrossTeamKingLocalEvent.zeroPub(CrossTeamKingLocalEvent.java:132)
	at com.teamtop.system.event.systemEvent.SystemEventFunction.triggerZeroHandlerEvent(SystemEventFunction.java:1148)
	at com.teamtop.util.exector.schedule.ScheduleFixtime.checkZeroTime(ScheduleFixtime.java:39)
	at com.teamtop.util.exector.schedule.ScheduleFixtime.execute(ScheduleFixtime.java:51)
	at com.teamtop.util.exector.schedule.ScheduleUtil$2.run(ScheduleUtil.java:204)
	at com.teamtop.util.exector.schedule.SchedulerBean$3.run(SchedulerBean.java:72)
	at java.util.concurrent.Executors$RunnableAdapter.call(Executors.java:511)
	at java.util.concurrent.FutureTask.runAndReset(FutureTask.java:308)
	at java.util.concurrent.ScheduledThreadPoolExecutor$ScheduledFutureTask.access$301(ScheduledThreadPoolExecutor.java:180)
	at java.util.concurrent.ScheduledThreadPoolExecutor$ScheduledFutureTask.run(ScheduledThreadPoolExecutor.java:294)
	at java.util.concurrent.ThreadPoolExecutor.runWorker(ThreadPoolExecutor.java:1142)
	at java.util.concurrent.ThreadPoolExecutor$Worker.run(ThreadPoolExecutor.java:617)
	at java.lang.Thread.run(Thread.java:745)
weekRestSendReward has wrong
