2020-10-16 12:01:10.758 [OpTaskExecutorService-thread-9] WARN  com.teamtop.system.hero.FightCalcFunction - hero set fight attribute value fail cause of attributes array is null!
2020-10-16 12:01:53.207 [nioEventLoopGroup-11-1] WARN  com.teamtop.system.zcBoss.ZcBossHeroManager - JoinersMap().containsKey(hero.getId()) hid:1000100000000749
2020-10-16 12:11:29.150 [OpTaskExecutorService-thread-0] WARN  com.teamtop.system.hero.FightCalcFunction - hero set fight attribute value fail cause of attributes array is null!
2020-10-16 12:11:29.150 [OpTaskExecutorService-thread-0] WARN  com.teamtop.system.hero.FightCalcFunction - hero set fight attribute value fail cause of attributes array is null!
2020-10-16 12:11:29.150 [OpTaskExecutorService-thread-0] WARN  com.teamtop.system.hero.FightCalcFunction - hero set fight attribute value fail cause of attributes array is null!
2020-10-16 12:11:29.150 [OpTaskExecutorService-thread-0] WARN  com.teamtop.system.hero.FightCalcFunction - hero set fight attribute value fail cause of attributes array is null!
2020-10-16 12:11:29.182 [OpTaskExecutorService-thread-9] WARN  com.teamtop.system.hero.FightCalcFunction - hero set fight attribute value fail cause of attributes array is null!
2020-10-16 12:11:29.182 [OpTaskExecutorService-thread-0] WARN  com.teamtop.system.boss.countryBoss.CountryBossManager - hero.getCountryType()==0 hid:1000100000000749
2020-10-16 12:11:29.182 [OpTaskExecutorService-thread-0] WARN  com.teamtop.system.zcBoss.ZcBossHeroManager - JoinersMap().containsKey(hero.getId()) hid:1000100000000749
2020-10-16 12:11:30.197 [OpTaskExecutorService-thread-0] WARN  com.teamtop.system.countrySkill.CountrySkillManager - hid1000100000000749 name:初夏丶旧梦openUI countryType=0
2020-10-16 12:11:45.705 [OpTaskExecutorService-thread-9] WARN  com.teamtop.system.hero.FightCalcFunction - hero set fight attribute value fail cause of attributes array is null!
2020-10-16 12:11:45.705 [OpTaskExecutorService-thread-0] WARN  com.teamtop.system.event.useAddEvent.UseAddUtil - GameConst.huobiMap can not find3,type:8
2020-10-16 12:12:42.851 [nioEventLoopGroup-11-4] WARN  com.teamtop.system.zcBoss.ZcBossHeroManager - JoinersMap().containsKey(hero.getId()) hid:1000100000000749
2020-10-16 12:25:04.984 [main] WARN  com.teamtop.system.scene.SceneCache - sceneid:30010002 has not npcid:200001
2020-10-16 12:25:04.984 [main] WARN  com.teamtop.system.scene.SceneCache - sceneid:30010002 has not npcid:750024
2020-10-16 12:25:04.984 [main] WARN  com.teamtop.system.scene.SceneCache - sceneid:30010002 has not npcid:750025
2020-10-16 12:25:04.984 [main] WARN  com.teamtop.system.scene.SceneCache - sceneid:30010002 has not npcid:750026
2020-10-16 12:25:04.984 [main] WARN  com.teamtop.system.scene.SceneCache - sceneid:30010002 has not npcid:750027
2020-10-16 12:25:04.984 [main] WARN  com.teamtop.system.scene.SceneCache - sceneid:30010002 has not npcid:750028
2020-10-16 12:25:04.984 [main] WARN  com.teamtop.system.scene.SceneCache - sceneid:30010002 has not npcid:750029
2020-10-16 12:25:04.984 [main] WARN  com.teamtop.system.scene.SceneCache - sceneid:30010002 has not npcid:750030
2020-10-16 12:25:04.984 [main] WARN  com.teamtop.system.scene.SceneCache - sceneid:30010002 has not npcid:750031
2020-10-16 12:25:04.984 [main] WARN  com.teamtop.system.scene.SceneCache - sceneid:30010002 has not npcid:750032
2020-10-16 12:25:04.984 [main] WARN  com.teamtop.system.scene.SceneCache - sceneid:30010002 has not npcid:750033
2020-10-16 12:25:04.984 [main] WARN  com.teamtop.system.scene.SceneCache - sceneid:30010002 has not npcid:750034
2020-10-16 12:25:04.984 [main] WARN  com.teamtop.system.scene.SceneCache - sceneid:30010002 has not npcid:750035
2020-10-16 12:25:05.062 [main] WARN  com.teamtop.system.scene.SceneCache - sceneid:500001 has not npcid:350004
2020-10-16 12:25:05.062 [main] WARN  com.teamtop.system.scene.SceneCache - sceneid:500001 has not npcid:350005
2020-10-16 12:25:05.062 [main] WARN  com.teamtop.system.scene.SceneCache - sceneid:500001 has not npcid:350006
2020-10-16 12:25:05.062 [main] WARN  com.teamtop.system.scene.SceneCache - sceneid:500001 has not npcid:350101
2020-10-16 12:25:05.078 [main] WARN  com.teamtop.system.scene.SceneCache - sceneid:500001 has not npcid:350102
2020-10-16 12:25:05.078 [main] WARN  com.teamtop.system.scene.SceneCache - sceneid:500001 has not npcid:350301
2020-10-16 12:25:05.078 [main] WARN  com.teamtop.system.scene.SceneCache - sceneid:500003 has not npcid:350004
2020-10-16 12:25:05.078 [main] WARN  com.teamtop.system.scene.SceneCache - sceneid:500003 has not npcid:350005
2020-10-16 12:25:05.078 [main] WARN  com.teamtop.system.scene.SceneCache - sceneid:500003 has not npcid:350006
2020-10-16 12:25:05.078 [main] WARN  com.teamtop.system.scene.SceneCache - sceneid:500003 has not npcid:350101
2020-10-16 12:25:05.078 [main] WARN  com.teamtop.system.scene.SceneCache - sceneid:500003 has not npcid:350102
2020-10-16 12:25:05.078 [main] WARN  com.teamtop.system.scene.SceneCache - sceneid:500003 has not npcid:350106
2020-10-16 12:25:05.078 [main] WARN  com.teamtop.system.scene.SceneCache - sceneid:500003 has not npcid:350104
2020-10-16 12:25:05.078 [main] WARN  com.teamtop.system.scene.SceneCache - sceneid:500003 has not npcid:350301
2020-10-16 12:25:05.094 [main] WARN  com.teamtop.system.scene.SceneCache - sceneid:500005 has not npcid:350004
2020-10-16 12:25:05.094 [main] WARN  com.teamtop.system.scene.SceneCache - sceneid:500005 has not npcid:350005
2020-10-16 12:25:05.094 [main] WARN  com.teamtop.system.scene.SceneCache - sceneid:500005 has not npcid:350006
2020-10-16 12:25:05.094 [main] WARN  com.teamtop.system.scene.SceneCache - sceneid:500005 has not npcid:350101
2020-10-16 12:25:05.094 [main] WARN  com.teamtop.system.scene.SceneCache - sceneid:500005 has not npcid:350102
2020-10-16 12:25:05.094 [main] WARN  com.teamtop.system.scene.SceneCache - sceneid:500005 has not npcid:350104
2020-10-16 12:25:05.094 [main] WARN  com.teamtop.system.scene.SceneCache - sceneid:500005 has not npcid:350106
2020-10-16 12:25:05.094 [main] WARN  com.teamtop.system.scene.SceneCache - sceneid:500005 has not npcid:350301
2020-10-16 12:25:05.094 [main] WARN  com.teamtop.system.scene.SceneCache - sceneid:500005 has not npcid:350108
2020-10-16 12:25:05.094 [main] WARN  com.teamtop.system.scene.SceneCache - sceneid:500005 has not npcid:350103
2020-10-16 12:25:05.126 [main] WARN  com.teamtop.system.scene.SceneCache - sceneid:500007 has not npcid:350004
2020-10-16 12:25:05.126 [main] WARN  com.teamtop.system.scene.SceneCache - sceneid:500007 has not npcid:350005
2020-10-16 12:25:05.126 [main] WARN  com.teamtop.system.scene.SceneCache - sceneid:500007 has not npcid:350006
2020-10-16 12:25:05.126 [main] WARN  com.teamtop.system.scene.SceneCache - sceneid:500007 has not npcid:350101
2020-10-16 12:25:05.126 [main] WARN  com.teamtop.system.scene.SceneCache - sceneid:500007 has not npcid:350102
2020-10-16 12:25:05.126 [main] WARN  com.teamtop.system.scene.SceneCache - sceneid:500007 has not npcid:350103
2020-10-16 12:25:05.126 [main] WARN  com.teamtop.system.scene.SceneCache - sceneid:500007 has not npcid:350104
2020-10-16 12:25:05.126 [main] WARN  com.teamtop.system.scene.SceneCache - sceneid:500007 has not npcid:350106
2020-10-16 12:25:05.126 [main] WARN  com.teamtop.system.scene.SceneCache - sceneid:500007 has not npcid:350301
2020-10-16 12:25:05.126 [main] WARN  com.teamtop.system.scene.SceneCache - sceneid:500007 has not npcid:350107
2020-10-16 12:25:05.126 [main] WARN  com.teamtop.system.scene.SceneCache - sceneid:500007 has not npcid:350108
2020-10-16 12:25:09.898 [main] WARN  com.teamtop.system.scene.SceneCache - sceneid:30010002 has not npcid:200001
2020-10-16 12:25:09.898 [main] WARN  com.teamtop.system.scene.SceneCache - sceneid:30010002 has not npcid:750024
2020-10-16 12:25:09.898 [main] WARN  com.teamtop.system.scene.SceneCache - sceneid:30010002 has not npcid:750025
2020-10-16 12:25:09.898 [main] WARN  com.teamtop.system.scene.SceneCache - sceneid:30010002 has not npcid:750026
2020-10-16 12:25:09.898 [main] WARN  com.teamtop.system.scene.SceneCache - sceneid:30010002 has not npcid:750027
2020-10-16 12:25:09.898 [main] WARN  com.teamtop.system.scene.SceneCache - sceneid:30010002 has not npcid:750028
2020-10-16 12:25:09.898 [main] WARN  com.teamtop.system.scene.SceneCache - sceneid:30010002 has not npcid:750029
2020-10-16 12:25:09.898 [main] WARN  com.teamtop.system.scene.SceneCache - sceneid:30010002 has not npcid:750030
2020-10-16 12:25:09.898 [main] WARN  com.teamtop.system.scene.SceneCache - sceneid:30010002 has not npcid:750031
2020-10-16 12:25:09.898 [main] WARN  com.teamtop.system.scene.SceneCache - sceneid:30010002 has not npcid:750032
2020-10-16 12:25:09.898 [main] WARN  com.teamtop.system.scene.SceneCache - sceneid:30010002 has not npcid:750033
2020-10-16 12:25:09.898 [main] WARN  com.teamtop.system.scene.SceneCache - sceneid:30010002 has not npcid:750034
2020-10-16 12:25:09.898 [main] WARN  com.teamtop.system.scene.SceneCache - sceneid:30010002 has not npcid:750035
2020-10-16 12:25:09.976 [main] WARN  com.teamtop.system.scene.SceneCache - sceneid:500001 has not npcid:350004
2020-10-16 12:25:09.976 [main] WARN  com.teamtop.system.scene.SceneCache - sceneid:500001 has not npcid:350005
2020-10-16 12:25:09.976 [main] WARN  com.teamtop.system.scene.SceneCache - sceneid:500001 has not npcid:350006
2020-10-16 12:25:09.976 [main] WARN  com.teamtop.system.scene.SceneCache - sceneid:500001 has not npcid:350101
2020-10-16 12:25:09.976 [main] WARN  com.teamtop.system.scene.SceneCache - sceneid:500001 has not npcid:350102
2020-10-16 12:25:09.976 [main] WARN  com.teamtop.system.scene.SceneCache - sceneid:500001 has not npcid:350301
2020-10-16 12:25:09.991 [main] WARN  com.teamtop.system.scene.SceneCache - sceneid:500003 has not npcid:350004
2020-10-16 12:25:09.991 [main] WARN  com.teamtop.system.scene.SceneCache - sceneid:500003 has not npcid:350005
2020-10-16 12:25:09.991 [main] WARN  com.teamtop.system.scene.SceneCache - sceneid:500003 has not npcid:350006
2020-10-16 12:25:09.991 [main] WARN  com.teamtop.system.scene.SceneCache - sceneid:500003 has not npcid:350101
2020-10-16 12:25:09.991 [main] WARN  com.teamtop.system.scene.SceneCache - sceneid:500003 has not npcid:350102
2020-10-16 12:25:09.991 [main] WARN  com.teamtop.system.scene.SceneCache - sceneid:500003 has not npcid:350106
2020-10-16 12:25:09.991 [main] WARN  com.teamtop.system.scene.SceneCache - sceneid:500003 has not npcid:350104
2020-10-16 12:25:09.991 [main] WARN  com.teamtop.system.scene.SceneCache - sceneid:500003 has not npcid:350301
2020-10-16 12:25:10.007 [main] WARN  com.teamtop.system.scene.SceneCache - sceneid:500005 has not npcid:350004
2020-10-16 12:25:10.007 [main] WARN  com.teamtop.system.scene.SceneCache - sceneid:500005 has not npcid:350005
2020-10-16 12:25:10.007 [main] WARN  com.teamtop.system.scene.SceneCache - sceneid:500005 has not npcid:350006
2020-10-16 12:25:10.007 [main] WARN  com.teamtop.system.scene.SceneCache - sceneid:500005 has not npcid:350101
2020-10-16 12:25:10.007 [main] WARN  com.teamtop.system.scene.SceneCache - sceneid:500005 has not npcid:350102
2020-10-16 12:25:10.007 [main] WARN  com.teamtop.system.scene.SceneCache - sceneid:500005 has not npcid:350104
2020-10-16 12:25:10.007 [main] WARN  com.teamtop.system.scene.SceneCache - sceneid:500005 has not npcid:350106
2020-10-16 12:25:10.007 [main] WARN  com.teamtop.system.scene.SceneCache - sceneid:500005 has not npcid:350301
2020-10-16 12:25:10.007 [main] WARN  com.teamtop.system.scene.SceneCache - sceneid:500005 has not npcid:350108
2020-10-16 12:25:10.007 [main] WARN  com.teamtop.system.scene.SceneCache - sceneid:500005 has not npcid:350103
2020-10-16 12:25:10.038 [main] WARN  com.teamtop.system.scene.SceneCache - sceneid:500007 has not npcid:350004
2020-10-16 12:25:10.038 [main] WARN  com.teamtop.system.scene.SceneCache - sceneid:500007 has not npcid:350005
2020-10-16 12:25:10.038 [main] WARN  com.teamtop.system.scene.SceneCache - sceneid:500007 has not npcid:350006
2020-10-16 12:25:10.038 [main] WARN  com.teamtop.system.scene.SceneCache - sceneid:500007 has not npcid:350101
2020-10-16 12:25:10.038 [main] WARN  com.teamtop.system.scene.SceneCache - sceneid:500007 has not npcid:350102
2020-10-16 12:25:10.038 [main] WARN  com.teamtop.system.scene.SceneCache - sceneid:500007 has not npcid:350103
2020-10-16 12:25:10.038 [main] WARN  com.teamtop.system.scene.SceneCache - sceneid:500007 has not npcid:350104
2020-10-16 12:25:10.038 [main] WARN  com.teamtop.system.scene.SceneCache - sceneid:500007 has not npcid:350106
2020-10-16 12:25:10.038 [main] WARN  com.teamtop.system.scene.SceneCache - sceneid:500007 has not npcid:350301
2020-10-16 12:25:10.038 [main] WARN  com.teamtop.system.scene.SceneCache - sceneid:500007 has not npcid:350107
2020-10-16 12:25:10.038 [main] WARN  com.teamtop.system.scene.SceneCache - sceneid:500007 has not npcid:350108
2020-10-16 12:25:16.376 [crossChannelEx - 3] WARN  com.teamtop.system.hero.FightCalcFunction - hero set fight attribute value fail cause of attributes array is null!
2020-10-16 12:25:16.376 [crossChannelEx - 2] WARN  com.teamtop.system.hero.FightCalcFunction - hero set fight attribute value fail cause of attributes array is null!
2020-10-16 12:25:16.422 [crossChannelEx - 2] WARN  com.teamtop.system.hero.FightCalcFunction - hero set fight attribute value fail cause of attributes array is null!
2020-10-16 12:25:16.422 [crossChannelEx - 3] WARN  com.teamtop.system.hero.FightCalcFunction - hero set fight attribute value fail cause of attributes array is null!
2020-10-16 12:25:16.422 [crossChannelEx - 2] WARN  com.teamtop.system.hero.FightCalcFunction - hero set fight attribute value fail cause of attributes array is null!
2020-10-16 12:25:16.422 [crossChannelEx - 3] WARN  com.teamtop.system.hero.FightCalcFunction - hero set fight attribute value fail cause of attributes array is null!
2020-10-16 12:25:16.438 [OpTaskExecutorService-thread-9] WARN  com.teamtop.system.hero.FightCalcFunction - hero set fight attribute value fail cause of attributes array is null!
2020-10-16 12:25:16.438 [OpTaskExecutorService-thread-9] WARN  com.teamtop.system.hero.FightCalcFunction - hero set fight attribute value fail cause of attributes array is null!
2020-10-16 12:25:16.438 [crossChannelEx - 2] WARN  com.teamtop.system.hero.FightCalcFunction - hero set fight attribute value fail cause of attributes array is null!
2020-10-16 12:25:16.454 [crossChannelEx - 3] WARN  com.teamtop.system.hero.FightCalcFunction - hero set fight attribute value fail cause of attributes array is null!
2020-10-16 12:25:16.454 [crossChannelEx - 2] WARN  com.teamtop.system.hero.FightCalcFunction - hero set fight attribute value fail cause of attributes array is null!
2020-10-16 12:25:16.454 [crossChannelEx - 3] WARN  com.teamtop.system.hero.FightCalcFunction - hero set fight attribute value fail cause of attributes array is null!
2020-10-16 12:25:16.454 [crossChannelEx - 2] WARN  com.teamtop.system.hero.FightCalcFunction - hero set fight attribute value fail cause of attributes array is null!
2020-10-16 12:25:16.454 [crossChannelEx - 3] WARN  com.teamtop.system.hero.FightCalcFunction - hero set fight attribute value fail cause of attributes array is null!
2020-10-16 12:25:16.986 [crossChannelEx - 2] WARN  com.teamtop.system.hero.FightCalcFunction - hero set fight attribute value fail cause of attributes array is null!
2020-10-16 12:25:16.986 [crossChannelEx - 3] WARN  com.teamtop.system.hero.FightCalcFunction - hero set fight attribute value fail cause of attributes array is null!
2020-10-16 12:25:17.017 [crossChannelEx - 3] WARN  com.teamtop.system.hero.FightCalcFunction - hero set fight attribute value fail cause of attributes array is null!
2020-10-16 12:25:17.017 [crossChannelEx - 2] WARN  com.teamtop.system.hero.FightCalcFunction - hero set fight attribute value fail cause of attributes array is null!
2020-10-16 12:25:17.017 [OpTaskExecutorService-thread-9] WARN  com.teamtop.system.hero.FightCalcFunction - hero set fight attribute value fail cause of attributes array is null!
2020-10-16 12:25:17.033 [OpTaskExecutorService-thread-9] WARN  com.teamtop.system.hero.FightCalcFunction - hero set fight attribute value fail cause of attributes array is null!
2020-10-16 12:25:17.111 [crossChannelEx - 2] WARN  com.teamtop.system.hero.FightCalcFunction - hero set fight attribute value fail cause of attributes array is null!
2020-10-16 12:25:17.111 [crossChannelEx - 3] WARN  com.teamtop.system.hero.FightCalcFunction - hero set fight attribute value fail cause of attributes array is null!
2020-10-16 12:25:17.485 [crossChannelEx - 2] WARN  com.teamtop.system.hero.FightCalcFunction - hero set fight attribute value fail cause of attributes array is null!
2020-10-16 12:25:17.485 [crossChannelEx - 3] WARN  com.teamtop.system.hero.FightCalcFunction - hero set fight attribute value fail cause of attributes array is null!
2020-10-16 12:25:17.485 [crossChannelEx - 3] WARN  com.teamtop.system.hero.FightCalcFunction - hero set fight attribute value fail cause of attributes array is null!
2020-10-16 12:25:17.485 [crossChannelEx - 3] WARN  com.teamtop.system.hero.FightCalcFunction - hero set fight attribute value fail cause of attributes array is null!
2020-10-16 12:25:17.485 [crossChannelEx - 2] WARN  com.teamtop.system.hero.FightCalcFunction - hero set fight attribute value fail cause of attributes array is null!
2020-10-16 12:25:17.485 [crossChannelEx - 2] WARN  com.teamtop.system.hero.FightCalcFunction - hero set fight attribute value fail cause of attributes array is null!
2020-10-16 12:25:17.501 [OpTaskExecutorService-thread-9] WARN  com.teamtop.system.hero.FightCalcFunction - hero set fight attribute value fail cause of attributes array is null!
2020-10-16 12:25:17.501 [OpTaskExecutorService-thread-9] WARN  com.teamtop.system.hero.FightCalcFunction - hero set fight attribute value fail cause of attributes array is null!
2020-10-16 12:25:17.736 [crossChannelEx - 3] WARN  com.teamtop.system.hero.FightCalcFunction - hero set fight attribute value fail cause of attributes array is null!
2020-10-16 12:25:17.751 [crossChannelEx - 3] WARN  com.teamtop.system.hero.FightCalcFunction - hero set fight attribute value fail cause of attributes array is null!
2020-10-16 12:25:17.751 [crossChannelEx - 3] WARN  com.teamtop.system.hero.FightCalcFunction - hero set fight attribute value fail cause of attributes array is null!
2020-10-16 12:25:17.751 [crossChannelEx - 3] WARN  com.teamtop.system.hero.FightCalcFunction - hero set fight attribute value fail cause of attributes array is null!
2020-10-16 12:25:17.751 [crossChannelEx - 3] WARN  com.teamtop.system.hero.FightCalcFunction - hero set fight attribute value fail cause of attributes array is null!
2020-10-16 12:25:17.751 [crossChannelEx - 3] WARN  com.teamtop.system.hero.FightCalcFunction - hero set fight attribute value fail cause of attributes array is null!
2020-10-16 12:25:17.751 [OpTaskExecutorService-thread-9] WARN  com.teamtop.system.hero.FightCalcFunction - hero set fight attribute value fail cause of attributes array is null!
2020-10-16 12:25:17.751 [crossChannelEx - 2] WARN  com.teamtop.system.hero.FightCalcFunction - hero set fight attribute value fail cause of attributes array is null!
2020-10-16 12:25:17.751 [crossChannelEx - 2] WARN  com.teamtop.system.hero.FightCalcFunction - hero set fight attribute value fail cause of attributes array is null!
2020-10-16 12:25:17.751 [crossChannelEx - 2] WARN  com.teamtop.system.hero.FightCalcFunction - hero set fight attribute value fail cause of attributes array is null!
2020-10-16 12:25:17.751 [crossChannelEx - 2] WARN  com.teamtop.system.hero.FightCalcFunction - hero set fight attribute value fail cause of attributes array is null!
2020-10-16 12:25:17.751 [crossChannelEx - 2] WARN  com.teamtop.system.hero.FightCalcFunction - hero set fight attribute value fail cause of attributes array is null!
2020-10-16 12:25:17.751 [crossChannelEx - 2] WARN  com.teamtop.system.hero.FightCalcFunction - hero set fight attribute value fail cause of attributes array is null!
2020-10-16 12:25:17.751 [OpTaskExecutorService-thread-9] WARN  com.teamtop.system.hero.FightCalcFunction - hero set fight attribute value fail cause of attributes array is null!
2020-10-16 12:25:18.009 [crossChannelEx - 3] WARN  com.teamtop.system.hero.FightCalcFunction - hero set fight attribute value fail cause of attributes array is null!
2020-10-16 12:25:18.009 [crossChannelEx - 2] WARN  com.teamtop.system.hero.FightCalcFunction - hero set fight attribute value fail cause of attributes array is null!
2020-10-16 12:25:18.009 [crossChannelEx - 3] WARN  com.teamtop.system.hero.FightCalcFunction - hero set fight attribute value fail cause of attributes array is null!
2020-10-16 12:25:18.009 [crossChannelEx - 2] WARN  com.teamtop.system.hero.FightCalcFunction - hero set fight attribute value fail cause of attributes array is null!
2020-10-16 12:25:18.009 [crossChannelEx - 2] WARN  com.teamtop.system.hero.FightCalcFunction - hero set fight attribute value fail cause of attributes array is null!
2020-10-16 12:25:18.009 [crossChannelEx - 3] WARN  com.teamtop.system.hero.FightCalcFunction - hero set fight attribute value fail cause of attributes array is null!
2020-10-16 12:25:18.013 [OpTaskExecutorService-thread-9] WARN  com.teamtop.system.hero.FightCalcFunction - hero set fight attribute value fail cause of attributes array is null!
2020-10-16 12:25:18.018 [OpTaskExecutorService-thread-9] WARN  com.teamtop.system.hero.FightCalcFunction - hero set fight attribute value fail cause of attributes array is null!
2020-10-16 12:25:18.274 [crossChannelEx - 2] WARN  com.teamtop.system.hero.FightCalcFunction - hero set fight attribute value fail cause of attributes array is null!
2020-10-16 12:25:18.274 [crossChannelEx - 2] WARN  com.teamtop.system.hero.FightCalcFunction - hero set fight attribute value fail cause of attributes array is null!
2020-10-16 12:25:18.274 [crossChannelEx - 2] WARN  com.teamtop.system.hero.FightCalcFunction - hero set fight attribute value fail cause of attributes array is null!
2020-10-16 12:25:18.274 [crossChannelEx - 3] WARN  com.teamtop.system.hero.FightCalcFunction - hero set fight attribute value fail cause of attributes array is null!
2020-10-16 12:25:18.274 [crossChannelEx - 3] WARN  com.teamtop.system.hero.FightCalcFunction - hero set fight attribute value fail cause of attributes array is null!
2020-10-16 12:25:18.274 [crossChannelEx - 3] WARN  com.teamtop.system.hero.FightCalcFunction - hero set fight attribute value fail cause of attributes array is null!
2020-10-16 12:25:18.508 [crossChannelEx - 2] WARN  com.teamtop.system.hero.FightCalcFunction - hero set fight attribute value fail cause of attributes array is null!
2020-10-16 12:25:18.508 [crossChannelEx - 2] WARN  com.teamtop.system.hero.FightCalcFunction - hero set fight attribute value fail cause of attributes array is null!
2020-10-16 12:25:18.508 [crossChannelEx - 2] WARN  com.teamtop.system.hero.FightCalcFunction - hero set fight attribute value fail cause of attributes array is null!
2020-10-16 12:25:18.508 [crossChannelEx - 2] WARN  com.teamtop.system.hero.FightCalcFunction - hero set fight attribute value fail cause of attributes array is null!
2020-10-16 12:25:18.508 [crossChannelEx - 2] WARN  com.teamtop.system.hero.FightCalcFunction - hero set fight attribute value fail cause of attributes array is null!
2020-10-16 12:25:18.508 [crossChannelEx - 2] WARN  com.teamtop.system.hero.FightCalcFunction - hero set fight attribute value fail cause of attributes array is null!
2020-10-16 12:25:18.508 [OpTaskExecutorService-thread-9] WARN  com.teamtop.system.hero.FightCalcFunction - hero set fight attribute value fail cause of attributes array is null!
2020-10-16 12:25:18.523 [crossChannelEx - 3] WARN  com.teamtop.system.hero.FightCalcFunction - hero set fight attribute value fail cause of attributes array is null!
2020-10-16 12:25:18.523 [crossChannelEx - 3] WARN  com.teamtop.system.hero.FightCalcFunction - hero set fight attribute value fail cause of attributes array is null!
2020-10-16 12:25:18.523 [crossChannelEx - 3] WARN  com.teamtop.system.hero.FightCalcFunction - hero set fight attribute value fail cause of attributes array is null!
2020-10-16 12:25:18.523 [crossChannelEx - 3] WARN  com.teamtop.system.hero.FightCalcFunction - hero set fight attribute value fail cause of attributes array is null!
2020-10-16 12:25:18.523 [OpTaskExecutorService-thread-9] WARN  com.teamtop.system.hero.FightCalcFunction - hero set fight attribute value fail cause of attributes array is null!
2020-10-16 12:25:18.523 [crossChannelEx - 3] WARN  com.teamtop.system.hero.FightCalcFunction - hero set fight attribute value fail cause of attributes array is null!
2020-10-16 12:25:18.523 [crossChannelEx - 3] WARN  com.teamtop.system.hero.FightCalcFunction - hero set fight attribute value fail cause of attributes array is null!
2020-10-16 12:25:18.758 [crossChannelEx - 2] WARN  com.teamtop.system.hero.FightCalcFunction - hero set fight attribute value fail cause of attributes array is null!
2020-10-16 12:25:18.758 [crossChannelEx - 2] WARN  com.teamtop.system.hero.FightCalcFunction - hero set fight attribute value fail cause of attributes array is null!
2020-10-16 12:25:18.758 [crossChannelEx - 2] WARN  com.teamtop.system.hero.FightCalcFunction - hero set fight attribute value fail cause of attributes array is null!
2020-10-16 12:25:18.758 [crossChannelEx - 2] WARN  com.teamtop.system.hero.FightCalcFunction - hero set fight attribute value fail cause of attributes array is null!
2020-10-16 12:25:18.758 [crossChannelEx - 2] WARN  com.teamtop.system.hero.FightCalcFunction - hero set fight attribute value fail cause of attributes array is null!
2020-10-16 12:25:18.774 [OpTaskExecutorService-thread-9] WARN  com.teamtop.system.hero.FightCalcFunction - hero set fight attribute value fail cause of attributes array is null!
2020-10-16 12:25:18.914 [crossChannelEx - 3] WARN  com.teamtop.system.hero.FightCalcFunction - hero set fight attribute value fail cause of attributes array is null!
2020-10-16 12:25:18.914 [crossChannelEx - 3] WARN  com.teamtop.system.hero.FightCalcFunction - hero set fight attribute value fail cause of attributes array is null!
2020-10-16 12:25:18.914 [crossChannelEx - 3] WARN  com.teamtop.system.hero.FightCalcFunction - hero set fight attribute value fail cause of attributes array is null!
2020-10-16 12:25:18.914 [crossChannelEx - 3] WARN  com.teamtop.system.hero.FightCalcFunction - hero set fight attribute value fail cause of attributes array is null!
2020-10-16 12:25:18.914 [crossChannelEx - 3] WARN  com.teamtop.system.hero.FightCalcFunction - hero set fight attribute value fail cause of attributes array is null!
2020-10-16 12:25:18.914 [OpTaskExecutorService-thread-9] WARN  com.teamtop.system.hero.FightCalcFunction - hero set fight attribute value fail cause of attributes array is null!
2020-10-16 12:25:19.117 [crossChannelEx - 2] WARN  com.teamtop.system.hero.FightCalcFunction - hero set fight attribute value fail cause of attributes array is null!
2020-10-16 12:25:19.117 [crossChannelEx - 2] WARN  com.teamtop.system.hero.FightCalcFunction - hero set fight attribute value fail cause of attributes array is null!
2020-10-16 12:25:19.133 [OpTaskExecutorService-thread-9] WARN  com.teamtop.system.hero.FightCalcFunction - hero set fight attribute value fail cause of attributes array is null!
2020-10-16 12:25:19.196 [crossChannelEx - 3] WARN  com.teamtop.system.hero.FightCalcFunction - hero set fight attribute value fail cause of attributes array is null!
2020-10-16 12:25:19.196 [crossChannelEx - 3] WARN  com.teamtop.system.hero.FightCalcFunction - hero set fight attribute value fail cause of attributes array is null!
2020-10-16 12:25:19.212 [OpTaskExecutorService-thread-9] WARN  com.teamtop.system.hero.FightCalcFunction - hero set fight attribute value fail cause of attributes array is null!
2020-10-16 12:25:19.336 [crossChannelEx - 2] WARN  com.teamtop.system.hero.FightCalcFunction - hero set fight attribute value fail cause of attributes array is null!
2020-10-16 12:25:19.336 [crossChannelEx - 2] WARN  com.teamtop.system.hero.FightCalcFunction - hero set fight attribute value fail cause of attributes array is null!
2020-10-16 12:25:19.336 [crossChannelEx - 2] WARN  com.teamtop.system.hero.FightCalcFunction - hero set fight attribute value fail cause of attributes array is null!
2020-10-16 12:25:19.336 [crossChannelEx - 2] WARN  com.teamtop.system.hero.FightCalcFunction - hero set fight attribute value fail cause of attributes array is null!
2020-10-16 12:25:19.336 [crossChannelEx - 2] WARN  com.teamtop.system.hero.FightCalcFunction - hero set fight attribute value fail cause of attributes array is null!
2020-10-16 12:25:19.336 [crossChannelEx - 2] WARN  com.teamtop.system.hero.FightCalcFunction - hero set fight attribute value fail cause of attributes array is null!
2020-10-16 12:25:19.336 [OpTaskExecutorService-thread-9] WARN  com.teamtop.system.hero.FightCalcFunction - hero set fight attribute value fail cause of attributes array is null!
2020-10-16 12:25:19.399 [crossChannelEx - 3] WARN  com.teamtop.system.hero.FightCalcFunction - hero set fight attribute value fail cause of attributes array is null!
2020-10-16 12:25:19.399 [crossChannelEx - 3] WARN  com.teamtop.system.hero.FightCalcFunction - hero set fight attribute value fail cause of attributes array is null!
2020-10-16 12:25:19.399 [crossChannelEx - 3] WARN  com.teamtop.system.hero.FightCalcFunction - hero set fight attribute value fail cause of attributes array is null!
2020-10-16 12:25:19.399 [crossChannelEx - 3] WARN  com.teamtop.system.hero.FightCalcFunction - hero set fight attribute value fail cause of attributes array is null!
2020-10-16 12:25:19.399 [crossChannelEx - 3] WARN  com.teamtop.system.hero.FightCalcFunction - hero set fight attribute value fail cause of attributes array is null!
2020-10-16 12:25:19.399 [OpTaskExecutorService-thread-9] WARN  com.teamtop.system.hero.FightCalcFunction - hero set fight attribute value fail cause of attributes array is null!
2020-10-16 12:25:19.399 [crossChannelEx - 3] WARN  com.teamtop.system.hero.FightCalcFunction - hero set fight attribute value fail cause of attributes array is null!
2020-10-16 12:25:19.524 [crossChannelEx - 2] WARN  com.teamtop.system.hero.FightCalcFunction - hero set fight attribute value fail cause of attributes array is null!
2020-10-16 12:25:19.524 [crossChannelEx - 2] WARN  com.teamtop.system.hero.FightCalcFunction - hero set fight attribute value fail cause of attributes array is null!
2020-10-16 12:25:19.524 [crossChannelEx - 2] WARN  com.teamtop.system.hero.FightCalcFunction - hero set fight attribute value fail cause of attributes array is null!
2020-10-16 12:25:19.524 [crossChannelEx - 2] WARN  com.teamtop.system.hero.FightCalcFunction - hero set fight attribute value fail cause of attributes array is null!
2020-10-16 12:25:19.539 [OpTaskExecutorService-thread-9] WARN  com.teamtop.system.hero.FightCalcFunction - hero set fight attribute value fail cause of attributes array is null!
2020-10-16 12:25:19.586 [crossChannelEx - 3] WARN  com.teamtop.system.hero.FightCalcFunction - hero set fight attribute value fail cause of attributes array is null!
2020-10-16 12:25:19.586 [crossChannelEx - 3] WARN  com.teamtop.system.hero.FightCalcFunction - hero set fight attribute value fail cause of attributes array is null!
2020-10-16 12:25:19.586 [crossChannelEx - 3] WARN  com.teamtop.system.hero.FightCalcFunction - hero set fight attribute value fail cause of attributes array is null!
2020-10-16 12:25:19.586 [crossChannelEx - 3] WARN  com.teamtop.system.hero.FightCalcFunction - hero set fight attribute value fail cause of attributes array is null!
2020-10-16 12:25:19.602 [OpTaskExecutorService-thread-9] WARN  com.teamtop.system.hero.FightCalcFunction - hero set fight attribute value fail cause of attributes array is null!
2020-10-16 12:25:19.696 [crossChannelEx - 2] WARN  com.teamtop.system.hero.FightCalcFunction - hero set fight attribute value fail cause of attributes array is null!
2020-10-16 12:25:19.696 [crossChannelEx - 2] WARN  com.teamtop.system.hero.FightCalcFunction - hero set fight attribute value fail cause of attributes array is null!
2020-10-16 12:25:19.696 [crossChannelEx - 2] WARN  com.teamtop.system.hero.FightCalcFunction - hero set fight attribute value fail cause of attributes array is null!
2020-10-16 12:25:19.696 [crossChannelEx - 2] WARN  com.teamtop.system.hero.FightCalcFunction - hero set fight attribute value fail cause of attributes array is null!
2020-10-16 12:25:19.696 [OpTaskExecutorService-thread-9] WARN  com.teamtop.system.hero.FightCalcFunction - hero set fight attribute value fail cause of attributes array is null!
2020-10-16 12:25:19.696 [crossChannelEx - 2] WARN  com.teamtop.system.hero.FightCalcFunction - hero set fight attribute value fail cause of attributes array is null!
2020-10-16 12:25:19.696 [crossChannelEx - 2] WARN  com.teamtop.system.hero.FightCalcFunction - hero set fight attribute value fail cause of attributes array is null!
2020-10-16 12:25:19.759 [crossChannelEx - 3] WARN  com.teamtop.system.hero.FightCalcFunction - hero set fight attribute value fail cause of attributes array is null!
2020-10-16 12:25:19.759 [crossChannelEx - 3] WARN  com.teamtop.system.hero.FightCalcFunction - hero set fight attribute value fail cause of attributes array is null!
2020-10-16 12:25:19.759 [crossChannelEx - 3] WARN  com.teamtop.system.hero.FightCalcFunction - hero set fight attribute value fail cause of attributes array is null!
2020-10-16 12:25:19.759 [crossChannelEx - 3] WARN  com.teamtop.system.hero.FightCalcFunction - hero set fight attribute value fail cause of attributes array is null!
2020-10-16 12:25:19.759 [crossChannelEx - 3] WARN  com.teamtop.system.hero.FightCalcFunction - hero set fight attribute value fail cause of attributes array is null!
2020-10-16 12:25:19.759 [crossChannelEx - 3] WARN  com.teamtop.system.hero.FightCalcFunction - hero set fight attribute value fail cause of attributes array is null!
2020-10-16 12:25:19.774 [OpTaskExecutorService-thread-9] WARN  com.teamtop.system.hero.FightCalcFunction - hero set fight attribute value fail cause of attributes array is null!
2020-10-16 12:25:19.883 [crossChannelEx - 2] WARN  com.teamtop.system.hero.FightCalcFunction - hero set fight attribute value fail cause of attributes array is null!
2020-10-16 12:25:19.883 [crossChannelEx - 2] WARN  com.teamtop.system.hero.FightCalcFunction - hero set fight attribute value fail cause of attributes array is null!
2020-10-16 12:25:19.883 [crossChannelEx - 2] WARN  com.teamtop.system.hero.FightCalcFunction - hero set fight attribute value fail cause of attributes array is null!
2020-10-16 12:25:19.883 [crossChannelEx - 2] WARN  com.teamtop.system.hero.FightCalcFunction - hero set fight attribute value fail cause of attributes array is null!
2020-10-16 12:25:19.883 [crossChannelEx - 2] WARN  com.teamtop.system.hero.FightCalcFunction - hero set fight attribute value fail cause of attributes array is null!
2020-10-16 12:25:19.899 [OpTaskExecutorService-thread-9] WARN  com.teamtop.system.hero.FightCalcFunction - hero set fight attribute value fail cause of attributes array is null!
2020-10-16 12:25:19.946 [crossChannelEx - 3] WARN  com.teamtop.system.hero.FightCalcFunction - hero set fight attribute value fail cause of attributes array is null!
2020-10-16 12:25:19.946 [crossChannelEx - 3] WARN  com.teamtop.system.hero.FightCalcFunction - hero set fight attribute value fail cause of attributes array is null!
2020-10-16 12:25:19.946 [crossChannelEx - 3] WARN  com.teamtop.system.hero.FightCalcFunction - hero set fight attribute value fail cause of attributes array is null!
2020-10-16 12:25:19.946 [crossChannelEx - 3] WARN  com.teamtop.system.hero.FightCalcFunction - hero set fight attribute value fail cause of attributes array is null!
2020-10-16 12:25:19.946 [crossChannelEx - 3] WARN  com.teamtop.system.hero.FightCalcFunction - hero set fight attribute value fail cause of attributes array is null!
2020-10-16 12:25:19.961 [OpTaskExecutorService-thread-9] WARN  com.teamtop.system.hero.FightCalcFunction - hero set fight attribute value fail cause of attributes array is null!
2020-10-16 12:25:20.071 [crossChannelEx - 2] WARN  com.teamtop.system.hero.FightCalcFunction - hero set fight attribute value fail cause of attributes array is null!
2020-10-16 12:25:20.071 [crossChannelEx - 2] WARN  com.teamtop.system.hero.FightCalcFunction - hero set fight attribute value fail cause of attributes array is null!
2020-10-16 12:25:20.071 [crossChannelEx - 2] WARN  com.teamtop.system.hero.FightCalcFunction - hero set fight attribute value fail cause of attributes array is null!
2020-10-16 12:25:20.071 [crossChannelEx - 2] WARN  com.teamtop.system.hero.FightCalcFunction - hero set fight attribute value fail cause of attributes array is null!
2020-10-16 12:25:20.071 [crossChannelEx - 2] WARN  com.teamtop.system.hero.FightCalcFunction - hero set fight attribute value fail cause of attributes array is null!
2020-10-16 12:25:20.071 [crossChannelEx - 2] WARN  com.teamtop.system.hero.FightCalcFunction - hero set fight attribute value fail cause of attributes array is null!
2020-10-16 12:25:20.086 [OpTaskExecutorService-thread-9] WARN  com.teamtop.system.hero.FightCalcFunction - hero set fight attribute value fail cause of attributes array is null!
2020-10-16 12:25:20.133 [crossChannelEx - 3] WARN  com.teamtop.system.hero.FightCalcFunction - hero set fight attribute value fail cause of attributes array is null!
2020-10-16 12:25:20.133 [crossChannelEx - 3] WARN  com.teamtop.system.hero.FightCalcFunction - hero set fight attribute value fail cause of attributes array is null!
2020-10-16 12:25:20.133 [crossChannelEx - 3] WARN  com.teamtop.system.hero.FightCalcFunction - hero set fight attribute value fail cause of attributes array is null!
2020-10-16 12:25:20.133 [crossChannelEx - 3] WARN  com.teamtop.system.hero.FightCalcFunction - hero set fight attribute value fail cause of attributes array is null!
2020-10-16 12:25:20.133 [crossChannelEx - 3] WARN  com.teamtop.system.hero.FightCalcFunction - hero set fight attribute value fail cause of attributes array is null!
2020-10-16 12:25:20.133 [crossChannelEx - 3] WARN  com.teamtop.system.hero.FightCalcFunction - hero set fight attribute value fail cause of attributes array is null!
2020-10-16 12:25:20.149 [OpTaskExecutorService-thread-9] WARN  com.teamtop.system.hero.FightCalcFunction - hero set fight attribute value fail cause of attributes array is null!
2020-10-16 12:25:20.259 [crossChannelEx - 2] WARN  com.teamtop.system.hero.FightCalcFunction - hero set fight attribute value fail cause of attributes array is null!
2020-10-16 12:25:20.274 [crossChannelEx - 2] WARN  com.teamtop.system.hero.FightCalcFunction - hero set fight attribute value fail cause of attributes array is null!
2020-10-16 12:25:20.274 [crossChannelEx - 2] WARN  com.teamtop.system.hero.FightCalcFunction - hero set fight attribute value fail cause of attributes array is null!
2020-10-16 12:25:20.321 [crossChannelEx - 3] WARN  com.teamtop.system.hero.FightCalcFunction - hero set fight attribute value fail cause of attributes array is null!
2020-10-16 12:25:20.321 [crossChannelEx - 3] WARN  com.teamtop.system.hero.FightCalcFunction - hero set fight attribute value fail cause of attributes array is null!
2020-10-16 12:25:20.321 [crossChannelEx - 3] WARN  com.teamtop.system.hero.FightCalcFunction - hero set fight attribute value fail cause of attributes array is null!
2020-10-16 12:25:20.477 [crossChannelEx - 2] WARN  com.teamtop.system.hero.FightCalcFunction - hero set fight attribute value fail cause of attributes array is null!
2020-10-16 12:25:20.477 [crossChannelEx - 2] WARN  com.teamtop.system.hero.FightCalcFunction - hero set fight attribute value fail cause of attributes array is null!
2020-10-16 12:25:20.477 [crossChannelEx - 2] WARN  com.teamtop.system.hero.FightCalcFunction - hero set fight attribute value fail cause of attributes array is null!
2020-10-16 12:25:20.477 [crossChannelEx - 2] WARN  com.teamtop.system.hero.FightCalcFunction - hero set fight attribute value fail cause of attributes array is null!
2020-10-16 12:25:20.493 [OpTaskExecutorService-thread-9] WARN  com.teamtop.system.hero.FightCalcFunction - hero set fight attribute value fail cause of attributes array is null!
2020-10-16 12:25:20.540 [crossChannelEx - 3] WARN  com.teamtop.system.hero.FightCalcFunction - hero set fight attribute value fail cause of attributes array is null!
2020-10-16 12:25:20.540 [crossChannelEx - 3] WARN  com.teamtop.system.hero.FightCalcFunction - hero set fight attribute value fail cause of attributes array is null!
2020-10-16 12:25:20.540 [crossChannelEx - 3] WARN  com.teamtop.system.hero.FightCalcFunction - hero set fight attribute value fail cause of attributes array is null!
2020-10-16 12:25:20.540 [crossChannelEx - 3] WARN  com.teamtop.system.hero.FightCalcFunction - hero set fight attribute value fail cause of attributes array is null!
2020-10-16 12:25:20.540 [OpTaskExecutorService-thread-9] WARN  com.teamtop.system.hero.FightCalcFunction - hero set fight attribute value fail cause of attributes array is null!
2020-10-16 12:25:20.681 [crossChannelEx - 2] WARN  com.teamtop.system.hero.FightCalcFunction - hero set fight attribute value fail cause of attributes array is null!
2020-10-16 12:25:20.681 [crossChannelEx - 2] WARN  com.teamtop.system.hero.FightCalcFunction - hero set fight attribute value fail cause of attributes array is null!
2020-10-16 12:25:20.681 [crossChannelEx - 2] WARN  com.teamtop.system.hero.FightCalcFunction - hero set fight attribute value fail cause of attributes array is null!
2020-10-16 12:25:20.759 [crossChannelEx - 3] WARN  com.teamtop.system.hero.FightCalcFunction - hero set fight attribute value fail cause of attributes array is null!
2020-10-16 12:25:20.759 [crossChannelEx - 3] WARN  com.teamtop.system.hero.FightCalcFunction - hero set fight attribute value fail cause of attributes array is null!
2020-10-16 12:25:20.759 [crossChannelEx - 3] WARN  com.teamtop.system.hero.FightCalcFunction - hero set fight attribute value fail cause of attributes array is null!
2020-10-16 12:25:20.915 [crossChannelEx - 2] WARN  com.teamtop.system.hero.FightCalcFunction - hero set fight attribute value fail cause of attributes array is null!
2020-10-16 12:25:20.915 [crossChannelEx - 2] WARN  com.teamtop.system.hero.FightCalcFunction - hero set fight attribute value fail cause of attributes array is null!
2020-10-16 12:25:20.915 [crossChannelEx - 2] WARN  com.teamtop.system.hero.FightCalcFunction - hero set fight attribute value fail cause of attributes array is null!
2020-10-16 12:25:20.915 [crossChannelEx - 2] WARN  com.teamtop.system.hero.FightCalcFunction - hero set fight attribute value fail cause of attributes array is null!
2020-10-16 12:25:20.915 [crossChannelEx - 2] WARN  com.teamtop.system.hero.FightCalcFunction - hero set fight attribute value fail cause of attributes array is null!
2020-10-16 12:25:20.915 [crossChannelEx - 2] WARN  com.teamtop.system.hero.FightCalcFunction - hero set fight attribute value fail cause of attributes array is null!
2020-10-16 12:25:20.931 [OpTaskExecutorService-thread-9] WARN  com.teamtop.system.hero.FightCalcFunction - hero set fight attribute value fail cause of attributes array is null!
2020-10-16 12:25:20.977 [crossChannelEx - 3] WARN  com.teamtop.system.hero.FightCalcFunction - hero set fight attribute value fail cause of attributes array is null!
2020-10-16 12:25:20.977 [crossChannelEx - 3] WARN  com.teamtop.system.hero.FightCalcFunction - hero set fight attribute value fail cause of attributes array is null!
2020-10-16 12:25:20.977 [crossChannelEx - 3] WARN  com.teamtop.system.hero.FightCalcFunction - hero set fight attribute value fail cause of attributes array is null!
2020-10-16 12:25:20.977 [crossChannelEx - 3] WARN  com.teamtop.system.hero.FightCalcFunction - hero set fight attribute value fail cause of attributes array is null!
2020-10-16 12:25:20.977 [crossChannelEx - 3] WARN  com.teamtop.system.hero.FightCalcFunction - hero set fight attribute value fail cause of attributes array is null!
2020-10-16 12:25:20.977 [crossChannelEx - 3] WARN  com.teamtop.system.hero.FightCalcFunction - hero set fight attribute value fail cause of attributes array is null!
2020-10-16 12:25:20.993 [OpTaskExecutorService-thread-9] WARN  com.teamtop.system.hero.FightCalcFunction - hero set fight attribute value fail cause of attributes array is null!
2020-10-16 12:25:21.118 [crossChannelEx - 2] WARN  com.teamtop.system.hero.FightCalcFunction - hero set fight attribute value fail cause of attributes array is null!
2020-10-16 12:25:21.118 [crossChannelEx - 2] WARN  com.teamtop.system.hero.FightCalcFunction - hero set fight attribute value fail cause of attributes array is null!
2020-10-16 12:25:21.118 [crossChannelEx - 2] WARN  com.teamtop.system.hero.FightCalcFunction - hero set fight attribute value fail cause of attributes array is null!
2020-10-16 12:25:21.118 [crossChannelEx - 2] WARN  com.teamtop.system.hero.FightCalcFunction - hero set fight attribute value fail cause of attributes array is null!
2020-10-16 12:25:21.118 [OpTaskExecutorService-thread-9] WARN  com.teamtop.system.hero.FightCalcFunction - hero set fight attribute value fail cause of attributes array is null!
2020-10-16 12:25:21.118 [crossChannelEx - 2] WARN  com.teamtop.system.hero.FightCalcFunction - hero set fight attribute value fail cause of attributes array is null!
2020-10-16 12:25:21.197 [crossChannelEx - 3] WARN  com.teamtop.system.hero.FightCalcFunction - hero set fight attribute value fail cause of attributes array is null!
2020-10-16 12:25:21.197 [crossChannelEx - 3] WARN  com.teamtop.system.hero.FightCalcFunction - hero set fight attribute value fail cause of attributes array is null!
2020-10-16 12:25:21.197 [crossChannelEx - 3] WARN  com.teamtop.system.hero.FightCalcFunction - hero set fight attribute value fail cause of attributes array is null!
2020-10-16 12:25:21.197 [crossChannelEx - 3] WARN  com.teamtop.system.hero.FightCalcFunction - hero set fight attribute value fail cause of attributes array is null!
2020-10-16 12:25:21.197 [crossChannelEx - 3] WARN  com.teamtop.system.hero.FightCalcFunction - hero set fight attribute value fail cause of attributes array is null!
2020-10-16 12:25:21.212 [OpTaskExecutorService-thread-9] WARN  com.teamtop.system.hero.FightCalcFunction - hero set fight attribute value fail cause of attributes array is null!
2020-10-16 12:25:21.368 [crossChannelEx - 2] WARN  com.teamtop.system.hero.FightCalcFunction - hero set fight attribute value fail cause of attributes array is null!
2020-10-16 12:25:21.368 [crossChannelEx - 2] WARN  com.teamtop.system.hero.FightCalcFunction - hero set fight attribute value fail cause of attributes array is null!
2020-10-16 12:25:21.368 [crossChannelEx - 2] WARN  com.teamtop.system.hero.FightCalcFunction - hero set fight attribute value fail cause of attributes array is null!
2020-10-16 12:25:21.368 [crossChannelEx - 2] WARN  com.teamtop.system.hero.FightCalcFunction - hero set fight attribute value fail cause of attributes array is null!
2020-10-16 12:25:21.368 [crossChannelEx - 2] WARN  com.teamtop.system.hero.FightCalcFunction - hero set fight attribute value fail cause of attributes array is null!
2020-10-16 12:25:21.384 [OpTaskExecutorService-thread-9] WARN  com.teamtop.system.hero.FightCalcFunction - hero set fight attribute value fail cause of attributes array is null!
2020-10-16 12:25:21.446 [crossChannelEx - 3] WARN  com.teamtop.system.hero.FightCalcFunction - hero set fight attribute value fail cause of attributes array is null!
2020-10-16 12:25:21.446 [crossChannelEx - 3] WARN  com.teamtop.system.hero.FightCalcFunction - hero set fight attribute value fail cause of attributes array is null!
2020-10-16 12:25:21.446 [crossChannelEx - 3] WARN  com.teamtop.system.hero.FightCalcFunction - hero set fight attribute value fail cause of attributes array is null!
2020-10-16 12:25:21.446 [crossChannelEx - 3] WARN  com.teamtop.system.hero.FightCalcFunction - hero set fight attribute value fail cause of attributes array is null!
2020-10-16 12:25:21.446 [crossChannelEx - 3] WARN  com.teamtop.system.hero.FightCalcFunction - hero set fight attribute value fail cause of attributes array is null!
2020-10-16 12:25:21.462 [OpTaskExecutorService-thread-9] WARN  com.teamtop.system.hero.FightCalcFunction - hero set fight attribute value fail cause of attributes array is null!
2020-10-16 12:27:33.472 [OpTaskExecutorService-thread-3] WARN  com.teamtop.system.hero.FightCalcFunction - hero set fight attribute value fail cause of attributes array is null!
2020-10-16 12:27:33.472 [OpTaskExecutorService-thread-3] WARN  com.teamtop.system.hero.FightCalcFunction - hero set fight attribute value fail cause of attributes array is null!
2020-10-16 12:27:33.472 [OpTaskExecutorService-thread-3] WARN  com.teamtop.system.hero.FightCalcFunction - hero set fight attribute value fail cause of attributes array is null!
2020-10-16 12:27:33.472 [OpTaskExecutorService-thread-9] WARN  com.teamtop.system.hero.FightCalcFunction - hero set fight attribute value fail cause of attributes array is null!
2020-10-16 12:27:33.564 [OpTaskExecutorService-thread-9] WARN  com.teamtop.system.hero.FightCalcFunction - hero set fight attribute value fail cause of attributes array is null!
2020-10-16 12:27:34.219 [OpTaskExecutorService-thread-3] WARN  com.teamtop.system.zcBoss.ZcBossHeroManager - JoinersMap().containsKey(hero.getId()) hid:1000100000000750
2020-10-16 12:27:42.022 [OpTaskExecutorService-thread-9] WARN  com.teamtop.system.hero.FightCalcFunction - hero set fight attribute value fail cause of attributes array is null!
2020-10-16 12:28:06.503 [nioEventLoopGroup-11-1] WARN  com.teamtop.system.zcBoss.ZcBossHeroManager - JoinersMap().containsKey(hero.getId()) hid:1000100000000750
2020-10-16 12:30:00.160 [任务线程 - 10] WARN  com.teamtop.system.boss.monsterGod.MonsterGodFunction - monsterGodCache==null
