2020-11-02 17:39:24.839 [OpTaskExecutorService-thread-7] ERROR java.lang.Class - java.lang.NullPointerException
	at com.teamtop.system.event.useAddEvent.UseAddUtil.canAdd(UseAddUtil.java:559)
	at com.teamtop.system.activity.ativitys.warOrder.WarOrderManager.getWarOrderReward(WarOrderManager.java:147)
	at com.teamtop.system.activity.ativitys.warOrder.WarOrderCG.getWarOrderReward(WarOrderCG.java:31)
	at sun.reflect.NativeMethodAccessorImpl.invoke0(Native Method)
	at sun.reflect.NativeMethodAccessorImpl.invoke(NativeMethodAccessorImpl.java:62)
	at sun.reflect.DelegatingMethodAccessorImpl.invoke(DelegatingMethodAccessorImpl.java:43)
	at java.lang.reflect.Method.invoke(Method.java:497)
	at com.teamtop.netty.util.NettyDispatch$1.run(NettyDispatch.java:141)
	at com.teamtop.synHandleCore.OpTaskExecutorService$Work.run(OpTaskExecutorService.java:314)
	at java.lang.Thread.run(Thread.java:745)
,hid:1000100000000002,name:才貌丿听雨WarOrderManager getReward, level=0
2020-11-02 17:39:25.838 [OpTaskExecutorService-thread-7] ERROR java.lang.Class - java.lang.NullPointerException
	at com.teamtop.system.event.useAddEvent.UseAddUtil.canAdd(UseAddUtil.java:559)
	at com.teamtop.system.activity.ativitys.warOrder.WarOrderManager.getWarOrderReward(WarOrderManager.java:147)
	at com.teamtop.system.activity.ativitys.warOrder.WarOrderCG.getWarOrderReward(WarOrderCG.java:31)
	at sun.reflect.NativeMethodAccessorImpl.invoke0(Native Method)
	at sun.reflect.NativeMethodAccessorImpl.invoke(NativeMethodAccessorImpl.java:62)
	at sun.reflect.DelegatingMethodAccessorImpl.invoke(DelegatingMethodAccessorImpl.java:43)
	at java.lang.reflect.Method.invoke(Method.java:497)
	at com.teamtop.netty.util.NettyDispatch$1.run(NettyDispatch.java:141)
	at com.teamtop.synHandleCore.OpTaskExecutorService$Work.run(OpTaskExecutorService.java:314)
	at java.lang.Thread.run(Thread.java:745)
,hid:1000100000000002,name:才貌丿听雨WarOrderManager getReward, level=0
2020-11-02 17:39:29.536 [OpTaskExecutorService-thread-7] ERROR java.lang.Class - java.lang.NullPointerException
	at com.teamtop.system.event.useAddEvent.UseAddUtil.canAdd(UseAddUtil.java:559)
	at com.teamtop.system.activity.ativitys.warOrder.WarOrderManager.getWarOrderReward(WarOrderManager.java:147)
	at com.teamtop.system.activity.ativitys.warOrder.WarOrderCG.getWarOrderReward(WarOrderCG.java:31)
	at sun.reflect.NativeMethodAccessorImpl.invoke0(Native Method)
	at sun.reflect.NativeMethodAccessorImpl.invoke(NativeMethodAccessorImpl.java:62)
	at sun.reflect.DelegatingMethodAccessorImpl.invoke(DelegatingMethodAccessorImpl.java:43)
	at java.lang.reflect.Method.invoke(Method.java:497)
	at com.teamtop.netty.util.NettyDispatch$1.run(NettyDispatch.java:141)
	at com.teamtop.synHandleCore.OpTaskExecutorService$Work.run(OpTaskExecutorService.java:314)
	at java.lang.Thread.run(Thread.java:745)
,hid:1000100000000002,name:才貌丿听雨WarOrderManager getReward, level=0
