2020-10-27 15:01:26.408 [OpTaskExecutorService-thread-7] WARN  com.teamtop.system.scene.SceneFunction - hid: 1000100000000002name 才貌丿听雨.S1exitScene get sceneEvent is null,sceneSysId:0
2020-10-27 15:01:26.408 [OpTaskExecutorService-thread-7] WARN  com.teamtop.system.scene.SceneFunction - hid: 1000100000000002name 才貌丿听雨.S1exitScene get sceneEvent is null,sceneSysId:0
2020-10-27 15:01:26.439 [nioEventLoopGroup-9-3] WARN  com.teamtop.cross.CrossFunction - Cross logout hero is null.hid:1000100000000002 name:才貌丿听雨
2020-10-27 15:01:28.967 [OpTaskExecutorService-thread-7] WARN  com.teamtop.system.event.useAddEvent.UseAddUtil - GameConst.huobiMap can not find3,type:8
2020-10-27 15:01:31.089 [nioEventLoopGroup-11-6] WARN  com.teamtop.system.zcBoss.ZcBossHeroManager - JoinersMap().containsKey(hero.getId()) hid:1000100000000002
2020-10-27 15:06:29.176 [OpTaskExecutorService-thread-0] WARN  com.teamtop.system.hero.FightCalcFunction - hero set fight attribute value fail cause of attributes array is null!
2020-10-27 15:06:29.176 [OpTaskExecutorService-thread-0] WARN  com.teamtop.system.hero.FightCalcFunction - hero set fight attribute value fail cause of attributes array is null!
2020-10-27 15:06:29.176 [OpTaskExecutorService-thread-0] WARN  com.teamtop.system.hero.FightCalcFunction - hero set fight attribute value fail cause of attributes array is null!
2020-10-27 15:06:29.176 [OpTaskExecutorService-thread-0] WARN  com.teamtop.system.hero.FightCalcFunction - hero set fight attribute value fail cause of attributes array is null!
2020-10-27 15:06:29.176 [OpTaskExecutorService-thread-0] WARN  com.teamtop.system.hero.FightCalcFunction - hero set fight attribute value fail cause of attributes array is null!
2020-10-27 15:06:29.176 [OpTaskExecutorService-thread-0] WARN  com.teamtop.system.hero.FightCalcFunction - hero set fight attribute value fail cause of attributes array is null!
2020-10-27 15:06:29.207 [OpTaskExecutorService-thread-9] WARN  com.teamtop.system.hero.FightCalcFunction - hero set fight attribute value fail cause of attributes array is null!
2020-10-27 15:06:29.207 [OpTaskExecutorService-thread-0] WARN  com.teamtop.system.boss.countryBoss.CountryBossManager - hero.getCountryType()==0 hid:1000100000000005
2020-10-27 15:06:29.207 [OpTaskExecutorService-thread-0] WARN  com.teamtop.system.zcBoss.ZcBossHeroManager - JoinersMap().containsKey(hero.getId()) hid:1000100000000005
2020-10-27 15:06:30.108 [OpTaskExecutorService-thread-0] WARN  com.teamtop.system.countrySkill.CountrySkillManager - hid1000100000000005 name:世家丿非宸openUI countryType=0
2020-10-27 15:06:40.187 [OpTaskExecutorService-thread-0] WARN  com.teamtop.system.scene.SceneFunction - hid: 1000100000000005name 世家丿非宸.S1exitScene get sceneEvent is null,sceneSysId:0
2020-10-27 15:06:40.203 [OpTaskExecutorService-thread-0] WARN  com.teamtop.system.scene.SceneFunction - hid: 1000100000000005name 世家丿非宸.S1exitScene get sceneEvent is null,sceneSysId:0
2020-10-27 15:06:40.203 [nioEventLoopGroup-9-4] WARN  com.teamtop.cross.CrossFunction - Cross logout hero is null.hid:1000100000000005 name:世家丿非宸
2020-10-27 15:06:52.653 [OpTaskExecutorService-thread-12] WARN  com.teamtop.system.crossBoss.CrossBossFunction - countryRankList==null
2020-10-27 15:06:52.653 [OpTaskExecutorService-thread-12] WARN  com.teamtop.system.crossBoss.CrossBossFunction - countryRankList==null
2020-10-27 15:06:52.653 [OpTaskExecutorService-thread-12] WARN  com.teamtop.system.crossBoss.CrossBossFunction - countryRankList==null
2020-10-27 15:06:52.653 [OpTaskExecutorService-thread-12] WARN  com.teamtop.system.crossBoss.CrossBossFunction - countryRankList==null
2020-10-27 15:06:52.653 [OpTaskExecutorService-thread-12] WARN  com.teamtop.system.crossBoss.CrossBossFunction - countryRankList==null
2020-10-27 15:06:53.452 [OpTaskExecutorService-thread-12] WARN  com.teamtop.system.crossBoss.CrossBossFunction - countryRankList==null
2020-10-27 15:06:53.452 [OpTaskExecutorService-thread-12] WARN  com.teamtop.system.crossBoss.CrossBossFunction - countryRankList==null
2020-10-27 15:06:53.452 [OpTaskExecutorService-thread-12] WARN  com.teamtop.system.crossBoss.CrossBossFunction - countryRankList==null
2020-10-27 15:06:53.452 [OpTaskExecutorService-thread-12] WARN  com.teamtop.system.crossBoss.CrossBossFunction - countryRankList==null
2020-10-27 15:06:53.452 [OpTaskExecutorService-thread-12] WARN  com.teamtop.system.crossBoss.CrossBossFunction - countryRankList==null
2020-10-27 15:06:54.485 [OpTaskExecutorService-thread-12] WARN  com.teamtop.system.crossBoss.CrossBossFunction - countryRankList==null
2020-10-27 15:06:54.485 [OpTaskExecutorService-thread-12] WARN  com.teamtop.system.crossBoss.CrossBossFunction - countryRankList==null
2020-10-27 15:06:54.485 [OpTaskExecutorService-thread-12] WARN  com.teamtop.system.crossBoss.CrossBossFunction - countryRankList==null
2020-10-27 15:06:54.485 [OpTaskExecutorService-thread-12] WARN  com.teamtop.system.crossBoss.CrossBossFunction - countryRankList==null
2020-10-27 15:06:54.485 [OpTaskExecutorService-thread-12] WARN  com.teamtop.system.crossBoss.CrossBossFunction - countryRankList==null
2020-10-27 15:06:54.829 [OpTaskExecutorService-thread-12] WARN  com.teamtop.system.boss.monsterGod.MonsterGodFunction - monsterGodCache==null
2020-10-27 15:06:55.000 [OpTaskExecutorService-thread-12] WARN  com.teamtop.system.crossBoss.CrossBossFunction - countryRankList==null
2020-10-27 15:06:55.000 [OpTaskExecutorService-thread-12] WARN  com.teamtop.system.crossBoss.CrossBossFunction - countryRankList==null
2020-10-27 15:06:55.000 [OpTaskExecutorService-thread-12] WARN  com.teamtop.system.crossBoss.CrossBossFunction - countryRankList==null
2020-10-27 15:06:55.000 [OpTaskExecutorService-thread-12] WARN  com.teamtop.system.crossBoss.CrossBossFunction - countryRankList==null
2020-10-27 15:06:55.000 [OpTaskExecutorService-thread-12] WARN  com.teamtop.system.crossBoss.CrossBossFunction - countryRankList==null
2020-10-27 15:06:55.143 [OpTaskExecutorService-thread-12] WARN  com.teamtop.system.boss.monsterGod.MonsterGodFunction - monsterGodCache==null
2020-10-27 15:06:55.766 [OpTaskExecutorService-thread-12] WARN  com.teamtop.system.crossBoss.CrossBossFunction - countryRankList==null
2020-10-27 15:06:55.766 [OpTaskExecutorService-thread-12] WARN  com.teamtop.system.crossBoss.CrossBossFunction - countryRankList==null
2020-10-27 15:06:55.766 [OpTaskExecutorService-thread-12] WARN  com.teamtop.system.crossBoss.CrossBossFunction - countryRankList==null
2020-10-27 15:06:55.766 [OpTaskExecutorService-thread-12] WARN  com.teamtop.system.crossBoss.CrossBossFunction - countryRankList==null
2020-10-27 15:06:55.766 [OpTaskExecutorService-thread-12] WARN  com.teamtop.system.crossBoss.CrossBossFunction - countryRankList==null
2020-10-27 15:06:56.302 [OpTaskExecutorService-thread-12] WARN  com.teamtop.system.crossBoss.CrossBossFunction - countryRankList==null
2020-10-27 15:06:56.302 [OpTaskExecutorService-thread-12] WARN  com.teamtop.system.crossBoss.CrossBossFunction - countryRankList==null
2020-10-27 15:06:56.302 [OpTaskExecutorService-thread-12] WARN  com.teamtop.system.crossBoss.CrossBossFunction - countryRankList==null
2020-10-27 15:06:56.302 [OpTaskExecutorService-thread-12] WARN  com.teamtop.system.crossBoss.CrossBossFunction - countryRankList==null
2020-10-27 15:06:56.302 [OpTaskExecutorService-thread-12] WARN  com.teamtop.system.crossBoss.CrossBossFunction - countryRankList==null
2020-10-27 15:06:56.707 [OpTaskExecutorService-thread-12] WARN  com.teamtop.system.boss.monsterGod.MonsterGodFunction - monsterGodCache==null
2020-10-27 15:06:56.863 [OpTaskExecutorService-thread-12] WARN  com.teamtop.system.crossBoss.CrossBossFunction - countryRankList==null
2020-10-27 15:06:56.863 [OpTaskExecutorService-thread-12] WARN  com.teamtop.system.crossBoss.CrossBossFunction - countryRankList==null
2020-10-27 15:06:56.863 [OpTaskExecutorService-thread-12] WARN  com.teamtop.system.crossBoss.CrossBossFunction - countryRankList==null
2020-10-27 15:06:56.863 [OpTaskExecutorService-thread-12] WARN  com.teamtop.system.crossBoss.CrossBossFunction - countryRankList==null
2020-10-27 15:06:56.863 [OpTaskExecutorService-thread-12] WARN  com.teamtop.system.crossBoss.CrossBossFunction - countryRankList==null
2020-10-27 15:06:56.942 [OpTaskExecutorService-thread-12] WARN  com.teamtop.system.boss.monsterGod.MonsterGodFunction - monsterGodCache==null
2020-10-27 15:06:57.429 [OpTaskExecutorService-thread-12] WARN  com.teamtop.system.crossBoss.CrossBossFunction - countryRankList==null
2020-10-27 15:06:57.429 [OpTaskExecutorService-thread-12] WARN  com.teamtop.system.crossBoss.CrossBossFunction - countryRankList==null
2020-10-27 15:06:57.429 [OpTaskExecutorService-thread-12] WARN  com.teamtop.system.crossBoss.CrossBossFunction - countryRankList==null
2020-10-27 15:06:57.429 [OpTaskExecutorService-thread-12] WARN  com.teamtop.system.crossBoss.CrossBossFunction - countryRankList==null
2020-10-27 15:06:57.429 [OpTaskExecutorService-thread-12] WARN  com.teamtop.system.crossBoss.CrossBossFunction - countryRankList==null
2020-10-27 15:07:04.983 [OpTaskExecutorService-thread-12] WARN  com.teamtop.system.crossBoss.CrossBossFunction - countryRankList==null
2020-10-27 15:07:04.983 [OpTaskExecutorService-thread-12] WARN  com.teamtop.system.crossBoss.CrossBossFunction - countryRankList==null
2020-10-27 15:07:04.983 [OpTaskExecutorService-thread-12] WARN  com.teamtop.system.crossBoss.CrossBossFunction - countryRankList==null
2020-10-27 15:07:04.983 [OpTaskExecutorService-thread-12] WARN  com.teamtop.system.crossBoss.CrossBossFunction - countryRankList==null
2020-10-27 15:07:04.983 [OpTaskExecutorService-thread-12] WARN  com.teamtop.system.crossBoss.CrossBossFunction - countryRankList==null
2020-10-27 15:07:05.376 [OpTaskExecutorService-thread-0] WARN  com.teamtop.system.hero.FightCalcFunction - hero set fight attribute value fail cause of attributes array is null!
2020-10-27 15:07:05.376 [OpTaskExecutorService-thread-0] WARN  com.teamtop.system.hero.FightCalcFunction - hero set fight attribute value fail cause of attributes array is null!
2020-10-27 15:07:05.376 [OpTaskExecutorService-thread-0] WARN  com.teamtop.system.hero.FightCalcFunction - hero set fight attribute value fail cause of attributes array is null!
2020-10-27 15:07:05.376 [OpTaskExecutorService-thread-0] WARN  com.teamtop.system.hero.FightCalcFunction - hero set fight attribute value fail cause of attributes array is null!
2020-10-27 15:07:05.376 [OpTaskExecutorService-thread-0] WARN  com.teamtop.system.hero.FightCalcFunction - hero set fight attribute value fail cause of attributes array is null!
2020-10-27 15:07:05.391 [OpTaskExecutorService-thread-9] WARN  com.teamtop.system.hero.FightCalcFunction - hero set fight attribute value fail cause of attributes array is null!
2020-10-27 15:07:05.547 [OpTaskExecutorService-thread-12] WARN  com.teamtop.system.crossBoss.CrossBossFunction - countryRankList==null
2020-10-27 15:07:05.547 [OpTaskExecutorService-thread-12] WARN  com.teamtop.system.crossBoss.CrossBossFunction - countryRankList==null
2020-10-27 15:07:05.547 [OpTaskExecutorService-thread-12] WARN  com.teamtop.system.crossBoss.CrossBossFunction - countryRankList==null
2020-10-27 15:07:05.547 [OpTaskExecutorService-thread-12] WARN  com.teamtop.system.crossBoss.CrossBossFunction - countryRankList==null
2020-10-27 15:07:05.547 [OpTaskExecutorService-thread-12] WARN  com.teamtop.system.crossBoss.CrossBossFunction - countryRankList==null
2020-10-27 15:07:05.878 [OpTaskExecutorService-thread-0] WARN  com.teamtop.system.hero.FightCalcFunction - hero set fight attribute value fail cause of attributes array is null!
2020-10-27 15:07:05.878 [OpTaskExecutorService-thread-0] WARN  com.teamtop.system.hero.FightCalcFunction - hero set fight attribute value fail cause of attributes array is null!
2020-10-27 15:07:05.878 [OpTaskExecutorService-thread-0] WARN  com.teamtop.system.hero.FightCalcFunction - hero set fight attribute value fail cause of attributes array is null!
2020-10-27 15:07:05.878 [OpTaskExecutorService-thread-0] WARN  com.teamtop.system.hero.FightCalcFunction - hero set fight attribute value fail cause of attributes array is null!
2020-10-27 15:07:05.878 [OpTaskExecutorService-thread-0] WARN  com.teamtop.system.hero.FightCalcFunction - hero set fight attribute value fail cause of attributes array is null!
2020-10-27 15:07:05.878 [OpTaskExecutorService-thread-0] WARN  com.teamtop.system.hero.FightCalcFunction - hero set fight attribute value fail cause of attributes array is null!
2020-10-27 15:07:05.878 [OpTaskExecutorService-thread-9] WARN  com.teamtop.system.hero.FightCalcFunction - hero set fight attribute value fail cause of attributes array is null!
2020-10-27 15:07:06.081 [OpTaskExecutorService-thread-12] WARN  com.teamtop.system.crossBoss.CrossBossFunction - countryRankList==null
2020-10-27 15:07:06.081 [OpTaskExecutorService-thread-12] WARN  com.teamtop.system.crossBoss.CrossBossFunction - countryRankList==null
2020-10-27 15:07:06.081 [OpTaskExecutorService-thread-12] WARN  com.teamtop.system.crossBoss.CrossBossFunction - countryRankList==null
2020-10-27 15:07:06.081 [OpTaskExecutorService-thread-12] WARN  com.teamtop.system.crossBoss.CrossBossFunction - countryRankList==null
2020-10-27 15:07:06.081 [OpTaskExecutorService-thread-12] WARN  com.teamtop.system.crossBoss.CrossBossFunction - countryRankList==null
2020-10-27 15:07:06.335 [OpTaskExecutorService-thread-0] WARN  com.teamtop.system.hero.FightCalcFunction - hero set fight attribute value fail cause of attributes array is null!
2020-10-27 15:07:06.335 [OpTaskExecutorService-thread-0] WARN  com.teamtop.system.hero.FightCalcFunction - hero set fight attribute value fail cause of attributes array is null!
2020-10-27 15:07:06.335 [OpTaskExecutorService-thread-0] WARN  com.teamtop.system.hero.FightCalcFunction - hero set fight attribute value fail cause of attributes array is null!
2020-10-27 15:07:06.335 [OpTaskExecutorService-thread-0] WARN  com.teamtop.system.hero.FightCalcFunction - hero set fight attribute value fail cause of attributes array is null!
2020-10-27 15:07:06.335 [OpTaskExecutorService-thread-0] WARN  com.teamtop.system.hero.FightCalcFunction - hero set fight attribute value fail cause of attributes array is null!
2020-10-27 15:07:06.335 [OpTaskExecutorService-thread-0] WARN  com.teamtop.system.hero.FightCalcFunction - hero set fight attribute value fail cause of attributes array is null!
2020-10-27 15:07:06.335 [OpTaskExecutorService-thread-9] WARN  com.teamtop.system.hero.FightCalcFunction - hero set fight attribute value fail cause of attributes array is null!
2020-10-27 15:07:06.414 [OpTaskExecutorService-thread-12] WARN  com.teamtop.system.boss.monsterGod.MonsterGodFunction - monsterGodCache==null
2020-10-27 15:07:06.570 [OpTaskExecutorService-thread-12] WARN  com.teamtop.system.crossBoss.CrossBossFunction - countryRankList==null
2020-10-27 15:07:06.570 [OpTaskExecutorService-thread-12] WARN  com.teamtop.system.crossBoss.CrossBossFunction - countryRankList==null
2020-10-27 15:07:06.570 [OpTaskExecutorService-thread-12] WARN  com.teamtop.system.crossBoss.CrossBossFunction - countryRankList==null
2020-10-27 15:07:06.570 [OpTaskExecutorService-thread-12] WARN  com.teamtop.system.crossBoss.CrossBossFunction - countryRankList==null
2020-10-27 15:07:06.570 [OpTaskExecutorService-thread-12] WARN  com.teamtop.system.crossBoss.CrossBossFunction - countryRankList==null
2020-10-27 15:07:06.806 [OpTaskExecutorService-thread-12] WARN  com.teamtop.system.boss.monsterGod.MonsterGodFunction - monsterGodCache==null
2020-10-27 15:07:07.207 [OpTaskExecutorService-thread-12] WARN  com.teamtop.system.crossBoss.CrossBossFunction - countryRankList==null
2020-10-27 15:07:07.207 [OpTaskExecutorService-thread-12] WARN  com.teamtop.system.crossBoss.CrossBossFunction - countryRankList==null
2020-10-27 15:07:07.207 [OpTaskExecutorService-thread-12] WARN  com.teamtop.system.crossBoss.CrossBossFunction - countryRankList==null
2020-10-27 15:07:07.207 [OpTaskExecutorService-thread-12] WARN  com.teamtop.system.crossBoss.CrossBossFunction - countryRankList==null
2020-10-27 15:07:07.207 [OpTaskExecutorService-thread-12] WARN  com.teamtop.system.crossBoss.CrossBossFunction - countryRankList==null
2020-10-27 15:07:07.856 [OpTaskExecutorService-thread-12] WARN  com.teamtop.system.crossBoss.CrossBossFunction - countryRankList==null
2020-10-27 15:07:07.856 [OpTaskExecutorService-thread-12] WARN  com.teamtop.system.crossBoss.CrossBossFunction - countryRankList==null
2020-10-27 15:07:07.856 [OpTaskExecutorService-thread-12] WARN  com.teamtop.system.crossBoss.CrossBossFunction - countryRankList==null
2020-10-27 15:07:07.856 [OpTaskExecutorService-thread-12] WARN  com.teamtop.system.crossBoss.CrossBossFunction - countryRankList==null
2020-10-27 15:07:07.856 [OpTaskExecutorService-thread-12] WARN  com.teamtop.system.crossBoss.CrossBossFunction - countryRankList==null
2020-10-27 15:07:08.296 [OpTaskExecutorService-thread-12] WARN  com.teamtop.system.crossBoss.CrossBossFunction - countryRankList==null
2020-10-27 15:07:08.296 [OpTaskExecutorService-thread-12] WARN  com.teamtop.system.crossBoss.CrossBossFunction - countryRankList==null
2020-10-27 15:07:08.296 [OpTaskExecutorService-thread-12] WARN  com.teamtop.system.crossBoss.CrossBossFunction - countryRankList==null
2020-10-27 15:07:08.296 [OpTaskExecutorService-thread-12] WARN  com.teamtop.system.crossBoss.CrossBossFunction - countryRankList==null
2020-10-27 15:07:08.296 [OpTaskExecutorService-thread-12] WARN  com.teamtop.system.crossBoss.CrossBossFunction - countryRankList==null
2020-10-27 15:07:08.811 [OpTaskExecutorService-thread-12] WARN  com.teamtop.system.crossBoss.CrossBossFunction - countryRankList==null
2020-10-27 15:07:08.811 [OpTaskExecutorService-thread-12] WARN  com.teamtop.system.crossBoss.CrossBossFunction - countryRankList==null
2020-10-27 15:07:08.811 [OpTaskExecutorService-thread-12] WARN  com.teamtop.system.crossBoss.CrossBossFunction - countryRankList==null
2020-10-27 15:07:08.811 [OpTaskExecutorService-thread-12] WARN  com.teamtop.system.crossBoss.CrossBossFunction - countryRankList==null
2020-10-27 15:07:08.811 [OpTaskExecutorService-thread-12] WARN  com.teamtop.system.crossBoss.CrossBossFunction - countryRankList==null
2020-10-27 15:07:09.283 [OpTaskExecutorService-thread-12] WARN  com.teamtop.system.crossBoss.CrossBossFunction - countryRankList==null
2020-10-27 15:07:09.283 [OpTaskExecutorService-thread-12] WARN  com.teamtop.system.crossBoss.CrossBossFunction - countryRankList==null
2020-10-27 15:07:09.283 [OpTaskExecutorService-thread-12] WARN  com.teamtop.system.crossBoss.CrossBossFunction - countryRankList==null
2020-10-27 15:07:09.283 [OpTaskExecutorService-thread-12] WARN  com.teamtop.system.crossBoss.CrossBossFunction - countryRankList==null
2020-10-27 15:07:09.283 [OpTaskExecutorService-thread-12] WARN  com.teamtop.system.crossBoss.CrossBossFunction - countryRankList==null
2020-10-27 15:07:09.642 [OpTaskExecutorService-thread-12] WARN  com.teamtop.system.boss.monsterGod.MonsterGodFunction - monsterGodCache==null
2020-10-27 15:07:09.799 [OpTaskExecutorService-thread-12] WARN  com.teamtop.system.crossBoss.CrossBossFunction - countryRankList==null
2020-10-27 15:07:09.799 [OpTaskExecutorService-thread-12] WARN  com.teamtop.system.crossBoss.CrossBossFunction - countryRankList==null
2020-10-27 15:07:09.799 [OpTaskExecutorService-thread-12] WARN  com.teamtop.system.crossBoss.CrossBossFunction - countryRankList==null
2020-10-27 15:07:09.799 [OpTaskExecutorService-thread-12] WARN  com.teamtop.system.crossBoss.CrossBossFunction - countryRankList==null
2020-10-27 15:07:09.799 [OpTaskExecutorService-thread-12] WARN  com.teamtop.system.crossBoss.CrossBossFunction - countryRankList==null
2020-10-27 15:07:09.877 [OpTaskExecutorService-thread-12] WARN  com.teamtop.system.boss.monsterGod.MonsterGodFunction - monsterGodCache==null
2020-10-27 15:07:10.271 [OpTaskExecutorService-thread-12] WARN  com.teamtop.system.crossBoss.CrossBossFunction - countryRankList==null
2020-10-27 15:07:10.271 [OpTaskExecutorService-thread-12] WARN  com.teamtop.system.crossBoss.CrossBossFunction - countryRankList==null
2020-10-27 15:07:10.271 [OpTaskExecutorService-thread-12] WARN  com.teamtop.system.crossBoss.CrossBossFunction - countryRankList==null
2020-10-27 15:07:10.271 [OpTaskExecutorService-thread-12] WARN  com.teamtop.system.crossBoss.CrossBossFunction - countryRankList==null
2020-10-27 15:07:10.271 [OpTaskExecutorService-thread-12] WARN  com.teamtop.system.crossBoss.CrossBossFunction - countryRankList==null
2020-10-27 15:07:10.842 [OpTaskExecutorService-thread-12] WARN  com.teamtop.system.crossBoss.CrossBossFunction - countryRankList==null
2020-10-27 15:07:10.843 [OpTaskExecutorService-thread-12] WARN  com.teamtop.system.crossBoss.CrossBossFunction - countryRankList==null
2020-10-27 15:07:10.843 [OpTaskExecutorService-thread-12] WARN  com.teamtop.system.crossBoss.CrossBossFunction - countryRankList==null
2020-10-27 15:07:10.843 [OpTaskExecutorService-thread-12] WARN  com.teamtop.system.crossBoss.CrossBossFunction - countryRankList==null
2020-10-27 15:07:10.843 [OpTaskExecutorService-thread-12] WARN  com.teamtop.system.crossBoss.CrossBossFunction - countryRankList==null
2020-10-27 15:07:11.172 [OpTaskExecutorService-thread-12] WARN  com.teamtop.system.boss.monsterGod.MonsterGodFunction - monsterGodCache==null
2020-10-27 15:07:11.344 [OpTaskExecutorService-thread-12] WARN  com.teamtop.system.crossBoss.CrossBossFunction - countryRankList==null
2020-10-27 15:07:11.344 [OpTaskExecutorService-thread-12] WARN  com.teamtop.system.crossBoss.CrossBossFunction - countryRankList==null
2020-10-27 15:07:11.344 [OpTaskExecutorService-thread-12] WARN  com.teamtop.system.crossBoss.CrossBossFunction - countryRankList==null
2020-10-27 15:07:11.344 [OpTaskExecutorService-thread-12] WARN  com.teamtop.system.crossBoss.CrossBossFunction - countryRankList==null
2020-10-27 15:07:11.344 [OpTaskExecutorService-thread-12] WARN  com.teamtop.system.crossBoss.CrossBossFunction - countryRankList==null
2020-10-27 15:07:11.439 [OpTaskExecutorService-thread-12] WARN  com.teamtop.system.boss.monsterGod.MonsterGodFunction - monsterGodCache==null
2020-10-27 15:07:11.923 [OpTaskExecutorService-thread-12] WARN  com.teamtop.system.crossBoss.CrossBossFunction - countryRankList==null
2020-10-27 15:07:11.923 [OpTaskExecutorService-thread-12] WARN  com.teamtop.system.crossBoss.CrossBossFunction - countryRankList==null
2020-10-27 15:07:11.923 [OpTaskExecutorService-thread-12] WARN  com.teamtop.system.crossBoss.CrossBossFunction - countryRankList==null
2020-10-27 15:07:11.923 [OpTaskExecutorService-thread-12] WARN  com.teamtop.system.crossBoss.CrossBossFunction - countryRankList==null
2020-10-27 15:07:11.923 [OpTaskExecutorService-thread-12] WARN  com.teamtop.system.crossBoss.CrossBossFunction - countryRankList==null
2020-10-27 15:07:18.312 [OpTaskExecutorService-thread-12] WARN  com.teamtop.system.chat.ChatManager - broadCast castNum is error!castNum:2008 广播表还没录
2020-10-27 15:07:18.910 [OpTaskExecutorService-thread-12] WARN  com.teamtop.system.crossBoss.CrossBossFunction - countryRankList==null
2020-10-27 15:07:18.910 [OpTaskExecutorService-thread-12] WARN  com.teamtop.system.crossBoss.CrossBossFunction - countryRankList==null
2020-10-27 15:07:18.910 [OpTaskExecutorService-thread-12] WARN  com.teamtop.system.crossBoss.CrossBossFunction - countryRankList==null
2020-10-27 15:07:18.910 [OpTaskExecutorService-thread-12] WARN  com.teamtop.system.crossBoss.CrossBossFunction - countryRankList==null
2020-10-27 15:07:18.910 [OpTaskExecutorService-thread-12] WARN  com.teamtop.system.crossBoss.CrossBossFunction - countryRankList==null
2020-10-27 15:07:19.347 [OpTaskExecutorService-thread-12] WARN  com.teamtop.system.crossBoss.CrossBossFunction - countryRankList==null
2020-10-27 15:07:19.347 [OpTaskExecutorService-thread-12] WARN  com.teamtop.system.crossBoss.CrossBossFunction - countryRankList==null
2020-10-27 15:07:19.347 [OpTaskExecutorService-thread-12] WARN  com.teamtop.system.crossBoss.CrossBossFunction - countryRankList==null
2020-10-27 15:07:19.347 [OpTaskExecutorService-thread-12] WARN  com.teamtop.system.crossBoss.CrossBossFunction - countryRankList==null
2020-10-27 15:07:19.347 [OpTaskExecutorService-thread-12] WARN  com.teamtop.system.crossBoss.CrossBossFunction - countryRankList==null
2020-10-27 15:07:19.822 [OpTaskExecutorService-thread-12] WARN  com.teamtop.system.crossBoss.CrossBossFunction - countryRankList==null
2020-10-27 15:07:19.822 [OpTaskExecutorService-thread-12] WARN  com.teamtop.system.crossBoss.CrossBossFunction - countryRankList==null
2020-10-27 15:07:19.822 [OpTaskExecutorService-thread-12] WARN  com.teamtop.system.crossBoss.CrossBossFunction - countryRankList==null
2020-10-27 15:07:19.822 [OpTaskExecutorService-thread-12] WARN  com.teamtop.system.crossBoss.CrossBossFunction - countryRankList==null
2020-10-27 15:07:19.822 [OpTaskExecutorService-thread-12] WARN  com.teamtop.system.crossBoss.CrossBossFunction - countryRankList==null
2020-10-27 15:07:20.134 [OpTaskExecutorService-thread-12] WARN  com.teamtop.system.boss.monsterGod.MonsterGodFunction - monsterGodCache==null
2020-10-27 15:07:20.275 [OpTaskExecutorService-thread-12] WARN  com.teamtop.system.crossBoss.CrossBossFunction - countryRankList==null
2020-10-27 15:07:20.275 [OpTaskExecutorService-thread-12] WARN  com.teamtop.system.crossBoss.CrossBossFunction - countryRankList==null
2020-10-27 15:07:20.275 [OpTaskExecutorService-thread-12] WARN  com.teamtop.system.crossBoss.CrossBossFunction - countryRankList==null
2020-10-27 15:07:20.275 [OpTaskExecutorService-thread-12] WARN  com.teamtop.system.crossBoss.CrossBossFunction - countryRankList==null
2020-10-27 15:07:20.275 [OpTaskExecutorService-thread-12] WARN  com.teamtop.system.crossBoss.CrossBossFunction - countryRankList==null
2020-10-27 15:07:20.416 [OpTaskExecutorService-thread-12] WARN  com.teamtop.system.boss.monsterGod.MonsterGodFunction - monsterGodCache==null
2020-10-27 15:07:20.759 [OpTaskExecutorService-thread-12] WARN  com.teamtop.system.crossBoss.CrossBossFunction - countryRankList==null
2020-10-27 15:07:20.759 [OpTaskExecutorService-thread-12] WARN  com.teamtop.system.crossBoss.CrossBossFunction - countryRankList==null
2020-10-27 15:07:20.759 [OpTaskExecutorService-thread-12] WARN  com.teamtop.system.crossBoss.CrossBossFunction - countryRankList==null
2020-10-27 15:07:20.759 [OpTaskExecutorService-thread-12] WARN  com.teamtop.system.crossBoss.CrossBossFunction - countryRankList==null
2020-10-27 15:07:20.759 [OpTaskExecutorService-thread-12] WARN  com.teamtop.system.crossBoss.CrossBossFunction - countryRankList==null
2020-10-27 15:07:21.260 [OpTaskExecutorService-thread-12] WARN  com.teamtop.system.crossBoss.CrossBossFunction - countryRankList==null
2020-10-27 15:07:21.260 [OpTaskExecutorService-thread-12] WARN  com.teamtop.system.crossBoss.CrossBossFunction - countryRankList==null
2020-10-27 15:07:21.260 [OpTaskExecutorService-thread-12] WARN  com.teamtop.system.crossBoss.CrossBossFunction - countryRankList==null
2020-10-27 15:07:21.260 [OpTaskExecutorService-thread-12] WARN  com.teamtop.system.crossBoss.CrossBossFunction - countryRankList==null
2020-10-27 15:07:21.260 [OpTaskExecutorService-thread-12] WARN  com.teamtop.system.crossBoss.CrossBossFunction - countryRankList==null
2020-10-27 15:07:21.730 [OpTaskExecutorService-thread-12] WARN  com.teamtop.system.crossBoss.CrossBossFunction - countryRankList==null
2020-10-27 15:07:21.730 [OpTaskExecutorService-thread-12] WARN  com.teamtop.system.crossBoss.CrossBossFunction - countryRankList==null
2020-10-27 15:07:21.730 [OpTaskExecutorService-thread-12] WARN  com.teamtop.system.crossBoss.CrossBossFunction - countryRankList==null
2020-10-27 15:07:21.730 [OpTaskExecutorService-thread-12] WARN  com.teamtop.system.crossBoss.CrossBossFunction - countryRankList==null
2020-10-27 15:07:21.730 [OpTaskExecutorService-thread-12] WARN  com.teamtop.system.crossBoss.CrossBossFunction - countryRankList==null
2020-10-27 15:07:22.295 [OpTaskExecutorService-thread-12] WARN  com.teamtop.system.crossBoss.CrossBossFunction - countryRankList==null
2020-10-27 15:07:22.295 [OpTaskExecutorService-thread-12] WARN  com.teamtop.system.crossBoss.CrossBossFunction - countryRankList==null
2020-10-27 15:07:22.295 [OpTaskExecutorService-thread-12] WARN  com.teamtop.system.crossBoss.CrossBossFunction - countryRankList==null
2020-10-27 15:07:22.295 [OpTaskExecutorService-thread-12] WARN  com.teamtop.system.crossBoss.CrossBossFunction - countryRankList==null
2020-10-27 15:07:22.295 [OpTaskExecutorService-thread-12] WARN  com.teamtop.system.crossBoss.CrossBossFunction - countryRankList==null
2020-10-27 15:07:22.718 [OpTaskExecutorService-thread-12] WARN  com.teamtop.system.crossBoss.CrossBossFunction - countryRankList==null
2020-10-27 15:07:22.718 [OpTaskExecutorService-thread-12] WARN  com.teamtop.system.crossBoss.CrossBossFunction - countryRankList==null
2020-10-27 15:07:22.718 [OpTaskExecutorService-thread-12] WARN  com.teamtop.system.crossBoss.CrossBossFunction - countryRankList==null
2020-10-27 15:07:22.718 [OpTaskExecutorService-thread-12] WARN  com.teamtop.system.crossBoss.CrossBossFunction - countryRankList==null
2020-10-27 15:07:22.718 [OpTaskExecutorService-thread-12] WARN  com.teamtop.system.crossBoss.CrossBossFunction - countryRankList==null
2020-10-27 15:07:23.032 [OpTaskExecutorService-thread-12] WARN  com.teamtop.system.boss.monsterGod.MonsterGodFunction - monsterGodCache==null
2020-10-27 15:07:23.188 [OpTaskExecutorService-thread-12] WARN  com.teamtop.system.crossBoss.CrossBossFunction - countryRankList==null
2020-10-27 15:07:23.188 [OpTaskExecutorService-thread-12] WARN  com.teamtop.system.crossBoss.CrossBossFunction - countryRankList==null
2020-10-27 15:07:23.188 [OpTaskExecutorService-thread-12] WARN  com.teamtop.system.crossBoss.CrossBossFunction - countryRankList==null
2020-10-27 15:07:23.188 [OpTaskExecutorService-thread-12] WARN  com.teamtop.system.crossBoss.CrossBossFunction - countryRankList==null
2020-10-27 15:07:23.188 [OpTaskExecutorService-thread-12] WARN  com.teamtop.system.crossBoss.CrossBossFunction - countryRankList==null
2020-10-27 15:07:23.281 [OpTaskExecutorService-thread-12] WARN  com.teamtop.system.boss.monsterGod.MonsterGodFunction - monsterGodCache==null
2020-10-27 15:07:23.672 [OpTaskExecutorService-thread-12] WARN  com.teamtop.system.crossBoss.CrossBossFunction - countryRankList==null
2020-10-27 15:07:23.672 [OpTaskExecutorService-thread-12] WARN  com.teamtop.system.crossBoss.CrossBossFunction - countryRankList==null
2020-10-27 15:07:23.672 [OpTaskExecutorService-thread-12] WARN  com.teamtop.system.crossBoss.CrossBossFunction - countryRankList==null
2020-10-27 15:07:23.672 [OpTaskExecutorService-thread-12] WARN  com.teamtop.system.crossBoss.CrossBossFunction - countryRankList==null
2020-10-27 15:07:23.672 [OpTaskExecutorService-thread-12] WARN  com.teamtop.system.crossBoss.CrossBossFunction - countryRankList==null
2020-10-27 15:07:24.141 [OpTaskExecutorService-thread-12] WARN  com.teamtop.system.crossBoss.CrossBossFunction - countryRankList==null
2020-10-27 15:07:24.141 [OpTaskExecutorService-thread-12] WARN  com.teamtop.system.crossBoss.CrossBossFunction - countryRankList==null
2020-10-27 15:07:24.141 [OpTaskExecutorService-thread-12] WARN  com.teamtop.system.crossBoss.CrossBossFunction - countryRankList==null
2020-10-27 15:07:24.141 [OpTaskExecutorService-thread-12] WARN  com.teamtop.system.crossBoss.CrossBossFunction - countryRankList==null
2020-10-27 15:07:24.141 [OpTaskExecutorService-thread-12] WARN  com.teamtop.system.crossBoss.CrossBossFunction - countryRankList==null
2020-10-27 15:07:24.471 [OpTaskExecutorService-thread-12] WARN  com.teamtop.system.boss.monsterGod.MonsterGodFunction - monsterGodCache==null
2020-10-27 15:07:24.627 [OpTaskExecutorService-thread-12] WARN  com.teamtop.system.crossBoss.CrossBossFunction - countryRankList==null
2020-10-27 15:07:24.627 [OpTaskExecutorService-thread-12] WARN  com.teamtop.system.crossBoss.CrossBossFunction - countryRankList==null
2020-10-27 15:07:24.627 [OpTaskExecutorService-thread-12] WARN  com.teamtop.system.crossBoss.CrossBossFunction - countryRankList==null
2020-10-27 15:07:24.627 [OpTaskExecutorService-thread-12] WARN  com.teamtop.system.crossBoss.CrossBossFunction - countryRankList==null
2020-10-27 15:07:24.627 [OpTaskExecutorService-thread-12] WARN  com.teamtop.system.crossBoss.CrossBossFunction - countryRankList==null
2020-10-27 15:07:24.705 [OpTaskExecutorService-thread-12] WARN  com.teamtop.system.boss.monsterGod.MonsterGodFunction - monsterGodCache==null
2020-10-27 15:07:25.158 [OpTaskExecutorService-thread-12] WARN  com.teamtop.system.crossBoss.CrossBossFunction - countryRankList==null
2020-10-27 15:07:25.158 [OpTaskExecutorService-thread-12] WARN  com.teamtop.system.crossBoss.CrossBossFunction - countryRankList==null
2020-10-27 15:07:25.158 [OpTaskExecutorService-thread-12] WARN  com.teamtop.system.crossBoss.CrossBossFunction - countryRankList==null
2020-10-27 15:07:25.158 [OpTaskExecutorService-thread-12] WARN  com.teamtop.system.crossBoss.CrossBossFunction - countryRankList==null
2020-10-27 15:07:25.158 [OpTaskExecutorService-thread-12] WARN  com.teamtop.system.crossBoss.CrossBossFunction - countryRankList==null
2020-10-27 15:07:25.659 [OpTaskExecutorService-thread-12] WARN  com.teamtop.system.chat.ChatManager - broadCast castNum is error!castNum:2008 广播表还没录
2020-10-27 15:07:27.675 [OpTaskExecutorService-thread-0] WARN  com.teamtop.system.hero.FightCalcFunction - hero set fight attribute value fail cause of attributes array is null!
2020-10-27 15:07:27.675 [OpTaskExecutorService-thread-0] WARN  com.teamtop.system.hero.FightCalcFunction - hero set fight attribute value fail cause of attributes array is null!
2020-10-27 15:07:27.675 [OpTaskExecutorService-thread-0] WARN  com.teamtop.system.hero.FightCalcFunction - hero set fight attribute value fail cause of attributes array is null!
2020-10-27 15:07:27.675 [OpTaskExecutorService-thread-0] WARN  com.teamtop.system.hero.FightCalcFunction - hero set fight attribute value fail cause of attributes array is null!
2020-10-27 15:07:27.675 [OpTaskExecutorService-thread-0] WARN  com.teamtop.system.hero.FightCalcFunction - hero set fight attribute value fail cause of attributes array is null!
2020-10-27 15:07:27.690 [OpTaskExecutorService-thread-9] WARN  com.teamtop.system.hero.FightCalcFunction - hero set fight attribute value fail cause of attributes array is null!
2020-10-27 15:07:27.753 [OpTaskExecutorService-thread-0] WARN  com.teamtop.system.hero.FightCalcFunction - hero set fight attribute value fail cause of attributes array is null!
2020-10-27 15:07:27.753 [OpTaskExecutorService-thread-0] WARN  com.teamtop.system.hero.FightCalcFunction - hero set fight attribute value fail cause of attributes array is null!
2020-10-27 15:07:27.753 [OpTaskExecutorService-thread-0] WARN  com.teamtop.system.hero.FightCalcFunction - hero set fight attribute value fail cause of attributes array is null!
2020-10-27 15:07:27.753 [OpTaskExecutorService-thread-0] WARN  com.teamtop.system.hero.FightCalcFunction - hero set fight attribute value fail cause of attributes array is null!
2020-10-27 15:07:27.753 [OpTaskExecutorService-thread-0] WARN  com.teamtop.system.hero.FightCalcFunction - hero set fight attribute value fail cause of attributes array is null!
2020-10-27 15:07:27.753 [OpTaskExecutorService-thread-0] WARN  com.teamtop.system.hero.FightCalcFunction - hero set fight attribute value fail cause of attributes array is null!
2020-10-27 15:07:27.768 [OpTaskExecutorService-thread-9] WARN  com.teamtop.system.hero.FightCalcFunction - hero set fight attribute value fail cause of attributes array is null!
2020-10-27 15:07:27.894 [OpTaskExecutorService-thread-0] WARN  com.teamtop.system.hero.FightCalcFunction - hero set fight attribute value fail cause of attributes array is null!
2020-10-27 15:07:27.894 [OpTaskExecutorService-thread-0] WARN  com.teamtop.system.hero.FightCalcFunction - hero set fight attribute value fail cause of attributes array is null!
2020-10-27 15:07:27.894 [OpTaskExecutorService-thread-0] WARN  com.teamtop.system.hero.FightCalcFunction - hero set fight attribute value fail cause of attributes array is null!
2020-10-27 15:07:27.894 [OpTaskExecutorService-thread-0] WARN  com.teamtop.system.hero.FightCalcFunction - hero set fight attribute value fail cause of attributes array is null!
2020-10-27 15:07:27.894 [OpTaskExecutorService-thread-0] WARN  com.teamtop.system.hero.FightCalcFunction - hero set fight attribute value fail cause of attributes array is null!
2020-10-27 15:07:27.894 [OpTaskExecutorService-thread-0] WARN  com.teamtop.system.hero.FightCalcFunction - hero set fight attribute value fail cause of attributes array is null!
2020-10-27 15:07:27.910 [OpTaskExecutorService-thread-9] WARN  com.teamtop.system.hero.FightCalcFunction - hero set fight attribute value fail cause of attributes array is null!
2020-10-27 15:07:40.005 [OpTaskExecutorService-thread-0] WARN  com.teamtop.system.chat.ChatManager - broadCast castNum is error!castNum:2008 广播表还没录
2020-10-27 15:07:40.334 [OpTaskExecutorService-thread-0] WARN  com.teamtop.system.guanqia.GuanqiaManager - guanqia compare:297,hid:1000100000000005
2020-10-27 15:07:40.349 [OpTaskExecutorService-thread-9] WARN  com.teamtop.system.hero.FightCalcFunction - hero set fight attribute value fail cause of attributes array is null!
2020-10-27 15:07:40.951 [OpTaskExecutorService-thread-0] WARN  com.teamtop.system.guanqia.GuanqiaManager - guanqia compare:914,hid:1000100000000005
2020-10-27 15:07:41.421 [OpTaskExecutorService-thread-0] WARN  com.teamtop.system.guanqia.GuanqiaManager - guanqia compare:1384,hid:1000100000000005
2020-10-27 15:07:41.873 [OpTaskExecutorService-thread-0] WARN  com.teamtop.system.guanqia.GuanqiaManager - guanqia compare:1836,hid:1000100000000005
2020-10-27 15:08:54.432 [任务线程 - 11] WARN  com.teamtop.system.hero.FightCalcFunction - hero set fight attribute value fail cause of attributes array is null!
2020-10-27 15:08:54.432 [任务线程 - 11] WARN  com.teamtop.system.hero.FightCalcFunction - hero set fight attribute value fail cause of attributes array is null!
2020-10-27 15:08:54.432 [任务线程 - 11] WARN  com.teamtop.system.hero.FightCalcFunction - hero set fight attribute value fail cause of attributes array is null!
2020-10-27 15:08:54.432 [任务线程 - 11] WARN  com.teamtop.system.hero.FightCalcFunction - hero set fight attribute value fail cause of attributes array is null!
2020-10-27 15:08:54.432 [任务线程 - 11] WARN  com.teamtop.system.hero.FightCalcFunction - hero set fight attribute value fail cause of attributes array is null!
2020-10-27 15:08:54.448 [OpTaskExecutorService-thread-9] WARN  com.teamtop.system.hero.FightCalcFunction - hero set fight attribute value fail cause of attributes array is null!
2020-10-27 15:08:54.574 [任务线程 - 11] WARN  com.teamtop.system.hero.FightCalcFunction - hero set fight attribute value fail cause of attributes array is null!
2020-10-27 15:08:54.574 [任务线程 - 11] WARN  com.teamtop.system.hero.FightCalcFunction - hero set fight attribute value fail cause of attributes array is null!
2020-10-27 15:08:54.574 [任务线程 - 11] WARN  com.teamtop.system.hero.FightCalcFunction - hero set fight attribute value fail cause of attributes array is null!
2020-10-27 15:08:54.574 [OpTaskExecutorService-thread-9] WARN  com.teamtop.system.hero.FightCalcFunction - hero set fight attribute value fail cause of attributes array is null!
2020-10-27 15:08:54.574 [任务线程 - 11] WARN  com.teamtop.system.hero.FightCalcFunction - hero set fight attribute value fail cause of attributes array is null!
2020-10-27 15:08:54.574 [任务线程 - 11] WARN  com.teamtop.system.hero.FightCalcFunction - hero set fight attribute value fail cause of attributes array is null!
2020-10-27 15:08:54.574 [任务线程 - 11] WARN  com.teamtop.system.hero.FightCalcFunction - hero set fight attribute value fail cause of attributes array is null!
2020-10-27 15:08:54.730 [任务线程 - 11] WARN  com.teamtop.system.hero.FightCalcFunction - hero set fight attribute value fail cause of attributes array is null!
2020-10-27 15:08:54.730 [任务线程 - 11] WARN  com.teamtop.system.hero.FightCalcFunction - hero set fight attribute value fail cause of attributes array is null!
2020-10-27 15:08:54.730 [任务线程 - 11] WARN  com.teamtop.system.hero.FightCalcFunction - hero set fight attribute value fail cause of attributes array is null!
2020-10-27 15:08:54.730 [任务线程 - 11] WARN  com.teamtop.system.hero.FightCalcFunction - hero set fight attribute value fail cause of attributes array is null!
2020-10-27 15:08:54.730 [OpTaskExecutorService-thread-9] WARN  com.teamtop.system.hero.FightCalcFunction - hero set fight attribute value fail cause of attributes array is null!
2020-10-27 15:08:54.730 [任务线程 - 11] WARN  com.teamtop.system.hero.FightCalcFunction - hero set fight attribute value fail cause of attributes array is null!
2020-10-27 15:08:54.730 [任务线程 - 11] WARN  com.teamtop.system.hero.FightCalcFunction - hero set fight attribute value fail cause of attributes array is null!
2020-10-27 15:44:51.369 [OpTaskExecutorService-thread-7] WARN  com.teamtop.system.hero.FightCalcFunction - hero set fight attribute value fail cause of attributes array is null!
2020-10-27 15:44:51.369 [OpTaskExecutorService-thread-7] WARN  com.teamtop.system.hero.FightCalcFunction - hero set fight attribute value fail cause of attributes array is null!
2020-10-27 15:44:51.369 [OpTaskExecutorService-thread-7] WARN  com.teamtop.system.hero.FightCalcFunction - hero set fight attribute value fail cause of attributes array is null!
2020-10-27 15:44:51.369 [OpTaskExecutorService-thread-7] WARN  com.teamtop.system.hero.FightCalcFunction - hero set fight attribute value fail cause of attributes array is null!
2020-10-27 15:44:51.369 [OpTaskExecutorService-thread-7] WARN  com.teamtop.system.hero.FightCalcFunction - hero set fight attribute value fail cause of attributes array is null!
2020-10-27 15:44:51.369 [OpTaskExecutorService-thread-7] WARN  com.teamtop.system.hero.FightCalcFunction - hero set fight attribute value fail cause of attributes array is null!
2020-10-27 15:44:51.384 [OpTaskExecutorService-thread-9] WARN  com.teamtop.system.hero.FightCalcFunction - hero set fight attribute value fail cause of attributes array is null!
2020-10-27 15:44:53.274 [OpTaskExecutorService-thread-7] WARN  com.teamtop.system.hero.FightCalcFunction - hero set fight attribute value fail cause of attributes array is null!
2020-10-27 15:44:53.274 [OpTaskExecutorService-thread-7] WARN  com.teamtop.system.boss.countryBoss.CountryBossManager - hero.getCountryType()==0 hid:1000100000000002
2020-10-27 15:44:53.274 [OpTaskExecutorService-thread-7] WARN  com.teamtop.system.zcBoss.ZcBossHeroManager - JoinersMap().containsKey(hero.getId()) hid:1000100000000002
2020-10-27 15:44:53.289 [OpTaskExecutorService-thread-7] WARN  com.teamtop.system.countrySkill.CountrySkillManager - hid1000100000000002 name:才貌丿听雨openUI countryType=0
2020-10-27 15:44:57.425 [OpTaskExecutorService-thread-7] WARN  com.teamtop.system.hero.FightCalcFunction - hero set fight attribute value fail cause of attributes array is null!
