2022-09-17 23:12:22.412 [crossChannelEx - 3] ERROR com.teamtop.netty.handlers.CrossDispatch - java.lang.reflect.InvocationTargetException
	at sun.reflect.NativeMethodAccessorImpl.invoke0(Native Method)
	at sun.reflect.NativeMethodAccessorImpl.invoke(NativeMethodAccessorImpl.java:62)
	at sun.reflect.DelegatingMethodAccessorImpl.invoke(DelegatingMethodAccessorImpl.java:43)
	at java.lang.reflect.Method.invoke(Method.java:498)
	at com.teamtop.netty.handlers.CrossDispatch$3.run(CrossDispatch.java:124)
	at java.util.concurrent.ThreadPoolExecutor.runWorker(ThreadPoolExecutor.java:1149)
	at java.util.concurrent.ThreadPoolExecutor$Worker.run(ThreadPoolExecutor.java:624)
	at java.lang.Thread.run(Thread.java:750)
Caused by: java.lang.NullPointerException
	at com.teamtop.houtaiHttp.events.kuaFuFenQu.KuaFuFenQuCache.getKuaFuFenQuInfo(KuaFuFenQuCache.java:51)
	at com.teamtop.houtaiHttp.events.kuaFuFenQu.KuaFuFenQuIO.getKuaFufenQuInfo(KuaFuFenQuIO.java:44)
	... 8 more
dispatcherMethod err,cmd:259,channel:[id: 0xf1c18606, /127.0.0.1:63919 => /127.0.0.1:11001]
2022-09-17 23:12:32.435 [main] ERROR com.teamtop.cross.callback.ListenerLogic - 
java.util.concurrent.TimeoutException: null
	at java.util.concurrent.FutureTask.get(FutureTask.java:205) ~[na:1.8.0_341]
	at com.teamtop.cross.callback.ListenerLogic.sendAndWait(ListenerLogic.java:96) ~[bin/:na]
	at com.teamtop.netty.util.NettyWrite.writeBlockData(NettyWrite.java:368) [bin/:na]
	at com.teamtop.netty.server.server2.Client_2.getKuaFufenQuInfoAndNewClient(Client_2.java:44) [bin/:na]
	at com.teamtop.netty.server.server2.Client_2.getIns(Client_2.java:27) [bin/:na]
	at com.teamtop.netty.server.ServerController.startServer(ServerController.java:44) [bin/:na]
	at com.teamtop.main.RunLocalServer.main(RunLocalServer.java:28) [bin/:na]
2022-09-17 23:12:32.438 [main] ERROR com.teamtop.main.RunServerException - RunServerException:
2022-09-17 23:12:32.441 [main] ERROR com.teamtop.main.RunServerException - java.lang.NullPointerException
	at com.teamtop.netty.server.server2.Client_2.getKuaFufenQuInfoAndNewClient(Client_2.java:45)
	at com.teamtop.netty.server.server2.Client_2.getIns(Client_2.java:27)
	at com.teamtop.netty.server.ServerController.startServer(ServerController.java:44)
	at com.teamtop.main.RunLocalServer.main(RunLocalServer.java:28)

2022-09-17 23:13:11.385 [crossChannelEx - 6] ERROR com.teamtop.netty.handlers.CrossDispatch - java.lang.reflect.InvocationTargetException
	at sun.reflect.NativeMethodAccessorImpl.invoke0(Native Method)
	at sun.reflect.NativeMethodAccessorImpl.invoke(NativeMethodAccessorImpl.java:62)
	at sun.reflect.DelegatingMethodAccessorImpl.invoke(DelegatingMethodAccessorImpl.java:43)
	at java.lang.reflect.Method.invoke(Method.java:498)
	at com.teamtop.netty.handlers.CrossDispatch$3.run(CrossDispatch.java:124)
	at java.util.concurrent.ThreadPoolExecutor.runWorker(ThreadPoolExecutor.java:1149)
	at java.util.concurrent.ThreadPoolExecutor$Worker.run(ThreadPoolExecutor.java:624)
	at java.lang.Thread.run(Thread.java:750)
Caused by: java.lang.NullPointerException
	at com.teamtop.houtaiHttp.events.kuaFuFenQu.KuaFuFenQuCache.getKuaFuFenQuInfo(KuaFuFenQuCache.java:51)
	at com.teamtop.houtaiHttp.events.kuaFuFenQu.KuaFuFenQuIO.getKuaFufenQuInfo(KuaFuFenQuIO.java:44)
	... 8 more
dispatcherMethod err,cmd:259,channel:[id: 0x73b8919e, /127.0.0.1:63950 => /127.0.0.1:11001]
2022-09-17 23:13:21.391 [main] ERROR com.teamtop.cross.callback.ListenerLogic - 
java.util.concurrent.TimeoutException: null
	at java.util.concurrent.FutureTask.get(FutureTask.java:205) ~[na:1.8.0_341]
	at com.teamtop.cross.callback.ListenerLogic.sendAndWait(ListenerLogic.java:96) ~[bin/:na]
	at com.teamtop.netty.util.NettyWrite.writeBlockData(NettyWrite.java:368) [bin/:na]
	at com.teamtop.netty.server.server2.Client_2.getKuaFufenQuInfoAndNewClient(Client_2.java:44) [bin/:na]
	at com.teamtop.netty.server.server2.Client_2.getIns(Client_2.java:27) [bin/:na]
	at com.teamtop.netty.server.ServerController.startServer(ServerController.java:44) [bin/:na]
	at com.teamtop.main.RunLocalServer.main(RunLocalServer.java:28) [bin/:na]
2022-09-17 23:13:21.396 [main] ERROR com.teamtop.main.RunServerException - RunServerException:
2022-09-17 23:13:21.398 [main] ERROR com.teamtop.main.RunServerException - java.lang.NullPointerException
	at com.teamtop.netty.server.server2.Client_2.getKuaFufenQuInfoAndNewClient(Client_2.java:45)
	at com.teamtop.netty.server.server2.Client_2.getIns(Client_2.java:27)
	at com.teamtop.netty.server.ServerController.startServer(ServerController.java:44)
	at com.teamtop.main.RunLocalServer.main(RunLocalServer.java:28)

2022-09-17 23:15:40.706 [crossChannelEx - 1] ERROR com.teamtop.netty.handlers.CrossDispatch - java.lang.reflect.InvocationTargetException
	at sun.reflect.NativeMethodAccessorImpl.invoke0(Native Method)
	at sun.reflect.NativeMethodAccessorImpl.invoke(NativeMethodAccessorImpl.java:62)
	at sun.reflect.DelegatingMethodAccessorImpl.invoke(DelegatingMethodAccessorImpl.java:43)
	at java.lang.reflect.Method.invoke(Method.java:498)
	at com.teamtop.netty.handlers.CrossDispatch$3.run(CrossDispatch.java:124)
	at java.util.concurrent.ThreadPoolExecutor.runWorker(ThreadPoolExecutor.java:1149)
	at java.util.concurrent.ThreadPoolExecutor$Worker.run(ThreadPoolExecutor.java:624)
	at java.lang.Thread.run(Thread.java:750)
Caused by: java.lang.NullPointerException
	at com.teamtop.houtaiHttp.events.kuaFuFenQu.KuaFuFenQuCache.getKuaFuFenQuInfo(KuaFuFenQuCache.java:51)
	at com.teamtop.houtaiHttp.events.kuaFuFenQu.KuaFuFenQuIO.getKuaFufenQuInfo(KuaFuFenQuIO.java:44)
	... 8 more
dispatcherMethod err,cmd:259,channel:[id: 0x804ebf5d, /127.0.0.1:64002 => /127.0.0.1:11001]
2022-09-17 23:15:50.845 [main] ERROR com.teamtop.cross.callback.ListenerLogic - 
java.util.concurrent.TimeoutException: null
	at java.util.concurrent.FutureTask.get(FutureTask.java:205) ~[na:1.8.0_341]
	at com.teamtop.cross.callback.ListenerLogic.sendAndWait(ListenerLogic.java:96) ~[bin/:na]
	at com.teamtop.netty.util.NettyWrite.writeBlockData(NettyWrite.java:368) [bin/:na]
	at com.teamtop.netty.server.server2.Client_2.getKuaFufenQuInfoAndNewClient(Client_2.java:44) [bin/:na]
	at com.teamtop.netty.server.server2.Client_2.getIns(Client_2.java:27) [bin/:na]
	at com.teamtop.netty.server.ServerController.startServer(ServerController.java:44) [bin/:na]
	at com.teamtop.main.RunLocalServer.main(RunLocalServer.java:28) [bin/:na]
2022-09-17 23:15:50.849 [main] ERROR com.teamtop.main.RunServerException - RunServerException:
2022-09-17 23:15:50.851 [main] ERROR com.teamtop.main.RunServerException - java.lang.NullPointerException
	at com.teamtop.netty.server.server2.Client_2.getKuaFufenQuInfoAndNewClient(Client_2.java:45)
	at com.teamtop.netty.server.server2.Client_2.getIns(Client_2.java:27)
	at com.teamtop.netty.server.ServerController.startServer(ServerController.java:44)
	at com.teamtop.main.RunLocalServer.main(RunLocalServer.java:28)

2022-09-17 23:16:27.192 [crossChannelEx - 4] ERROR com.teamtop.netty.handlers.CrossDispatch - java.lang.reflect.InvocationTargetException
	at sun.reflect.NativeMethodAccessorImpl.invoke0(Native Method)
	at sun.reflect.NativeMethodAccessorImpl.invoke(NativeMethodAccessorImpl.java:62)
	at sun.reflect.DelegatingMethodAccessorImpl.invoke(DelegatingMethodAccessorImpl.java:43)
	at java.lang.reflect.Method.invoke(Method.java:498)
	at com.teamtop.netty.handlers.CrossDispatch$3.run(CrossDispatch.java:124)
	at java.util.concurrent.ThreadPoolExecutor.runWorker(ThreadPoolExecutor.java:1149)
	at java.util.concurrent.ThreadPoolExecutor$Worker.run(ThreadPoolExecutor.java:624)
	at java.lang.Thread.run(Thread.java:750)
Caused by: java.lang.NullPointerException
	at com.teamtop.houtaiHttp.events.kuaFuFenQu.KuaFuFenQuCache.getKuaFuFenQuInfo(KuaFuFenQuCache.java:51)
	at com.teamtop.houtaiHttp.events.kuaFuFenQu.KuaFuFenQuIO.getKuaFufenQuInfo(KuaFuFenQuIO.java:44)
	... 8 more
dispatcherMethod err,cmd:259,channel:[id: 0x23ee562a, /127.0.0.1:64025 => /127.0.0.1:11001]
2022-09-17 23:16:37.208 [main] ERROR com.teamtop.cross.callback.ListenerLogic - 
java.util.concurrent.TimeoutException: null
	at java.util.concurrent.FutureTask.get(FutureTask.java:205) ~[na:1.8.0_341]
	at com.teamtop.cross.callback.ListenerLogic.sendAndWait(ListenerLogic.java:96) ~[bin/:na]
	at com.teamtop.netty.util.NettyWrite.writeBlockData(NettyWrite.java:368) [bin/:na]
	at com.teamtop.netty.server.server2.Client_2.getKuaFufenQuInfoAndNewClient(Client_2.java:44) [bin/:na]
	at com.teamtop.netty.server.server2.Client_2.getIns(Client_2.java:27) [bin/:na]
	at com.teamtop.netty.server.ServerController.startServer(ServerController.java:44) [bin/:na]
	at com.teamtop.main.RunLocalServer.main(RunLocalServer.java:28) [bin/:na]
2022-09-17 23:16:37.216 [main] ERROR com.teamtop.main.RunServerException - RunServerException:
2022-09-17 23:16:37.219 [main] ERROR com.teamtop.main.RunServerException - java.lang.NullPointerException
	at com.teamtop.netty.server.server2.Client_2.getKuaFufenQuInfoAndNewClient(Client_2.java:45)
	at com.teamtop.netty.server.server2.Client_2.getIns(Client_2.java:27)
	at com.teamtop.netty.server.ServerController.startServer(ServerController.java:44)
	at com.teamtop.main.RunLocalServer.main(RunLocalServer.java:28)

2022-09-17 23:17:32.453 [crossChannelEx - 7] ERROR com.teamtop.netty.handlers.CrossDispatch - java.lang.reflect.InvocationTargetException
	at sun.reflect.NativeMethodAccessorImpl.invoke0(Native Method)
	at sun.reflect.NativeMethodAccessorImpl.invoke(NativeMethodAccessorImpl.java:62)
	at sun.reflect.DelegatingMethodAccessorImpl.invoke(DelegatingMethodAccessorImpl.java:43)
	at java.lang.reflect.Method.invoke(Method.java:498)
	at com.teamtop.netty.handlers.CrossDispatch$3.run(CrossDispatch.java:124)
	at java.util.concurrent.ThreadPoolExecutor.runWorker(ThreadPoolExecutor.java:1149)
	at java.util.concurrent.ThreadPoolExecutor$Worker.run(ThreadPoolExecutor.java:624)
	at java.lang.Thread.run(Thread.java:750)
Caused by: java.lang.NullPointerException
	at com.teamtop.houtaiHttp.events.kuaFuFenQu.KuaFuFenQuCache.getKuaFuFenQuInfo(KuaFuFenQuCache.java:51)
	at com.teamtop.houtaiHttp.events.kuaFuFenQu.KuaFuFenQuIO.getKuaFufenQuInfo(KuaFuFenQuIO.java:44)
	... 8 more
dispatcherMethod err,cmd:259,channel:[id: 0xff503425, /127.0.0.1:64050 => /127.0.0.1:11001]
2022-09-17 23:17:42.471 [main] ERROR com.teamtop.cross.callback.ListenerLogic - 
java.util.concurrent.TimeoutException: null
	at java.util.concurrent.FutureTask.get(FutureTask.java:205) ~[na:1.8.0_341]
	at com.teamtop.cross.callback.ListenerLogic.sendAndWait(ListenerLogic.java:96) ~[bin/:na]
	at com.teamtop.netty.util.NettyWrite.writeBlockData(NettyWrite.java:368) [bin/:na]
	at com.teamtop.netty.server.server2.Client_2.getKuaFufenQuInfoAndNewClient(Client_2.java:44) [bin/:na]
	at com.teamtop.netty.server.server2.Client_2.getIns(Client_2.java:27) [bin/:na]
	at com.teamtop.netty.server.ServerController.startServer(ServerController.java:44) [bin/:na]
	at com.teamtop.main.RunLocalServer.main(RunLocalServer.java:28) [bin/:na]
2022-09-17 23:17:42.482 [main] ERROR com.teamtop.main.RunServerException - RunServerException:
2022-09-17 23:17:42.485 [main] ERROR com.teamtop.main.RunServerException - java.lang.NullPointerException
	at com.teamtop.netty.server.server2.Client_2.getKuaFufenQuInfoAndNewClient(Client_2.java:45)
	at com.teamtop.netty.server.server2.Client_2.getIns(Client_2.java:27)
	at com.teamtop.netty.server.ServerController.startServer(ServerController.java:44)
	at com.teamtop.main.RunLocalServer.main(RunLocalServer.java:28)

2022-09-17 23:23:44.698 [crossChannelEx - 2] ERROR com.teamtop.netty.handlers.CrossDispatch - java.lang.reflect.InvocationTargetException
	at sun.reflect.NativeMethodAccessorImpl.invoke0(Native Method)
	at sun.reflect.NativeMethodAccessorImpl.invoke(NativeMethodAccessorImpl.java:62)
	at sun.reflect.DelegatingMethodAccessorImpl.invoke(DelegatingMethodAccessorImpl.java:43)
	at java.lang.reflect.Method.invoke(Method.java:498)
	at com.teamtop.netty.handlers.CrossDispatch$3.run(CrossDispatch.java:124)
	at java.util.concurrent.ThreadPoolExecutor.runWorker(ThreadPoolExecutor.java:1149)
	at java.util.concurrent.ThreadPoolExecutor$Worker.run(ThreadPoolExecutor.java:624)
	at java.lang.Thread.run(Thread.java:750)
Caused by: java.lang.NullPointerException
	at com.teamtop.houtaiHttp.events.kuaFuFenQu.KuaFuFenQuCache.getKuaFuFenQuInfo(KuaFuFenQuCache.java:51)
	at com.teamtop.houtaiHttp.events.kuaFuFenQu.KuaFuFenQuIO.getKuaFufenQuInfo(KuaFuFenQuIO.java:44)
	... 8 more
dispatcherMethod err,cmd:259,channel:[id: 0x2dd8de98, /127.0.0.1:64161 => /127.0.0.1:11001]
2022-09-17 23:23:54.697 [main] ERROR com.teamtop.cross.callback.ListenerLogic - 
java.util.concurrent.TimeoutException: null
	at java.util.concurrent.FutureTask.get(FutureTask.java:205) ~[na:1.8.0_341]
	at com.teamtop.cross.callback.ListenerLogic.sendAndWait(ListenerLogic.java:96) ~[bin/:na]
	at com.teamtop.netty.util.NettyWrite.writeBlockData(NettyWrite.java:368) [bin/:na]
	at com.teamtop.netty.server.server2.Client_2.getKuaFufenQuInfoAndNewClient(Client_2.java:44) [bin/:na]
	at com.teamtop.netty.server.server2.Client_2.getIns(Client_2.java:27) [bin/:na]
	at com.teamtop.netty.server.ServerController.startServer(ServerController.java:44) [bin/:na]
	at com.teamtop.main.RunLocalServer.main(RunLocalServer.java:28) [bin/:na]
2022-09-17 23:23:54.700 [main] ERROR com.teamtop.main.RunServerException - RunServerException:
2022-09-17 23:23:54.702 [main] ERROR com.teamtop.main.RunServerException - java.lang.NullPointerException
	at com.teamtop.netty.server.server2.Client_2.getKuaFufenQuInfoAndNewClient(Client_2.java:45)
	at com.teamtop.netty.server.server2.Client_2.getIns(Client_2.java:27)
	at com.teamtop.netty.server.ServerController.startServer(ServerController.java:44)
	at com.teamtop.main.RunLocalServer.main(RunLocalServer.java:28)

2022-09-17 23:26:20.562 [crossChannelEx - 5] ERROR com.teamtop.netty.handlers.CrossDispatch - java.lang.reflect.InvocationTargetException
	at sun.reflect.NativeMethodAccessorImpl.invoke0(Native Method)
	at sun.reflect.NativeMethodAccessorImpl.invoke(NativeMethodAccessorImpl.java:62)
	at sun.reflect.DelegatingMethodAccessorImpl.invoke(DelegatingMethodAccessorImpl.java:43)
	at java.lang.reflect.Method.invoke(Method.java:498)
	at com.teamtop.netty.handlers.CrossDispatch$3.run(CrossDispatch.java:124)
	at java.util.concurrent.ThreadPoolExecutor.runWorker(ThreadPoolExecutor.java:1149)
	at java.util.concurrent.ThreadPoolExecutor$Worker.run(ThreadPoolExecutor.java:624)
	at java.lang.Thread.run(Thread.java:750)
Caused by: java.lang.NullPointerException
	at com.teamtop.houtaiHttp.events.kuaFuFenQu.KuaFuFenQuCache.getKuaFuFenQuInfo(KuaFuFenQuCache.java:51)
	at com.teamtop.houtaiHttp.events.kuaFuFenQu.KuaFuFenQuIO.getKuaFufenQuInfo(KuaFuFenQuIO.java:44)
	... 8 more
dispatcherMethod err,cmd:259,channel:[id: 0x066f965a, /127.0.0.1:64378 => /127.0.0.1:11001]
2022-09-17 23:26:30.576 [main] ERROR com.teamtop.cross.callback.ListenerLogic - 
java.util.concurrent.TimeoutException: null
	at java.util.concurrent.FutureTask.get(FutureTask.java:205) ~[na:1.8.0_341]
	at com.teamtop.cross.callback.ListenerLogic.sendAndWait(ListenerLogic.java:96) ~[bin/:na]
	at com.teamtop.netty.util.NettyWrite.writeBlockData(NettyWrite.java:368) [bin/:na]
	at com.teamtop.netty.server.server2.Client_2.getKuaFufenQuInfoAndNewClient(Client_2.java:44) [bin/:na]
	at com.teamtop.netty.server.server2.Client_2.getIns(Client_2.java:27) [bin/:na]
	at com.teamtop.netty.server.ServerController.startServer(ServerController.java:44) [bin/:na]
	at com.teamtop.main.RunLocalServer.main(RunLocalServer.java:28) [bin/:na]
2022-09-17 23:26:30.586 [main] ERROR com.teamtop.main.RunServerException - RunServerException:
2022-09-17 23:26:30.589 [main] ERROR com.teamtop.main.RunServerException - java.lang.NullPointerException
	at com.teamtop.netty.server.server2.Client_2.getKuaFufenQuInfoAndNewClient(Client_2.java:45)
	at com.teamtop.netty.server.server2.Client_2.getIns(Client_2.java:27)
	at com.teamtop.netty.server.ServerController.startServer(ServerController.java:44)
	at com.teamtop.main.RunLocalServer.main(RunLocalServer.java:28)

2022-09-17 23:27:46.062 [crossChannelEx - 8] ERROR com.teamtop.netty.handlers.CrossDispatch - java.lang.reflect.InvocationTargetException
	at sun.reflect.NativeMethodAccessorImpl.invoke0(Native Method)
	at sun.reflect.NativeMethodAccessorImpl.invoke(NativeMethodAccessorImpl.java:62)
	at sun.reflect.DelegatingMethodAccessorImpl.invoke(DelegatingMethodAccessorImpl.java:43)
	at java.lang.reflect.Method.invoke(Method.java:498)
	at com.teamtop.netty.handlers.CrossDispatch$3.run(CrossDispatch.java:124)
	at java.util.concurrent.ThreadPoolExecutor.runWorker(ThreadPoolExecutor.java:1149)
	at java.util.concurrent.ThreadPoolExecutor$Worker.run(ThreadPoolExecutor.java:624)
	at java.lang.Thread.run(Thread.java:750)
Caused by: java.lang.NullPointerException
	at com.teamtop.houtaiHttp.events.kuaFuFenQu.KuaFuFenQuCache.getKuaFuFenQuInfo(KuaFuFenQuCache.java:51)
	at com.teamtop.houtaiHttp.events.kuaFuFenQu.KuaFuFenQuIO.getKuaFufenQuInfo(KuaFuFenQuIO.java:44)
	... 8 more
dispatcherMethod err,cmd:259,channel:[id: 0x896d7ee2, /127.0.0.1:64421 => /127.0.0.1:11001]
2022-09-17 23:27:56.074 [main] ERROR com.teamtop.cross.callback.ListenerLogic - 
java.util.concurrent.TimeoutException: null
	at java.util.concurrent.FutureTask.get(FutureTask.java:205) ~[na:1.8.0_341]
	at com.teamtop.cross.callback.ListenerLogic.sendAndWait(ListenerLogic.java:96) ~[bin/:na]
	at com.teamtop.netty.util.NettyWrite.writeBlockData(NettyWrite.java:368) [bin/:na]
	at com.teamtop.netty.server.server2.Client_2.getKuaFufenQuInfoAndNewClient(Client_2.java:44) [bin/:na]
	at com.teamtop.netty.server.server2.Client_2.getIns(Client_2.java:27) [bin/:na]
	at com.teamtop.netty.server.ServerController.startServer(ServerController.java:44) [bin/:na]
	at com.teamtop.main.RunLocalServer.main(RunLocalServer.java:28) [bin/:na]
2022-09-17 23:27:56.083 [main] ERROR com.teamtop.main.RunServerException - RunServerException:
2022-09-17 23:27:56.085 [main] ERROR com.teamtop.main.RunServerException - java.lang.NullPointerException
	at com.teamtop.netty.server.server2.Client_2.getKuaFufenQuInfoAndNewClient(Client_2.java:45)
	at com.teamtop.netty.server.server2.Client_2.getIns(Client_2.java:27)
	at com.teamtop.netty.server.ServerController.startServer(ServerController.java:44)
	at com.teamtop.main.RunLocalServer.main(RunLocalServer.java:28)

2022-09-17 23:31:14.603 [crossChannelEx - 3] ERROR com.teamtop.netty.handlers.CrossDispatch - java.lang.reflect.InvocationTargetException
	at sun.reflect.NativeMethodAccessorImpl.invoke0(Native Method)
	at sun.reflect.NativeMethodAccessorImpl.invoke(NativeMethodAccessorImpl.java:62)
	at sun.reflect.DelegatingMethodAccessorImpl.invoke(DelegatingMethodAccessorImpl.java:43)
	at java.lang.reflect.Method.invoke(Method.java:498)
	at com.teamtop.netty.handlers.CrossDispatch$3.run(CrossDispatch.java:124)
	at java.util.concurrent.ThreadPoolExecutor.runWorker(ThreadPoolExecutor.java:1149)
	at java.util.concurrent.ThreadPoolExecutor$Worker.run(ThreadPoolExecutor.java:624)
	at java.lang.Thread.run(Thread.java:750)
Caused by: java.lang.NullPointerException
	at com.teamtop.houtaiHttp.events.kuaFuFenQu.KuaFuFenQuCache.getKuaFuFenQuInfo(KuaFuFenQuCache.java:51)
	at com.teamtop.houtaiHttp.events.kuaFuFenQu.KuaFuFenQuIO.getKuaFufenQuInfo(KuaFuFenQuIO.java:44)
	... 8 more
dispatcherMethod err,cmd:259,channel:[id: 0x0607839c, /127.0.0.1:64510 => /127.0.0.1:11001]
2022-09-17 23:31:24.623 [main] ERROR com.teamtop.cross.callback.ListenerLogic - 
java.util.concurrent.TimeoutException: null
	at java.util.concurrent.FutureTask.get(FutureTask.java:205) ~[na:1.8.0_341]
	at com.teamtop.cross.callback.ListenerLogic.sendAndWait(ListenerLogic.java:96) ~[bin/:na]
	at com.teamtop.netty.util.NettyWrite.writeBlockData(NettyWrite.java:368) [bin/:na]
	at com.teamtop.netty.server.server2.Client_2.getKuaFufenQuInfoAndNewClient(Client_2.java:44) [bin/:na]
	at com.teamtop.netty.server.server2.Client_2.getIns(Client_2.java:27) [bin/:na]
	at com.teamtop.netty.server.ServerController.startServer(ServerController.java:44) [bin/:na]
	at com.teamtop.main.RunLocalServer.main(RunLocalServer.java:28) [bin/:na]
2022-09-17 23:31:24.631 [main] ERROR com.teamtop.main.RunServerException - RunServerException:
2022-09-17 23:31:24.635 [main] ERROR com.teamtop.main.RunServerException - java.lang.NullPointerException
	at com.teamtop.netty.server.server2.Client_2.getKuaFufenQuInfoAndNewClient(Client_2.java:45)
	at com.teamtop.netty.server.server2.Client_2.getIns(Client_2.java:27)
	at com.teamtop.netty.server.ServerController.startServer(ServerController.java:44)
	at com.teamtop.main.RunLocalServer.main(RunLocalServer.java:28)

