2022-09-18 08:24:46.621 [main] WARN  com.teamtop.system.scene.SceneCache - sceneid:30010002 has not npcid:200001
2022-09-18 08:24:46.623 [main] WARN  com.teamtop.system.scene.SceneCache - sceneid:30010002 has not npcid:750024
2022-09-18 08:24:46.623 [main] WARN  com.teamtop.system.scene.SceneCache - sceneid:30010002 has not npcid:750025
2022-09-18 08:24:46.623 [main] WARN  com.teamtop.system.scene.SceneCache - sceneid:30010002 has not npcid:750026
2022-09-18 08:24:46.623 [main] WARN  com.teamtop.system.scene.SceneCache - sceneid:30010002 has not npcid:750027
2022-09-18 08:24:46.624 [main] WARN  com.teamtop.system.scene.SceneCache - sceneid:30010002 has not npcid:750028
2022-09-18 08:24:46.624 [main] WARN  com.teamtop.system.scene.SceneCache - sceneid:30010002 has not npcid:750029
2022-09-18 08:24:46.625 [main] WARN  com.teamtop.system.scene.SceneCache - sceneid:30010002 has not npcid:750030
2022-09-18 08:24:46.625 [main] WARN  com.teamtop.system.scene.SceneCache - sceneid:30010002 has not npcid:750031
2022-09-18 08:24:46.625 [main] WARN  com.teamtop.system.scene.SceneCache - sceneid:30010002 has not npcid:750032
2022-09-18 08:24:46.625 [main] WARN  com.teamtop.system.scene.SceneCache - sceneid:30010002 has not npcid:750033
2022-09-18 08:24:46.625 [main] WARN  com.teamtop.system.scene.SceneCache - sceneid:30010002 has not npcid:750034
2022-09-18 08:24:46.625 [main] WARN  com.teamtop.system.scene.SceneCache - sceneid:30010002 has not npcid:750035
2022-09-18 08:24:46.643 [main] WARN  com.teamtop.system.scene.SceneCache - sceneid:500005 has not npcid:350004
2022-09-18 08:24:46.643 [main] WARN  com.teamtop.system.scene.SceneCache - sceneid:500005 has not npcid:350005
2022-09-18 08:24:46.644 [main] WARN  com.teamtop.system.scene.SceneCache - sceneid:500005 has not npcid:350006
2022-09-18 08:24:46.644 [main] WARN  com.teamtop.system.scene.SceneCache - sceneid:500005 has not npcid:350101
2022-09-18 08:24:46.644 [main] WARN  com.teamtop.system.scene.SceneCache - sceneid:500005 has not npcid:350102
2022-09-18 08:24:46.644 [main] WARN  com.teamtop.system.scene.SceneCache - sceneid:500005 has not npcid:350104
2022-09-18 08:24:46.644 [main] WARN  com.teamtop.system.scene.SceneCache - sceneid:500005 has not npcid:350106
2022-09-18 08:24:46.644 [main] WARN  com.teamtop.system.scene.SceneCache - sceneid:500005 has not npcid:350301
2022-09-18 08:24:46.644 [main] WARN  com.teamtop.system.scene.SceneCache - sceneid:500005 has not npcid:350108
2022-09-18 08:24:46.644 [main] WARN  com.teamtop.system.scene.SceneCache - sceneid:500005 has not npcid:350103
2022-09-18 08:24:46.670 [main] WARN  com.teamtop.system.scene.SceneCache - sceneid:500007 has not npcid:350004
2022-09-18 08:24:46.671 [main] WARN  com.teamtop.system.scene.SceneCache - sceneid:500007 has not npcid:350005
2022-09-18 08:24:46.671 [main] WARN  com.teamtop.system.scene.SceneCache - sceneid:500007 has not npcid:350006
2022-09-18 08:24:46.671 [main] WARN  com.teamtop.system.scene.SceneCache - sceneid:500007 has not npcid:350101
2022-09-18 08:24:46.671 [main] WARN  com.teamtop.system.scene.SceneCache - sceneid:500007 has not npcid:350102
2022-09-18 08:24:46.671 [main] WARN  com.teamtop.system.scene.SceneCache - sceneid:500007 has not npcid:350103
2022-09-18 08:24:46.671 [main] WARN  com.teamtop.system.scene.SceneCache - sceneid:500007 has not npcid:350104
2022-09-18 08:24:46.671 [main] WARN  com.teamtop.system.scene.SceneCache - sceneid:500007 has not npcid:350106
2022-09-18 08:24:46.672 [main] WARN  com.teamtop.system.scene.SceneCache - sceneid:500007 has not npcid:350301
2022-09-18 08:24:46.672 [main] WARN  com.teamtop.system.scene.SceneCache - sceneid:500007 has not npcid:350107
2022-09-18 08:24:46.672 [main] WARN  com.teamtop.system.scene.SceneCache - sceneid:500007 has not npcid:350108
2022-09-18 08:24:46.681 [main] WARN  com.teamtop.system.scene.SceneCache - sceneid:500003 has not npcid:350004
2022-09-18 08:24:46.681 [main] WARN  com.teamtop.system.scene.SceneCache - sceneid:500003 has not npcid:350005
2022-09-18 08:24:46.681 [main] WARN  com.teamtop.system.scene.SceneCache - sceneid:500003 has not npcid:350006
2022-09-18 08:24:46.681 [main] WARN  com.teamtop.system.scene.SceneCache - sceneid:500003 has not npcid:350101
2022-09-18 08:24:46.681 [main] WARN  com.teamtop.system.scene.SceneCache - sceneid:500003 has not npcid:350102
2022-09-18 08:24:46.681 [main] WARN  com.teamtop.system.scene.SceneCache - sceneid:500003 has not npcid:350106
2022-09-18 08:24:46.681 [main] WARN  com.teamtop.system.scene.SceneCache - sceneid:500003 has not npcid:350104
2022-09-18 08:24:46.681 [main] WARN  com.teamtop.system.scene.SceneCache - sceneid:500003 has not npcid:350301
2022-09-18 08:24:46.712 [main] WARN  com.teamtop.system.scene.SceneCache - sceneid:500001 has not npcid:350004
2022-09-18 08:24:46.712 [main] WARN  com.teamtop.system.scene.SceneCache - sceneid:500001 has not npcid:350005
2022-09-18 08:24:46.712 [main] WARN  com.teamtop.system.scene.SceneCache - sceneid:500001 has not npcid:350006
2022-09-18 08:24:46.712 [main] WARN  com.teamtop.system.scene.SceneCache - sceneid:500001 has not npcid:350101
2022-09-18 08:24:46.712 [main] WARN  com.teamtop.system.scene.SceneCache - sceneid:500001 has not npcid:350102
2022-09-18 08:24:46.712 [main] WARN  com.teamtop.system.scene.SceneCache - sceneid:500001 has not npcid:350301
2022-09-18 08:25:16.621 [main] WARN  com.teamtop.system.scene.SceneCache - sceneid:30010002 has not npcid:200001
2022-09-18 08:25:16.623 [main] WARN  com.teamtop.system.scene.SceneCache - sceneid:30010002 has not npcid:750024
2022-09-18 08:25:16.623 [main] WARN  com.teamtop.system.scene.SceneCache - sceneid:30010002 has not npcid:750025
2022-09-18 08:25:16.624 [main] WARN  com.teamtop.system.scene.SceneCache - sceneid:30010002 has not npcid:750026
2022-09-18 08:25:16.624 [main] WARN  com.teamtop.system.scene.SceneCache - sceneid:30010002 has not npcid:750027
2022-09-18 08:25:16.624 [main] WARN  com.teamtop.system.scene.SceneCache - sceneid:30010002 has not npcid:750028
2022-09-18 08:25:16.624 [main] WARN  com.teamtop.system.scene.SceneCache - sceneid:30010002 has not npcid:750029
2022-09-18 08:25:16.624 [main] WARN  com.teamtop.system.scene.SceneCache - sceneid:30010002 has not npcid:750030
2022-09-18 08:25:16.624 [main] WARN  com.teamtop.system.scene.SceneCache - sceneid:30010002 has not npcid:750031
2022-09-18 08:25:16.624 [main] WARN  com.teamtop.system.scene.SceneCache - sceneid:30010002 has not npcid:750032
2022-09-18 08:25:16.624 [main] WARN  com.teamtop.system.scene.SceneCache - sceneid:30010002 has not npcid:750033
2022-09-18 08:25:16.624 [main] WARN  com.teamtop.system.scene.SceneCache - sceneid:30010002 has not npcid:750034
2022-09-18 08:25:16.625 [main] WARN  com.teamtop.system.scene.SceneCache - sceneid:30010002 has not npcid:750035
2022-09-18 08:25:16.643 [main] WARN  com.teamtop.system.scene.SceneCache - sceneid:500005 has not npcid:350004
2022-09-18 08:25:16.644 [main] WARN  com.teamtop.system.scene.SceneCache - sceneid:500005 has not npcid:350005
2022-09-18 08:25:16.644 [main] WARN  com.teamtop.system.scene.SceneCache - sceneid:500005 has not npcid:350006
2022-09-18 08:25:16.644 [main] WARN  com.teamtop.system.scene.SceneCache - sceneid:500005 has not npcid:350101
2022-09-18 08:25:16.644 [main] WARN  com.teamtop.system.scene.SceneCache - sceneid:500005 has not npcid:350102
2022-09-18 08:25:16.644 [main] WARN  com.teamtop.system.scene.SceneCache - sceneid:500005 has not npcid:350104
2022-09-18 08:25:16.644 [main] WARN  com.teamtop.system.scene.SceneCache - sceneid:500005 has not npcid:350106
2022-09-18 08:25:16.644 [main] WARN  com.teamtop.system.scene.SceneCache - sceneid:500005 has not npcid:350301
2022-09-18 08:25:16.644 [main] WARN  com.teamtop.system.scene.SceneCache - sceneid:500005 has not npcid:350108
2022-09-18 08:25:16.644 [main] WARN  com.teamtop.system.scene.SceneCache - sceneid:500005 has not npcid:350103
2022-09-18 08:25:16.671 [main] WARN  com.teamtop.system.scene.SceneCache - sceneid:500007 has not npcid:350004
2022-09-18 08:25:16.672 [main] WARN  com.teamtop.system.scene.SceneCache - sceneid:500007 has not npcid:350005
2022-09-18 08:25:16.672 [main] WARN  com.teamtop.system.scene.SceneCache - sceneid:500007 has not npcid:350006
2022-09-18 08:25:16.673 [main] WARN  com.teamtop.system.scene.SceneCache - sceneid:500007 has not npcid:350101
2022-09-18 08:25:16.673 [main] WARN  com.teamtop.system.scene.SceneCache - sceneid:500007 has not npcid:350102
2022-09-18 08:25:16.673 [main] WARN  com.teamtop.system.scene.SceneCache - sceneid:500007 has not npcid:350103
2022-09-18 08:25:16.673 [main] WARN  com.teamtop.system.scene.SceneCache - sceneid:500007 has not npcid:350104
2022-09-18 08:25:16.673 [main] WARN  com.teamtop.system.scene.SceneCache - sceneid:500007 has not npcid:350106
2022-09-18 08:25:16.673 [main] WARN  com.teamtop.system.scene.SceneCache - sceneid:500007 has not npcid:350301
2022-09-18 08:25:16.673 [main] WARN  com.teamtop.system.scene.SceneCache - sceneid:500007 has not npcid:350107
2022-09-18 08:25:16.673 [main] WARN  com.teamtop.system.scene.SceneCache - sceneid:500007 has not npcid:350108
2022-09-18 08:25:16.682 [main] WARN  com.teamtop.system.scene.SceneCache - sceneid:500003 has not npcid:350004
2022-09-18 08:25:16.682 [main] WARN  com.teamtop.system.scene.SceneCache - sceneid:500003 has not npcid:350005
2022-09-18 08:25:16.682 [main] WARN  com.teamtop.system.scene.SceneCache - sceneid:500003 has not npcid:350006
2022-09-18 08:25:16.683 [main] WARN  com.teamtop.system.scene.SceneCache - sceneid:500003 has not npcid:350101
2022-09-18 08:25:16.683 [main] WARN  com.teamtop.system.scene.SceneCache - sceneid:500003 has not npcid:350102
2022-09-18 08:25:16.683 [main] WARN  com.teamtop.system.scene.SceneCache - sceneid:500003 has not npcid:350106
2022-09-18 08:25:16.683 [main] WARN  com.teamtop.system.scene.SceneCache - sceneid:500003 has not npcid:350104
2022-09-18 08:25:16.683 [main] WARN  com.teamtop.system.scene.SceneCache - sceneid:500003 has not npcid:350301
2022-09-18 08:25:16.713 [main] WARN  com.teamtop.system.scene.SceneCache - sceneid:500001 has not npcid:350004
2022-09-18 08:25:16.714 [main] WARN  com.teamtop.system.scene.SceneCache - sceneid:500001 has not npcid:350005
2022-09-18 08:25:16.714 [main] WARN  com.teamtop.system.scene.SceneCache - sceneid:500001 has not npcid:350006
2022-09-18 08:25:16.714 [main] WARN  com.teamtop.system.scene.SceneCache - sceneid:500001 has not npcid:350101
2022-09-18 08:25:16.714 [main] WARN  com.teamtop.system.scene.SceneCache - sceneid:500001 has not npcid:350102
2022-09-18 08:25:16.714 [main] WARN  com.teamtop.system.scene.SceneCache - sceneid:500001 has not npcid:350301
2022-09-18 08:25:49.637 [main] WARN  com.teamtop.system.scene.SceneCache - sceneid:30010002 has not npcid:200001
2022-09-18 08:25:49.638 [main] WARN  com.teamtop.system.scene.SceneCache - sceneid:30010002 has not npcid:750024
2022-09-18 08:25:49.640 [main] WARN  com.teamtop.system.scene.SceneCache - sceneid:30010002 has not npcid:750025
2022-09-18 08:25:49.640 [main] WARN  com.teamtop.system.scene.SceneCache - sceneid:30010002 has not npcid:750026
2022-09-18 08:25:49.640 [main] WARN  com.teamtop.system.scene.SceneCache - sceneid:30010002 has not npcid:750027
2022-09-18 08:25:49.640 [main] WARN  com.teamtop.system.scene.SceneCache - sceneid:30010002 has not npcid:750028
2022-09-18 08:25:49.640 [main] WARN  com.teamtop.system.scene.SceneCache - sceneid:30010002 has not npcid:750029
2022-09-18 08:25:49.640 [main] WARN  com.teamtop.system.scene.SceneCache - sceneid:30010002 has not npcid:750030
2022-09-18 08:25:49.641 [main] WARN  com.teamtop.system.scene.SceneCache - sceneid:30010002 has not npcid:750031
2022-09-18 08:25:49.641 [main] WARN  com.teamtop.system.scene.SceneCache - sceneid:30010002 has not npcid:750032
2022-09-18 08:25:49.641 [main] WARN  com.teamtop.system.scene.SceneCache - sceneid:30010002 has not npcid:750033
2022-09-18 08:25:49.641 [main] WARN  com.teamtop.system.scene.SceneCache - sceneid:30010002 has not npcid:750034
2022-09-18 08:25:49.641 [main] WARN  com.teamtop.system.scene.SceneCache - sceneid:30010002 has not npcid:750035
2022-09-18 08:25:49.659 [main] WARN  com.teamtop.system.scene.SceneCache - sceneid:500005 has not npcid:350004
2022-09-18 08:25:49.661 [main] WARN  com.teamtop.system.scene.SceneCache - sceneid:500005 has not npcid:350005
2022-09-18 08:25:49.662 [main] WARN  com.teamtop.system.scene.SceneCache - sceneid:500005 has not npcid:350006
2022-09-18 08:25:49.663 [main] WARN  com.teamtop.system.scene.SceneCache - sceneid:500005 has not npcid:350101
2022-09-18 08:25:49.663 [main] WARN  com.teamtop.system.scene.SceneCache - sceneid:500005 has not npcid:350102
2022-09-18 08:25:49.663 [main] WARN  com.teamtop.system.scene.SceneCache - sceneid:500005 has not npcid:350104
2022-09-18 08:25:49.663 [main] WARN  com.teamtop.system.scene.SceneCache - sceneid:500005 has not npcid:350106
2022-09-18 08:25:49.663 [main] WARN  com.teamtop.system.scene.SceneCache - sceneid:500005 has not npcid:350301
2022-09-18 08:25:49.663 [main] WARN  com.teamtop.system.scene.SceneCache - sceneid:500005 has not npcid:350108
2022-09-18 08:25:49.663 [main] WARN  com.teamtop.system.scene.SceneCache - sceneid:500005 has not npcid:350103
2022-09-18 08:25:49.690 [main] WARN  com.teamtop.system.scene.SceneCache - sceneid:500007 has not npcid:350004
2022-09-18 08:25:49.693 [main] WARN  com.teamtop.system.scene.SceneCache - sceneid:500007 has not npcid:350005
2022-09-18 08:25:49.694 [main] WARN  com.teamtop.system.scene.SceneCache - sceneid:500007 has not npcid:350006
2022-09-18 08:25:49.694 [main] WARN  com.teamtop.system.scene.SceneCache - sceneid:500007 has not npcid:350101
2022-09-18 08:25:49.694 [main] WARN  com.teamtop.system.scene.SceneCache - sceneid:500007 has not npcid:350102
2022-09-18 08:25:49.694 [main] WARN  com.teamtop.system.scene.SceneCache - sceneid:500007 has not npcid:350103
2022-09-18 08:25:49.694 [main] WARN  com.teamtop.system.scene.SceneCache - sceneid:500007 has not npcid:350104
2022-09-18 08:25:49.694 [main] WARN  com.teamtop.system.scene.SceneCache - sceneid:500007 has not npcid:350106
2022-09-18 08:25:49.694 [main] WARN  com.teamtop.system.scene.SceneCache - sceneid:500007 has not npcid:350301
2022-09-18 08:25:49.694 [main] WARN  com.teamtop.system.scene.SceneCache - sceneid:500007 has not npcid:350107
2022-09-18 08:25:49.694 [main] WARN  com.teamtop.system.scene.SceneCache - sceneid:500007 has not npcid:350108
2022-09-18 08:25:49.706 [main] WARN  com.teamtop.system.scene.SceneCache - sceneid:500003 has not npcid:350004
2022-09-18 08:25:49.706 [main] WARN  com.teamtop.system.scene.SceneCache - sceneid:500003 has not npcid:350005
2022-09-18 08:25:49.707 [main] WARN  com.teamtop.system.scene.SceneCache - sceneid:500003 has not npcid:350006
2022-09-18 08:25:49.707 [main] WARN  com.teamtop.system.scene.SceneCache - sceneid:500003 has not npcid:350101
2022-09-18 08:25:49.707 [main] WARN  com.teamtop.system.scene.SceneCache - sceneid:500003 has not npcid:350102
2022-09-18 08:25:49.707 [main] WARN  com.teamtop.system.scene.SceneCache - sceneid:500003 has not npcid:350106
2022-09-18 08:25:49.707 [main] WARN  com.teamtop.system.scene.SceneCache - sceneid:500003 has not npcid:350104
2022-09-18 08:25:49.707 [main] WARN  com.teamtop.system.scene.SceneCache - sceneid:500003 has not npcid:350301
2022-09-18 08:25:49.735 [main] WARN  com.teamtop.system.scene.SceneCache - sceneid:500001 has not npcid:350004
2022-09-18 08:25:49.735 [main] WARN  com.teamtop.system.scene.SceneCache - sceneid:500001 has not npcid:350005
2022-09-18 08:25:49.735 [main] WARN  com.teamtop.system.scene.SceneCache - sceneid:500001 has not npcid:350006
2022-09-18 08:25:49.735 [main] WARN  com.teamtop.system.scene.SceneCache - sceneid:500001 has not npcid:350101
2022-09-18 08:25:49.735 [main] WARN  com.teamtop.system.scene.SceneCache - sceneid:500001 has not npcid:350102
2022-09-18 08:25:49.735 [main] WARN  com.teamtop.system.scene.SceneCache - sceneid:500001 has not npcid:350301
2022-09-18 08:25:52.943 [nioEventLoopGroup-11-1] WARN  com.teamtop.cross.CrossIO - CrossDispatch.dispatcherMethod 跨服消息打印 cmd=30001,channel:[id: 0x66866fcc, /127.0.0.1:53630 => /127.0.0.1:11001]
2022-09-18 08:25:53.044 [HoutaiNetty-8-1] WARN  com.teamtop.cross.CrossIO - CrossDispatch.dispatcherMethod 跨服消息打印 cmd=30002,channel:[id: 0xfb6ba093, /127.0.0.1:53630 => /127.0.0.1:11001]
2022-09-18 08:25:53.049 [HoutaiNetty-8-1] WARN  com.teamtop.houtaiHttp.events.manualOpServer.ManualOpServerIO - CrossDispatch.dispatcherMethod 跨服消息打印 cmd=250,channel:[id: 0xfb6ba093, /127.0.0.1:53630 => /127.0.0.1:11001]
2022-09-18 08:25:53.051 [HoutaiNetty-8-1] WARN  c.teamtop.houtaiHttp.events.trueNameAndAntiAddiction.TrueNameAndAntiAddictionIO - CrossDispatch.dispatcherMethod 跨服消息打印 cmd=307,channel:[id: 0xfb6ba093, /127.0.0.1:53630 => /127.0.0.1:11001]
2022-09-18 08:25:53.063 [HoutaiNetty-8-1] WARN  com.teamtop.houtaiHttp.events.gameSystem.GameSystemIO - CrossDispatch.dispatcherMethod 跨服消息打印 cmd=272,channel:[id: 0xfb6ba093, /127.0.0.1:53630 => /127.0.0.1:11001]
2022-09-18 08:25:53.092 [nioEventLoopGroup-11-1] WARN  com.teamtop.houtaiHttp.events.manualOpServer.ManualOpServerIO - CrossDispatch.dispatcherMethod 跨服消息打印 cmd=251,channel:[id: 0x66866fcc, /127.0.0.1:53630 => /127.0.0.1:11001]
2022-09-18 08:25:55.871 [nioEventLoopGroup-11-1] WARN  com.teamtop.houtaiHttp.events.kuaFuFenQu.KuaFuFenQuIO - CrossDispatch.dispatcherMethod 跨服消息打印 cmd=259,channel:[id: 0x66866fcc, /127.0.0.1:53630 => /127.0.0.1:11001]
2022-09-18 08:26:59.637 [main] WARN  com.teamtop.system.scene.SceneCache - sceneid:30010002 has not npcid:200001
2022-09-18 08:26:59.639 [main] WARN  com.teamtop.system.scene.SceneCache - sceneid:30010002 has not npcid:750024
2022-09-18 08:26:59.640 [main] WARN  com.teamtop.system.scene.SceneCache - sceneid:30010002 has not npcid:750025
2022-09-18 08:26:59.640 [main] WARN  com.teamtop.system.scene.SceneCache - sceneid:30010002 has not npcid:750026
2022-09-18 08:26:59.640 [main] WARN  com.teamtop.system.scene.SceneCache - sceneid:30010002 has not npcid:750027
2022-09-18 08:26:59.640 [main] WARN  com.teamtop.system.scene.SceneCache - sceneid:30010002 has not npcid:750028
2022-09-18 08:26:59.640 [main] WARN  com.teamtop.system.scene.SceneCache - sceneid:30010002 has not npcid:750029
2022-09-18 08:26:59.640 [main] WARN  com.teamtop.system.scene.SceneCache - sceneid:30010002 has not npcid:750030
2022-09-18 08:26:59.640 [main] WARN  com.teamtop.system.scene.SceneCache - sceneid:30010002 has not npcid:750031
2022-09-18 08:26:59.640 [main] WARN  com.teamtop.system.scene.SceneCache - sceneid:30010002 has not npcid:750032
2022-09-18 08:26:59.640 [main] WARN  com.teamtop.system.scene.SceneCache - sceneid:30010002 has not npcid:750033
2022-09-18 08:26:59.640 [main] WARN  com.teamtop.system.scene.SceneCache - sceneid:30010002 has not npcid:750034
2022-09-18 08:26:59.640 [main] WARN  com.teamtop.system.scene.SceneCache - sceneid:30010002 has not npcid:750035
2022-09-18 08:26:59.659 [main] WARN  com.teamtop.system.scene.SceneCache - sceneid:500005 has not npcid:350004
2022-09-18 08:26:59.661 [main] WARN  com.teamtop.system.scene.SceneCache - sceneid:500005 has not npcid:350005
2022-09-18 08:26:59.661 [main] WARN  com.teamtop.system.scene.SceneCache - sceneid:500005 has not npcid:350006
2022-09-18 08:26:59.661 [main] WARN  com.teamtop.system.scene.SceneCache - sceneid:500005 has not npcid:350101
2022-09-18 08:26:59.661 [main] WARN  com.teamtop.system.scene.SceneCache - sceneid:500005 has not npcid:350102
2022-09-18 08:26:59.661 [main] WARN  com.teamtop.system.scene.SceneCache - sceneid:500005 has not npcid:350104
2022-09-18 08:26:59.661 [main] WARN  com.teamtop.system.scene.SceneCache - sceneid:500005 has not npcid:350106
2022-09-18 08:26:59.661 [main] WARN  com.teamtop.system.scene.SceneCache - sceneid:500005 has not npcid:350301
2022-09-18 08:26:59.661 [main] WARN  com.teamtop.system.scene.SceneCache - sceneid:500005 has not npcid:350108
2022-09-18 08:26:59.661 [main] WARN  com.teamtop.system.scene.SceneCache - sceneid:500005 has not npcid:350103
2022-09-18 08:26:59.687 [main] WARN  com.teamtop.system.scene.SceneCache - sceneid:500007 has not npcid:350004
2022-09-18 08:26:59.688 [main] WARN  com.teamtop.system.scene.SceneCache - sceneid:500007 has not npcid:350005
2022-09-18 08:26:59.688 [main] WARN  com.teamtop.system.scene.SceneCache - sceneid:500007 has not npcid:350006
2022-09-18 08:26:59.688 [main] WARN  com.teamtop.system.scene.SceneCache - sceneid:500007 has not npcid:350101
2022-09-18 08:26:59.688 [main] WARN  com.teamtop.system.scene.SceneCache - sceneid:500007 has not npcid:350102
2022-09-18 08:26:59.688 [main] WARN  com.teamtop.system.scene.SceneCache - sceneid:500007 has not npcid:350103
2022-09-18 08:26:59.688 [main] WARN  com.teamtop.system.scene.SceneCache - sceneid:500007 has not npcid:350104
2022-09-18 08:26:59.688 [main] WARN  com.teamtop.system.scene.SceneCache - sceneid:500007 has not npcid:350106
2022-09-18 08:26:59.688 [main] WARN  com.teamtop.system.scene.SceneCache - sceneid:500007 has not npcid:350301
2022-09-18 08:26:59.688 [main] WARN  com.teamtop.system.scene.SceneCache - sceneid:500007 has not npcid:350107
2022-09-18 08:26:59.688 [main] WARN  com.teamtop.system.scene.SceneCache - sceneid:500007 has not npcid:350108
2022-09-18 08:26:59.698 [main] WARN  com.teamtop.system.scene.SceneCache - sceneid:500003 has not npcid:350004
2022-09-18 08:26:59.698 [main] WARN  com.teamtop.system.scene.SceneCache - sceneid:500003 has not npcid:350005
2022-09-18 08:26:59.698 [main] WARN  com.teamtop.system.scene.SceneCache - sceneid:500003 has not npcid:350006
2022-09-18 08:26:59.698 [main] WARN  com.teamtop.system.scene.SceneCache - sceneid:500003 has not npcid:350101
2022-09-18 08:26:59.698 [main] WARN  com.teamtop.system.scene.SceneCache - sceneid:500003 has not npcid:350102
2022-09-18 08:26:59.699 [main] WARN  com.teamtop.system.scene.SceneCache - sceneid:500003 has not npcid:350106
2022-09-18 08:26:59.699 [main] WARN  com.teamtop.system.scene.SceneCache - sceneid:500003 has not npcid:350104
2022-09-18 08:26:59.699 [main] WARN  com.teamtop.system.scene.SceneCache - sceneid:500003 has not npcid:350301
2022-09-18 08:26:59.731 [main] WARN  com.teamtop.system.scene.SceneCache - sceneid:500001 has not npcid:350004
2022-09-18 08:26:59.731 [main] WARN  com.teamtop.system.scene.SceneCache - sceneid:500001 has not npcid:350005
2022-09-18 08:26:59.731 [main] WARN  com.teamtop.system.scene.SceneCache - sceneid:500001 has not npcid:350006
2022-09-18 08:26:59.731 [main] WARN  com.teamtop.system.scene.SceneCache - sceneid:500001 has not npcid:350101
2022-09-18 08:26:59.731 [main] WARN  com.teamtop.system.scene.SceneCache - sceneid:500001 has not npcid:350102
2022-09-18 08:26:59.731 [main] WARN  com.teamtop.system.scene.SceneCache - sceneid:500001 has not npcid:350301
2022-09-18 08:27:02.999 [nioEventLoopGroup-11-2] WARN  com.teamtop.cross.CrossIO - CrossDispatch.dispatcherMethod 跨服消息打印 cmd=30001,channel:[id: 0x12f55b4d, /127.0.0.1:53653 => /127.0.0.1:11001]
2022-09-18 08:27:03.016 [HoutaiNetty-8-1] WARN  com.teamtop.cross.CrossIO - CrossDispatch.dispatcherMethod 跨服消息打印 cmd=30002,channel:[id: 0x0a699ee7, /127.0.0.1:53653 => /127.0.0.1:11001]
2022-09-18 08:27:03.019 [HoutaiNetty-8-1] WARN  com.teamtop.houtaiHttp.events.manualOpServer.ManualOpServerIO - CrossDispatch.dispatcherMethod 跨服消息打印 cmd=250,channel:[id: 0x0a699ee7, /127.0.0.1:53653 => /127.0.0.1:11001]
2022-09-18 08:27:03.020 [HoutaiNetty-8-1] WARN  c.teamtop.houtaiHttp.events.trueNameAndAntiAddiction.TrueNameAndAntiAddictionIO - CrossDispatch.dispatcherMethod 跨服消息打印 cmd=307,channel:[id: 0x0a699ee7, /127.0.0.1:53653 => /127.0.0.1:11001]
2022-09-18 08:27:03.026 [HoutaiNetty-8-1] WARN  com.teamtop.houtaiHttp.events.gameSystem.GameSystemIO - CrossDispatch.dispatcherMethod 跨服消息打印 cmd=272,channel:[id: 0x0a699ee7, /127.0.0.1:53653 => /127.0.0.1:11001]
2022-09-18 08:27:03.057 [nioEventLoopGroup-11-2] WARN  com.teamtop.houtaiHttp.events.manualOpServer.ManualOpServerIO - CrossDispatch.dispatcherMethod 跨服消息打印 cmd=251,channel:[id: 0x12f55b4d, /127.0.0.1:53653 => /127.0.0.1:11001]
2022-09-18 08:27:05.953 [nioEventLoopGroup-11-2] WARN  com.teamtop.houtaiHttp.events.kuaFuFenQu.KuaFuFenQuIO - CrossDispatch.dispatcherMethod 跨服消息打印 cmd=259,channel:[id: 0x12f55b4d, /127.0.0.1:53653 => /127.0.0.1:11001]
2022-09-18 08:35:19.908 [任务线程 - 10] WARN  org.apache.ibatis.datasource.pooled.PooledDataSource - Execution of ping query 'show tables' failed: The last packet successfully received from the server was 601,653 milliseconds ago.  The last packet sent successfully to the server was 601,654 milliseconds ago. is longer than the server configured value of 'wait_timeout'. You should consider either expiring and/or testing connection validity before use in your application, increasing the server configured values for client timeouts, or using the Connector/J connection property 'autoReconnect=true' to avoid this problem.
2022-09-18 08:45:20.081 [任务线程 - 52] WARN  org.apache.ibatis.datasource.pooled.PooledDataSource - Execution of ping query 'show tables' failed: The last packet successfully received from the server was 600,122 milliseconds ago.  The last packet sent successfully to the server was 600,123 milliseconds ago. is longer than the server configured value of 'wait_timeout'. You should consider either expiring and/or testing connection validity before use in your application, increasing the server configured values for client timeouts, or using the Connector/J connection property 'autoReconnect=true' to avoid this problem.
