2020-11-13 09:00:37.227 [任务线程 - 1] INFO  com.teamtop.system.boss.monsterGod.MonsterGodEvent - MonsterGodEvent.fixTime cmdId:1 time:2020-12-29_18-30-00s
2020-11-13 09:00:37.227 [任务线程 - 1] INFO  com.teamtop.util.exector.schedule.ScheduleFixtime - day event:com.teamtop.system.boss.monsterGod.MonsterGodEvent@618b19ad,now:1609237800,dayTime:1830
2020-11-13 09:00:41.689 [任务线程 - 2] INFO  com.teamtop.houtaiHttp.events.kuaFuFenQu.KuaFuFenQuCache - KuaFuFenQuCache size=7
2020-11-13 09:01:41.697 [任务线程 - 3] INFO  com.teamtop.houtaiHttp.events.kuaFuFenQu.KuaFuFenQuCache - KuaFuFenQuCache size=7
2020-11-13 09:02:41.700 [任务线程 - 15] INFO  com.teamtop.houtaiHttp.events.kuaFuFenQu.KuaFuFenQuCache - KuaFuFenQuCache size=7
2020-11-13 09:03:41.705 [任务线程 - 14] INFO  com.teamtop.houtaiHttp.events.kuaFuFenQu.KuaFuFenQuCache - KuaFuFenQuCache size=7
2020-11-13 09:04:41.710 [任务线程 - 1] INFO  com.teamtop.houtaiHttp.events.kuaFuFenQu.KuaFuFenQuCache - KuaFuFenQuCache size=7
2020-11-13 09:04:41.820 [任务线程 - 8] INFO  com.teamtop.system.boss.monsterGod.MonsterGodFunction - create lvbuboss id:241001
2020-11-13 09:04:41.820 [任务线程 - 8] INFO  com.teamtop.system.boss.monsterGod.MonsterGodEvent - MonsterGodEvent.fixTime cmdId:1 time:2020-12-29_18-30-00s
2020-11-13 09:04:41.820 [任务线程 - 8] INFO  com.teamtop.util.exector.schedule.ScheduleFixtime - day event:com.teamtop.system.boss.monsterGod.MonsterGodEvent@2d3379b4,now:1609237800,dayTime:1830
2020-11-13 09:05:41.721 [任务线程 - 15] INFO  com.teamtop.houtaiHttp.events.kuaFuFenQu.KuaFuFenQuCache - KuaFuFenQuCache size=7
2020-11-13 09:06:41.729 [任务线程 - 6] INFO  com.teamtop.houtaiHttp.events.kuaFuFenQu.KuaFuFenQuCache - KuaFuFenQuCache size=7
2020-11-13 09:07:41.733 [任务线程 - 9] INFO  com.teamtop.houtaiHttp.events.kuaFuFenQu.KuaFuFenQuCache - KuaFuFenQuCache size=7
2020-11-13 09:08:41.737 [任务线程 - 7] INFO  com.teamtop.houtaiHttp.events.kuaFuFenQu.KuaFuFenQuCache - KuaFuFenQuCache size=7
2020-11-13 09:09:41.761 [任务线程 - 10] INFO  com.teamtop.houtaiHttp.events.kuaFuFenQu.KuaFuFenQuCache - KuaFuFenQuCache size=7
2020-11-13 09:10:41.765 [任务线程 - 6] INFO  com.teamtop.houtaiHttp.events.kuaFuFenQu.KuaFuFenQuCache - KuaFuFenQuCache size=7
2020-11-13 09:11:41.770 [任务线程 - 7] INFO  com.teamtop.houtaiHttp.events.kuaFuFenQu.KuaFuFenQuCache - KuaFuFenQuCache size=7
2020-11-13 09:12:41.772 [任务线程 - 11] INFO  com.teamtop.houtaiHttp.events.kuaFuFenQu.KuaFuFenQuCache - KuaFuFenQuCache size=7
2020-11-13 09:13:41.780 [任务线程 - 3] INFO  com.teamtop.houtaiHttp.events.kuaFuFenQu.KuaFuFenQuCache - KuaFuFenQuCache size=7
2020-11-13 09:14:41.790 [任务线程 - 9] INFO  com.teamtop.houtaiHttp.events.kuaFuFenQu.KuaFuFenQuCache - KuaFuFenQuCache size=7
2020-11-13 09:15:41.799 [任务线程 - 14] INFO  com.teamtop.houtaiHttp.events.kuaFuFenQu.KuaFuFenQuCache - KuaFuFenQuCache size=7
2020-11-13 09:16:41.805 [任务线程 - 8] INFO  com.teamtop.houtaiHttp.events.kuaFuFenQu.KuaFuFenQuCache - KuaFuFenQuCache size=7
2020-11-13 09:17:41.820 [任务线程 - 14] INFO  com.teamtop.houtaiHttp.events.kuaFuFenQu.KuaFuFenQuCache - KuaFuFenQuCache size=7
2020-11-13 09:18:41.827 [任务线程 - 4] INFO  com.teamtop.houtaiHttp.events.kuaFuFenQu.KuaFuFenQuCache - KuaFuFenQuCache size=7
2020-11-13 09:19:41.832 [任务线程 - 8] INFO  com.teamtop.houtaiHttp.events.kuaFuFenQu.KuaFuFenQuCache - KuaFuFenQuCache size=7
2020-11-13 09:20:37.549 [任务线程 - 12] INFO  com.teamtop.util.exector.schedule.SchedulerBean - 任务 [ZSBOSS] 已取消 !
2020-11-13 09:20:37.549 [任务线程 - 12] INFO  com.teamtop.system.crossBoss.CrossBossFunction - crossBoss addHp=-2, xhp=0, maxNum=20, minNum=0, useTime=9999
2020-11-13 09:20:37.549 [任务线程 - 12] INFO  com.teamtop.system.crossBoss.CrossBossFunction - crossBoss addHp=-2, xhp=0, maxNum=20, minNum=0
2020-11-13 09:20:37.549 [任务线程 - 12] INFO  com.teamtop.system.crossBoss.CrossBossFunction - crossBoss addHp=-2, xhp=0, maxNum=20, minNum=0, useTime=9999
2020-11-13 09:20:37.549 [任务线程 - 12] INFO  com.teamtop.system.crossBoss.CrossBossFunction - crossBoss addHp=-2, xhp=0, maxNum=20, minNum=0
2020-11-13 09:20:37.549 [任务线程 - 12] INFO  com.teamtop.system.crossBoss.CrossBossFunction - crossBoss addHp=-2, xhp=0, maxNum=20, minNum=0, useTime=9999
2020-11-13 09:20:37.549 [任务线程 - 12] INFO  com.teamtop.system.crossBoss.CrossBossFunction - crossBoss addHp=-2, xhp=0, maxNum=20, minNum=0
2020-11-13 09:20:37.549 [任务线程 - 12] INFO  com.teamtop.system.crossBoss.CrossBossFunction - crossBoss addHp=-2, xhp=0, maxNum=20, minNum=0, useTime=9999
2020-11-13 09:20:37.549 [任务线程 - 12] INFO  com.teamtop.system.crossBoss.CrossBossFunction - crossBoss addHp=-2, xhp=0, maxNum=20, minNum=0
2020-11-13 09:20:37.549 [任务线程 - 12] INFO  com.teamtop.system.crossBoss.CrossBossFunction - crossBoss addHp=-2, xhp=0, maxNum=20, minNum=0, useTime=9999
2020-11-13 09:20:37.549 [任务线程 - 12] INFO  com.teamtop.system.crossBoss.CrossBossFunction - crossBoss addHp=-2, xhp=0, maxNum=20, minNum=0
2020-11-13 09:20:37.549 [crossChannelEx - 3] INFO  com.teamtop.system.crossBoss.CrossBossIO - localReceiveData :{{240003:{{240003,0,{!},{!},!}},240002:{{240002,0,{!},{!},!}},240001:{{240001,0,{!},{!},!}},240005:{{240005,0,{!},{!},!}},240004:{{240004,0,{!},{!},!}}},{1}}
2020-11-13 09:20:37.565 [任务线程 - 12] INFO  com.teamtop.system.crossBoss.cross.CrossBossCrossEvent - CrossBossCrossEvent.fixTime cmdId:0 time:2020-12-29_18-50-00s
2020-11-13 09:20:37.565 [任务线程 - 12] INFO  com.teamtop.util.exector.schedule.ScheduleFixtime - day event:com.teamtop.system.crossBoss.cross.CrossBossCrossEvent@4d6ee47,now:1609239000,dayTime:1850
2020-11-13 09:20:37.565 [crossChannelEx - 2] INFO  com.teamtop.system.crossBoss.CrossBossIO - local tell cross state:0  1
2020-11-13 09:20:41.857 [任务线程 - 1] INFO  com.teamtop.houtaiHttp.events.kuaFuFenQu.KuaFuFenQuCache - KuaFuFenQuCache size=7
2020-11-13 09:21:41.885 [任务线程 - 7] INFO  com.teamtop.houtaiHttp.events.kuaFuFenQu.KuaFuFenQuCache - KuaFuFenQuCache size=7
2020-11-13 09:22:41.894 [任务线程 - 11] INFO  com.teamtop.houtaiHttp.events.kuaFuFenQu.KuaFuFenQuCache - KuaFuFenQuCache size=7
2020-11-13 09:23:41.902 [任务线程 - 10] INFO  com.teamtop.houtaiHttp.events.kuaFuFenQu.KuaFuFenQuCache - KuaFuFenQuCache size=7
2020-11-13 09:24:41.908 [任务线程 - 7] INFO  com.teamtop.houtaiHttp.events.kuaFuFenQu.KuaFuFenQuCache - KuaFuFenQuCache size=7
2020-11-13 09:25:37.359 [任务线程 - 16] INFO  com.teamtop.system.crossBoss.CrossBossFunction - 转生1001——3003 bossid:240001 maxhp1367530000 倍数：0总血量：1367530000
2020-11-13 09:25:37.359 [任务线程 - 16] INFO  com.teamtop.system.crossBoss.CrossBossFunction - ready new CrossBoss :1 zsBossid:240001 tempMaxHp:0
2020-11-13 09:25:37.359 [任务线程 - 16] INFO  com.teamtop.system.crossBoss.CrossBossFunction - 转生4001——6003 bossid:240002 maxhp6730920000 倍数：0总血量：6730920000
2020-11-13 09:25:37.359 [任务线程 - 16] INFO  com.teamtop.system.crossBoss.CrossBossFunction - ready new CrossBoss :1 zsBossid:240002 tempMaxHp:0
2020-11-13 09:25:37.359 [任务线程 - 16] INFO  com.teamtop.system.crossBoss.CrossBossFunction - 转生7001——8003 bossid:240003 maxhp25705905000 倍数：0总血量：25705905000
2020-11-13 09:25:37.359 [任务线程 - 16] INFO  com.teamtop.system.crossBoss.CrossBossFunction - ready new CrossBoss :1 zsBossid:240003 tempMaxHp:0
2020-11-13 09:25:37.359 [任务线程 - 16] INFO  com.teamtop.system.crossBoss.CrossBossFunction - 转生9001——10003 bossid:240004 maxhp62142310000 倍数：0总血量：62142310000
2020-11-13 09:25:37.359 [任务线程 - 16] INFO  com.teamtop.system.crossBoss.CrossBossFunction - ready new CrossBoss :1 zsBossid:240004 tempMaxHp:0
2020-11-13 09:25:37.359 [任务线程 - 16] INFO  com.teamtop.system.crossBoss.CrossBossFunction - 转生11001——12003 bossid:240005 maxhp104600755000 倍数：0总血量：104600755000
2020-11-13 09:25:37.359 [任务线程 - 16] INFO  com.teamtop.system.crossBoss.CrossBossFunction - ready new CrossBoss :1 zsBossid:240005 tempMaxHp:0
2020-11-13 09:25:37.359 [任务线程 - 16] INFO  com.teamtop.system.crossBoss.cross.CrossBossCrossEvent - CrossBossCrossEvent.fixTime cmdId:1 time:2020-12-29_18-55-00s
2020-11-13 09:25:37.359 [任务线程 - 16] INFO  com.teamtop.util.exector.schedule.ScheduleFixtime - day event:com.teamtop.system.crossBoss.cross.CrossBossCrossEvent@4d6ee47,now:1609239300,dayTime:1855
2020-11-13 09:25:37.359 [crossChannelEx - 4] INFO  com.teamtop.system.crossBoss.CrossBossIO - local tell cross state:1  1
2020-11-13 09:25:41.916 [任务线程 - 8] INFO  com.teamtop.houtaiHttp.events.kuaFuFenQu.KuaFuFenQuCache - KuaFuFenQuCache size=7
2020-11-13 09:26:41.950 [任务线程 - 5] INFO  com.teamtop.houtaiHttp.events.kuaFuFenQu.KuaFuFenQuCache - KuaFuFenQuCache size=7
2020-11-13 09:27:41.953 [任务线程 - 3] INFO  com.teamtop.houtaiHttp.events.kuaFuFenQu.KuaFuFenQuCache - KuaFuFenQuCache size=7
2020-11-13 09:28:41.957 [任务线程 - 11] INFO  com.teamtop.houtaiHttp.events.kuaFuFenQu.KuaFuFenQuCache - KuaFuFenQuCache size=7
2020-11-13 09:29:41.963 [任务线程 - 9] INFO  com.teamtop.houtaiHttp.events.kuaFuFenQu.KuaFuFenQuCache - KuaFuFenQuCache size=7
2020-11-13 09:30:37.474 [任务线程 - 2] INFO  com.teamtop.system.boss.monsterGod.MonsterGodEvent - MonsterGodEvent.fixTime cmdId:0 time:2020-12-29_19-00-00s
2020-11-13 09:30:37.474 [任务线程 - 2] INFO  com.teamtop.util.exector.schedule.ScheduleFixtime - day event:com.teamtop.system.boss.monsterGod.MonsterGodEvent@618b19ad,now:1609239600,dayTime:1900
2020-11-13 09:30:37.474 [任务线程 - 2] INFO  com.teamtop.system.crossBoss.cross.CrossBossCrossEvent - CrossBossCrossEvent.fixTime cmdId:2 time:2020-12-29_19-00-00s
2020-11-13 09:30:37.474 [任务线程 - 2] INFO  com.teamtop.util.exector.schedule.ScheduleFixtime - day event:com.teamtop.system.crossBoss.cross.CrossBossCrossEvent@4d6ee47,now:1609239600,dayTime:1900
2020-11-13 09:30:37.474 [crossChannelEx - 1] INFO  com.teamtop.system.crossBoss.CrossBossIO - local tell cross state:2  1
2020-11-13 09:30:41.969 [任务线程 - 2] INFO  com.teamtop.houtaiHttp.events.kuaFuFenQu.KuaFuFenQuCache - KuaFuFenQuCache size=7
2020-11-13 09:31:41.974 [任务线程 - 11] INFO  com.teamtop.houtaiHttp.events.kuaFuFenQu.KuaFuFenQuCache - KuaFuFenQuCache size=7
2020-11-13 09:32:41.981 [任务线程 - 5] INFO  com.teamtop.houtaiHttp.events.kuaFuFenQu.KuaFuFenQuCache - KuaFuFenQuCache size=7
2020-11-13 09:33:42.000 [任务线程 - 6] INFO  com.teamtop.houtaiHttp.events.kuaFuFenQu.KuaFuFenQuCache - KuaFuFenQuCache size=7
2020-11-13 09:34:41.364 [任务线程 - 5] INFO  com.teamtop.util.exector.schedule.SchedulerBean - 任务 [MonsterGodCache] 已取消 !
2020-11-13 09:34:41.379 [任务线程 - 5] INFO  com.teamtop.system.boss.monsterGod.MonsterGodEvent - MonsterGodEvent.fixTime cmdId:0 time:2020-12-29_19-00-00s
2020-11-13 09:34:41.379 [任务线程 - 5] INFO  com.teamtop.util.exector.schedule.ScheduleFixtime - day event:com.teamtop.system.boss.monsterGod.MonsterGodEvent@2d3379b4,now:1609239600,dayTime:1900
2020-11-13 09:34:42.004 [任务线程 - 9] INFO  com.teamtop.houtaiHttp.events.kuaFuFenQu.KuaFuFenQuCache - KuaFuFenQuCache size=7
2020-11-13 09:35:41.558 [任务线程 - 10] INFO  com.teamtop.system.event.backstage.BackstageSystemEvent - 60m event:com.teamtop.system.event.backstage.events.flowMMCache.FlowMMCacheEvent@6f45e944,now:1609239660
2020-11-13 09:35:42.011 [任务线程 - 14] INFO  com.teamtop.houtaiHttp.events.kuaFuFenQu.KuaFuFenQuCache - KuaFuFenQuCache size=7
2020-11-13 09:36:42.015 [任务线程 - 1] INFO  com.teamtop.houtaiHttp.events.kuaFuFenQu.KuaFuFenQuCache - KuaFuFenQuCache size=7
2020-11-13 09:37:42.020 [任务线程 - 13] INFO  com.teamtop.houtaiHttp.events.kuaFuFenQu.KuaFuFenQuCache - KuaFuFenQuCache size=7
2020-11-13 09:38:42.037 [任务线程 - 4] INFO  com.teamtop.houtaiHttp.events.kuaFuFenQu.KuaFuFenQuCache - KuaFuFenQuCache size=7
2020-11-13 09:39:42.081 [任务线程 - 11] INFO  com.teamtop.houtaiHttp.events.kuaFuFenQu.KuaFuFenQuCache - KuaFuFenQuCache size=7
2020-11-13 09:40:42.091 [任务线程 - 14] INFO  com.teamtop.houtaiHttp.events.kuaFuFenQu.KuaFuFenQuCache - KuaFuFenQuCache size=7
2020-11-13 09:41:42.111 [任务线程 - 13] INFO  com.teamtop.houtaiHttp.events.kuaFuFenQu.KuaFuFenQuCache - KuaFuFenQuCache size=7
2020-11-13 09:42:42.146 [任务线程 - 5] INFO  com.teamtop.houtaiHttp.events.kuaFuFenQu.KuaFuFenQuCache - KuaFuFenQuCache size=7
2020-11-13 09:43:42.164 [任务线程 - 6] INFO  com.teamtop.houtaiHttp.events.kuaFuFenQu.KuaFuFenQuCache - KuaFuFenQuCache size=7
2020-11-13 09:44:42.179 [任务线程 - 3] INFO  com.teamtop.houtaiHttp.events.kuaFuFenQu.KuaFuFenQuCache - KuaFuFenQuCache size=7
2020-11-13 09:45:42.187 [任务线程 - 3] INFO  com.teamtop.houtaiHttp.events.kuaFuFenQu.KuaFuFenQuCache - KuaFuFenQuCache size=7
2020-11-13 09:46:42.190 [任务线程 - 15] INFO  com.teamtop.houtaiHttp.events.kuaFuFenQu.KuaFuFenQuCache - KuaFuFenQuCache size=7
2020-11-13 09:47:42.210 [任务线程 - 11] INFO  com.teamtop.houtaiHttp.events.kuaFuFenQu.KuaFuFenQuCache - KuaFuFenQuCache size=7
2020-11-13 09:48:42.228 [任务线程 - 9] INFO  com.teamtop.houtaiHttp.events.kuaFuFenQu.KuaFuFenQuCache - KuaFuFenQuCache size=7
2020-11-13 09:49:42.246 [任务线程 - 3] INFO  com.teamtop.houtaiHttp.events.kuaFuFenQu.KuaFuFenQuCache - KuaFuFenQuCache size=7
2020-11-13 09:50:42.251 [任务线程 - 5] INFO  com.teamtop.houtaiHttp.events.kuaFuFenQu.KuaFuFenQuCache - KuaFuFenQuCache size=7
2020-11-13 09:51:42.270 [任务线程 - 16] INFO  com.teamtop.houtaiHttp.events.kuaFuFenQu.KuaFuFenQuCache - KuaFuFenQuCache size=7
2020-11-13 09:52:42.287 [任务线程 - 14] INFO  com.teamtop.houtaiHttp.events.kuaFuFenQu.KuaFuFenQuCache - KuaFuFenQuCache size=7
2020-11-13 09:53:42.306 [任务线程 - 15] INFO  com.teamtop.houtaiHttp.events.kuaFuFenQu.KuaFuFenQuCache - KuaFuFenQuCache size=7
2020-11-13 09:54:42.323 [任务线程 - 5] INFO  com.teamtop.houtaiHttp.events.kuaFuFenQu.KuaFuFenQuCache - KuaFuFenQuCache size=7
2020-11-13 09:55:37.725 [任务线程 - 3] INFO  com.teamtop.util.exector.schedule.ScheduleFixtime - day event:com.teamtop.system.battleGoods.event.BattleGoodLocalSysEvent@3c3d9b6b,now:1609241100,dayTime:1925
2020-11-13 09:55:42.330 [任务线程 - 7] INFO  com.teamtop.houtaiHttp.events.kuaFuFenQu.KuaFuFenQuCache - KuaFuFenQuCache size=7
2020-11-13 09:56:42.334 [任务线程 - 14] INFO  com.teamtop.houtaiHttp.events.kuaFuFenQu.KuaFuFenQuCache - KuaFuFenQuCache size=7
2020-11-13 09:57:42.344 [任务线程 - 4] INFO  com.teamtop.houtaiHttp.events.kuaFuFenQu.KuaFuFenQuCache - KuaFuFenQuCache size=7
2020-11-13 09:58:37.604 [任务线程 - 1] INFO  com.teamtop.util.exector.schedule.ScheduleFixtime - day event:com.teamtop.system.battleGoods.event.BattleGoodCrossSysEvent@3a5c2626,now:1609241280,dayTime:1928
2020-11-13 09:58:42.348 [任务线程 - 1] INFO  com.teamtop.houtaiHttp.events.kuaFuFenQu.KuaFuFenQuCache - KuaFuFenQuCache size=7
2020-11-13 09:59:41.405 [任务线程 - 16] INFO  com.teamtop.util.exector.schedule.ScheduleFixtime - day event:com.teamtop.system.battleGoods.event.BattleGoodLocalSysEvent@2053d869,now:1609241100,dayTime:1925
2020-11-13 09:59:42.357 [任务线程 - 5] INFO  com.teamtop.houtaiHttp.events.kuaFuFenQu.KuaFuFenQuCache - KuaFuFenQuCache size=7
