2020-11-11 12:00:16.153 [crossChannelEx - 2] INFO  com.teamtop.system.crossTeamKing.CrossTeamKingIO - LRCrank success 
2020-11-11 12:00:36.408 [crossChannelEx - 1] INFO  com.teamtop.system.crossTeamKing.CrossTeamKingIO - LRCrank success 
2020-11-11 12:00:56.676 [crossChannelEx - 3] INFO  com.teamtop.system.crossTeamKing.CrossTeamKingIO - LRCrank success 
2020-11-11 12:00:58.144 [任务线程 - 12] INFO  com.teamtop.houtaiHttp.events.kuaFuFenQu.KuaFuFenQuCache - KuaFuFenQuCache size=7
2020-11-11 12:01:16.958 [crossChannelEx - 4] INFO  com.teamtop.system.crossTeamKing.CrossTeamKingIO - LRCrank success 
2020-11-11 12:01:37.224 [crossChannelEx - 2] INFO  com.teamtop.system.crossTeamKing.CrossTeamKingIO - LRCrank success 
2020-11-11 12:01:57.506 [crossChannelEx - 1] INFO  com.teamtop.system.crossTeamKing.CrossTeamKingIO - LRCrank success 
2020-11-11 12:01:58.164 [任务线程 - 8] INFO  com.teamtop.houtaiHttp.events.kuaFuFenQu.KuaFuFenQuCache - KuaFuFenQuCache size=7
2020-11-11 12:02:17.774 [crossChannelEx - 3] INFO  com.teamtop.system.crossTeamKing.CrossTeamKingIO - LRCrank success 
2020-11-11 12:02:38.041 [crossChannelEx - 4] INFO  com.teamtop.system.crossTeamKing.CrossTeamKingIO - LRCrank success 
2020-11-11 12:02:58.184 [任务线程 - 9] INFO  com.teamtop.houtaiHttp.events.kuaFuFenQu.KuaFuFenQuCache - KuaFuFenQuCache size=7
2020-11-11 12:02:58.325 [crossChannelEx - 2] INFO  com.teamtop.system.crossTeamKing.CrossTeamKingIO - LRCrank success 
2020-11-11 12:03:13.866 [任务线程 - 5] INFO  com.teamtop.util.exector.schedule.ScheduleFixtime - day event:com.teamtop.system.longZhongDui.LongZhongDuiEvent@5b7a5baa,now:1606017600,dayTime:1200
2020-11-11 12:03:13.866 [任务线程 - 5] INFO  com.teamtop.util.exector.schedule.ScheduleFixtime - day event:com.teamtop.system.xuTianHunt.XuTianHuntSysEvent@38afe297,now:1606017600,dayTime:1200
2020-11-11 12:03:13.866 [任务线程 - 5] INFO  com.teamtop.system.crossBoss.cross.CrossBossCrossEvent - CrossBossCrossEvent.fixTime cmdId:2 time:2020-11-22_12-00-00s
2020-11-11 12:03:13.866 [任务线程 - 5] INFO  com.teamtop.util.exector.schedule.ScheduleFixtime - day event:com.teamtop.system.crossBoss.cross.CrossBossCrossEvent@4d6ee47,now:1606017600,dayTime:1200
2020-11-11 12:03:13.866 [crossChannelEx - 3] INFO  com.teamtop.system.crossBoss.CrossBossIO - local tell cross state:2  1
2020-11-11 12:03:13.866 [任务线程 - 5] INFO  com.teamtop.util.exector.schedule.ScheduleFixtime - day event:com.teamtop.system.crossTeamKing.cross.CrossTeamKingCrossEvent@1a891add,now:1606017600,dayTime:1200
2020-11-11 12:03:13.866 [crossChannelEx - 3] INFO  com.teamtop.system.crossTeamKing.CrossTeamKingIO - LRCrank success 
2020-11-11 12:03:58.204 [任务线程 - 5] INFO  com.teamtop.houtaiHttp.events.kuaFuFenQu.KuaFuFenQuCache - KuaFuFenQuCache size=7
2020-11-11 12:04:58.223 [任务线程 - 15] INFO  com.teamtop.houtaiHttp.events.kuaFuFenQu.KuaFuFenQuCache - KuaFuFenQuCache size=7
2020-11-11 12:05:58.240 [任务线程 - 6] INFO  com.teamtop.houtaiHttp.events.kuaFuFenQu.KuaFuFenQuCache - KuaFuFenQuCache size=7
2020-11-11 12:06:40.708 [任务线程 - 6] INFO  com.teamtop.util.exector.schedule.ScheduleFixtime - day event:com.teamtop.system.longZhongDui.LongZhongDuiEvent@68e965f5,now:1606017600,dayTime:1200
2020-11-11 12:06:40.708 [任务线程 - 6] INFO  com.teamtop.util.exector.schedule.ScheduleFixtime - day event:com.teamtop.system.xuTianHunt.XuTianHuntSysEvent@6d3a388c,now:1606017600,dayTime:1200
2020-11-11 12:06:58.246 [任务线程 - 16] INFO  com.teamtop.houtaiHttp.events.kuaFuFenQu.KuaFuFenQuCache - KuaFuFenQuCache size=7
2020-11-11 12:07:40.635 [任务线程 - 6] INFO  com.teamtop.system.event.backstage.BackstageSystemEvent - 60m event:com.teamtop.system.event.backstage.events.flowMMCache.FlowMMCacheEvent@6f45e944,now:1606017660
2020-11-11 12:07:58.264 [任务线程 - 15] INFO  com.teamtop.houtaiHttp.events.kuaFuFenQu.KuaFuFenQuCache - KuaFuFenQuCache size=7
2020-11-11 12:08:58.271 [任务线程 - 12] INFO  com.teamtop.houtaiHttp.events.kuaFuFenQu.KuaFuFenQuCache - KuaFuFenQuCache size=7
2020-11-11 12:09:58.290 [任务线程 - 11] INFO  com.teamtop.houtaiHttp.events.kuaFuFenQu.KuaFuFenQuCache - KuaFuFenQuCache size=7
2020-11-11 12:10:58.306 [任务线程 - 10] INFO  com.teamtop.houtaiHttp.events.kuaFuFenQu.KuaFuFenQuCache - KuaFuFenQuCache size=7
2020-11-11 12:11:58.324 [任务线程 - 13] INFO  com.teamtop.houtaiHttp.events.kuaFuFenQu.KuaFuFenQuCache - KuaFuFenQuCache size=7
2020-11-11 12:12:58.343 [任务线程 - 13] INFO  com.teamtop.houtaiHttp.events.kuaFuFenQu.KuaFuFenQuCache - KuaFuFenQuCache size=7
2020-11-11 12:13:58.360 [任务线程 - 3] INFO  com.teamtop.houtaiHttp.events.kuaFuFenQu.KuaFuFenQuCache - KuaFuFenQuCache size=7
2020-11-11 12:14:58.379 [任务线程 - 7] INFO  com.teamtop.houtaiHttp.events.kuaFuFenQu.KuaFuFenQuCache - KuaFuFenQuCache size=7
2020-11-11 12:15:58.396 [任务线程 - 3] INFO  com.teamtop.houtaiHttp.events.kuaFuFenQu.KuaFuFenQuCache - KuaFuFenQuCache size=7
2020-11-11 12:16:58.417 [任务线程 - 4] INFO  com.teamtop.houtaiHttp.events.kuaFuFenQu.KuaFuFenQuCache - KuaFuFenQuCache size=7
2020-11-11 12:17:58.436 [任务线程 - 3] INFO  com.teamtop.houtaiHttp.events.kuaFuFenQu.KuaFuFenQuCache - KuaFuFenQuCache size=7
2020-11-11 12:18:58.458 [任务线程 - 7] INFO  com.teamtop.houtaiHttp.events.kuaFuFenQu.KuaFuFenQuCache - KuaFuFenQuCache size=7
2020-11-11 12:19:58.476 [任务线程 - 15] INFO  com.teamtop.houtaiHttp.events.kuaFuFenQu.KuaFuFenQuCache - KuaFuFenQuCache size=7
2020-11-11 12:20:58.496 [任务线程 - 11] INFO  com.teamtop.houtaiHttp.events.kuaFuFenQu.KuaFuFenQuCache - KuaFuFenQuCache size=7
2020-11-11 12:21:58.512 [任务线程 - 2] INFO  com.teamtop.houtaiHttp.events.kuaFuFenQu.KuaFuFenQuCache - KuaFuFenQuCache size=7
2020-11-11 12:22:58.517 [任务线程 - 15] INFO  com.teamtop.houtaiHttp.events.kuaFuFenQu.KuaFuFenQuCache - KuaFuFenQuCache size=7
2020-11-11 12:23:58.535 [任务线程 - 7] INFO  com.teamtop.houtaiHttp.events.kuaFuFenQu.KuaFuFenQuCache - KuaFuFenQuCache size=7
2020-11-11 12:24:58.552 [任务线程 - 4] INFO  com.teamtop.houtaiHttp.events.kuaFuFenQu.KuaFuFenQuCache - KuaFuFenQuCache size=7
2020-11-11 12:25:58.571 [任务线程 - 2] INFO  com.teamtop.houtaiHttp.events.kuaFuFenQu.KuaFuFenQuCache - KuaFuFenQuCache size=7
2020-11-11 12:26:58.590 [任务线程 - 15] INFO  com.teamtop.houtaiHttp.events.kuaFuFenQu.KuaFuFenQuCache - KuaFuFenQuCache size=7
2020-11-11 12:27:58.596 [任务线程 - 6] INFO  com.teamtop.houtaiHttp.events.kuaFuFenQu.KuaFuFenQuCache - KuaFuFenQuCache size=7
2020-11-11 12:28:58.605 [任务线程 - 7] INFO  com.teamtop.houtaiHttp.events.kuaFuFenQu.KuaFuFenQuCache - KuaFuFenQuCache size=7
2020-11-11 12:29:58.625 [任务线程 - 3] INFO  com.teamtop.houtaiHttp.events.kuaFuFenQu.KuaFuFenQuCache - KuaFuFenQuCache size=7
2020-11-11 12:30:58.642 [任务线程 - 6] INFO  com.teamtop.houtaiHttp.events.kuaFuFenQu.KuaFuFenQuCache - KuaFuFenQuCache size=7
2020-11-11 12:31:58.661 [任务线程 - 4] INFO  com.teamtop.houtaiHttp.events.kuaFuFenQu.KuaFuFenQuCache - KuaFuFenQuCache size=7
2020-11-11 12:32:58.679 [任务线程 - 3] INFO  com.teamtop.houtaiHttp.events.kuaFuFenQu.KuaFuFenQuCache - KuaFuFenQuCache size=7
2020-11-11 12:33:13.594 [任务线程 - 16] INFO  com.teamtop.system.boss.monsterGod.MonsterGodEvent - MonsterGodEvent.fixTime cmdId:1 time:2020-11-22_12-30-00s
2020-11-11 12:33:13.594 [任务线程 - 16] INFO  com.teamtop.util.exector.schedule.ScheduleFixtime - day event:com.teamtop.system.boss.monsterGod.MonsterGodEvent@618b19ad,now:1606019400,dayTime:1230
2020-11-11 12:33:58.699 [任务线程 - 13] INFO  com.teamtop.houtaiHttp.events.kuaFuFenQu.KuaFuFenQuCache - KuaFuFenQuCache size=7
2020-11-11 12:34:58.716 [任务线程 - 2] INFO  com.teamtop.houtaiHttp.events.kuaFuFenQu.KuaFuFenQuCache - KuaFuFenQuCache size=7
2020-11-11 12:35:58.733 [任务线程 - 4] INFO  com.teamtop.houtaiHttp.events.kuaFuFenQu.KuaFuFenQuCache - KuaFuFenQuCache size=7
2020-11-11 12:36:40.392 [任务线程 - 1] INFO  com.teamtop.system.boss.monsterGod.MonsterGodFunction - create lvbuboss id:241001
2020-11-11 12:36:40.392 [任务线程 - 1] INFO  com.teamtop.system.boss.monsterGod.MonsterGodEvent - MonsterGodEvent.fixTime cmdId:1 time:2020-11-22_12-30-00s
2020-11-11 12:36:40.392 [任务线程 - 1] INFO  com.teamtop.util.exector.schedule.ScheduleFixtime - day event:com.teamtop.system.boss.monsterGod.MonsterGodEvent@2d3379b4,now:1606019400,dayTime:1230
2020-11-11 12:36:58.744 [任务线程 - 6] INFO  com.teamtop.houtaiHttp.events.kuaFuFenQu.KuaFuFenQuCache - KuaFuFenQuCache size=7
2020-11-11 12:37:58.763 [任务线程 - 7] INFO  com.teamtop.houtaiHttp.events.kuaFuFenQu.KuaFuFenQuCache - KuaFuFenQuCache size=7
2020-11-11 12:38:58.772 [任务线程 - 11] INFO  com.teamtop.houtaiHttp.events.kuaFuFenQu.KuaFuFenQuCache - KuaFuFenQuCache size=7
2020-11-11 12:39:58.793 [任务线程 - 11] INFO  com.teamtop.houtaiHttp.events.kuaFuFenQu.KuaFuFenQuCache - KuaFuFenQuCache size=7
2020-11-11 12:40:58.811 [任务线程 - 6] INFO  com.teamtop.houtaiHttp.events.kuaFuFenQu.KuaFuFenQuCache - KuaFuFenQuCache size=7
2020-11-11 12:41:58.830 [任务线程 - 12] INFO  com.teamtop.houtaiHttp.events.kuaFuFenQu.KuaFuFenQuCache - KuaFuFenQuCache size=7
2020-11-11 12:42:58.849 [任务线程 - 3] INFO  com.teamtop.houtaiHttp.events.kuaFuFenQu.KuaFuFenQuCache - KuaFuFenQuCache size=7
2020-11-11 12:43:58.865 [任务线程 - 3] INFO  com.teamtop.houtaiHttp.events.kuaFuFenQu.KuaFuFenQuCache - KuaFuFenQuCache size=7
2020-11-11 12:44:58.883 [任务线程 - 3] INFO  com.teamtop.houtaiHttp.events.kuaFuFenQu.KuaFuFenQuCache - KuaFuFenQuCache size=7
2020-11-11 12:45:58.899 [任务线程 - 2] INFO  com.teamtop.houtaiHttp.events.kuaFuFenQu.KuaFuFenQuCache - KuaFuFenQuCache size=7
2020-11-11 12:46:58.918 [任务线程 - 6] INFO  com.teamtop.houtaiHttp.events.kuaFuFenQu.KuaFuFenQuCache - KuaFuFenQuCache size=7
2020-11-11 12:47:58.936 [任务线程 - 2] INFO  com.teamtop.houtaiHttp.events.kuaFuFenQu.KuaFuFenQuCache - KuaFuFenQuCache size=7
2020-11-11 12:48:58.948 [任务线程 - 5] INFO  com.teamtop.houtaiHttp.events.kuaFuFenQu.KuaFuFenQuCache - KuaFuFenQuCache size=7
2020-11-11 12:49:58.959 [任务线程 - 15] INFO  com.teamtop.houtaiHttp.events.kuaFuFenQu.KuaFuFenQuCache - KuaFuFenQuCache size=7
2020-11-11 12:50:58.979 [任务线程 - 8] INFO  com.teamtop.houtaiHttp.events.kuaFuFenQu.KuaFuFenQuCache - KuaFuFenQuCache size=7
2020-11-11 12:51:58.996 [任务线程 - 11] INFO  com.teamtop.houtaiHttp.events.kuaFuFenQu.KuaFuFenQuCache - KuaFuFenQuCache size=7
2020-11-11 12:52:59.014 [任务线程 - 3] INFO  com.teamtop.houtaiHttp.events.kuaFuFenQu.KuaFuFenQuCache - KuaFuFenQuCache size=7
2020-11-11 12:53:13.991 [任务线程 - 9] INFO  com.teamtop.util.exector.schedule.SchedulerBean - 任务 [ZSBOSS] 已取消 !
2020-11-11 12:53:13.991 [任务线程 - 9] INFO  com.teamtop.system.crossBoss.CrossBossFunction - crossBoss addHp=-2, xhp=0, maxNum=20, minNum=0, useTime=9999
2020-11-11 12:53:13.991 [任务线程 - 9] INFO  com.teamtop.system.crossBoss.CrossBossFunction - crossBoss addHp=-2, xhp=0, maxNum=20, minNum=0
2020-11-11 12:53:13.991 [任务线程 - 9] INFO  com.teamtop.system.crossBoss.CrossBossFunction - crossBoss addHp=-2, xhp=0, maxNum=20, minNum=0, useTime=9999
2020-11-11 12:53:13.991 [任务线程 - 9] INFO  com.teamtop.system.crossBoss.CrossBossFunction - crossBoss addHp=-2, xhp=0, maxNum=20, minNum=0
2020-11-11 12:53:13.991 [任务线程 - 9] INFO  com.teamtop.system.crossBoss.CrossBossFunction - crossBoss addHp=-2, xhp=0, maxNum=20, minNum=0, useTime=9999
2020-11-11 12:53:13.991 [任务线程 - 9] INFO  com.teamtop.system.crossBoss.CrossBossFunction - crossBoss addHp=-2, xhp=0, maxNum=20, minNum=0
2020-11-11 12:53:13.991 [任务线程 - 9] INFO  com.teamtop.system.crossBoss.CrossBossFunction - crossBoss addHp=-2, xhp=0, maxNum=20, minNum=0, useTime=9999
2020-11-11 12:53:13.991 [任务线程 - 9] INFO  com.teamtop.system.crossBoss.CrossBossFunction - crossBoss addHp=-2, xhp=0, maxNum=20, minNum=0
2020-11-11 12:53:13.991 [任务线程 - 9] INFO  com.teamtop.system.crossBoss.CrossBossFunction - crossBoss addHp=-2, xhp=0, maxNum=20, minNum=0, useTime=9999
2020-11-11 12:53:13.991 [任务线程 - 9] INFO  com.teamtop.system.crossBoss.CrossBossFunction - crossBoss addHp=-2, xhp=0, maxNum=20, minNum=0
2020-11-11 12:53:13.991 [crossChannelEx - 3] INFO  com.teamtop.system.crossBoss.CrossBossIO - localReceiveData :{{240003:{{240003,0,{!},{!},!}},240002:{{240002,0,{!},{!},!}},240001:{{240001,0,{!},{!},!}},240005:{{240005,0,{!},{!},!}},240004:{{240004,0,{!},{!},!}}},{1}}
2020-11-11 12:53:14.023 [任务线程 - 9] INFO  com.teamtop.system.crossBoss.cross.CrossBossCrossEvent - CrossBossCrossEvent.fixTime cmdId:0 time:2020-11-22_12-50-00s
2020-11-11 12:53:14.023 [任务线程 - 9] INFO  com.teamtop.util.exector.schedule.ScheduleFixtime - day event:com.teamtop.system.crossBoss.cross.CrossBossCrossEvent@4d6ee47,now:1606020600,dayTime:1250
2020-11-11 12:53:14.023 [crossChannelEx - 1] INFO  com.teamtop.system.crossBoss.CrossBossIO - local tell cross state:0  1
2020-11-11 12:53:59.031 [任务线程 - 3] INFO  com.teamtop.houtaiHttp.events.kuaFuFenQu.KuaFuFenQuCache - KuaFuFenQuCache size=7
2020-11-11 12:54:59.048 [任务线程 - 2] INFO  com.teamtop.houtaiHttp.events.kuaFuFenQu.KuaFuFenQuCache - KuaFuFenQuCache size=7
2020-11-11 12:55:59.067 [任务线程 - 4] INFO  com.teamtop.houtaiHttp.events.kuaFuFenQu.KuaFuFenQuCache - KuaFuFenQuCache size=7
2020-11-11 12:56:59.084 [任务线程 - 11] INFO  com.teamtop.houtaiHttp.events.kuaFuFenQu.KuaFuFenQuCache - KuaFuFenQuCache size=7
2020-11-11 12:57:59.102 [任务线程 - 15] INFO  com.teamtop.houtaiHttp.events.kuaFuFenQu.KuaFuFenQuCache - KuaFuFenQuCache size=7
2020-11-11 12:58:13.175 [任务线程 - 7] INFO  com.teamtop.system.crossBoss.CrossBossFunction - 转生1001——3003 bossid:240001 maxhp1367530000 倍数：0总血量：1367530000
2020-11-11 12:58:13.175 [任务线程 - 7] INFO  com.teamtop.system.crossBoss.CrossBossFunction - ready new CrossBoss :1 zsBossid:240001 tempMaxHp:0
2020-11-11 12:58:13.175 [任务线程 - 7] INFO  com.teamtop.system.crossBoss.CrossBossFunction - 转生4001——6003 bossid:240002 maxhp6730920000 倍数：0总血量：6730920000
2020-11-11 12:58:13.175 [任务线程 - 7] INFO  com.teamtop.system.crossBoss.CrossBossFunction - ready new CrossBoss :1 zsBossid:240002 tempMaxHp:0
2020-11-11 12:58:13.175 [任务线程 - 7] INFO  com.teamtop.system.crossBoss.CrossBossFunction - 转生7001——8003 bossid:240003 maxhp25705905000 倍数：0总血量：25705905000
2020-11-11 12:58:13.175 [任务线程 - 7] INFO  com.teamtop.system.crossBoss.CrossBossFunction - ready new CrossBoss :1 zsBossid:240003 tempMaxHp:0
2020-11-11 12:58:13.175 [任务线程 - 7] INFO  com.teamtop.system.crossBoss.CrossBossFunction - 转生9001——10003 bossid:240004 maxhp62142310000 倍数：0总血量：62142310000
2020-11-11 12:58:13.175 [任务线程 - 7] INFO  com.teamtop.system.crossBoss.CrossBossFunction - ready new CrossBoss :1 zsBossid:240004 tempMaxHp:0
2020-11-11 12:58:13.175 [任务线程 - 7] INFO  com.teamtop.system.crossBoss.CrossBossFunction - 转生11001——12003 bossid:240005 maxhp104600755000 倍数：0总血量：104600755000
2020-11-11 12:58:13.175 [任务线程 - 7] INFO  com.teamtop.system.crossBoss.CrossBossFunction - ready new CrossBoss :1 zsBossid:240005 tempMaxHp:0
2020-11-11 12:58:13.175 [任务线程 - 7] INFO  com.teamtop.system.crossBoss.cross.CrossBossCrossEvent - CrossBossCrossEvent.fixTime cmdId:1 time:2020-11-22_12-55-00s
2020-11-11 12:58:13.175 [任务线程 - 7] INFO  com.teamtop.util.exector.schedule.ScheduleFixtime - day event:com.teamtop.system.crossBoss.cross.CrossBossCrossEvent@4d6ee47,now:1606020900,dayTime:1255
2020-11-11 12:58:13.175 [crossChannelEx - 4] INFO  com.teamtop.system.crossBoss.CrossBossIO - local tell cross state:1  1
2020-11-11 12:58:59.124 [任务线程 - 11] INFO  com.teamtop.houtaiHttp.events.kuaFuFenQu.KuaFuFenQuCache - KuaFuFenQuCache size=7
2020-11-11 12:59:59.142 [任务线程 - 8] INFO  com.teamtop.houtaiHttp.events.kuaFuFenQu.KuaFuFenQuCache - KuaFuFenQuCache size=7
