2020-11-04 22:00:00.271 [任务线程 - 7] WARN  com.teamtop.system.crossZhuLu.cross.CrossZhuLuSchedule - cityAward-hid:1000100000000003,name:嗜血的妖逆.S1,cityName:许昌
2020-11-04 22:00:00.271 [任务线程 - 7] WARN  com.teamtop.system.crossZhuLu.cross.CrossZhuLuSchedule - cityAward-hid:1000100000000736,name:次元灬朵朵.S1,cityName:许昌
2020-11-04 22:00:00.271 [任务线程 - 7] WARN  com.teamtop.system.crossZhuLu.cross.CrossZhuLuSchedule - cityAward-hid:1000100000000063,name:热血乄七夏.S1,cityName:许昌
2020-11-04 22:00:00.271 [任务线程 - 7] WARN  com.teamtop.system.crossZhuLu.cross.CrossZhuLuSchedule - cityAward-hid:1000100000000733,name:知足丿雪瑶.S1,cityName:许昌
2020-11-04 22:00:00.271 [任务线程 - 7] WARN  com.teamtop.system.crossZhuLu.cross.CrossZhuLuSchedule - cityAward-hid:1000100000000515,name:指尖乄剑痴.S1,cityName:成都
2020-11-04 22:00:00.271 [任务线程 - 7] WARN  com.teamtop.system.crossZhuLu.cross.CrossZhuLuSchedule - cityAward-hid:1000100000000004,name:情谊灬璃言.S1,cityName:成都
2020-11-04 22:00:00.271 [任务线程 - 7] WARN  com.teamtop.system.crossZhuLu.cross.CrossZhuLuSchedule - cityAward-hid:1000100000000155,name:冰封乄世杰.S1,cityName:成都
2020-11-04 22:00:00.271 [任务线程 - 7] WARN  com.teamtop.system.crossZhuLu.cross.CrossZhuLuSchedule - cityAward-hid:1000100000000731,name:桀骜丶初夏.S1,cityName:成都
2020-11-04 22:00:00.271 [任务线程 - 7] WARN  com.teamtop.system.crossZhuLu.cross.CrossZhuLuSchedule - cityAward-hid:1000100000000734,name:追命乄战狼.S1,cityName:成都
2020-11-04 22:00:00.271 [任务线程 - 7] WARN  com.teamtop.system.crossZhuLu.cross.CrossZhuLuSchedule - cityAward-hid:1000100000000732,name:断桥灬清浅.S1,cityName:成都
2020-11-04 22:00:00.271 [任务线程 - 7] WARN  com.teamtop.system.crossZhuLu.cross.CrossZhuLuSchedule - cityAward-hid:1000100000000145,name:重楼灬简痕.S1,cityName:成都
2020-11-04 22:00:00.271 [任务线程 - 7] WARN  com.teamtop.system.crossZhuLu.cross.CrossZhuLuSchedule - cityAward-hid:1000100000000547,name:cc31.S1,cityName:建业
2020-11-04 22:00:00.271 [任务线程 - 7] WARN  com.teamtop.system.crossZhuLu.cross.CrossZhuLuSchedule - cityAward-hid:1000100000000735,name:涯丨连城.S1,cityName:建业
2020-11-04 22:00:00.271 [任务线程 - 7] WARN  com.teamtop.system.crossZhuLu.cross.CrossZhuLuSchedule - cityAward-hid:1000100000000017,name:众星灬天师.S1,cityName:建业
2020-11-04 22:00:00.648 [任务线程 - 12] WARN  com.teamtop.system.boss.monsterGod.MonsterGodFunction - monsterGodCache==null
2020-11-04 22:50:00.764 [任务线程 - 10] WARN  com.teamtop.system.crossBoss.CrossBossFunction - countryRankList==null
2020-11-04 22:50:00.764 [任务线程 - 10] WARN  com.teamtop.system.crossBoss.CrossBossFunction - countryRankList==null
2020-11-04 22:50:00.764 [任务线程 - 10] WARN  com.teamtop.system.crossBoss.CrossBossFunction - countryRankList==null
2020-11-04 22:50:00.764 [任务线程 - 10] WARN  com.teamtop.system.crossBoss.CrossBossFunction - countryRankList==null
2020-11-04 22:50:00.764 [任务线程 - 10] WARN  com.teamtop.system.crossBoss.CrossBossFunction - countryRankList==null
