2020-10-31 15:43:32.116 [main] WARN  com.teamtop.system.scene.SceneCache - sceneid:30010002 has not npcid:200001
2020-10-31 15:43:32.116 [main] WARN  com.teamtop.system.scene.SceneCache - sceneid:30010002 has not npcid:750024
2020-10-31 15:43:32.116 [main] WARN  com.teamtop.system.scene.SceneCache - sceneid:30010002 has not npcid:750025
2020-10-31 15:43:32.116 [main] WARN  com.teamtop.system.scene.SceneCache - sceneid:30010002 has not npcid:750026
2020-10-31 15:43:32.116 [main] WARN  com.teamtop.system.scene.SceneCache - sceneid:30010002 has not npcid:750027
2020-10-31 15:43:32.116 [main] WARN  com.teamtop.system.scene.SceneCache - sceneid:30010002 has not npcid:750028
2020-10-31 15:43:32.116 [main] WARN  com.teamtop.system.scene.SceneCache - sceneid:30010002 has not npcid:750029
2020-10-31 15:43:32.116 [main] WARN  com.teamtop.system.scene.SceneCache - sceneid:30010002 has not npcid:750030
2020-10-31 15:43:32.116 [main] WARN  com.teamtop.system.scene.SceneCache - sceneid:30010002 has not npcid:750031
2020-10-31 15:43:32.116 [main] WARN  com.teamtop.system.scene.SceneCache - sceneid:30010002 has not npcid:750032
2020-10-31 15:43:32.116 [main] WARN  com.teamtop.system.scene.SceneCache - sceneid:30010002 has not npcid:750033
2020-10-31 15:43:32.116 [main] WARN  com.teamtop.system.scene.SceneCache - sceneid:30010002 has not npcid:750034
2020-10-31 15:43:32.116 [main] WARN  com.teamtop.system.scene.SceneCache - sceneid:30010002 has not npcid:750035
2020-10-31 15:43:32.195 [main] WARN  com.teamtop.system.scene.SceneCache - sceneid:500001 has not npcid:350004
2020-10-31 15:43:32.195 [main] WARN  com.teamtop.system.scene.SceneCache - sceneid:500001 has not npcid:350005
2020-10-31 15:43:32.195 [main] WARN  com.teamtop.system.scene.SceneCache - sceneid:500001 has not npcid:350006
2020-10-31 15:43:32.195 [main] WARN  com.teamtop.system.scene.SceneCache - sceneid:500001 has not npcid:350101
2020-10-31 15:43:32.195 [main] WARN  com.teamtop.system.scene.SceneCache - sceneid:500001 has not npcid:350102
2020-10-31 15:43:32.195 [main] WARN  com.teamtop.system.scene.SceneCache - sceneid:500001 has not npcid:350301
2020-10-31 15:43:32.211 [main] WARN  com.teamtop.system.scene.SceneCache - sceneid:500003 has not npcid:350004
2020-10-31 15:43:32.211 [main] WARN  com.teamtop.system.scene.SceneCache - sceneid:500003 has not npcid:350005
2020-10-31 15:43:32.211 [main] WARN  com.teamtop.system.scene.SceneCache - sceneid:500003 has not npcid:350006
2020-10-31 15:43:32.211 [main] WARN  com.teamtop.system.scene.SceneCache - sceneid:500003 has not npcid:350101
2020-10-31 15:43:32.211 [main] WARN  com.teamtop.system.scene.SceneCache - sceneid:500003 has not npcid:350102
2020-10-31 15:43:32.211 [main] WARN  com.teamtop.system.scene.SceneCache - sceneid:500003 has not npcid:350106
2020-10-31 15:43:32.211 [main] WARN  com.teamtop.system.scene.SceneCache - sceneid:500003 has not npcid:350104
2020-10-31 15:43:32.211 [main] WARN  com.teamtop.system.scene.SceneCache - sceneid:500003 has not npcid:350301
2020-10-31 15:43:32.226 [main] WARN  com.teamtop.system.scene.SceneCache - sceneid:500005 has not npcid:350004
2020-10-31 15:43:32.226 [main] WARN  com.teamtop.system.scene.SceneCache - sceneid:500005 has not npcid:350005
2020-10-31 15:43:32.226 [main] WARN  com.teamtop.system.scene.SceneCache - sceneid:500005 has not npcid:350006
2020-10-31 15:43:32.226 [main] WARN  com.teamtop.system.scene.SceneCache - sceneid:500005 has not npcid:350101
2020-10-31 15:43:32.226 [main] WARN  com.teamtop.system.scene.SceneCache - sceneid:500005 has not npcid:350102
2020-10-31 15:43:32.226 [main] WARN  com.teamtop.system.scene.SceneCache - sceneid:500005 has not npcid:350104
2020-10-31 15:43:32.226 [main] WARN  com.teamtop.system.scene.SceneCache - sceneid:500005 has not npcid:350106
2020-10-31 15:43:32.226 [main] WARN  com.teamtop.system.scene.SceneCache - sceneid:500005 has not npcid:350301
2020-10-31 15:43:32.226 [main] WARN  com.teamtop.system.scene.SceneCache - sceneid:500005 has not npcid:350108
2020-10-31 15:43:32.226 [main] WARN  com.teamtop.system.scene.SceneCache - sceneid:500005 has not npcid:350103
2020-10-31 15:43:32.257 [main] WARN  com.teamtop.system.scene.SceneCache - sceneid:500007 has not npcid:350004
2020-10-31 15:43:32.257 [main] WARN  com.teamtop.system.scene.SceneCache - sceneid:500007 has not npcid:350005
2020-10-31 15:43:32.257 [main] WARN  com.teamtop.system.scene.SceneCache - sceneid:500007 has not npcid:350006
2020-10-31 15:43:32.257 [main] WARN  com.teamtop.system.scene.SceneCache - sceneid:500007 has not npcid:350101
2020-10-31 15:43:32.257 [main] WARN  com.teamtop.system.scene.SceneCache - sceneid:500007 has not npcid:350102
2020-10-31 15:43:32.257 [main] WARN  com.teamtop.system.scene.SceneCache - sceneid:500007 has not npcid:350103
2020-10-31 15:43:32.257 [main] WARN  com.teamtop.system.scene.SceneCache - sceneid:500007 has not npcid:350104
2020-10-31 15:43:32.257 [main] WARN  com.teamtop.system.scene.SceneCache - sceneid:500007 has not npcid:350106
2020-10-31 15:43:32.257 [main] WARN  com.teamtop.system.scene.SceneCache - sceneid:500007 has not npcid:350301
2020-10-31 15:43:32.257 [main] WARN  com.teamtop.system.scene.SceneCache - sceneid:500007 has not npcid:350107
2020-10-31 15:43:32.257 [main] WARN  com.teamtop.system.scene.SceneCache - sceneid:500007 has not npcid:350108
2020-10-31 15:43:37.648 [main] WARN  com.teamtop.system.scene.SceneCache - sceneid:30010002 has not npcid:200001
2020-10-31 15:43:37.648 [main] WARN  com.teamtop.system.scene.SceneCache - sceneid:30010002 has not npcid:750024
2020-10-31 15:43:37.648 [main] WARN  com.teamtop.system.scene.SceneCache - sceneid:30010002 has not npcid:750025
2020-10-31 15:43:37.648 [main] WARN  com.teamtop.system.scene.SceneCache - sceneid:30010002 has not npcid:750026
2020-10-31 15:43:37.648 [main] WARN  com.teamtop.system.scene.SceneCache - sceneid:30010002 has not npcid:750027
2020-10-31 15:43:37.648 [main] WARN  com.teamtop.system.scene.SceneCache - sceneid:30010002 has not npcid:750028
2020-10-31 15:43:37.648 [main] WARN  com.teamtop.system.scene.SceneCache - sceneid:30010002 has not npcid:750029
2020-10-31 15:43:37.648 [main] WARN  com.teamtop.system.scene.SceneCache - sceneid:30010002 has not npcid:750030
2020-10-31 15:43:37.648 [main] WARN  com.teamtop.system.scene.SceneCache - sceneid:30010002 has not npcid:750031
2020-10-31 15:43:37.648 [main] WARN  com.teamtop.system.scene.SceneCache - sceneid:30010002 has not npcid:750032
2020-10-31 15:43:37.648 [main] WARN  com.teamtop.system.scene.SceneCache - sceneid:30010002 has not npcid:750033
2020-10-31 15:43:37.648 [main] WARN  com.teamtop.system.scene.SceneCache - sceneid:30010002 has not npcid:750034
2020-10-31 15:43:37.648 [main] WARN  com.teamtop.system.scene.SceneCache - sceneid:30010002 has not npcid:750035
2020-10-31 15:43:37.742 [main] WARN  com.teamtop.system.scene.SceneCache - sceneid:500001 has not npcid:350004
2020-10-31 15:43:37.742 [main] WARN  com.teamtop.system.scene.SceneCache - sceneid:500001 has not npcid:350005
2020-10-31 15:43:37.742 [main] WARN  com.teamtop.system.scene.SceneCache - sceneid:500001 has not npcid:350006
2020-10-31 15:43:37.742 [main] WARN  com.teamtop.system.scene.SceneCache - sceneid:500001 has not npcid:350101
2020-10-31 15:43:37.742 [main] WARN  com.teamtop.system.scene.SceneCache - sceneid:500001 has not npcid:350102
2020-10-31 15:43:37.742 [main] WARN  com.teamtop.system.scene.SceneCache - sceneid:500001 has not npcid:350301
2020-10-31 15:43:37.757 [main] WARN  com.teamtop.system.scene.SceneCache - sceneid:500003 has not npcid:350004
2020-10-31 15:43:37.757 [main] WARN  com.teamtop.system.scene.SceneCache - sceneid:500003 has not npcid:350005
2020-10-31 15:43:37.757 [main] WARN  com.teamtop.system.scene.SceneCache - sceneid:500003 has not npcid:350006
2020-10-31 15:43:37.757 [main] WARN  com.teamtop.system.scene.SceneCache - sceneid:500003 has not npcid:350101
2020-10-31 15:43:37.757 [main] WARN  com.teamtop.system.scene.SceneCache - sceneid:500003 has not npcid:350102
2020-10-31 15:43:37.757 [main] WARN  com.teamtop.system.scene.SceneCache - sceneid:500003 has not npcid:350106
2020-10-31 15:43:37.757 [main] WARN  com.teamtop.system.scene.SceneCache - sceneid:500003 has not npcid:350104
2020-10-31 15:43:37.757 [main] WARN  com.teamtop.system.scene.SceneCache - sceneid:500003 has not npcid:350301
2020-10-31 15:43:37.773 [main] WARN  com.teamtop.system.scene.SceneCache - sceneid:500005 has not npcid:350004
2020-10-31 15:43:37.773 [main] WARN  com.teamtop.system.scene.SceneCache - sceneid:500005 has not npcid:350005
2020-10-31 15:43:37.773 [main] WARN  com.teamtop.system.scene.SceneCache - sceneid:500005 has not npcid:350006
2020-10-31 15:43:37.773 [main] WARN  com.teamtop.system.scene.SceneCache - sceneid:500005 has not npcid:350101
2020-10-31 15:43:37.773 [main] WARN  com.teamtop.system.scene.SceneCache - sceneid:500005 has not npcid:350102
2020-10-31 15:43:37.773 [main] WARN  com.teamtop.system.scene.SceneCache - sceneid:500005 has not npcid:350104
2020-10-31 15:43:37.773 [main] WARN  com.teamtop.system.scene.SceneCache - sceneid:500005 has not npcid:350106
2020-10-31 15:43:37.773 [main] WARN  com.teamtop.system.scene.SceneCache - sceneid:500005 has not npcid:350301
2020-10-31 15:43:37.773 [main] WARN  com.teamtop.system.scene.SceneCache - sceneid:500005 has not npcid:350108
2020-10-31 15:43:37.773 [main] WARN  com.teamtop.system.scene.SceneCache - sceneid:500005 has not npcid:350103
2020-10-31 15:43:37.804 [main] WARN  com.teamtop.system.scene.SceneCache - sceneid:500007 has not npcid:350004
2020-10-31 15:43:37.804 [main] WARN  com.teamtop.system.scene.SceneCache - sceneid:500007 has not npcid:350005
2020-10-31 15:43:37.804 [main] WARN  com.teamtop.system.scene.SceneCache - sceneid:500007 has not npcid:350006
2020-10-31 15:43:37.804 [main] WARN  com.teamtop.system.scene.SceneCache - sceneid:500007 has not npcid:350101
2020-10-31 15:43:37.804 [main] WARN  com.teamtop.system.scene.SceneCache - sceneid:500007 has not npcid:350102
2020-10-31 15:43:37.804 [main] WARN  com.teamtop.system.scene.SceneCache - sceneid:500007 has not npcid:350103
2020-10-31 15:43:37.804 [main] WARN  com.teamtop.system.scene.SceneCache - sceneid:500007 has not npcid:350104
2020-10-31 15:43:37.804 [main] WARN  com.teamtop.system.scene.SceneCache - sceneid:500007 has not npcid:350106
2020-10-31 15:43:37.804 [main] WARN  com.teamtop.system.scene.SceneCache - sceneid:500007 has not npcid:350301
2020-10-31 15:43:37.804 [main] WARN  com.teamtop.system.scene.SceneCache - sceneid:500007 has not npcid:350107
2020-10-31 15:43:37.804 [main] WARN  com.teamtop.system.scene.SceneCache - sceneid:500007 has not npcid:350108
2020-10-31 15:43:44.899 [crossChannelEx - 2] WARN  com.teamtop.system.hero.FightCalcFunction - hero set fight attribute value fail cause of attributes array is null!
2020-10-31 15:43:44.930 [crossChannelEx - 2] WARN  com.teamtop.system.hero.FightCalcFunction - hero set fight attribute value fail cause of attributes array is null!
2020-10-31 15:43:44.946 [OpTaskExecutorService-thread-9] WARN  com.teamtop.system.hero.FightCalcFunction - hero set fight attribute value fail cause of attributes array is null!
2020-10-31 15:43:44.961 [crossChannelEx - 2] WARN  com.teamtop.system.hero.FightCalcFunction - hero set fight attribute value fail cause of attributes array is null!
2020-10-31 15:43:44.961 [crossChannelEx - 2] WARN  com.teamtop.system.hero.FightCalcFunction - hero set fight attribute value fail cause of attributes array is null!
2020-10-31 15:43:44.992 [crossChannelEx - 3] WARN  com.teamtop.system.hero.FightCalcFunction - hero set fight attribute value fail cause of attributes array is null!
2020-10-31 15:43:44.992 [crossChannelEx - 3] WARN  com.teamtop.system.hero.FightCalcFunction - hero set fight attribute value fail cause of attributes array is null!
2020-10-31 15:43:44.992 [crossChannelEx - 3] WARN  com.teamtop.system.hero.FightCalcFunction - hero set fight attribute value fail cause of attributes array is null!
2020-10-31 15:43:44.992 [crossChannelEx - 3] WARN  com.teamtop.system.hero.FightCalcFunction - hero set fight attribute value fail cause of attributes array is null!
2020-10-31 15:43:45.008 [OpTaskExecutorService-thread-9] WARN  com.teamtop.system.hero.FightCalcFunction - hero set fight attribute value fail cause of attributes array is null!
2020-10-31 15:43:45.556 [crossChannelEx - 2] WARN  com.teamtop.system.hero.FightCalcFunction - hero set fight attribute value fail cause of attributes array is null!
2020-10-31 15:43:45.556 [crossChannelEx - 2] WARN  com.teamtop.system.hero.FightCalcFunction - hero set fight attribute value fail cause of attributes array is null!
2020-10-31 15:43:45.572 [crossChannelEx - 2] WARN  com.teamtop.system.hero.FightCalcFunction - hero set fight attribute value fail cause of attributes array is null!
2020-10-31 15:43:45.572 [crossChannelEx - 2] WARN  com.teamtop.system.hero.FightCalcFunction - hero set fight attribute value fail cause of attributes array is null!
2020-10-31 15:43:45.572 [OpTaskExecutorService-thread-9] WARN  com.teamtop.system.hero.FightCalcFunction - hero set fight attribute value fail cause of attributes array is null!
2020-10-31 15:43:45.838 [crossChannelEx - 3] WARN  com.teamtop.system.hero.FightCalcFunction - hero set fight attribute value fail cause of attributes array is null!
2020-10-31 15:43:45.838 [crossChannelEx - 3] WARN  com.teamtop.system.hero.FightCalcFunction - hero set fight attribute value fail cause of attributes array is null!
2020-10-31 15:43:45.838 [crossChannelEx - 3] WARN  com.teamtop.system.hero.FightCalcFunction - hero set fight attribute value fail cause of attributes array is null!
2020-10-31 15:43:45.838 [crossChannelEx - 3] WARN  com.teamtop.system.hero.FightCalcFunction - hero set fight attribute value fail cause of attributes array is null!
2020-10-31 15:43:45.838 [OpTaskExecutorService-thread-9] WARN  com.teamtop.system.hero.FightCalcFunction - hero set fight attribute value fail cause of attributes array is null!
2020-10-31 15:43:46.165 [crossChannelEx - 2] WARN  com.teamtop.system.hero.FightCalcFunction - hero set fight attribute value fail cause of attributes array is null!
2020-10-31 15:43:46.165 [crossChannelEx - 2] WARN  com.teamtop.system.hero.FightCalcFunction - hero set fight attribute value fail cause of attributes array is null!
2020-10-31 15:43:46.165 [OpTaskExecutorService-thread-9] WARN  com.teamtop.system.hero.FightCalcFunction - hero set fight attribute value fail cause of attributes array is null!
2020-10-31 15:43:46.165 [crossChannelEx - 2] WARN  com.teamtop.system.hero.FightCalcFunction - hero set fight attribute value fail cause of attributes array is null!
2020-10-31 15:43:46.165 [crossChannelEx - 2] WARN  com.teamtop.system.hero.FightCalcFunction - hero set fight attribute value fail cause of attributes array is null!
2020-10-31 15:43:46.478 [crossChannelEx - 3] WARN  com.teamtop.system.hero.FightCalcFunction - hero set fight attribute value fail cause of attributes array is null!
2020-10-31 15:43:46.478 [crossChannelEx - 3] WARN  com.teamtop.system.hero.FightCalcFunction - hero set fight attribute value fail cause of attributes array is null!
2020-10-31 15:43:46.478 [crossChannelEx - 3] WARN  com.teamtop.system.hero.FightCalcFunction - hero set fight attribute value fail cause of attributes array is null!
2020-10-31 15:43:46.478 [crossChannelEx - 3] WARN  com.teamtop.system.hero.FightCalcFunction - hero set fight attribute value fail cause of attributes array is null!
2020-10-31 15:43:46.478 [OpTaskExecutorService-thread-9] WARN  com.teamtop.system.hero.FightCalcFunction - hero set fight attribute value fail cause of attributes array is null!
2020-10-31 15:43:46.666 [crossChannelEx - 2] WARN  com.teamtop.system.hero.FightCalcFunction - hero set fight attribute value fail cause of attributes array is null!
2020-10-31 15:43:46.666 [crossChannelEx - 2] WARN  com.teamtop.system.hero.FightCalcFunction - hero set fight attribute value fail cause of attributes array is null!
2020-10-31 15:43:46.666 [crossChannelEx - 2] WARN  com.teamtop.system.hero.FightCalcFunction - hero set fight attribute value fail cause of attributes array is null!
2020-10-31 15:43:46.666 [crossChannelEx - 2] WARN  com.teamtop.system.hero.FightCalcFunction - hero set fight attribute value fail cause of attributes array is null!
2020-10-31 15:43:46.666 [crossChannelEx - 2] WARN  com.teamtop.system.hero.FightCalcFunction - hero set fight attribute value fail cause of attributes array is null!
2020-10-31 15:43:46.666 [OpTaskExecutorService-thread-9] WARN  com.teamtop.system.hero.FightCalcFunction - hero set fight attribute value fail cause of attributes array is null!
2020-10-31 15:43:46.978 [crossChannelEx - 3] WARN  com.teamtop.system.hero.FightCalcFunction - hero set fight attribute value fail cause of attributes array is null!
2020-10-31 15:43:46.978 [crossChannelEx - 3] WARN  com.teamtop.system.hero.FightCalcFunction - hero set fight attribute value fail cause of attributes array is null!
2020-10-31 15:43:46.978 [crossChannelEx - 3] WARN  com.teamtop.system.hero.FightCalcFunction - hero set fight attribute value fail cause of attributes array is null!
2020-10-31 15:43:46.978 [crossChannelEx - 3] WARN  com.teamtop.system.hero.FightCalcFunction - hero set fight attribute value fail cause of attributes array is null!
2020-10-31 15:43:46.978 [crossChannelEx - 3] WARN  com.teamtop.system.hero.FightCalcFunction - hero set fight attribute value fail cause of attributes array is null!
2020-10-31 15:43:46.994 [OpTaskExecutorService-thread-9] WARN  com.teamtop.system.hero.FightCalcFunction - hero set fight attribute value fail cause of attributes array is null!
2020-10-31 15:43:47.088 [crossChannelEx - 2] WARN  com.teamtop.system.hero.FightCalcFunction - hero set fight attribute value fail cause of attributes array is null!
2020-10-31 15:43:47.088 [crossChannelEx - 2] WARN  com.teamtop.system.hero.FightCalcFunction - hero set fight attribute value fail cause of attributes array is null!
2020-10-31 15:43:47.103 [crossChannelEx - 2] WARN  com.teamtop.system.hero.FightCalcFunction - hero set fight attribute value fail cause of attributes array is null!
2020-10-31 15:43:47.103 [crossChannelEx - 2] WARN  com.teamtop.system.hero.FightCalcFunction - hero set fight attribute value fail cause of attributes array is null!
2020-10-31 15:43:47.103 [OpTaskExecutorService-thread-9] WARN  com.teamtop.system.hero.FightCalcFunction - hero set fight attribute value fail cause of attributes array is null!
2020-10-31 15:43:47.355 [crossChannelEx - 3] WARN  com.teamtop.system.hero.FightCalcFunction - hero set fight attribute value fail cause of attributes array is null!
2020-10-31 15:43:47.355 [crossChannelEx - 3] WARN  com.teamtop.system.hero.FightCalcFunction - hero set fight attribute value fail cause of attributes array is null!
2020-10-31 15:43:47.355 [crossChannelEx - 3] WARN  com.teamtop.system.hero.FightCalcFunction - hero set fight attribute value fail cause of attributes array is null!
2020-10-31 15:43:47.355 [crossChannelEx - 3] WARN  com.teamtop.system.hero.FightCalcFunction - hero set fight attribute value fail cause of attributes array is null!
2020-10-31 15:43:47.355 [OpTaskExecutorService-thread-9] WARN  com.teamtop.system.hero.FightCalcFunction - hero set fight attribute value fail cause of attributes array is null!
2020-10-31 15:43:47.495 [crossChannelEx - 2] WARN  com.teamtop.system.hero.FightCalcFunction - hero set fight attribute value fail cause of attributes array is null!
2020-10-31 15:43:47.495 [crossChannelEx - 2] WARN  com.teamtop.system.hero.FightCalcFunction - hero set fight attribute value fail cause of attributes array is null!
2020-10-31 15:43:47.495 [crossChannelEx - 2] WARN  com.teamtop.system.hero.FightCalcFunction - hero set fight attribute value fail cause of attributes array is null!
2020-10-31 15:43:47.495 [crossChannelEx - 2] WARN  com.teamtop.system.hero.FightCalcFunction - hero set fight attribute value fail cause of attributes array is null!
2020-10-31 15:43:47.495 [crossChannelEx - 2] WARN  com.teamtop.system.hero.FightCalcFunction - hero set fight attribute value fail cause of attributes array is null!
2020-10-31 15:43:47.495 [OpTaskExecutorService-thread-9] WARN  com.teamtop.system.hero.FightCalcFunction - hero set fight attribute value fail cause of attributes array is null!
2020-10-31 15:43:47.745 [crossChannelEx - 3] WARN  com.teamtop.system.hero.FightCalcFunction - hero set fight attribute value fail cause of attributes array is null!
2020-10-31 15:43:47.745 [crossChannelEx - 3] WARN  com.teamtop.system.hero.FightCalcFunction - hero set fight attribute value fail cause of attributes array is null!
2020-10-31 15:43:47.745 [crossChannelEx - 3] WARN  com.teamtop.system.hero.FightCalcFunction - hero set fight attribute value fail cause of attributes array is null!
2020-10-31 15:43:47.745 [crossChannelEx - 3] WARN  com.teamtop.system.hero.FightCalcFunction - hero set fight attribute value fail cause of attributes array is null!
2020-10-31 15:43:47.745 [crossChannelEx - 3] WARN  com.teamtop.system.hero.FightCalcFunction - hero set fight attribute value fail cause of attributes array is null!
2020-10-31 15:43:47.745 [OpTaskExecutorService-thread-9] WARN  com.teamtop.system.hero.FightCalcFunction - hero set fight attribute value fail cause of attributes array is null!
2020-10-31 15:43:47.854 [crossChannelEx - 2] WARN  com.teamtop.system.hero.FightCalcFunction - hero set fight attribute value fail cause of attributes array is null!
2020-10-31 15:43:47.854 [crossChannelEx - 2] WARN  com.teamtop.system.hero.FightCalcFunction - hero set fight attribute value fail cause of attributes array is null!
2020-10-31 15:43:47.870 [OpTaskExecutorService-thread-9] WARN  com.teamtop.system.hero.FightCalcFunction - hero set fight attribute value fail cause of attributes array is null!
2020-10-31 15:43:47.932 [crossChannelEx - 2] WARN  com.teamtop.system.hero.FightCalcFunction - hero set fight attribute value fail cause of attributes array is null!
2020-10-31 15:43:47.932 [crossChannelEx - 2] WARN  com.teamtop.system.hero.FightCalcFunction - hero set fight attribute value fail cause of attributes array is null!
2020-10-31 15:43:47.932 [crossChannelEx - 2] WARN  com.teamtop.system.hero.FightCalcFunction - hero set fight attribute value fail cause of attributes array is null!
2020-10-31 15:43:48.417 [crossChannelEx - 3] WARN  com.teamtop.system.hero.FightCalcFunction - hero set fight attribute value fail cause of attributes array is null!
2020-10-31 15:43:48.417 [crossChannelEx - 3] WARN  com.teamtop.system.hero.FightCalcFunction - hero set fight attribute value fail cause of attributes array is null!
2020-10-31 15:43:48.417 [crossChannelEx - 3] WARN  com.teamtop.system.hero.FightCalcFunction - hero set fight attribute value fail cause of attributes array is null!
2020-10-31 15:43:48.417 [crossChannelEx - 3] WARN  com.teamtop.system.hero.FightCalcFunction - hero set fight attribute value fail cause of attributes array is null!
2020-10-31 15:43:48.417 [crossChannelEx - 3] WARN  com.teamtop.system.hero.FightCalcFunction - hero set fight attribute value fail cause of attributes array is null!
2020-10-31 15:43:48.432 [OpTaskExecutorService-thread-9] WARN  com.teamtop.system.hero.FightCalcFunction - hero set fight attribute value fail cause of attributes array is null!
2020-10-31 15:43:48.543 [crossChannelEx - 2] WARN  com.teamtop.system.hero.FightCalcFunction - hero set fight attribute value fail cause of attributes array is null!
2020-10-31 15:43:48.543 [crossChannelEx - 2] WARN  com.teamtop.system.hero.FightCalcFunction - hero set fight attribute value fail cause of attributes array is null!
2020-10-31 15:43:48.543 [crossChannelEx - 2] WARN  com.teamtop.system.hero.FightCalcFunction - hero set fight attribute value fail cause of attributes array is null!
2020-10-31 15:43:48.543 [crossChannelEx - 2] WARN  com.teamtop.system.hero.FightCalcFunction - hero set fight attribute value fail cause of attributes array is null!
2020-10-31 15:43:48.558 [OpTaskExecutorService-thread-9] WARN  com.teamtop.system.hero.FightCalcFunction - hero set fight attribute value fail cause of attributes array is null!
2020-10-31 15:43:48.980 [crossChannelEx - 3] WARN  com.teamtop.system.hero.FightCalcFunction - hero set fight attribute value fail cause of attributes array is null!
2020-10-31 15:43:48.980 [crossChannelEx - 3] WARN  com.teamtop.system.hero.FightCalcFunction - hero set fight attribute value fail cause of attributes array is null!
2020-10-31 15:43:48.980 [crossChannelEx - 3] WARN  com.teamtop.system.hero.FightCalcFunction - hero set fight attribute value fail cause of attributes array is null!
2020-10-31 15:43:48.980 [crossChannelEx - 3] WARN  com.teamtop.system.hero.FightCalcFunction - hero set fight attribute value fail cause of attributes array is null!
2020-10-31 15:43:48.996 [OpTaskExecutorService-thread-9] WARN  com.teamtop.system.hero.FightCalcFunction - hero set fight attribute value fail cause of attributes array is null!
2020-10-31 15:45:38.345 [OpTaskExecutorService-thread-4] WARN  com.teamtop.system.hero.FightCalcFunction - hero set fight attribute value fail cause of attributes array is null!
2020-10-31 15:45:38.345 [OpTaskExecutorService-thread-4] WARN  com.teamtop.system.hero.FightCalcFunction - hero set fight attribute value fail cause of attributes array is null!
2020-10-31 15:45:38.345 [OpTaskExecutorService-thread-4] WARN  com.teamtop.system.hero.FightCalcFunction - hero set fight attribute value fail cause of attributes array is null!
2020-10-31 15:45:38.345 [OpTaskExecutorService-thread-4] WARN  com.teamtop.system.hero.FightCalcFunction - hero set fight attribute value fail cause of attributes array is null!
2020-10-31 15:45:38.360 [OpTaskExecutorService-thread-9] WARN  com.teamtop.system.hero.FightCalcFunction - hero set fight attribute value fail cause of attributes array is null!
2020-10-31 15:45:38.736 [OpTaskExecutorService-thread-9] WARN  com.teamtop.system.hero.FightCalcFunction - hero set fight attribute value fail cause of attributes array is null!
2020-10-31 15:45:39.175 [OpTaskExecutorService-thread-4] WARN  com.teamtop.system.boss.countryBoss.CountryBossManager - hero.getCountryType()==0 hid:1000100000000009
2020-10-31 15:45:39.191 [OpTaskExecutorService-thread-4] WARN  com.teamtop.system.zcBoss.ZcBossHeroManager - JoinersMap().containsKey(hero.getId()) hid:1000100000000009
2020-10-31 15:45:39.380 [OpTaskExecutorService-thread-4] WARN  com.teamtop.system.countrySkill.CountrySkillManager - hid1000100000000009 name:晓月乄逐笙openUI countryType=0
2020-10-31 15:45:59.532 [nioEventLoopGroup-11-1] WARN  com.teamtop.system.zcBoss.ZcBossHeroManager - JoinersMap().containsKey(hero.getId()) hid:1000100000000009
2020-10-31 15:46:13.418 [OpTaskExecutorService-thread-4] WARN  com.teamtop.system.hero.FightCalcFunction - hero set fight attribute value fail cause of attributes array is null!
2020-10-31 15:46:13.418 [OpTaskExecutorService-thread-4] WARN  com.teamtop.system.hero.FightCalcFunction - hero set fight attribute value fail cause of attributes array is null!
2020-10-31 15:46:13.418 [OpTaskExecutorService-thread-4] WARN  com.teamtop.system.hero.FightCalcFunction - hero set fight attribute value fail cause of attributes array is null!
2020-10-31 15:46:13.418 [OpTaskExecutorService-thread-4] WARN  com.teamtop.system.hero.FightCalcFunction - hero set fight attribute value fail cause of attributes array is null!
2020-10-31 15:46:13.434 [OpTaskExecutorService-thread-9] WARN  com.teamtop.system.hero.FightCalcFunction - hero set fight attribute value fail cause of attributes array is null!
2020-10-31 15:46:13.606 [OpTaskExecutorService-thread-4] WARN  com.teamtop.system.hero.FightCalcFunction - hero set fight attribute value fail cause of attributes array is null!
2020-10-31 15:46:13.638 [OpTaskExecutorService-thread-4] WARN  com.teamtop.system.boss.countryBoss.CountryBossManager - hero.getCountryType()==0 hid:1000100000000009
2020-10-31 15:46:13.716 [OpTaskExecutorService-thread-4] WARN  com.teamtop.system.zcBoss.ZcBossHeroManager - JoinersMap().containsKey(hero.getId()) hid:1000100000000009
2020-10-31 15:46:14.358 [OpTaskExecutorService-thread-4] WARN  com.teamtop.system.countrySkill.CountrySkillManager - hid1000100000000009 name:晓月乄逐笙openUI countryType=0
2020-10-31 15:46:29.444 [OpTaskExecutorService-thread-12] WARN  com.teamtop.system.crossBoss.CrossBossFunction - countryRankList==null
2020-10-31 15:46:29.444 [OpTaskExecutorService-thread-12] WARN  com.teamtop.system.crossBoss.CrossBossFunction - countryRankList==null
2020-10-31 15:46:29.444 [OpTaskExecutorService-thread-12] WARN  com.teamtop.system.crossBoss.CrossBossFunction - countryRankList==null
2020-10-31 15:46:29.444 [OpTaskExecutorService-thread-12] WARN  com.teamtop.system.crossBoss.CrossBossFunction - countryRankList==null
2020-10-31 15:46:29.460 [OpTaskExecutorService-thread-12] WARN  com.teamtop.system.crossBoss.CrossBossFunction - countryRankList==null
2020-10-31 15:46:30.085 [OpTaskExecutorService-thread-12] WARN  com.teamtop.system.crossBoss.CrossBossFunction - countryRankList==null
2020-10-31 15:46:30.085 [OpTaskExecutorService-thread-12] WARN  com.teamtop.system.crossBoss.CrossBossFunction - countryRankList==null
2020-10-31 15:46:30.085 [OpTaskExecutorService-thread-12] WARN  com.teamtop.system.crossBoss.CrossBossFunction - countryRankList==null
2020-10-31 15:46:30.085 [OpTaskExecutorService-thread-12] WARN  com.teamtop.system.crossBoss.CrossBossFunction - countryRankList==null
2020-10-31 15:46:30.085 [OpTaskExecutorService-thread-12] WARN  com.teamtop.system.crossBoss.CrossBossFunction - countryRankList==null
2020-10-31 15:46:30.507 [OpTaskExecutorService-thread-12] WARN  com.teamtop.system.boss.monsterGod.MonsterGodFunction - monsterGodCache==null
2020-10-31 15:46:30.523 [OpTaskExecutorService-thread-12] WARN  com.teamtop.system.chat.ChatManager - broadCast castNum is error!castNum:2008 广播表还没录
2020-10-31 15:46:31.431 [OpTaskExecutorService-thread-12] WARN  com.teamtop.system.chat.ChatManager - broadCast castNum is error!castNum:2008 广播表还没录
2020-10-31 15:46:32.010 [OpTaskExecutorService-thread-4] WARN  com.teamtop.system.chat.ChatManager - broadCast castNum is error!castNum:2008 广播表还没录
2020-10-31 15:48:02.916 [OpTaskExecutorService-thread-4] WARN  com.teamtop.system.event.useAddEvent.UseAddUtil - GameConst.huobiMap can not find3,type:8
2020-10-31 15:48:02.931 [OpTaskExecutorService-thread-9] WARN  com.teamtop.system.hero.FightCalcFunction - hero set fight attribute value fail cause of attributes array is null!
